[2023-10-01T02:35:33.869-0400] {processor.py:157} INFO - Started process (PID=17770) to work on /home/erosennnin/airflow/dags/ETL_Server_Access_Log_Processing.py
[2023-10-01T02:35:33.870-0400] {processor.py:829} INFO - Processing file /home/erosennnin/airflow/dags/ETL_Server_Access_Log_Processing.py for tasks to queue
[2023-10-01T02:35:33.871-0400] {logging_mixin.py:151} INFO - [2023-10-01T02:35:33.870-0400] {dagbag.py:539} INFO - Filling up the DagBag from /home/erosennnin/airflow/dags/ETL_Server_Access_Log_Processing.py
[2023-10-01T02:35:33.883-0400] {processor.py:839} INFO - DAG(s) dict_keys(['ETL_Server_Access_Log_Processing']) retrieved from /home/erosennnin/airflow/dags/ETL_Server_Access_Log_Processing.py
[2023-10-01T02:35:33.957-0400] {logging_mixin.py:151} INFO - [2023-10-01T02:35:33.957-0400] {security.py:708} INFO - Not syncing DAG-level permissions for DAG 'DAG:ETL_Server_Access_Log_Processing' as access control is unset.
[2023-10-01T02:35:33.958-0400] {logging_mixin.py:151} INFO - [2023-10-01T02:35:33.958-0400] {dag.py:2915} INFO - Sync 1 DAGs
[2023-10-01T02:35:33.971-0400] {logging_mixin.py:151} INFO - [2023-10-01T02:35:33.971-0400] {dag.py:3696} INFO - Setting next_dagrun for ETL_Server_Access_Log_Processing to 2023-10-01T00:00:00+00:00, run_after=2023-10-02T00:00:00+00:00
[2023-10-01T02:35:34.094-0400] {processor.py:179} INFO - Processing /home/erosennnin/airflow/dags/ETL_Server_Access_Log_Processing.py took 0.229 seconds
[2023-10-01T02:36:45.980-0400] {processor.py:157} INFO - Started process (PID=18305) to work on /home/erosennnin/airflow/dags/ETL_Server_Access_Log_Processing.py
[2023-10-01T02:36:45.981-0400] {processor.py:829} INFO - Processing file /home/erosennnin/airflow/dags/ETL_Server_Access_Log_Processing.py for tasks to queue
[2023-10-01T02:36:45.982-0400] {logging_mixin.py:151} INFO - [2023-10-01T02:36:45.982-0400] {dagbag.py:539} INFO - Filling up the DagBag from /home/erosennnin/airflow/dags/ETL_Server_Access_Log_Processing.py
[2023-10-01T02:36:45.993-0400] {processor.py:839} INFO - DAG(s) dict_keys(['ETL_Server_Access_Log_Processing']) retrieved from /home/erosennnin/airflow/dags/ETL_Server_Access_Log_Processing.py
[2023-10-01T02:36:46.016-0400] {logging_mixin.py:151} INFO - [2023-10-01T02:36:46.016-0400] {dag.py:2915} INFO - Sync 1 DAGs
[2023-10-01T02:36:46.030-0400] {logging_mixin.py:151} INFO - [2023-10-01T02:36:46.030-0400] {dag.py:3696} INFO - Setting next_dagrun for ETL_Server_Access_Log_Processing to 2023-10-01T00:00:00+00:00, run_after=2023-10-02T00:00:00+00:00
[2023-10-01T02:36:46.118-0400] {processor.py:179} INFO - Processing /home/erosennnin/airflow/dags/ETL_Server_Access_Log_Processing.py took 0.142 seconds
[2023-10-01T02:37:19.361-0400] {processor.py:157} INFO - Started process (PID=18351) to work on /home/erosennnin/airflow/dags/ETL_Server_Access_Log_Processing.py
[2023-10-01T02:37:19.379-0400] {processor.py:829} INFO - Processing file /home/erosennnin/airflow/dags/ETL_Server_Access_Log_Processing.py for tasks to queue
[2023-10-01T02:37:19.380-0400] {logging_mixin.py:151} INFO - [2023-10-01T02:37:19.379-0400] {dagbag.py:539} INFO - Filling up the DagBag from /home/erosennnin/airflow/dags/ETL_Server_Access_Log_Processing.py
[2023-10-01T02:37:19.390-0400] {processor.py:839} INFO - DAG(s) dict_keys(['ETL_Server_Access_Log_Processing']) retrieved from /home/erosennnin/airflow/dags/ETL_Server_Access_Log_Processing.py
[2023-10-01T02:37:19.413-0400] {logging_mixin.py:151} INFO - [2023-10-01T02:37:19.412-0400] {dag.py:2915} INFO - Sync 1 DAGs
[2023-10-01T02:37:19.441-0400] {logging_mixin.py:151} INFO - [2023-10-01T02:37:19.441-0400] {dag.py:3696} INFO - Setting next_dagrun for ETL_Server_Access_Log_Processing to 2023-10-01T00:00:00+00:00, run_after=2023-10-02T00:00:00+00:00
[2023-10-01T02:37:19.645-0400] {processor.py:179} INFO - Processing /home/erosennnin/airflow/dags/ETL_Server_Access_Log_Processing.py took 0.288 seconds
[2023-10-01T02:38:20.533-0400] {processor.py:157} INFO - Started process (PID=18428) to work on /home/erosennnin/airflow/dags/ETL_Server_Access_Log_Processing.py
[2023-10-01T02:38:20.534-0400] {processor.py:829} INFO - Processing file /home/erosennnin/airflow/dags/ETL_Server_Access_Log_Processing.py for tasks to queue
[2023-10-01T02:38:20.535-0400] {logging_mixin.py:151} INFO - [2023-10-01T02:38:20.534-0400] {dagbag.py:539} INFO - Filling up the DagBag from /home/erosennnin/airflow/dags/ETL_Server_Access_Log_Processing.py
[2023-10-01T02:38:20.545-0400] {processor.py:839} INFO - DAG(s) dict_keys(['ETL_Server_Access_Log_Processing']) retrieved from /home/erosennnin/airflow/dags/ETL_Server_Access_Log_Processing.py
[2023-10-01T02:38:20.555-0400] {logging_mixin.py:151} INFO - [2023-10-01T02:38:20.555-0400] {dag.py:2915} INFO - Sync 1 DAGs
[2023-10-01T02:38:20.568-0400] {logging_mixin.py:151} INFO - [2023-10-01T02:38:20.568-0400] {dag.py:3696} INFO - Setting next_dagrun for ETL_Server_Access_Log_Processing to 2023-10-01T00:00:00+00:00, run_after=2023-10-02T00:00:00+00:00
[2023-10-01T02:38:20.922-0400] {processor.py:179} INFO - Processing /home/erosennnin/airflow/dags/ETL_Server_Access_Log_Processing.py took 0.393 seconds
[2023-10-01T02:39:18.860-0400] {processor.py:157} INFO - Started process (PID=18646) to work on /home/erosennnin/airflow/dags/ETL_Server_Access_Log_Processing.py
[2023-10-01T02:39:18.861-0400] {processor.py:829} INFO - Processing file /home/erosennnin/airflow/dags/ETL_Server_Access_Log_Processing.py for tasks to queue
[2023-10-01T02:39:18.862-0400] {logging_mixin.py:151} INFO - [2023-10-01T02:39:18.862-0400] {dagbag.py:539} INFO - Filling up the DagBag from /home/erosennnin/airflow/dags/ETL_Server_Access_Log_Processing.py
[2023-10-01T02:39:18.871-0400] {processor.py:839} INFO - DAG(s) dict_keys(['ETL_Server_Access_Log_Processing']) retrieved from /home/erosennnin/airflow/dags/ETL_Server_Access_Log_Processing.py
[2023-10-01T02:39:18.890-0400] {logging_mixin.py:151} INFO - [2023-10-01T02:39:18.890-0400] {dag.py:2915} INFO - Sync 1 DAGs
[2023-10-01T02:39:18.911-0400] {logging_mixin.py:151} INFO - [2023-10-01T02:39:18.911-0400] {dag.py:3696} INFO - Setting next_dagrun for ETL_Server_Access_Log_Processing to 2023-10-01T00:00:00+00:00, run_after=2023-10-02T00:00:00+00:00
[2023-10-01T02:39:19.051-0400] {processor.py:179} INFO - Processing /home/erosennnin/airflow/dags/ETL_Server_Access_Log_Processing.py took 0.194 seconds
[2023-10-01T02:39:52.130-0400] {processor.py:157} INFO - Started process (PID=18710) to work on /home/erosennnin/airflow/dags/ETL_Server_Access_Log_Processing.py
[2023-10-01T02:39:52.154-0400] {processor.py:829} INFO - Processing file /home/erosennnin/airflow/dags/ETL_Server_Access_Log_Processing.py for tasks to queue
[2023-10-01T02:39:52.155-0400] {logging_mixin.py:151} INFO - [2023-10-01T02:39:52.154-0400] {dagbag.py:539} INFO - Filling up the DagBag from /home/erosennnin/airflow/dags/ETL_Server_Access_Log_Processing.py
[2023-10-01T02:39:52.165-0400] {processor.py:839} INFO - DAG(s) dict_keys(['ETL_Server_Access_Log_Processing']) retrieved from /home/erosennnin/airflow/dags/ETL_Server_Access_Log_Processing.py
[2023-10-01T02:39:52.188-0400] {logging_mixin.py:151} INFO - [2023-10-01T02:39:52.188-0400] {dag.py:2915} INFO - Sync 1 DAGs
[2023-10-01T02:39:52.204-0400] {logging_mixin.py:151} INFO - [2023-10-01T02:39:52.203-0400] {dag.py:3696} INFO - Setting next_dagrun for ETL_Server_Access_Log_Processing to 2023-10-01T00:00:00+00:00, run_after=2023-10-02T00:00:00+00:00
[2023-10-01T02:39:52.316-0400] {processor.py:179} INFO - Processing /home/erosennnin/airflow/dags/ETL_Server_Access_Log_Processing.py took 0.189 seconds
[2023-10-01T02:40:51.986-0400] {processor.py:157} INFO - Started process (PID=18823) to work on /home/erosennnin/airflow/dags/ETL_Server_Access_Log_Processing.py
[2023-10-01T02:40:52.052-0400] {processor.py:829} INFO - Processing file /home/erosennnin/airflow/dags/ETL_Server_Access_Log_Processing.py for tasks to queue
[2023-10-01T02:40:52.053-0400] {logging_mixin.py:151} INFO - [2023-10-01T02:40:52.052-0400] {dagbag.py:539} INFO - Filling up the DagBag from /home/erosennnin/airflow/dags/ETL_Server_Access_Log_Processing.py
[2023-10-01T02:40:52.063-0400] {processor.py:839} INFO - DAG(s) dict_keys(['ETL_Server_Access_Log_Processing']) retrieved from /home/erosennnin/airflow/dags/ETL_Server_Access_Log_Processing.py
[2023-10-01T02:40:52.086-0400] {logging_mixin.py:151} INFO - [2023-10-01T02:40:52.086-0400] {dag.py:2915} INFO - Sync 1 DAGs
[2023-10-01T02:40:52.120-0400] {logging_mixin.py:151} INFO - [2023-10-01T02:40:52.120-0400] {dag.py:3696} INFO - Setting next_dagrun for ETL_Server_Access_Log_Processing to 2023-10-01T00:00:00+00:00, run_after=2023-10-02T00:00:00+00:00
[2023-10-01T02:40:52.259-0400] {processor.py:179} INFO - Processing /home/erosennnin/airflow/dags/ETL_Server_Access_Log_Processing.py took 0.276 seconds
[2023-10-01T12:37:54.952-0400] {processor.py:157} INFO - Started process (PID=19288) to work on /home/erosennnin/airflow/dags/ETL_Server_Access_Log_Processing.py
[2023-10-01T12:37:54.969-0400] {processor.py:829} INFO - Processing file /home/erosennnin/airflow/dags/ETL_Server_Access_Log_Processing.py for tasks to queue
[2023-10-01T12:37:54.970-0400] {logging_mixin.py:151} INFO - [2023-10-01T12:37:54.969-0400] {dagbag.py:539} INFO - Filling up the DagBag from /home/erosennnin/airflow/dags/ETL_Server_Access_Log_Processing.py
[2023-10-01T12:37:54.980-0400] {processor.py:839} INFO - DAG(s) dict_keys(['ETL_Server_Access_Log_Processing']) retrieved from /home/erosennnin/airflow/dags/ETL_Server_Access_Log_Processing.py
[2023-10-01T12:37:55.002-0400] {logging_mixin.py:151} INFO - [2023-10-01T12:37:55.001-0400] {dag.py:2915} INFO - Sync 1 DAGs
[2023-10-01T12:37:55.029-0400] {logging_mixin.py:151} INFO - [2023-10-01T12:37:55.028-0400] {dag.py:3696} INFO - Setting next_dagrun for ETL_Server_Access_Log_Processing to 2023-10-01T00:00:00+00:00, run_after=2023-10-02T00:00:00+00:00
[2023-10-01T12:37:55.346-0400] {processor.py:179} INFO - Processing /home/erosennnin/airflow/dags/ETL_Server_Access_Log_Processing.py took 0.397 seconds
