[2023-10-01T02:35:20.967-0400] {processor.py:157} INFO - Started process (PID=17652) to work on /home/erosennnin/airflow/dags/my_first_dag.py
[2023-10-01T02:35:20.967-0400] {processor.py:829} INFO - Processing file /home/erosennnin/airflow/dags/my_first_dag.py for tasks to queue
[2023-10-01T02:35:20.968-0400] {logging_mixin.py:151} INFO - [2023-10-01T02:35:20.968-0400] {dagbag.py:539} INFO - Filling up the DagBag from /home/erosennnin/airflow/dags/my_first_dag.py
[2023-10-01T02:35:20.978-0400] {processor.py:839} INFO - DAG(s) dict_keys(['my-first-dag']) retrieved from /home/erosennnin/airflow/dags/my_first_dag.py
[2023-10-01T02:35:21.049-0400] {logging_mixin.py:151} INFO - [2023-10-01T02:35:21.049-0400] {security.py:708} INFO - Not syncing DAG-level permissions for DAG 'DAG:my-first-dag' as access control is unset.
[2023-10-01T02:35:21.167-0400] {logging_mixin.py:151} INFO - [2023-10-01T02:35:21.167-0400] {dag.py:2915} INFO - Sync 1 DAGs
[2023-10-01T02:35:21.182-0400] {logging_mixin.py:151} INFO - [2023-10-01T02:35:21.182-0400] {dag.py:3696} INFO - Setting next_dagrun for my-first-dag to 2023-10-01T00:00:00+00:00, run_after=2023-10-02T00:00:00+00:00
[2023-10-01T02:35:21.648-0400] {processor.py:179} INFO - Processing /home/erosennnin/airflow/dags/my_first_dag.py took 0.685 seconds
[2023-10-01T02:36:44.743-0400] {processor.py:157} INFO - Started process (PID=18304) to work on /home/erosennnin/airflow/dags/my_first_dag.py
[2023-10-01T02:36:44.744-0400] {processor.py:829} INFO - Processing file /home/erosennnin/airflow/dags/my_first_dag.py for tasks to queue
[2023-10-01T02:36:44.745-0400] {logging_mixin.py:151} INFO - [2023-10-01T02:36:44.745-0400] {dagbag.py:539} INFO - Filling up the DagBag from /home/erosennnin/airflow/dags/my_first_dag.py
[2023-10-01T02:36:44.754-0400] {processor.py:839} INFO - DAG(s) dict_keys(['my-first-dag']) retrieved from /home/erosennnin/airflow/dags/my_first_dag.py
[2023-10-01T02:36:44.775-0400] {logging_mixin.py:151} INFO - [2023-10-01T02:36:44.775-0400] {dag.py:2915} INFO - Sync 1 DAGs
[2023-10-01T02:36:44.794-0400] {logging_mixin.py:151} INFO - [2023-10-01T02:36:44.794-0400] {dag.py:3696} INFO - Setting next_dagrun for my-first-dag to 2023-10-01T00:00:00+00:00, run_after=2023-10-02T00:00:00+00:00
[2023-10-01T02:36:44.918-0400] {processor.py:179} INFO - Processing /home/erosennnin/airflow/dags/my_first_dag.py took 0.178 seconds
[2023-10-01T02:37:18.074-0400] {processor.py:157} INFO - Started process (PID=18350) to work on /home/erosennnin/airflow/dags/my_first_dag.py
[2023-10-01T02:37:18.087-0400] {processor.py:829} INFO - Processing file /home/erosennnin/airflow/dags/my_first_dag.py for tasks to queue
[2023-10-01T02:37:18.089-0400] {logging_mixin.py:151} INFO - [2023-10-01T02:37:18.088-0400] {dagbag.py:539} INFO - Filling up the DagBag from /home/erosennnin/airflow/dags/my_first_dag.py
[2023-10-01T02:37:18.098-0400] {processor.py:839} INFO - DAG(s) dict_keys(['my-first-dag']) retrieved from /home/erosennnin/airflow/dags/my_first_dag.py
[2023-10-01T02:37:18.118-0400] {logging_mixin.py:151} INFO - [2023-10-01T02:37:18.118-0400] {dag.py:2915} INFO - Sync 1 DAGs
[2023-10-01T02:37:18.147-0400] {logging_mixin.py:151} INFO - [2023-10-01T02:37:18.147-0400] {dag.py:3696} INFO - Setting next_dagrun for my-first-dag to 2023-10-01T00:00:00+00:00, run_after=2023-10-02T00:00:00+00:00
[2023-10-01T02:37:18.436-0400] {processor.py:179} INFO - Processing /home/erosennnin/airflow/dags/my_first_dag.py took 0.365 seconds
[2023-10-01T02:37:50.102-0400] {processor.py:157} INFO - Started process (PID=18385) to work on /home/erosennnin/airflow/dags/my_first_dag.py
[2023-10-01T02:37:50.116-0400] {processor.py:829} INFO - Processing file /home/erosennnin/airflow/dags/my_first_dag.py for tasks to queue
[2023-10-01T02:37:50.118-0400] {logging_mixin.py:151} INFO - [2023-10-01T02:37:50.117-0400] {dagbag.py:539} INFO - Filling up the DagBag from /home/erosennnin/airflow/dags/my_first_dag.py
[2023-10-01T02:37:50.127-0400] {processor.py:839} INFO - DAG(s) dict_keys(['my-first-dag']) retrieved from /home/erosennnin/airflow/dags/my_first_dag.py
[2023-10-01T02:37:50.151-0400] {logging_mixin.py:151} INFO - [2023-10-01T02:37:50.151-0400] {dag.py:2915} INFO - Sync 1 DAGs
[2023-10-01T02:37:50.175-0400] {logging_mixin.py:151} INFO - [2023-10-01T02:37:50.175-0400] {dag.py:3696} INFO - Setting next_dagrun for my-first-dag to 2023-10-01T00:00:00+00:00, run_after=2023-10-02T00:00:00+00:00
[2023-10-01T02:37:50.290-0400] {processor.py:179} INFO - Processing /home/erosennnin/airflow/dags/my_first_dag.py took 0.192 seconds
[2023-10-01T02:38:48.557-0400] {processor.py:157} INFO - Started process (PID=18460) to work on /home/erosennnin/airflow/dags/my_first_dag.py
[2023-10-01T02:38:48.558-0400] {processor.py:829} INFO - Processing file /home/erosennnin/airflow/dags/my_first_dag.py for tasks to queue
[2023-10-01T02:38:48.559-0400] {logging_mixin.py:151} INFO - [2023-10-01T02:38:48.559-0400] {dagbag.py:539} INFO - Filling up the DagBag from /home/erosennnin/airflow/dags/my_first_dag.py
[2023-10-01T02:38:48.568-0400] {processor.py:839} INFO - DAG(s) dict_keys(['my-first-dag']) retrieved from /home/erosennnin/airflow/dags/my_first_dag.py
[2023-10-01T02:38:48.589-0400] {logging_mixin.py:151} INFO - [2023-10-01T02:38:48.589-0400] {dag.py:2915} INFO - Sync 1 DAGs
[2023-10-01T02:38:48.609-0400] {logging_mixin.py:151} INFO - [2023-10-01T02:38:48.609-0400] {dag.py:3696} INFO - Setting next_dagrun for my-first-dag to 2023-10-01T00:00:00+00:00, run_after=2023-10-02T00:00:00+00:00
[2023-10-01T02:38:48.733-0400] {processor.py:179} INFO - Processing /home/erosennnin/airflow/dags/my_first_dag.py took 0.180 seconds
[2023-10-01T02:39:50.778-0400] {processor.py:157} INFO - Started process (PID=18699) to work on /home/erosennnin/airflow/dags/my_first_dag.py
[2023-10-01T02:39:50.829-0400] {processor.py:829} INFO - Processing file /home/erosennnin/airflow/dags/my_first_dag.py for tasks to queue
[2023-10-01T02:39:50.831-0400] {logging_mixin.py:151} INFO - [2023-10-01T02:39:50.830-0400] {dagbag.py:539} INFO - Filling up the DagBag from /home/erosennnin/airflow/dags/my_first_dag.py
[2023-10-01T02:39:50.838-0400] {processor.py:839} INFO - DAG(s) dict_keys(['my-first-dag']) retrieved from /home/erosennnin/airflow/dags/my_first_dag.py
[2023-10-01T02:39:50.849-0400] {logging_mixin.py:151} INFO - [2023-10-01T02:39:50.849-0400] {dag.py:2915} INFO - Sync 1 DAGs
[2023-10-01T02:39:50.862-0400] {logging_mixin.py:151} INFO - [2023-10-01T02:39:50.862-0400] {dag.py:3696} INFO - Setting next_dagrun for my-first-dag to 2023-10-01T00:00:00+00:00, run_after=2023-10-02T00:00:00+00:00
[2023-10-01T02:39:50.972-0400] {processor.py:179} INFO - Processing /home/erosennnin/airflow/dags/my_first_dag.py took 0.198 seconds
[2023-10-01T02:40:23.085-0400] {processor.py:157} INFO - Started process (PID=18757) to work on /home/erosennnin/airflow/dags/my_first_dag.py
[2023-10-01T02:40:23.113-0400] {processor.py:829} INFO - Processing file /home/erosennnin/airflow/dags/my_first_dag.py for tasks to queue
[2023-10-01T02:40:23.114-0400] {logging_mixin.py:151} INFO - [2023-10-01T02:40:23.114-0400] {dagbag.py:539} INFO - Filling up the DagBag from /home/erosennnin/airflow/dags/my_first_dag.py
[2023-10-01T02:40:23.123-0400] {processor.py:839} INFO - DAG(s) dict_keys(['my-first-dag']) retrieved from /home/erosennnin/airflow/dags/my_first_dag.py
[2023-10-01T02:40:23.145-0400] {logging_mixin.py:151} INFO - [2023-10-01T02:40:23.144-0400] {dag.py:2915} INFO - Sync 1 DAGs
[2023-10-01T02:40:23.176-0400] {logging_mixin.py:151} INFO - [2023-10-01T02:40:23.176-0400] {dag.py:3696} INFO - Setting next_dagrun for my-first-dag to 2023-10-01T00:00:00+00:00, run_after=2023-10-02T00:00:00+00:00
[2023-10-01T02:40:23.297-0400] {processor.py:179} INFO - Processing /home/erosennnin/airflow/dags/my_first_dag.py took 0.215 seconds
[2023-10-01T02:41:22.377-0400] {processor.py:157} INFO - Started process (PID=18873) to work on /home/erosennnin/airflow/dags/my_first_dag.py
[2023-10-01T02:41:22.400-0400] {processor.py:829} INFO - Processing file /home/erosennnin/airflow/dags/my_first_dag.py for tasks to queue
[2023-10-01T02:41:22.401-0400] {logging_mixin.py:151} INFO - [2023-10-01T02:41:22.400-0400] {dagbag.py:539} INFO - Filling up the DagBag from /home/erosennnin/airflow/dags/my_first_dag.py
[2023-10-01T02:41:22.409-0400] {processor.py:839} INFO - DAG(s) dict_keys(['my-first-dag']) retrieved from /home/erosennnin/airflow/dags/my_first_dag.py
[2023-10-01T02:41:22.419-0400] {logging_mixin.py:151} INFO - [2023-10-01T02:41:22.419-0400] {dag.py:2915} INFO - Sync 1 DAGs
[2023-10-01T02:41:22.435-0400] {logging_mixin.py:151} INFO - [2023-10-01T02:41:22.435-0400] {dag.py:3696} INFO - Setting next_dagrun for my-first-dag to 2023-10-01T00:00:00+00:00, run_after=2023-10-02T00:00:00+00:00
[2023-10-01T02:41:22.543-0400] {processor.py:179} INFO - Processing /home/erosennnin/airflow/dags/my_first_dag.py took 0.169 seconds
[2023-10-01T12:37:53.572-0400] {processor.py:157} INFO - Started process (PID=19282) to work on /home/erosennnin/airflow/dags/my_first_dag.py
[2023-10-01T12:37:53.574-0400] {processor.py:829} INFO - Processing file /home/erosennnin/airflow/dags/my_first_dag.py for tasks to queue
[2023-10-01T12:37:53.575-0400] {logging_mixin.py:151} INFO - [2023-10-01T12:37:53.574-0400] {dagbag.py:539} INFO - Filling up the DagBag from /home/erosennnin/airflow/dags/my_first_dag.py
[2023-10-01T12:37:53.584-0400] {processor.py:839} INFO - DAG(s) dict_keys(['my-first-dag']) retrieved from /home/erosennnin/airflow/dags/my_first_dag.py
[2023-10-01T12:37:53.604-0400] {logging_mixin.py:151} INFO - [2023-10-01T12:37:53.604-0400] {dag.py:2915} INFO - Sync 1 DAGs
[2023-10-01T12:37:53.630-0400] {logging_mixin.py:151} INFO - [2023-10-01T12:37:53.629-0400] {dag.py:3696} INFO - Setting next_dagrun for my-first-dag to 2023-10-01T00:00:00+00:00, run_after=2023-10-02T00:00:00+00:00
[2023-10-01T12:37:53.853-0400] {processor.py:179} INFO - Processing /home/erosennnin/airflow/dags/my_first_dag.py took 0.284 seconds
