[2023-10-01T02:34:18.949-0400] {taskinstance.py:1157} INFO - Dependencies all met for dep_context=non-requeueable deps ti=<TaskInstance: ETL_toll_data.unzip_data scheduled__2023-09-29T00:00:00+00:00 [queued]>
[2023-10-01T02:34:18.961-0400] {taskinstance.py:1157} INFO - Dependencies all met for dep_context=requeueable deps ti=<TaskInstance: ETL_toll_data.unzip_data scheduled__2023-09-29T00:00:00+00:00 [queued]>
[2023-10-01T02:34:18.962-0400] {taskinstance.py:1359} INFO - Starting attempt 1 of 2
[2023-10-01T02:34:19.938-0400] {taskinstance.py:1380} INFO - Executing <Task(BashOperator): unzip_data> on 2023-09-29 00:00:00+00:00
[2023-10-01T02:34:19.944-0400] {standard_task_runner.py:57} INFO - Started process 17173 to run task
[2023-10-01T02:34:19.948-0400] {standard_task_runner.py:84} INFO - Running: ['airflow', 'tasks', 'run', 'ETL_toll_data', 'unzip_data', 'scheduled__2023-09-29T00:00:00+00:00', '--job-id', '56', '--raw', '--subdir', 'DAGS_FOLDER/ETL_toll_data.py', '--cfg-path', '/tmp/tmpa_itph40']
[2023-10-01T02:34:19.949-0400] {standard_task_runner.py:85} INFO - Job 56: Subtask unzip_data
[2023-10-01T02:34:21.864-0400] {task_command.py:415} INFO - Running <TaskInstance: ETL_toll_data.unzip_data scheduled__2023-09-29T00:00:00+00:00 [running]> on host erosennnin-TUF-Gaming-FX505DU-FX505DU
[2023-10-01T02:34:25.792-0400] {taskinstance.py:1660} INFO - Exporting env vars: AIRFLOW_CTX_DAG_EMAIL='daniel.velarde.kubber@gmail.com' AIRFLOW_CTX_DAG_OWNER='Daniel' AIRFLOW_CTX_DAG_ID='ETL_toll_data' AIRFLOW_CTX_TASK_ID='unzip_data' AIRFLOW_CTX_EXECUTION_DATE='2023-09-29T00:00:00+00:00' AIRFLOW_CTX_TRY_NUMBER='1' AIRFLOW_CTX_DAG_RUN_ID='scheduled__2023-09-29T00:00:00+00:00'
[2023-10-01T02:34:25.794-0400] {subprocess.py:63} INFO - Tmp dir root location: /tmp
[2023-10-01T02:34:25.794-0400] {subprocess.py:75} INFO - Running command: ['/usr/bin/bash', '-c', 'wget -O /home/erosennnin/Programing/Apache_Airflow/finalassignment/tolldata.tgz "https://cf-courses-data.s3.us.cloud-object-storage.appdomain.cloud/IBM-DB0250EN-SkillsNetwork/labs/Final%20Assignment/tolldata.tgz" && tar -xzvf /home/erosennnin/Programing/Apache_Airflow/finalassignment/tolldata.tgz -C /home/erosennnin/Programing/Apache_Airflow/finalassignment/ && ls /home/erosennnin/Programing/Apache_Airflow/finalassignment/']
[2023-10-01T02:34:25.805-0400] {subprocess.py:86} INFO - Output:
[2023-10-01T02:34:26.449-0400] {subprocess.py:93} INFO - --2023-10-01 02:34:26--  https://cf-courses-data.s3.us.cloud-object-storage.appdomain.cloud/IBM-DB0250EN-SkillsNetwork/labs/Final%20Assignment/tolldata.tgz
[2023-10-01T02:34:26.796-0400] {subprocess.py:93} INFO - Resolving cf-courses-data.s3.us.cloud-object-storage.appdomain.cloud (cf-courses-data.s3.us.cloud-object-storage.appdomain.cloud)... 169.45.118.108
[2023-10-01T02:34:26.975-0400] {subprocess.py:93} INFO - Connecting to cf-courses-data.s3.us.cloud-object-storage.appdomain.cloud (cf-courses-data.s3.us.cloud-object-storage.appdomain.cloud)|169.45.118.108|:443... connected.
[2023-10-01T02:34:27.902-0400] {subprocess.py:93} INFO - HTTP request sent, awaiting response... 200 OK
[2023-10-01T02:34:27.903-0400] {subprocess.py:93} INFO - Length: 528994 (517K) [application/x-tar]
[2023-10-01T02:34:27.903-0400] {subprocess.py:93} INFO - Saving to: ‘/home/erosennnin/Programing/Apache_Airflow/finalassignment/tolldata.tgz’
[2023-10-01T02:34:27.903-0400] {subprocess.py:93} INFO - 
[2023-10-01T02:34:28.252-0400] {subprocess.py:93} INFO -      0K .......... .......... .......... .......... ..........  9%  143K 3s
[2023-10-01T02:34:28.508-0400] {subprocess.py:93} INFO -     50K .......... .......... .......... .......... .......... 19%  195K 3s
[2023-10-01T02:34:28.510-0400] {subprocess.py:93} INFO -    100K .......... .......... .......... .......... .......... 29% 32,7M 1s
[2023-10-01T02:34:28.712-0400] {subprocess.py:93} INFO -    150K .......... .......... .......... .......... .......... 38%  248K 1s
[2023-10-01T02:34:28.712-0400] {subprocess.py:93} INFO -    200K .......... .......... .......... .......... .......... 48%  134M 1s
[2023-10-01T02:34:28.712-0400] {subprocess.py:93} INFO -    250K .......... .......... .......... .......... .......... 58%  171M 1s
[2023-10-01T02:34:28.713-0400] {subprocess.py:93} INFO -    300K .......... .......... .......... .......... .......... 67%  174M 0s
[2023-10-01T02:34:28.915-0400] {subprocess.py:93} INFO -    350K .......... .......... .......... .......... .......... 77%  247K 0s
[2023-10-01T02:34:28.922-0400] {subprocess.py:93} INFO -    400K .......... .......... .......... .......... .......... 87% 6,86M 0s
[2023-10-01T02:34:28.922-0400] {subprocess.py:93} INFO -    450K .......... .......... .......... .......... .......... 96%  152M 0s
[2023-10-01T02:34:28.922-0400] {subprocess.py:93} INFO -    500K .......... ......                                     100%  170M=1,0s
[2023-10-01T02:34:28.923-0400] {subprocess.py:93} INFO - 
[2023-10-01T02:34:28.923-0400] {subprocess.py:93} INFO - 2023-10-01 02:34:28 (506 KB/s) - ‘/home/erosennnin/Programing/Apache_Airflow/finalassignment/tolldata.tgz’ saved [528994/528994]
[2023-10-01T02:34:28.923-0400] {subprocess.py:93} INFO - 
[2023-10-01T02:34:28.929-0400] {subprocess.py:93} INFO - fileformats.txt
[2023-10-01T02:34:28.930-0400] {subprocess.py:93} INFO - payment-data.txt
[2023-10-01T02:34:28.937-0400] {subprocess.py:93} INFO - ._tollplaza-data.tsv
[2023-10-01T02:34:28.938-0400] {subprocess.py:93} INFO - tollplaza-data.tsv
[2023-10-01T02:34:28.945-0400] {subprocess.py:93} INFO - ._vehicle-data.csv
[2023-10-01T02:34:28.945-0400] {subprocess.py:93} INFO - vehicle-data.csv
[2023-10-01T02:34:28.952-0400] {subprocess.py:93} INFO - Build a Streaming ETL Pipeline using Kafka.pdf
[2023-10-01T02:34:28.953-0400] {subprocess.py:93} INFO - Creating ETL Data Pipelines using Apache Airflow.pdf
[2023-10-01T02:34:28.953-0400] {subprocess.py:93} INFO - Creating ETL Data Pipelines using Bash with Apache Airflow .pdf
[2023-10-01T02:34:28.953-0400] {subprocess.py:93} INFO - fileformats.txt
[2023-10-01T02:34:28.953-0400] {subprocess.py:93} INFO - payment-data.txt
[2023-10-01T02:34:28.953-0400] {subprocess.py:93} INFO - tolldata
[2023-10-01T02:34:28.953-0400] {subprocess.py:93} INFO - tolldata.tgz
[2023-10-01T02:34:28.953-0400] {subprocess.py:93} INFO - tollplaza-data.tsv
[2023-10-01T02:34:28.953-0400] {subprocess.py:93} INFO - toll_traffic_generator.py
[2023-10-01T02:34:28.954-0400] {subprocess.py:93} INFO - vehicle-data.csv
[2023-10-01T02:34:28.954-0400] {subprocess.py:97} INFO - Command exited with return code 0
[2023-10-01T02:34:30.328-0400] {taskinstance.py:1398} INFO - Marking task as SUCCESS. dag_id=ETL_toll_data, task_id=unzip_data, execution_date=20230929T000000, start_date=20231001T063418, end_date=20231001T063430
[2023-10-01T02:34:31.157-0400] {local_task_job_runner.py:228} INFO - Task exited with return code 0
[2023-10-01T02:34:31.190-0400] {taskinstance.py:2776} INFO - 1 downstream tasks scheduled from follow-on schedule check
