[2023-09-27T20:12:31.129-0400] {taskinstance.py:1157} INFO - Dependencies all met for dep_context=non-requeueable deps ti=<TaskInstance: ETL_Server_Access_Log_Processing.download manual__2023-09-28T00:12:25.527072+00:00 [queued]>
[2023-09-27T20:12:31.136-0400] {taskinstance.py:1157} INFO - Dependencies all met for dep_context=requeueable deps ti=<TaskInstance: ETL_Server_Access_Log_Processing.download manual__2023-09-28T00:12:25.527072+00:00 [queued]>
[2023-09-27T20:12:31.136-0400] {taskinstance.py:1359} INFO - Starting attempt 1 of 2
[2023-09-27T20:12:31.335-0400] {taskinstance.py:1380} INFO - Executing <Task(BashOperator): download> on 2023-09-28 00:12:25.527072+00:00
[2023-09-27T20:12:31.338-0400] {standard_task_runner.py:57} INFO - Started process 89003 to run task
[2023-09-27T20:12:31.342-0400] {standard_task_runner.py:84} INFO - Running: ['airflow', 'tasks', 'run', 'ETL_Server_Access_Log_Processing', 'download', 'manual__2023-09-28T00:12:25.527072+00:00', '--job-id', '11', '--raw', '--subdir', 'DAGS_FOLDER/ETL_Server_Access_Log_Processing.py', '--cfg-path', '/tmp/tmpcscjaflk']
[2023-09-27T20:12:31.343-0400] {standard_task_runner.py:85} INFO - Job 11: Subtask download
[2023-09-27T20:12:31.453-0400] {task_command.py:415} INFO - Running <TaskInstance: ETL_Server_Access_Log_Processing.download manual__2023-09-28T00:12:25.527072+00:00 [running]> on host erosennnin-TUF-Gaming-FX505DU-FX505DU
[2023-09-27T20:12:31.823-0400] {taskinstance.py:1660} INFO - Exporting env vars: AIRFLOW_CTX_DAG_EMAIL='ramesh@somemail.com' AIRFLOW_CTX_DAG_OWNER='Ramesh Sannareddy' AIRFLOW_CTX_DAG_ID='ETL_Server_Access_Log_Processing' AIRFLOW_CTX_TASK_ID='download' AIRFLOW_CTX_EXECUTION_DATE='2023-09-28T00:12:25.527072+00:00' AIRFLOW_CTX_TRY_NUMBER='1' AIRFLOW_CTX_DAG_RUN_ID='manual__2023-09-28T00:12:25.527072+00:00'
[2023-09-27T20:12:31.824-0400] {subprocess.py:63} INFO - Tmp dir root location: /tmp
[2023-09-27T20:12:31.825-0400] {subprocess.py:75} INFO - Running command: ['/usr/bin/bash', '-c', 'wget "https://cf-courses-data.s3.us.cloud-object-storage.appdomain.cloud/IBM-DB0250EN-SkillsNetwork/labs/Apache%20Airflow/Build%20a%20DAG%20using%20Airflow/web-server-access-log.txt"']
[2023-09-27T20:12:31.834-0400] {subprocess.py:86} INFO - Output:
[2023-09-27T20:12:31.837-0400] {subprocess.py:93} INFO - --2023-09-27 20:12:31--  https://cf-courses-data.s3.us.cloud-object-storage.appdomain.cloud/IBM-DB0250EN-SkillsNetwork/labs/Apache%20Airflow/Build%20a%20DAG%20using%20Airflow/web-server-access-log.txt
[2023-09-27T20:12:32.040-0400] {subprocess.py:93} INFO - Resolving cf-courses-data.s3.us.cloud-object-storage.appdomain.cloud (cf-courses-data.s3.us.cloud-object-storage.appdomain.cloud)... 169.45.118.108
[2023-09-27T20:12:32.228-0400] {subprocess.py:93} INFO - Connecting to cf-courses-data.s3.us.cloud-object-storage.appdomain.cloud (cf-courses-data.s3.us.cloud-object-storage.appdomain.cloud)|169.45.118.108|:443... connected.
[2023-09-27T20:12:33.252-0400] {subprocess.py:93} INFO - HTTP request sent, awaiting response... 200 OK
[2023-09-27T20:12:33.252-0400] {subprocess.py:93} INFO - Length: 8351 (8,2K) [text/plain]
[2023-09-27T20:12:33.252-0400] {subprocess.py:93} INFO - Saving to: ‘web-server-access-log.txt’
[2023-09-27T20:12:33.252-0400] {subprocess.py:93} INFO - 
[2023-09-27T20:12:33.252-0400] {subprocess.py:93} INFO -      0K ........                                              100%  204M=0s
[2023-09-27T20:12:33.252-0400] {subprocess.py:93} INFO - 
[2023-09-27T20:12:33.252-0400] {subprocess.py:93} INFO - 2023-09-27 20:12:33 (204 MB/s) - ‘web-server-access-log.txt’ saved [8351/8351]
[2023-09-27T20:12:33.252-0400] {subprocess.py:93} INFO - 
[2023-09-27T20:12:33.253-0400] {subprocess.py:97} INFO - Command exited with return code 0
[2023-09-27T20:12:33.364-0400] {taskinstance.py:1398} INFO - Marking task as SUCCESS. dag_id=ETL_Server_Access_Log_Processing, task_id=download, execution_date=20230928T001225, start_date=20230928T001231, end_date=20230928T001233
[2023-09-27T20:12:33.476-0400] {local_task_job_runner.py:228} INFO - Task exited with return code 0
[2023-09-27T20:12:33.493-0400] {taskinstance.py:2776} INFO - 1 downstream tasks scheduled from follow-on schedule check
