[2023-09-27T20:25:17.336-0400] {taskinstance.py:1157} INFO - Dependencies all met for dep_context=non-requeueable deps ti=<TaskInstance: ETL_Server_Access_Log_Processing.download manual__2023-09-28T00:25:07.881039+00:00 [queued]>
[2023-09-27T20:25:17.344-0400] {taskinstance.py:1157} INFO - Dependencies all met for dep_context=requeueable deps ti=<TaskInstance: ETL_Server_Access_Log_Processing.download manual__2023-09-28T00:25:07.881039+00:00 [queued]>
[2023-09-27T20:25:17.344-0400] {taskinstance.py:1359} INFO - Starting attempt 1 of 2
[2023-09-27T20:25:17.466-0400] {taskinstance.py:1380} INFO - Executing <Task(BashOperator): download> on 2023-09-28 00:25:07.881039+00:00
[2023-09-27T20:25:17.471-0400] {standard_task_runner.py:57} INFO - Started process 90795 to run task
[2023-09-27T20:25:17.474-0400] {standard_task_runner.py:84} INFO - Running: ['airflow', 'tasks', 'run', 'ETL_Server_Access_Log_Processing', 'download', 'manual__2023-09-28T00:25:07.881039+00:00', '--job-id', '25', '--raw', '--subdir', 'DAGS_FOLDER/ETL_Server_Access_Log_Processing.py', '--cfg-path', '/tmp/tmpiuhxyt3q']
[2023-09-27T20:25:17.475-0400] {standard_task_runner.py:85} INFO - Job 25: Subtask download
[2023-09-27T20:25:17.615-0400] {task_command.py:415} INFO - Running <TaskInstance: ETL_Server_Access_Log_Processing.download manual__2023-09-28T00:25:07.881039+00:00 [running]> on host erosennnin-TUF-Gaming-FX505DU-FX505DU
[2023-09-27T20:25:17.897-0400] {taskinstance.py:1660} INFO - Exporting env vars: AIRFLOW_CTX_DAG_EMAIL='ramesh@somemail.com' AIRFLOW_CTX_DAG_OWNER='Ramesh Sannareddy' AIRFLOW_CTX_DAG_ID='ETL_Server_Access_Log_Processing' AIRFLOW_CTX_TASK_ID='download' AIRFLOW_CTX_EXECUTION_DATE='2023-09-28T00:25:07.881039+00:00' AIRFLOW_CTX_TRY_NUMBER='1' AIRFLOW_CTX_DAG_RUN_ID='manual__2023-09-28T00:25:07.881039+00:00'
[2023-09-27T20:25:17.900-0400] {subprocess.py:63} INFO - Tmp dir root location: /tmp
[2023-09-27T20:25:17.901-0400] {subprocess.py:75} INFO - Running command: ['/usr/bin/bash', '-c', 'wget -O /home/erosennnin/Programing/Apache_Airflow/downloads/web-server-access-log.txt "https://cf-courses-data.s3.us.cloud-object-storage.appdomain.cloud/IBM-DB0250EN-SkillsNetwork/labs/Apache%20Airflow/Build%20a%20DAG%20using%20Airflow/web-server-access-log.txt" && ls /home/erosennnin/Programing/Apache_Airflow/downloads/']
[2023-09-27T20:25:17.916-0400] {subprocess.py:86} INFO - Output:
[2023-09-27T20:25:17.919-0400] {subprocess.py:93} INFO - --2023-09-27 20:25:17--  https://cf-courses-data.s3.us.cloud-object-storage.appdomain.cloud/IBM-DB0250EN-SkillsNetwork/labs/Apache%20Airflow/Build%20a%20DAG%20using%20Airflow/web-server-access-log.txt
[2023-09-27T20:25:18.190-0400] {subprocess.py:93} INFO - Resolving cf-courses-data.s3.us.cloud-object-storage.appdomain.cloud (cf-courses-data.s3.us.cloud-object-storage.appdomain.cloud)... 169.45.118.108
[2023-09-27T20:25:18.385-0400] {subprocess.py:93} INFO - Connecting to cf-courses-data.s3.us.cloud-object-storage.appdomain.cloud (cf-courses-data.s3.us.cloud-object-storage.appdomain.cloud)|169.45.118.108|:443... connected.
[2023-09-27T20:25:19.305-0400] {subprocess.py:93} INFO - HTTP request sent, awaiting response... 200 OK
[2023-09-27T20:25:19.306-0400] {subprocess.py:93} INFO - Length: 8351 (8,2K) [text/plain]
[2023-09-27T20:25:19.306-0400] {subprocess.py:93} INFO - Saving to: ‘/home/erosennnin/Programing/Apache_Airflow/downloads/web-server-access-log.txt’
[2023-09-27T20:25:19.306-0400] {subprocess.py:93} INFO - 
[2023-09-27T20:25:19.306-0400] {subprocess.py:93} INFO -      0K ........                                              100%  117M=0s
[2023-09-27T20:25:19.306-0400] {subprocess.py:93} INFO - 
[2023-09-27T20:25:19.306-0400] {subprocess.py:93} INFO - 2023-09-27 20:25:19 (117 MB/s) - ‘/home/erosennnin/Programing/Apache_Airflow/downloads/web-server-access-log.txt’ saved [8351/8351]
[2023-09-27T20:25:19.306-0400] {subprocess.py:93} INFO - 
[2023-09-27T20:25:19.308-0400] {subprocess.py:93} INFO - capitalized.txt
[2023-09-27T20:25:19.308-0400] {subprocess.py:93} INFO - web-server-access-log.txt
[2023-09-27T20:25:19.308-0400] {subprocess.py:97} INFO - Command exited with return code 0
[2023-09-27T20:25:19.430-0400] {taskinstance.py:1398} INFO - Marking task as SUCCESS. dag_id=ETL_Server_Access_Log_Processing, task_id=download, execution_date=20230928T002507, start_date=20230928T002517, end_date=20230928T002519
[2023-09-27T20:25:19.571-0400] {local_task_job_runner.py:228} INFO - Task exited with return code 0
[2023-09-27T20:25:20.034-0400] {taskinstance.py:2776} INFO - 1 downstream tasks scheduled from follow-on schedule check
