[2023-10-01T02:36:03.731-0400] {processor.py:157} INFO - Started process (PID=18247) to work on /home/erosennnin/anaconda3/envs/coursera/lib/python3.11/site-packages/airflow/example_dags/subdags/subdag.py
[2023-10-01T02:36:03.732-0400] {processor.py:829} INFO - Processing file /home/erosennnin/anaconda3/envs/coursera/lib/python3.11/site-packages/airflow/example_dags/subdags/subdag.py for tasks to queue
[2023-10-01T02:36:03.733-0400] {logging_mixin.py:151} INFO - [2023-10-01T02:36:03.733-0400] {dagbag.py:539} INFO - Filling up the DagBag from /home/erosennnin/anaconda3/envs/coursera/lib/python3.11/site-packages/airflow/example_dags/subdags/subdag.py
[2023-10-01T02:36:03.736-0400] {processor.py:841} WARNING - No viable dags retrieved from /home/erosennnin/anaconda3/envs/coursera/lib/python3.11/site-packages/airflow/example_dags/subdags/subdag.py
[2023-10-01T02:36:03.743-0400] {processor.py:179} INFO - Processing /home/erosennnin/anaconda3/envs/coursera/lib/python3.11/site-packages/airflow/example_dags/subdags/subdag.py took 0.015 seconds
[2023-10-01T02:37:03.368-0400] {processor.py:157} INFO - Started process (PID=18326) to work on /home/erosennnin/anaconda3/envs/coursera/lib/python3.11/site-packages/airflow/example_dags/subdags/subdag.py
[2023-10-01T02:37:03.390-0400] {processor.py:829} INFO - Processing file /home/erosennnin/anaconda3/envs/coursera/lib/python3.11/site-packages/airflow/example_dags/subdags/subdag.py for tasks to queue
[2023-10-01T02:37:03.392-0400] {logging_mixin.py:151} INFO - [2023-10-01T02:37:03.391-0400] {dagbag.py:539} INFO - Filling up the DagBag from /home/erosennnin/anaconda3/envs/coursera/lib/python3.11/site-packages/airflow/example_dags/subdags/subdag.py
[2023-10-01T02:37:03.395-0400] {processor.py:841} WARNING - No viable dags retrieved from /home/erosennnin/anaconda3/envs/coursera/lib/python3.11/site-packages/airflow/example_dags/subdags/subdag.py
[2023-10-01T02:37:03.409-0400] {processor.py:179} INFO - Processing /home/erosennnin/anaconda3/envs/coursera/lib/python3.11/site-packages/airflow/example_dags/subdags/subdag.py took 0.046 seconds
[2023-10-01T02:38:08.458-0400] {processor.py:157} INFO - Started process (PID=18407) to work on /home/erosennnin/anaconda3/envs/coursera/lib/python3.11/site-packages/airflow/example_dags/subdags/subdag.py
[2023-10-01T02:38:08.460-0400] {processor.py:829} INFO - Processing file /home/erosennnin/anaconda3/envs/coursera/lib/python3.11/site-packages/airflow/example_dags/subdags/subdag.py for tasks to queue
[2023-10-01T02:38:08.461-0400] {logging_mixin.py:151} INFO - [2023-10-01T02:38:08.460-0400] {dagbag.py:539} INFO - Filling up the DagBag from /home/erosennnin/anaconda3/envs/coursera/lib/python3.11/site-packages/airflow/example_dags/subdags/subdag.py
[2023-10-01T02:38:08.462-0400] {processor.py:841} WARNING - No viable dags retrieved from /home/erosennnin/anaconda3/envs/coursera/lib/python3.11/site-packages/airflow/example_dags/subdags/subdag.py
[2023-10-01T02:38:08.469-0400] {processor.py:179} INFO - Processing /home/erosennnin/anaconda3/envs/coursera/lib/python3.11/site-packages/airflow/example_dags/subdags/subdag.py took 0.015 seconds
[2023-10-01T02:39:04.541-0400] {processor.py:157} INFO - Started process (PID=18480) to work on /home/erosennnin/anaconda3/envs/coursera/lib/python3.11/site-packages/airflow/example_dags/subdags/subdag.py
[2023-10-01T02:39:04.561-0400] {processor.py:829} INFO - Processing file /home/erosennnin/anaconda3/envs/coursera/lib/python3.11/site-packages/airflow/example_dags/subdags/subdag.py for tasks to queue
[2023-10-01T02:39:04.562-0400] {logging_mixin.py:151} INFO - [2023-10-01T02:39:04.562-0400] {dagbag.py:539} INFO - Filling up the DagBag from /home/erosennnin/anaconda3/envs/coursera/lib/python3.11/site-packages/airflow/example_dags/subdags/subdag.py
[2023-10-01T02:39:04.565-0400] {processor.py:841} WARNING - No viable dags retrieved from /home/erosennnin/anaconda3/envs/coursera/lib/python3.11/site-packages/airflow/example_dags/subdags/subdag.py
[2023-10-01T02:39:04.579-0400] {processor.py:179} INFO - Processing /home/erosennnin/anaconda3/envs/coursera/lib/python3.11/site-packages/airflow/example_dags/subdags/subdag.py took 0.042 seconds
[2023-10-01T02:40:10.680-0400] {processor.py:157} INFO - Started process (PID=18735) to work on /home/erosennnin/anaconda3/envs/coursera/lib/python3.11/site-packages/airflow/example_dags/subdags/subdag.py
[2023-10-01T02:40:10.691-0400] {processor.py:829} INFO - Processing file /home/erosennnin/anaconda3/envs/coursera/lib/python3.11/site-packages/airflow/example_dags/subdags/subdag.py for tasks to queue
[2023-10-01T02:40:10.692-0400] {logging_mixin.py:151} INFO - [2023-10-01T02:40:10.691-0400] {dagbag.py:539} INFO - Filling up the DagBag from /home/erosennnin/anaconda3/envs/coursera/lib/python3.11/site-packages/airflow/example_dags/subdags/subdag.py
[2023-10-01T02:40:10.694-0400] {processor.py:841} WARNING - No viable dags retrieved from /home/erosennnin/anaconda3/envs/coursera/lib/python3.11/site-packages/airflow/example_dags/subdags/subdag.py
[2023-10-01T02:40:10.700-0400] {processor.py:179} INFO - Processing /home/erosennnin/anaconda3/envs/coursera/lib/python3.11/site-packages/airflow/example_dags/subdags/subdag.py took 0.022 seconds
[2023-10-01T02:41:08.009-0400] {processor.py:157} INFO - Started process (PID=18843) to work on /home/erosennnin/anaconda3/envs/coursera/lib/python3.11/site-packages/airflow/example_dags/subdags/subdag.py
[2023-10-01T02:41:08.010-0400] {processor.py:829} INFO - Processing file /home/erosennnin/anaconda3/envs/coursera/lib/python3.11/site-packages/airflow/example_dags/subdags/subdag.py for tasks to queue
[2023-10-01T02:41:08.012-0400] {logging_mixin.py:151} INFO - [2023-10-01T02:41:08.011-0400] {dagbag.py:539} INFO - Filling up the DagBag from /home/erosennnin/anaconda3/envs/coursera/lib/python3.11/site-packages/airflow/example_dags/subdags/subdag.py
[2023-10-01T02:41:08.014-0400] {processor.py:841} WARNING - No viable dags retrieved from /home/erosennnin/anaconda3/envs/coursera/lib/python3.11/site-packages/airflow/example_dags/subdags/subdag.py
[2023-10-01T02:41:08.028-0400] {processor.py:179} INFO - Processing /home/erosennnin/anaconda3/envs/coursera/lib/python3.11/site-packages/airflow/example_dags/subdags/subdag.py took 0.023 seconds
