[2023-10-01T02:36:06.158-0400] {processor.py:157} INFO - Started process (PID=18251) to work on /home/erosennnin/anaconda3/envs/coursera/lib/python3.11/site-packages/airflow/example_dags/plugins/event_listener.py
[2023-10-01T02:36:06.159-0400] {processor.py:829} INFO - Processing file /home/erosennnin/anaconda3/envs/coursera/lib/python3.11/site-packages/airflow/example_dags/plugins/event_listener.py for tasks to queue
[2023-10-01T02:36:06.160-0400] {logging_mixin.py:151} INFO - [2023-10-01T02:36:06.159-0400] {dagbag.py:539} INFO - Filling up the DagBag from /home/erosennnin/anaconda3/envs/coursera/lib/python3.11/site-packages/airflow/example_dags/plugins/event_listener.py
[2023-10-01T02:36:06.163-0400] {processor.py:841} WARNING - No viable dags retrieved from /home/erosennnin/anaconda3/envs/coursera/lib/python3.11/site-packages/airflow/example_dags/plugins/event_listener.py
[2023-10-01T02:36:06.179-0400] {processor.py:179} INFO - Processing /home/erosennnin/anaconda3/envs/coursera/lib/python3.11/site-packages/airflow/example_dags/plugins/event_listener.py took 0.026 seconds
[2023-10-01T02:37:05.799-0400] {processor.py:157} INFO - Started process (PID=18330) to work on /home/erosennnin/anaconda3/envs/coursera/lib/python3.11/site-packages/airflow/example_dags/plugins/event_listener.py
[2023-10-01T02:37:05.809-0400] {processor.py:829} INFO - Processing file /home/erosennnin/anaconda3/envs/coursera/lib/python3.11/site-packages/airflow/example_dags/plugins/event_listener.py for tasks to queue
[2023-10-01T02:37:05.810-0400] {logging_mixin.py:151} INFO - [2023-10-01T02:37:05.810-0400] {dagbag.py:539} INFO - Filling up the DagBag from /home/erosennnin/anaconda3/envs/coursera/lib/python3.11/site-packages/airflow/example_dags/plugins/event_listener.py
[2023-10-01T02:37:05.814-0400] {processor.py:841} WARNING - No viable dags retrieved from /home/erosennnin/anaconda3/envs/coursera/lib/python3.11/site-packages/airflow/example_dags/plugins/event_listener.py
[2023-10-01T02:37:05.825-0400] {processor.py:179} INFO - Processing /home/erosennnin/anaconda3/envs/coursera/lib/python3.11/site-packages/airflow/example_dags/plugins/event_listener.py took 0.030 seconds
[2023-10-01T02:38:10.760-0400] {processor.py:157} INFO - Started process (PID=18409) to work on /home/erosennnin/anaconda3/envs/coursera/lib/python3.11/site-packages/airflow/example_dags/plugins/event_listener.py
[2023-10-01T02:38:10.768-0400] {processor.py:829} INFO - Processing file /home/erosennnin/anaconda3/envs/coursera/lib/python3.11/site-packages/airflow/example_dags/plugins/event_listener.py for tasks to queue
[2023-10-01T02:38:10.769-0400] {logging_mixin.py:151} INFO - [2023-10-01T02:38:10.768-0400] {dagbag.py:539} INFO - Filling up the DagBag from /home/erosennnin/anaconda3/envs/coursera/lib/python3.11/site-packages/airflow/example_dags/plugins/event_listener.py
[2023-10-01T02:38:10.772-0400] {processor.py:841} WARNING - No viable dags retrieved from /home/erosennnin/anaconda3/envs/coursera/lib/python3.11/site-packages/airflow/example_dags/plugins/event_listener.py
[2023-10-01T02:38:10.785-0400] {processor.py:179} INFO - Processing /home/erosennnin/anaconda3/envs/coursera/lib/python3.11/site-packages/airflow/example_dags/plugins/event_listener.py took 0.029 seconds
[2023-10-01T02:39:06.953-0400] {processor.py:157} INFO - Started process (PID=18485) to work on /home/erosennnin/anaconda3/envs/coursera/lib/python3.11/site-packages/airflow/example_dags/plugins/event_listener.py
[2023-10-01T02:39:06.954-0400] {processor.py:829} INFO - Processing file /home/erosennnin/anaconda3/envs/coursera/lib/python3.11/site-packages/airflow/example_dags/plugins/event_listener.py for tasks to queue
[2023-10-01T02:39:06.955-0400] {logging_mixin.py:151} INFO - [2023-10-01T02:39:06.955-0400] {dagbag.py:539} INFO - Filling up the DagBag from /home/erosennnin/anaconda3/envs/coursera/lib/python3.11/site-packages/airflow/example_dags/plugins/event_listener.py
[2023-10-01T02:39:06.958-0400] {processor.py:841} WARNING - No viable dags retrieved from /home/erosennnin/anaconda3/envs/coursera/lib/python3.11/site-packages/airflow/example_dags/plugins/event_listener.py
[2023-10-01T02:39:06.972-0400] {processor.py:179} INFO - Processing /home/erosennnin/anaconda3/envs/coursera/lib/python3.11/site-packages/airflow/example_dags/plugins/event_listener.py took 0.023 seconds
[2023-10-01T02:40:12.986-0400] {processor.py:157} INFO - Started process (PID=18738) to work on /home/erosennnin/anaconda3/envs/coursera/lib/python3.11/site-packages/airflow/example_dags/plugins/event_listener.py
[2023-10-01T02:40:12.987-0400] {processor.py:829} INFO - Processing file /home/erosennnin/anaconda3/envs/coursera/lib/python3.11/site-packages/airflow/example_dags/plugins/event_listener.py for tasks to queue
[2023-10-01T02:40:12.988-0400] {logging_mixin.py:151} INFO - [2023-10-01T02:40:12.988-0400] {dagbag.py:539} INFO - Filling up the DagBag from /home/erosennnin/anaconda3/envs/coursera/lib/python3.11/site-packages/airflow/example_dags/plugins/event_listener.py
[2023-10-01T02:40:12.991-0400] {processor.py:841} WARNING - No viable dags retrieved from /home/erosennnin/anaconda3/envs/coursera/lib/python3.11/site-packages/airflow/example_dags/plugins/event_listener.py
[2023-10-01T02:40:13.005-0400] {processor.py:179} INFO - Processing /home/erosennnin/anaconda3/envs/coursera/lib/python3.11/site-packages/airflow/example_dags/plugins/event_listener.py took 0.023 seconds
[2023-10-01T02:41:10.467-0400] {processor.py:157} INFO - Started process (PID=18846) to work on /home/erosennnin/anaconda3/envs/coursera/lib/python3.11/site-packages/airflow/example_dags/plugins/event_listener.py
[2023-10-01T02:41:10.468-0400] {processor.py:829} INFO - Processing file /home/erosennnin/anaconda3/envs/coursera/lib/python3.11/site-packages/airflow/example_dags/plugins/event_listener.py for tasks to queue
[2023-10-01T02:41:10.468-0400] {logging_mixin.py:151} INFO - [2023-10-01T02:41:10.468-0400] {dagbag.py:539} INFO - Filling up the DagBag from /home/erosennnin/anaconda3/envs/coursera/lib/python3.11/site-packages/airflow/example_dags/plugins/event_listener.py
[2023-10-01T02:41:10.470-0400] {processor.py:841} WARNING - No viable dags retrieved from /home/erosennnin/anaconda3/envs/coursera/lib/python3.11/site-packages/airflow/example_dags/plugins/event_listener.py
[2023-10-01T02:41:10.476-0400] {processor.py:179} INFO - Processing /home/erosennnin/anaconda3/envs/coursera/lib/python3.11/site-packages/airflow/example_dags/plugins/event_listener.py took 0.011 seconds
