[2023-10-01T02:36:04.881-0400] {processor.py:157} INFO - Started process (PID=18248) to work on /home/erosennnin/anaconda3/envs/coursera/lib/python3.11/site-packages/airflow/example_dags/plugins/listener_plugin.py
[2023-10-01T02:36:04.882-0400] {processor.py:829} INFO - Processing file /home/erosennnin/anaconda3/envs/coursera/lib/python3.11/site-packages/airflow/example_dags/plugins/listener_plugin.py for tasks to queue
[2023-10-01T02:36:04.883-0400] {logging_mixin.py:151} INFO - [2023-10-01T02:36:04.883-0400] {dagbag.py:539} INFO - Filling up the DagBag from /home/erosennnin/anaconda3/envs/coursera/lib/python3.11/site-packages/airflow/example_dags/plugins/listener_plugin.py
[2023-10-01T02:36:04.886-0400] {processor.py:841} WARNING - No viable dags retrieved from /home/erosennnin/anaconda3/envs/coursera/lib/python3.11/site-packages/airflow/example_dags/plugins/listener_plugin.py
[2023-10-01T02:36:04.900-0400] {processor.py:179} INFO - Processing /home/erosennnin/anaconda3/envs/coursera/lib/python3.11/site-packages/airflow/example_dags/plugins/listener_plugin.py took 0.022 seconds
[2023-10-01T02:37:04.656-0400] {processor.py:157} INFO - Started process (PID=18327) to work on /home/erosennnin/anaconda3/envs/coursera/lib/python3.11/site-packages/airflow/example_dags/plugins/listener_plugin.py
[2023-10-01T02:37:04.666-0400] {processor.py:829} INFO - Processing file /home/erosennnin/anaconda3/envs/coursera/lib/python3.11/site-packages/airflow/example_dags/plugins/listener_plugin.py for tasks to queue
[2023-10-01T02:37:04.668-0400] {logging_mixin.py:151} INFO - [2023-10-01T02:37:04.667-0400] {dagbag.py:539} INFO - Filling up the DagBag from /home/erosennnin/anaconda3/envs/coursera/lib/python3.11/site-packages/airflow/example_dags/plugins/listener_plugin.py
[2023-10-01T02:37:04.672-0400] {processor.py:841} WARNING - No viable dags retrieved from /home/erosennnin/anaconda3/envs/coursera/lib/python3.11/site-packages/airflow/example_dags/plugins/listener_plugin.py
[2023-10-01T02:37:04.687-0400] {processor.py:179} INFO - Processing /home/erosennnin/anaconda3/envs/coursera/lib/python3.11/site-packages/airflow/example_dags/plugins/listener_plugin.py took 0.036 seconds
[2023-10-01T02:38:09.607-0400] {processor.py:157} INFO - Started process (PID=18408) to work on /home/erosennnin/anaconda3/envs/coursera/lib/python3.11/site-packages/airflow/example_dags/plugins/listener_plugin.py
[2023-10-01T02:38:09.609-0400] {processor.py:829} INFO - Processing file /home/erosennnin/anaconda3/envs/coursera/lib/python3.11/site-packages/airflow/example_dags/plugins/listener_plugin.py for tasks to queue
[2023-10-01T02:38:09.610-0400] {logging_mixin.py:151} INFO - [2023-10-01T02:38:09.609-0400] {dagbag.py:539} INFO - Filling up the DagBag from /home/erosennnin/anaconda3/envs/coursera/lib/python3.11/site-packages/airflow/example_dags/plugins/listener_plugin.py
[2023-10-01T02:38:09.613-0400] {processor.py:841} WARNING - No viable dags retrieved from /home/erosennnin/anaconda3/envs/coursera/lib/python3.11/site-packages/airflow/example_dags/plugins/listener_plugin.py
[2023-10-01T02:38:09.627-0400] {processor.py:179} INFO - Processing /home/erosennnin/anaconda3/envs/coursera/lib/python3.11/site-packages/airflow/example_dags/plugins/listener_plugin.py took 0.023 seconds
[2023-10-01T02:39:05.693-0400] {processor.py:157} INFO - Started process (PID=18483) to work on /home/erosennnin/anaconda3/envs/coursera/lib/python3.11/site-packages/airflow/example_dags/plugins/listener_plugin.py
[2023-10-01T02:39:05.694-0400] {processor.py:829} INFO - Processing file /home/erosennnin/anaconda3/envs/coursera/lib/python3.11/site-packages/airflow/example_dags/plugins/listener_plugin.py for tasks to queue
[2023-10-01T02:39:05.695-0400] {logging_mixin.py:151} INFO - [2023-10-01T02:39:05.694-0400] {dagbag.py:539} INFO - Filling up the DagBag from /home/erosennnin/anaconda3/envs/coursera/lib/python3.11/site-packages/airflow/example_dags/plugins/listener_plugin.py
[2023-10-01T02:39:05.698-0400] {processor.py:841} WARNING - No viable dags retrieved from /home/erosennnin/anaconda3/envs/coursera/lib/python3.11/site-packages/airflow/example_dags/plugins/listener_plugin.py
[2023-10-01T02:39:05.712-0400] {processor.py:179} INFO - Processing /home/erosennnin/anaconda3/envs/coursera/lib/python3.11/site-packages/airflow/example_dags/plugins/listener_plugin.py took 0.024 seconds
[2023-10-01T02:40:11.833-0400] {processor.py:157} INFO - Started process (PID=18736) to work on /home/erosennnin/anaconda3/envs/coursera/lib/python3.11/site-packages/airflow/example_dags/plugins/listener_plugin.py
[2023-10-01T02:40:11.834-0400] {processor.py:829} INFO - Processing file /home/erosennnin/anaconda3/envs/coursera/lib/python3.11/site-packages/airflow/example_dags/plugins/listener_plugin.py for tasks to queue
[2023-10-01T02:40:11.835-0400] {logging_mixin.py:151} INFO - [2023-10-01T02:40:11.834-0400] {dagbag.py:539} INFO - Filling up the DagBag from /home/erosennnin/anaconda3/envs/coursera/lib/python3.11/site-packages/airflow/example_dags/plugins/listener_plugin.py
[2023-10-01T02:40:11.838-0400] {processor.py:841} WARNING - No viable dags retrieved from /home/erosennnin/anaconda3/envs/coursera/lib/python3.11/site-packages/airflow/example_dags/plugins/listener_plugin.py
[2023-10-01T02:40:11.852-0400] {processor.py:179} INFO - Processing /home/erosennnin/anaconda3/envs/coursera/lib/python3.11/site-packages/airflow/example_dags/plugins/listener_plugin.py took 0.023 seconds
[2023-10-01T02:41:09.309-0400] {processor.py:157} INFO - Started process (PID=18845) to work on /home/erosennnin/anaconda3/envs/coursera/lib/python3.11/site-packages/airflow/example_dags/plugins/listener_plugin.py
[2023-10-01T02:41:09.309-0400] {processor.py:829} INFO - Processing file /home/erosennnin/anaconda3/envs/coursera/lib/python3.11/site-packages/airflow/example_dags/plugins/listener_plugin.py for tasks to queue
[2023-10-01T02:41:09.310-0400] {logging_mixin.py:151} INFO - [2023-10-01T02:41:09.310-0400] {dagbag.py:539} INFO - Filling up the DagBag from /home/erosennnin/anaconda3/envs/coursera/lib/python3.11/site-packages/airflow/example_dags/plugins/listener_plugin.py
[2023-10-01T02:41:09.313-0400] {processor.py:841} WARNING - No viable dags retrieved from /home/erosennnin/anaconda3/envs/coursera/lib/python3.11/site-packages/airflow/example_dags/plugins/listener_plugin.py
[2023-10-01T02:41:09.327-0400] {processor.py:179} INFO - Processing /home/erosennnin/anaconda3/envs/coursera/lib/python3.11/site-packages/airflow/example_dags/plugins/listener_plugin.py took 0.020 seconds
