[2023-10-01T02:36:07.314-0400] {processor.py:157} INFO - Started process (PID=18253) to work on /home/erosennnin/anaconda3/envs/coursera/lib/python3.11/site-packages/airflow/example_dags/plugins/workday.py
[2023-10-01T02:36:07.315-0400] {processor.py:829} INFO - Processing file /home/erosennnin/anaconda3/envs/coursera/lib/python3.11/site-packages/airflow/example_dags/plugins/workday.py for tasks to queue
[2023-10-01T02:36:07.316-0400] {logging_mixin.py:151} INFO - [2023-10-01T02:36:07.316-0400] {dagbag.py:539} INFO - Filling up the DagBag from /home/erosennnin/anaconda3/envs/coursera/lib/python3.11/site-packages/airflow/example_dags/plugins/workday.py
[2023-10-01T02:36:07.567-0400] {processor.py:841} WARNING - No viable dags retrieved from /home/erosennnin/anaconda3/envs/coursera/lib/python3.11/site-packages/airflow/example_dags/plugins/workday.py
[2023-10-01T02:36:07.575-0400] {processor.py:179} INFO - Processing /home/erosennnin/anaconda3/envs/coursera/lib/python3.11/site-packages/airflow/example_dags/plugins/workday.py took 0.265 seconds
[2023-10-01T02:37:06.938-0400] {processor.py:157} INFO - Started process (PID=18332) to work on /home/erosennnin/anaconda3/envs/coursera/lib/python3.11/site-packages/airflow/example_dags/plugins/workday.py
[2023-10-01T02:37:06.952-0400] {processor.py:829} INFO - Processing file /home/erosennnin/anaconda3/envs/coursera/lib/python3.11/site-packages/airflow/example_dags/plugins/workday.py for tasks to queue
[2023-10-01T02:37:06.953-0400] {logging_mixin.py:151} INFO - [2023-10-01T02:37:06.953-0400] {dagbag.py:539} INFO - Filling up the DagBag from /home/erosennnin/anaconda3/envs/coursera/lib/python3.11/site-packages/airflow/example_dags/plugins/workday.py
[2023-10-01T02:37:07.178-0400] {processor.py:841} WARNING - No viable dags retrieved from /home/erosennnin/anaconda3/envs/coursera/lib/python3.11/site-packages/airflow/example_dags/plugins/workday.py
[2023-10-01T02:37:07.185-0400] {processor.py:179} INFO - Processing /home/erosennnin/anaconda3/envs/coursera/lib/python3.11/site-packages/airflow/example_dags/plugins/workday.py took 0.249 seconds
[2023-10-01T02:38:11.915-0400] {processor.py:157} INFO - Started process (PID=18411) to work on /home/erosennnin/anaconda3/envs/coursera/lib/python3.11/site-packages/airflow/example_dags/plugins/workday.py
[2023-10-01T02:38:11.921-0400] {processor.py:829} INFO - Processing file /home/erosennnin/anaconda3/envs/coursera/lib/python3.11/site-packages/airflow/example_dags/plugins/workday.py for tasks to queue
[2023-10-01T02:38:11.922-0400] {logging_mixin.py:151} INFO - [2023-10-01T02:38:11.922-0400] {dagbag.py:539} INFO - Filling up the DagBag from /home/erosennnin/anaconda3/envs/coursera/lib/python3.11/site-packages/airflow/example_dags/plugins/workday.py
[2023-10-01T02:38:12.138-0400] {processor.py:841} WARNING - No viable dags retrieved from /home/erosennnin/anaconda3/envs/coursera/lib/python3.11/site-packages/airflow/example_dags/plugins/workday.py
[2023-10-01T02:38:12.144-0400] {processor.py:179} INFO - Processing /home/erosennnin/anaconda3/envs/coursera/lib/python3.11/site-packages/airflow/example_dags/plugins/workday.py took 0.233 seconds
[2023-10-01T02:39:08.106-0400] {processor.py:157} INFO - Started process (PID=18487) to work on /home/erosennnin/anaconda3/envs/coursera/lib/python3.11/site-packages/airflow/example_dags/plugins/workday.py
[2023-10-01T02:39:08.107-0400] {processor.py:829} INFO - Processing file /home/erosennnin/anaconda3/envs/coursera/lib/python3.11/site-packages/airflow/example_dags/plugins/workday.py for tasks to queue
[2023-10-01T02:39:08.108-0400] {logging_mixin.py:151} INFO - [2023-10-01T02:39:08.107-0400] {dagbag.py:539} INFO - Filling up the DagBag from /home/erosennnin/anaconda3/envs/coursera/lib/python3.11/site-packages/airflow/example_dags/plugins/workday.py
[2023-10-01T02:39:08.323-0400] {processor.py:841} WARNING - No viable dags retrieved from /home/erosennnin/anaconda3/envs/coursera/lib/python3.11/site-packages/airflow/example_dags/plugins/workday.py
[2023-10-01T02:39:08.329-0400] {processor.py:179} INFO - Processing /home/erosennnin/anaconda3/envs/coursera/lib/python3.11/site-packages/airflow/example_dags/plugins/workday.py took 0.227 seconds
[2023-10-01T02:40:14.137-0400] {processor.py:157} INFO - Started process (PID=18739) to work on /home/erosennnin/anaconda3/envs/coursera/lib/python3.11/site-packages/airflow/example_dags/plugins/workday.py
[2023-10-01T02:40:14.138-0400] {processor.py:829} INFO - Processing file /home/erosennnin/anaconda3/envs/coursera/lib/python3.11/site-packages/airflow/example_dags/plugins/workday.py for tasks to queue
[2023-10-01T02:40:14.139-0400] {logging_mixin.py:151} INFO - [2023-10-01T02:40:14.139-0400] {dagbag.py:539} INFO - Filling up the DagBag from /home/erosennnin/anaconda3/envs/coursera/lib/python3.11/site-packages/airflow/example_dags/plugins/workday.py
[2023-10-01T02:40:14.353-0400] {processor.py:841} WARNING - No viable dags retrieved from /home/erosennnin/anaconda3/envs/coursera/lib/python3.11/site-packages/airflow/example_dags/plugins/workday.py
[2023-10-01T02:40:14.359-0400] {processor.py:179} INFO - Processing /home/erosennnin/anaconda3/envs/coursera/lib/python3.11/site-packages/airflow/example_dags/plugins/workday.py took 0.226 seconds
[2023-10-01T02:41:11.623-0400] {processor.py:157} INFO - Started process (PID=18847) to work on /home/erosennnin/anaconda3/envs/coursera/lib/python3.11/site-packages/airflow/example_dags/plugins/workday.py
[2023-10-01T02:41:11.624-0400] {processor.py:829} INFO - Processing file /home/erosennnin/anaconda3/envs/coursera/lib/python3.11/site-packages/airflow/example_dags/plugins/workday.py for tasks to queue
[2023-10-01T02:41:11.625-0400] {logging_mixin.py:151} INFO - [2023-10-01T02:41:11.625-0400] {dagbag.py:539} INFO - Filling up the DagBag from /home/erosennnin/anaconda3/envs/coursera/lib/python3.11/site-packages/airflow/example_dags/plugins/workday.py
[2023-10-01T02:41:11.855-0400] {processor.py:841} WARNING - No viable dags retrieved from /home/erosennnin/anaconda3/envs/coursera/lib/python3.11/site-packages/airflow/example_dags/plugins/workday.py
[2023-10-01T02:41:11.861-0400] {processor.py:179} INFO - Processing /home/erosennnin/anaconda3/envs/coursera/lib/python3.11/site-packages/airflow/example_dags/plugins/workday.py took 0.242 seconds
