[2023-09-29T13:08:50.434-0400] {taskinstance.py:1157} INFO - Dependencies all met for dep_context=non-requeueable deps ti=<TaskInstance: ETL_toll_data.unzip_data manual__2023-09-29T17:05:26+00:00 [queued]>
[2023-09-29T13:08:50.444-0400] {taskinstance.py:1157} INFO - Dependencies all met for dep_context=requeueable deps ti=<TaskInstance: ETL_toll_data.unzip_data manual__2023-09-29T17:05:26+00:00 [queued]>
[2023-09-29T13:08:50.445-0400] {taskinstance.py:1359} INFO - Starting attempt 1 of 2
[2023-09-29T13:08:50.557-0400] {taskinstance.py:1380} INFO - Executing <Task(BashOperator): unzip_data> on 2023-09-29 17:05:26+00:00
[2023-09-29T13:08:50.561-0400] {standard_task_runner.py:57} INFO - Started process 139951 to run task
[2023-09-29T13:08:50.564-0400] {standard_task_runner.py:84} INFO - Running: ['airflow', 'tasks', 'run', 'ETL_toll_data', 'unzip_data', 'manual__2023-09-29T17:05:26+00:00', '--job-id', '49', '--raw', '--subdir', 'DAGS_FOLDER/ETL_toll_data.py', '--cfg-path', '/tmp/tmpu_1_5c9n']
[2023-09-29T13:08:50.566-0400] {standard_task_runner.py:85} INFO - Job 49: Subtask unzip_data
[2023-09-29T13:08:50.707-0400] {task_command.py:415} INFO - Running <TaskInstance: ETL_toll_data.unzip_data manual__2023-09-29T17:05:26+00:00 [running]> on host erosennnin-TUF-Gaming-FX505DU-FX505DU
[2023-09-29T13:08:51.062-0400] {taskinstance.py:1660} INFO - Exporting env vars: AIRFLOW_CTX_DAG_EMAIL='daniel.velarde.kubber@gmail.com' AIRFLOW_CTX_DAG_OWNER='Daniel' AIRFLOW_CTX_DAG_ID='ETL_toll_data' AIRFLOW_CTX_TASK_ID='unzip_data' AIRFLOW_CTX_EXECUTION_DATE='2023-09-29T17:05:26+00:00' AIRFLOW_CTX_TRY_NUMBER='1' AIRFLOW_CTX_DAG_RUN_ID='manual__2023-09-29T17:05:26+00:00'
[2023-09-29T13:08:51.063-0400] {subprocess.py:63} INFO - Tmp dir root location: /tmp
[2023-09-29T13:08:51.064-0400] {subprocess.py:75} INFO - Running command: ['/usr/bin/bash', '-c', 'wget -O /home/erosennnin/Programing/Apache_Airflow/finalassignment/tolldata.tgz "https://cf-courses-data.s3.us.cloud-object-storage.appdomain.cloud/IBM-DB0250EN-SkillsNetwork/labs/Final%20Assignment/tolldata.tgz" && tar -xzvf /home/erosennnin/Programing/Apache_Airflow/finalassignment/tolldata.tgz -C /home/erosennnin/Programing/Apache_Airflow/finalassignment/ && ls /home/erosennnin/Programing/Apache_Airflow/finalassignment/']
[2023-09-29T13:08:51.073-0400] {subprocess.py:86} INFO - Output:
[2023-09-29T13:08:51.077-0400] {subprocess.py:93} INFO - --2023-09-29 13:08:51--  https://cf-courses-data.s3.us.cloud-object-storage.appdomain.cloud/IBM-DB0250EN-SkillsNetwork/labs/Final%20Assignment/tolldata.tgz
[2023-09-29T13:08:51.275-0400] {subprocess.py:93} INFO - Resolving cf-courses-data.s3.us.cloud-object-storage.appdomain.cloud (cf-courses-data.s3.us.cloud-object-storage.appdomain.cloud)... 169.45.118.108
[2023-09-29T13:08:51.482-0400] {subprocess.py:93} INFO - Connecting to cf-courses-data.s3.us.cloud-object-storage.appdomain.cloud (cf-courses-data.s3.us.cloud-object-storage.appdomain.cloud)|169.45.118.108|:443... connected.
[2023-09-29T13:08:52.311-0400] {subprocess.py:93} INFO - HTTP request sent, awaiting response... 200 OK
[2023-09-29T13:08:52.311-0400] {subprocess.py:93} INFO - Length: 528994 (517K) [application/x-tar]
[2023-09-29T13:08:52.311-0400] {subprocess.py:93} INFO - Saving to: ‘/home/erosennnin/Programing/Apache_Airflow/finalassignment/tolldata.tgz’
[2023-09-29T13:08:52.311-0400] {subprocess.py:93} INFO - 
[2023-09-29T13:08:52.706-0400] {subprocess.py:93} INFO -      0K .......... .......... .......... .......... ..........  9%  127K 4s
[2023-09-29T13:08:52.911-0400] {subprocess.py:93} INFO -     50K .......... .......... .......... .......... .......... 19%  243K 3s
[2023-09-29T13:08:53.014-0400] {subprocess.py:93} INFO -    100K .......... .......... .......... .......... .......... 29%  487K 2s
[2023-09-29T13:08:53.116-0400] {subprocess.py:93} INFO -    150K .......... .......... .......... .......... .......... 38%  491K 1s
[2023-09-29T13:08:53.116-0400] {subprocess.py:93} INFO -    200K .......... .......... .......... .......... .......... 48% 91,7M 1s
[2023-09-29T13:08:53.219-0400] {subprocess.py:93} INFO -    250K .......... .......... .......... .......... .......... 58%  487K 1s
[2023-09-29T13:08:53.220-0400] {subprocess.py:93} INFO -    300K .......... .......... .......... .......... .......... 67% 89,0M 0s
[2023-09-29T13:08:53.322-0400] {subprocess.py:93} INFO -    350K .......... .......... .......... .......... .......... 77%  491K 0s
[2023-09-29T13:08:53.322-0400] {subprocess.py:93} INFO -    400K .......... .......... .......... .......... .......... 87%  116M 0s
[2023-09-29T13:08:53.428-0400] {subprocess.py:93} INFO -    450K .......... .......... .......... .......... .......... 96%  473K 0s
[2023-09-29T13:08:53.428-0400] {subprocess.py:93} INFO -    500K .......... ......                                     100%  135M=1,1s
[2023-09-29T13:08:53.428-0400] {subprocess.py:93} INFO - 
[2023-09-29T13:08:53.428-0400] {subprocess.py:93} INFO - 2023-09-29 13:08:53 (463 KB/s) - ‘/home/erosennnin/Programing/Apache_Airflow/finalassignment/tolldata.tgz’ saved [528994/528994]
[2023-09-29T13:08:53.428-0400] {subprocess.py:93} INFO - 
[2023-09-29T13:08:53.433-0400] {subprocess.py:93} INFO - fileformats.txt
[2023-09-29T13:08:53.433-0400] {subprocess.py:93} INFO - payment-data.txt
[2023-09-29T13:08:53.436-0400] {subprocess.py:93} INFO - ._tollplaza-data.tsv
[2023-09-29T13:08:53.437-0400] {subprocess.py:93} INFO - tollplaza-data.tsv
[2023-09-29T13:08:53.440-0400] {subprocess.py:93} INFO - ._vehicle-data.csv
[2023-09-29T13:08:53.441-0400] {subprocess.py:93} INFO - vehicle-data.csv
[2023-09-29T13:08:53.445-0400] {subprocess.py:93} INFO - fileformats.txt
[2023-09-29T13:08:53.445-0400] {subprocess.py:93} INFO - payment-data.txt
[2023-09-29T13:08:53.445-0400] {subprocess.py:93} INFO - tolldata
[2023-09-29T13:08:53.445-0400] {subprocess.py:93} INFO - tolldata.tgz
[2023-09-29T13:08:53.446-0400] {subprocess.py:93} INFO - tollplaza-data.tsv
[2023-09-29T13:08:53.446-0400] {subprocess.py:93} INFO - vehicle-data.csv
[2023-09-29T13:08:53.446-0400] {subprocess.py:97} INFO - Command exited with return code 0
[2023-09-29T13:08:53.648-0400] {taskinstance.py:1398} INFO - Marking task as SUCCESS. dag_id=ETL_toll_data, task_id=unzip_data, execution_date=20230929T170526, start_date=20230929T170850, end_date=20230929T170853
[2023-09-29T13:08:53.782-0400] {local_task_job_runner.py:228} INFO - Task exited with return code 0
[2023-09-29T13:08:53.801-0400] {taskinstance.py:2776} INFO - 1 downstream tasks scheduled from follow-on schedule check
