[2023-09-27T20:20:03.737-0400] {taskinstance.py:1157} INFO - Dependencies all met for dep_context=non-requeueable deps ti=<TaskInstance: ETL_Server_Access_Log_Processing.transform manual__2023-09-28T00:19:47.558363+00:00 [queued]>
[2023-09-27T20:20:03.744-0400] {taskinstance.py:1157} INFO - Dependencies all met for dep_context=requeueable deps ti=<TaskInstance: ETL_Server_Access_Log_Processing.transform manual__2023-09-28T00:19:47.558363+00:00 [queued]>
[2023-09-27T20:20:03.744-0400] {taskinstance.py:1359} INFO - Starting attempt 1 of 2
[2023-09-27T20:20:03.885-0400] {taskinstance.py:1380} INFO - Executing <Task(BashOperator): transform> on 2023-09-28 00:19:47.558363+00:00
[2023-09-27T20:20:03.890-0400] {standard_task_runner.py:57} INFO - Started process 89988 to run task
[2023-09-27T20:20:03.894-0400] {standard_task_runner.py:84} INFO - Running: ['airflow', 'tasks', 'run', 'ETL_Server_Access_Log_Processing', 'transform', 'manual__2023-09-28T00:19:47.558363+00:00', '--job-id', '18', '--raw', '--subdir', 'DAGS_FOLDER/ETL_Server_Access_Log_Processing.py', '--cfg-path', '/tmp/tmp_w7pm7cu']
[2023-09-27T20:20:03.896-0400] {standard_task_runner.py:85} INFO - Job 18: Subtask transform
[2023-09-27T20:20:04.049-0400] {task_command.py:415} INFO - Running <TaskInstance: ETL_Server_Access_Log_Processing.transform manual__2023-09-28T00:19:47.558363+00:00 [running]> on host erosennnin-TUF-Gaming-FX505DU-FX505DU
[2023-09-27T20:20:04.296-0400] {taskinstance.py:1660} INFO - Exporting env vars: AIRFLOW_CTX_DAG_EMAIL='ramesh@somemail.com' AIRFLOW_CTX_DAG_OWNER='Ramesh Sannareddy' AIRFLOW_CTX_DAG_ID='ETL_Server_Access_Log_Processing' AIRFLOW_CTX_TASK_ID='transform' AIRFLOW_CTX_EXECUTION_DATE='2023-09-28T00:19:47.558363+00:00' AIRFLOW_CTX_TRY_NUMBER='1' AIRFLOW_CTX_DAG_RUN_ID='manual__2023-09-28T00:19:47.558363+00:00'
[2023-09-27T20:20:04.297-0400] {subprocess.py:63} INFO - Tmp dir root location: /tmp
[2023-09-27T20:20:04.298-0400] {subprocess.py:75} INFO - Running command: ['/usr/bin/bash', '-c', 'tr "[a-z]" "[A-Z]" < /home/erosennnin/Programing/Apache Airflow/downloads/extracted.txt > /home/erosennnin/Programing/Apache_Airflow/downloads/capitalized.txt']
[2023-09-27T20:20:04.309-0400] {subprocess.py:86} INFO - Output:
[2023-09-27T20:20:04.311-0400] {subprocess.py:93} INFO - tr: extra operand ‘Airflow/downloads/extracted.txt’
[2023-09-27T20:20:04.311-0400] {subprocess.py:93} INFO - Try 'tr --help' for more information.
[2023-09-27T20:20:04.312-0400] {subprocess.py:97} INFO - Command exited with return code 1
[2023-09-27T20:20:04.317-0400] {taskinstance.py:1935} ERROR - Task failed with exception
Traceback (most recent call last):
  File "/home/erosennnin/anaconda3/envs/coursera/lib/python3.11/site-packages/airflow/operators/bash.py", line 210, in execute
    raise AirflowException(
airflow.exceptions.AirflowException: Bash command failed. The command returned a non-zero exit code 1.
[2023-09-27T20:20:04.319-0400] {taskinstance.py:1398} INFO - Marking task as UP_FOR_RETRY. dag_id=ETL_Server_Access_Log_Processing, task_id=transform, execution_date=20230928T001947, start_date=20230928T002003, end_date=20230928T002004
[2023-09-27T20:20:04.435-0400] {standard_task_runner.py:104} ERROR - Failed to execute job 18 for task transform (Bash command failed. The command returned a non-zero exit code 1.; 89988)
[2023-09-27T20:20:04.465-0400] {local_task_job_runner.py:228} INFO - Task exited with return code 1
[2023-09-27T20:20:04.477-0400] {taskinstance.py:2776} INFO - 0 downstream tasks scheduled from follow-on schedule check
