[2023-10-01T02:35:57.330-0400] {processor.py:157} INFO - Started process (PID=18044) to work on /home/erosennnin/anaconda3/envs/coursera/lib/python3.11/site-packages/airflow/example_dags/example_trigger_controller_dag.py
[2023-10-01T02:35:57.331-0400] {processor.py:829} INFO - Processing file /home/erosennnin/anaconda3/envs/coursera/lib/python3.11/site-packages/airflow/example_dags/example_trigger_controller_dag.py for tasks to queue
[2023-10-01T02:35:57.332-0400] {logging_mixin.py:151} INFO - [2023-10-01T02:35:57.332-0400] {dagbag.py:539} INFO - Filling up the DagBag from /home/erosennnin/anaconda3/envs/coursera/lib/python3.11/site-packages/airflow/example_dags/example_trigger_controller_dag.py
[2023-10-01T02:35:57.339-0400] {processor.py:839} INFO - DAG(s) dict_keys(['example_trigger_controller_dag']) retrieved from /home/erosennnin/anaconda3/envs/coursera/lib/python3.11/site-packages/airflow/example_dags/example_trigger_controller_dag.py
[2023-10-01T02:35:57.362-0400] {logging_mixin.py:151} INFO - [2023-10-01T02:35:57.362-0400] {dag.py:2915} INFO - Sync 1 DAGs
[2023-10-01T02:35:57.384-0400] {logging_mixin.py:151} INFO - [2023-10-01T02:35:57.384-0400] {dag.py:3696} INFO - Setting next_dagrun for example_trigger_controller_dag to 2021-01-01T00:00:00+00:00, run_after=2021-01-01T00:00:00+00:00
[2023-10-01T02:35:57.569-0400] {processor.py:179} INFO - Processing /home/erosennnin/anaconda3/envs/coursera/lib/python3.11/site-packages/airflow/example_dags/example_trigger_controller_dag.py took 0.243 seconds
[2023-10-01T02:36:56.592-0400] {processor.py:157} INFO - Started process (PID=18316) to work on /home/erosennnin/anaconda3/envs/coursera/lib/python3.11/site-packages/airflow/example_dags/example_trigger_controller_dag.py
[2023-10-01T02:36:56.661-0400] {processor.py:829} INFO - Processing file /home/erosennnin/anaconda3/envs/coursera/lib/python3.11/site-packages/airflow/example_dags/example_trigger_controller_dag.py for tasks to queue
[2023-10-01T02:36:56.662-0400] {logging_mixin.py:151} INFO - [2023-10-01T02:36:56.662-0400] {dagbag.py:539} INFO - Filling up the DagBag from /home/erosennnin/anaconda3/envs/coursera/lib/python3.11/site-packages/airflow/example_dags/example_trigger_controller_dag.py
[2023-10-01T02:36:56.668-0400] {processor.py:839} INFO - DAG(s) dict_keys(['example_trigger_controller_dag']) retrieved from /home/erosennnin/anaconda3/envs/coursera/lib/python3.11/site-packages/airflow/example_dags/example_trigger_controller_dag.py
[2023-10-01T02:36:56.693-0400] {logging_mixin.py:151} INFO - [2023-10-01T02:36:56.692-0400] {dag.py:2915} INFO - Sync 1 DAGs
[2023-10-01T02:36:56.724-0400] {logging_mixin.py:151} INFO - [2023-10-01T02:36:56.724-0400] {dag.py:3696} INFO - Setting next_dagrun for example_trigger_controller_dag to 2021-01-01T00:00:00+00:00, run_after=2021-01-01T00:00:00+00:00
[2023-10-01T02:36:56.869-0400] {processor.py:179} INFO - Processing /home/erosennnin/anaconda3/envs/coursera/lib/python3.11/site-packages/airflow/example_dags/example_trigger_controller_dag.py took 0.281 seconds
[2023-10-01T02:38:00.235-0400] {processor.py:157} INFO - Started process (PID=18398) to work on /home/erosennnin/anaconda3/envs/coursera/lib/python3.11/site-packages/airflow/example_dags/example_trigger_controller_dag.py
[2023-10-01T02:38:00.236-0400] {processor.py:829} INFO - Processing file /home/erosennnin/anaconda3/envs/coursera/lib/python3.11/site-packages/airflow/example_dags/example_trigger_controller_dag.py for tasks to queue
[2023-10-01T02:38:00.237-0400] {logging_mixin.py:151} INFO - [2023-10-01T02:38:00.237-0400] {dagbag.py:539} INFO - Filling up the DagBag from /home/erosennnin/anaconda3/envs/coursera/lib/python3.11/site-packages/airflow/example_dags/example_trigger_controller_dag.py
[2023-10-01T02:38:00.243-0400] {processor.py:839} INFO - DAG(s) dict_keys(['example_trigger_controller_dag']) retrieved from /home/erosennnin/anaconda3/envs/coursera/lib/python3.11/site-packages/airflow/example_dags/example_trigger_controller_dag.py
[2023-10-01T02:38:00.267-0400] {logging_mixin.py:151} INFO - [2023-10-01T02:38:00.267-0400] {dag.py:2915} INFO - Sync 1 DAGs
[2023-10-01T02:38:00.281-0400] {logging_mixin.py:151} INFO - [2023-10-01T02:38:00.281-0400] {dag.py:3696} INFO - Setting next_dagrun for example_trigger_controller_dag to 2021-01-01T00:00:00+00:00, run_after=2021-01-01T00:00:00+00:00
[2023-10-01T02:38:00.429-0400] {processor.py:179} INFO - Processing /home/erosennnin/anaconda3/envs/coursera/lib/python3.11/site-packages/airflow/example_dags/example_trigger_controller_dag.py took 0.199 seconds
[2023-10-01T02:38:57.975-0400] {processor.py:157} INFO - Started process (PID=18471) to work on /home/erosennnin/anaconda3/envs/coursera/lib/python3.11/site-packages/airflow/example_dags/example_trigger_controller_dag.py
[2023-10-01T02:38:57.976-0400] {processor.py:829} INFO - Processing file /home/erosennnin/anaconda3/envs/coursera/lib/python3.11/site-packages/airflow/example_dags/example_trigger_controller_dag.py for tasks to queue
[2023-10-01T02:38:57.977-0400] {logging_mixin.py:151} INFO - [2023-10-01T02:38:57.977-0400] {dagbag.py:539} INFO - Filling up the DagBag from /home/erosennnin/anaconda3/envs/coursera/lib/python3.11/site-packages/airflow/example_dags/example_trigger_controller_dag.py
[2023-10-01T02:38:57.984-0400] {processor.py:839} INFO - DAG(s) dict_keys(['example_trigger_controller_dag']) retrieved from /home/erosennnin/anaconda3/envs/coursera/lib/python3.11/site-packages/airflow/example_dags/example_trigger_controller_dag.py
[2023-10-01T02:38:58.007-0400] {logging_mixin.py:151} INFO - [2023-10-01T02:38:58.007-0400] {dag.py:2915} INFO - Sync 1 DAGs
[2023-10-01T02:38:58.026-0400] {logging_mixin.py:151} INFO - [2023-10-01T02:38:58.026-0400] {dag.py:3696} INFO - Setting next_dagrun for example_trigger_controller_dag to 2021-01-01T00:00:00+00:00, run_after=2021-01-01T00:00:00+00:00
[2023-10-01T02:38:58.150-0400] {processor.py:179} INFO - Processing /home/erosennnin/anaconda3/envs/coursera/lib/python3.11/site-packages/airflow/example_dags/example_trigger_controller_dag.py took 0.179 seconds
[2023-10-01T02:40:03.490-0400] {processor.py:157} INFO - Started process (PID=18727) to work on /home/erosennnin/anaconda3/envs/coursera/lib/python3.11/site-packages/airflow/example_dags/example_trigger_controller_dag.py
[2023-10-01T02:40:03.491-0400] {processor.py:829} INFO - Processing file /home/erosennnin/anaconda3/envs/coursera/lib/python3.11/site-packages/airflow/example_dags/example_trigger_controller_dag.py for tasks to queue
[2023-10-01T02:40:03.492-0400] {logging_mixin.py:151} INFO - [2023-10-01T02:40:03.492-0400] {dagbag.py:539} INFO - Filling up the DagBag from /home/erosennnin/anaconda3/envs/coursera/lib/python3.11/site-packages/airflow/example_dags/example_trigger_controller_dag.py
[2023-10-01T02:40:03.499-0400] {processor.py:839} INFO - DAG(s) dict_keys(['example_trigger_controller_dag']) retrieved from /home/erosennnin/anaconda3/envs/coursera/lib/python3.11/site-packages/airflow/example_dags/example_trigger_controller_dag.py
[2023-10-01T02:40:03.522-0400] {logging_mixin.py:151} INFO - [2023-10-01T02:40:03.522-0400] {dag.py:2915} INFO - Sync 1 DAGs
[2023-10-01T02:40:03.541-0400] {logging_mixin.py:151} INFO - [2023-10-01T02:40:03.541-0400] {dag.py:3696} INFO - Setting next_dagrun for example_trigger_controller_dag to 2021-01-01T00:00:00+00:00, run_after=2021-01-01T00:00:00+00:00
[2023-10-01T02:40:03.683-0400] {processor.py:179} INFO - Processing /home/erosennnin/anaconda3/envs/coursera/lib/python3.11/site-packages/airflow/example_dags/example_trigger_controller_dag.py took 0.197 seconds
[2023-10-01T02:41:01.278-0400] {processor.py:157} INFO - Started process (PID=18835) to work on /home/erosennnin/anaconda3/envs/coursera/lib/python3.11/site-packages/airflow/example_dags/example_trigger_controller_dag.py
[2023-10-01T02:41:01.279-0400] {processor.py:829} INFO - Processing file /home/erosennnin/anaconda3/envs/coursera/lib/python3.11/site-packages/airflow/example_dags/example_trigger_controller_dag.py for tasks to queue
[2023-10-01T02:41:01.280-0400] {logging_mixin.py:151} INFO - [2023-10-01T02:41:01.279-0400] {dagbag.py:539} INFO - Filling up the DagBag from /home/erosennnin/anaconda3/envs/coursera/lib/python3.11/site-packages/airflow/example_dags/example_trigger_controller_dag.py
[2023-10-01T02:41:01.287-0400] {processor.py:839} INFO - DAG(s) dict_keys(['example_trigger_controller_dag']) retrieved from /home/erosennnin/anaconda3/envs/coursera/lib/python3.11/site-packages/airflow/example_dags/example_trigger_controller_dag.py
[2023-10-01T02:41:01.310-0400] {logging_mixin.py:151} INFO - [2023-10-01T02:41:01.310-0400] {dag.py:2915} INFO - Sync 1 DAGs
[2023-10-01T02:41:01.330-0400] {logging_mixin.py:151} INFO - [2023-10-01T02:41:01.330-0400] {dag.py:3696} INFO - Setting next_dagrun for example_trigger_controller_dag to 2021-01-01T00:00:00+00:00, run_after=2021-01-01T00:00:00+00:00
[2023-10-01T02:41:01.461-0400] {processor.py:179} INFO - Processing /home/erosennnin/anaconda3/envs/coursera/lib/python3.11/site-packages/airflow/example_dags/example_trigger_controller_dag.py took 0.188 seconds
[2023-10-01T12:38:08.182-0400] {processor.py:157} INFO - Started process (PID=19320) to work on /home/erosennnin/anaconda3/envs/coursera/lib/python3.11/site-packages/airflow/example_dags/example_trigger_controller_dag.py
[2023-10-01T12:38:08.183-0400] {processor.py:829} INFO - Processing file /home/erosennnin/anaconda3/envs/coursera/lib/python3.11/site-packages/airflow/example_dags/example_trigger_controller_dag.py for tasks to queue
[2023-10-01T12:38:08.184-0400] {logging_mixin.py:151} INFO - [2023-10-01T12:38:08.183-0400] {dagbag.py:539} INFO - Filling up the DagBag from /home/erosennnin/anaconda3/envs/coursera/lib/python3.11/site-packages/airflow/example_dags/example_trigger_controller_dag.py
[2023-10-01T12:38:08.190-0400] {processor.py:839} INFO - DAG(s) dict_keys(['example_trigger_controller_dag']) retrieved from /home/erosennnin/anaconda3/envs/coursera/lib/python3.11/site-packages/airflow/example_dags/example_trigger_controller_dag.py
[2023-10-01T12:38:08.212-0400] {logging_mixin.py:151} INFO - [2023-10-01T12:38:08.212-0400] {dag.py:2915} INFO - Sync 1 DAGs
[2023-10-01T12:38:08.239-0400] {logging_mixin.py:151} INFO - [2023-10-01T12:38:08.238-0400] {dag.py:3696} INFO - Setting next_dagrun for example_trigger_controller_dag to 2021-01-01T00:00:00+00:00, run_after=2021-01-01T00:00:00+00:00
[2023-10-01T12:38:08.364-0400] {processor.py:179} INFO - Processing /home/erosennnin/anaconda3/envs/coursera/lib/python3.11/site-packages/airflow/example_dags/example_trigger_controller_dag.py took 0.186 seconds
