[2023-10-01T02:36:18.021-0400] {processor.py:157} INFO - Started process (PID=18273) to work on /home/erosennnin/anaconda3/envs/coursera/lib/python3.11/site-packages/airflow/example_dags/example_setup_teardown.py
[2023-10-01T02:36:18.022-0400] {processor.py:829} INFO - Processing file /home/erosennnin/anaconda3/envs/coursera/lib/python3.11/site-packages/airflow/example_dags/example_setup_teardown.py for tasks to queue
[2023-10-01T02:36:18.023-0400] {logging_mixin.py:151} INFO - [2023-10-01T02:36:18.022-0400] {dagbag.py:539} INFO - Filling up the DagBag from /home/erosennnin/anaconda3/envs/coursera/lib/python3.11/site-packages/airflow/example_dags/example_setup_teardown.py
[2023-10-01T02:36:18.035-0400] {processor.py:839} INFO - DAG(s) dict_keys(['example_setup_teardown']) retrieved from /home/erosennnin/anaconda3/envs/coursera/lib/python3.11/site-packages/airflow/example_dags/example_setup_teardown.py
[2023-10-01T02:36:18.060-0400] {logging_mixin.py:151} INFO - [2023-10-01T02:36:18.059-0400] {dag.py:2915} INFO - Sync 1 DAGs
[2023-10-01T02:36:18.074-0400] {logging_mixin.py:151} INFO - [2023-10-01T02:36:18.074-0400] {dag.py:3696} INFO - Setting next_dagrun for example_setup_teardown to 2023-09-30T06:36:18.074418+00:00, run_after=2023-10-01T06:36:18.074418+00:00
[2023-10-01T02:36:18.232-0400] {processor.py:179} INFO - Processing /home/erosennnin/anaconda3/envs/coursera/lib/python3.11/site-packages/airflow/example_dags/example_setup_teardown.py took 0.214 seconds
[2023-10-01T02:37:24.821-0400] {processor.py:157} INFO - Started process (PID=18357) to work on /home/erosennnin/anaconda3/envs/coursera/lib/python3.11/site-packages/airflow/example_dags/example_setup_teardown.py
[2023-10-01T02:37:24.836-0400] {processor.py:829} INFO - Processing file /home/erosennnin/anaconda3/envs/coursera/lib/python3.11/site-packages/airflow/example_dags/example_setup_teardown.py for tasks to queue
[2023-10-01T02:37:24.838-0400] {logging_mixin.py:151} INFO - [2023-10-01T02:37:24.837-0400] {dagbag.py:539} INFO - Filling up the DagBag from /home/erosennnin/anaconda3/envs/coursera/lib/python3.11/site-packages/airflow/example_dags/example_setup_teardown.py
[2023-10-01T02:37:24.845-0400] {processor.py:839} INFO - DAG(s) dict_keys(['example_setup_teardown']) retrieved from /home/erosennnin/anaconda3/envs/coursera/lib/python3.11/site-packages/airflow/example_dags/example_setup_teardown.py
[2023-10-01T02:37:24.860-0400] {logging_mixin.py:151} INFO - [2023-10-01T02:37:24.860-0400] {dag.py:2915} INFO - Sync 1 DAGs
[2023-10-01T02:37:24.879-0400] {logging_mixin.py:151} INFO - [2023-10-01T02:37:24.879-0400] {dag.py:3696} INFO - Setting next_dagrun for example_setup_teardown to 2023-09-30T06:37:24.879348+00:00, run_after=2023-10-01T06:37:24.879348+00:00
[2023-10-01T02:37:25.008-0400] {processor.py:179} INFO - Processing /home/erosennnin/anaconda3/envs/coursera/lib/python3.11/site-packages/airflow/example_dags/example_setup_teardown.py took 0.191 seconds
[2023-10-01T02:38:24.744-0400] {processor.py:157} INFO - Started process (PID=18433) to work on /home/erosennnin/anaconda3/envs/coursera/lib/python3.11/site-packages/airflow/example_dags/example_setup_teardown.py
[2023-10-01T02:38:24.745-0400] {processor.py:829} INFO - Processing file /home/erosennnin/anaconda3/envs/coursera/lib/python3.11/site-packages/airflow/example_dags/example_setup_teardown.py for tasks to queue
[2023-10-01T02:38:24.745-0400] {logging_mixin.py:151} INFO - [2023-10-01T02:38:24.745-0400] {dagbag.py:539} INFO - Filling up the DagBag from /home/erosennnin/anaconda3/envs/coursera/lib/python3.11/site-packages/airflow/example_dags/example_setup_teardown.py
[2023-10-01T02:38:24.750-0400] {processor.py:839} INFO - DAG(s) dict_keys(['example_setup_teardown']) retrieved from /home/erosennnin/anaconda3/envs/coursera/lib/python3.11/site-packages/airflow/example_dags/example_setup_teardown.py
[2023-10-01T02:38:24.768-0400] {logging_mixin.py:151} INFO - [2023-10-01T02:38:24.768-0400] {dag.py:2915} INFO - Sync 1 DAGs
[2023-10-01T02:38:24.791-0400] {logging_mixin.py:151} INFO - [2023-10-01T02:38:24.791-0400] {dag.py:3696} INFO - Setting next_dagrun for example_setup_teardown to 2023-09-30T06:38:24.791072+00:00, run_after=2023-10-01T06:38:24.791072+00:00
[2023-10-01T02:38:24.914-0400] {processor.py:179} INFO - Processing /home/erosennnin/anaconda3/envs/coursera/lib/python3.11/site-packages/airflow/example_dags/example_setup_teardown.py took 0.174 seconds
[2023-10-01T02:39:23.981-0400] {processor.py:157} INFO - Started process (PID=18653) to work on /home/erosennnin/anaconda3/envs/coursera/lib/python3.11/site-packages/airflow/example_dags/example_setup_teardown.py
[2023-10-01T02:39:23.983-0400] {processor.py:829} INFO - Processing file /home/erosennnin/anaconda3/envs/coursera/lib/python3.11/site-packages/airflow/example_dags/example_setup_teardown.py for tasks to queue
[2023-10-01T02:39:23.984-0400] {logging_mixin.py:151} INFO - [2023-10-01T02:39:23.983-0400] {dagbag.py:539} INFO - Filling up the DagBag from /home/erosennnin/anaconda3/envs/coursera/lib/python3.11/site-packages/airflow/example_dags/example_setup_teardown.py
[2023-10-01T02:39:23.995-0400] {processor.py:839} INFO - DAG(s) dict_keys(['example_setup_teardown']) retrieved from /home/erosennnin/anaconda3/envs/coursera/lib/python3.11/site-packages/airflow/example_dags/example_setup_teardown.py
[2023-10-01T02:39:24.018-0400] {logging_mixin.py:151} INFO - [2023-10-01T02:39:24.018-0400] {dag.py:2915} INFO - Sync 1 DAGs
[2023-10-01T02:39:24.036-0400] {logging_mixin.py:151} INFO - [2023-10-01T02:39:24.035-0400] {dag.py:3696} INFO - Setting next_dagrun for example_setup_teardown to 2023-09-30T06:39:24.035689+00:00, run_after=2023-10-01T06:39:24.035689+00:00
[2023-10-01T02:39:24.169-0400] {processor.py:179} INFO - Processing /home/erosennnin/anaconda3/envs/coursera/lib/python3.11/site-packages/airflow/example_dags/example_setup_teardown.py took 0.192 seconds
[2023-10-01T02:40:28.393-0400] {processor.py:157} INFO - Started process (PID=18762) to work on /home/erosennnin/anaconda3/envs/coursera/lib/python3.11/site-packages/airflow/example_dags/example_setup_teardown.py
[2023-10-01T02:40:28.394-0400] {processor.py:829} INFO - Processing file /home/erosennnin/anaconda3/envs/coursera/lib/python3.11/site-packages/airflow/example_dags/example_setup_teardown.py for tasks to queue
[2023-10-01T02:40:28.395-0400] {logging_mixin.py:151} INFO - [2023-10-01T02:40:28.395-0400] {dagbag.py:539} INFO - Filling up the DagBag from /home/erosennnin/anaconda3/envs/coursera/lib/python3.11/site-packages/airflow/example_dags/example_setup_teardown.py
[2023-10-01T02:40:28.407-0400] {processor.py:839} INFO - DAG(s) dict_keys(['example_setup_teardown']) retrieved from /home/erosennnin/anaconda3/envs/coursera/lib/python3.11/site-packages/airflow/example_dags/example_setup_teardown.py
[2023-10-01T02:40:28.432-0400] {logging_mixin.py:151} INFO - [2023-10-01T02:40:28.432-0400] {dag.py:2915} INFO - Sync 1 DAGs
[2023-10-01T02:40:28.448-0400] {logging_mixin.py:151} INFO - [2023-10-01T02:40:28.448-0400] {dag.py:3696} INFO - Setting next_dagrun for example_setup_teardown to 2023-09-30T06:40:28.447841+00:00, run_after=2023-10-01T06:40:28.447841+00:00
[2023-10-01T02:40:28.594-0400] {processor.py:179} INFO - Processing /home/erosennnin/anaconda3/envs/coursera/lib/python3.11/site-packages/airflow/example_dags/example_setup_teardown.py took 0.205 seconds
[2023-10-01T02:41:27.402-0400] {processor.py:157} INFO - Started process (PID=18878) to work on /home/erosennnin/anaconda3/envs/coursera/lib/python3.11/site-packages/airflow/example_dags/example_setup_teardown.py
[2023-10-01T02:41:27.403-0400] {processor.py:829} INFO - Processing file /home/erosennnin/anaconda3/envs/coursera/lib/python3.11/site-packages/airflow/example_dags/example_setup_teardown.py for tasks to queue
[2023-10-01T02:41:27.403-0400] {logging_mixin.py:151} INFO - [2023-10-01T02:41:27.403-0400] {dagbag.py:539} INFO - Filling up the DagBag from /home/erosennnin/anaconda3/envs/coursera/lib/python3.11/site-packages/airflow/example_dags/example_setup_teardown.py
[2023-10-01T02:41:27.411-0400] {processor.py:839} INFO - DAG(s) dict_keys(['example_setup_teardown']) retrieved from /home/erosennnin/anaconda3/envs/coursera/lib/python3.11/site-packages/airflow/example_dags/example_setup_teardown.py
[2023-10-01T02:41:27.430-0400] {logging_mixin.py:151} INFO - [2023-10-01T02:41:27.430-0400] {dag.py:2915} INFO - Sync 1 DAGs
[2023-10-01T02:41:27.443-0400] {logging_mixin.py:151} INFO - [2023-10-01T02:41:27.443-0400] {dag.py:3696} INFO - Setting next_dagrun for example_setup_teardown to 2023-09-30T06:41:27.443046+00:00, run_after=2023-10-01T06:41:27.443046+00:00
[2023-10-01T02:41:27.581-0400] {processor.py:179} INFO - Processing /home/erosennnin/anaconda3/envs/coursera/lib/python3.11/site-packages/airflow/example_dags/example_setup_teardown.py took 0.181 seconds
