[2023-10-01T02:36:22.084-0400] {processor.py:157} INFO - Started process (PID=18278) to work on /home/erosennnin/anaconda3/envs/coursera/lib/python3.11/site-packages/airflow/example_dags/example_short_circuit_operator.py
[2023-10-01T02:36:22.084-0400] {processor.py:829} INFO - Processing file /home/erosennnin/anaconda3/envs/coursera/lib/python3.11/site-packages/airflow/example_dags/example_short_circuit_operator.py for tasks to queue
[2023-10-01T02:36:22.085-0400] {logging_mixin.py:151} INFO - [2023-10-01T02:36:22.085-0400] {dagbag.py:539} INFO - Filling up the DagBag from /home/erosennnin/anaconda3/envs/coursera/lib/python3.11/site-packages/airflow/example_dags/example_short_circuit_operator.py
[2023-10-01T02:36:22.091-0400] {processor.py:839} INFO - DAG(s) dict_keys(['example_short_circuit_operator']) retrieved from /home/erosennnin/anaconda3/envs/coursera/lib/python3.11/site-packages/airflow/example_dags/example_short_circuit_operator.py
[2023-10-01T02:36:22.102-0400] {logging_mixin.py:151} INFO - [2023-10-01T02:36:22.102-0400] {dag.py:2915} INFO - Sync 1 DAGs
[2023-10-01T02:36:22.116-0400] {logging_mixin.py:151} INFO - [2023-10-01T02:36:22.115-0400] {dag.py:3696} INFO - Setting next_dagrun for example_short_circuit_operator to 2023-09-30T06:36:22.115705+00:00, run_after=2023-10-01T06:36:22.115705+00:00
[2023-10-01T02:36:22.267-0400] {processor.py:179} INFO - Processing /home/erosennnin/anaconda3/envs/coursera/lib/python3.11/site-packages/airflow/example_dags/example_short_circuit_operator.py took 0.185 seconds
[2023-10-01T02:37:28.919-0400] {processor.py:157} INFO - Started process (PID=18361) to work on /home/erosennnin/anaconda3/envs/coursera/lib/python3.11/site-packages/airflow/example_dags/example_short_circuit_operator.py
[2023-10-01T02:37:28.942-0400] {processor.py:829} INFO - Processing file /home/erosennnin/anaconda3/envs/coursera/lib/python3.11/site-packages/airflow/example_dags/example_short_circuit_operator.py for tasks to queue
[2023-10-01T02:37:28.943-0400] {logging_mixin.py:151} INFO - [2023-10-01T02:37:28.942-0400] {dagbag.py:539} INFO - Filling up the DagBag from /home/erosennnin/anaconda3/envs/coursera/lib/python3.11/site-packages/airflow/example_dags/example_short_circuit_operator.py
[2023-10-01T02:37:28.957-0400] {processor.py:839} INFO - DAG(s) dict_keys(['example_short_circuit_operator']) retrieved from /home/erosennnin/anaconda3/envs/coursera/lib/python3.11/site-packages/airflow/example_dags/example_short_circuit_operator.py
[2023-10-01T02:37:28.988-0400] {logging_mixin.py:151} INFO - [2023-10-01T02:37:28.988-0400] {dag.py:2915} INFO - Sync 1 DAGs
[2023-10-01T02:37:29.010-0400] {logging_mixin.py:151} INFO - [2023-10-01T02:37:29.010-0400] {dag.py:3696} INFO - Setting next_dagrun for example_short_circuit_operator to 2023-09-30T06:37:29.010279+00:00, run_after=2023-10-01T06:37:29.010279+00:00
[2023-10-01T02:37:29.208-0400] {processor.py:179} INFO - Processing /home/erosennnin/anaconda3/envs/coursera/lib/python3.11/site-packages/airflow/example_dags/example_short_circuit_operator.py took 0.293 seconds
[2023-10-01T02:38:28.406-0400] {processor.py:157} INFO - Started process (PID=18437) to work on /home/erosennnin/anaconda3/envs/coursera/lib/python3.11/site-packages/airflow/example_dags/example_short_circuit_operator.py
[2023-10-01T02:38:28.407-0400] {processor.py:829} INFO - Processing file /home/erosennnin/anaconda3/envs/coursera/lib/python3.11/site-packages/airflow/example_dags/example_short_circuit_operator.py for tasks to queue
[2023-10-01T02:38:28.408-0400] {logging_mixin.py:151} INFO - [2023-10-01T02:38:28.408-0400] {dagbag.py:539} INFO - Filling up the DagBag from /home/erosennnin/anaconda3/envs/coursera/lib/python3.11/site-packages/airflow/example_dags/example_short_circuit_operator.py
[2023-10-01T02:38:28.421-0400] {processor.py:839} INFO - DAG(s) dict_keys(['example_short_circuit_operator']) retrieved from /home/erosennnin/anaconda3/envs/coursera/lib/python3.11/site-packages/airflow/example_dags/example_short_circuit_operator.py
[2023-10-01T02:38:28.449-0400] {logging_mixin.py:151} INFO - [2023-10-01T02:38:28.449-0400] {dag.py:2915} INFO - Sync 1 DAGs
[2023-10-01T02:38:28.462-0400] {logging_mixin.py:151} INFO - [2023-10-01T02:38:28.462-0400] {dag.py:3696} INFO - Setting next_dagrun for example_short_circuit_operator to 2023-09-30T06:38:28.462607+00:00, run_after=2023-10-01T06:38:28.462607+00:00
[2023-10-01T02:38:28.674-0400] {processor.py:179} INFO - Processing /home/erosennnin/anaconda3/envs/coursera/lib/python3.11/site-packages/airflow/example_dags/example_short_circuit_operator.py took 0.272 seconds
[2023-10-01T02:39:27.870-0400] {processor.py:157} INFO - Started process (PID=18658) to work on /home/erosennnin/anaconda3/envs/coursera/lib/python3.11/site-packages/airflow/example_dags/example_short_circuit_operator.py
[2023-10-01T02:39:27.871-0400] {processor.py:829} INFO - Processing file /home/erosennnin/anaconda3/envs/coursera/lib/python3.11/site-packages/airflow/example_dags/example_short_circuit_operator.py for tasks to queue
[2023-10-01T02:39:27.872-0400] {logging_mixin.py:151} INFO - [2023-10-01T02:39:27.872-0400] {dagbag.py:539} INFO - Filling up the DagBag from /home/erosennnin/anaconda3/envs/coursera/lib/python3.11/site-packages/airflow/example_dags/example_short_circuit_operator.py
[2023-10-01T02:39:27.885-0400] {processor.py:839} INFO - DAG(s) dict_keys(['example_short_circuit_operator']) retrieved from /home/erosennnin/anaconda3/envs/coursera/lib/python3.11/site-packages/airflow/example_dags/example_short_circuit_operator.py
[2023-10-01T02:39:27.912-0400] {logging_mixin.py:151} INFO - [2023-10-01T02:39:27.912-0400] {dag.py:2915} INFO - Sync 1 DAGs
[2023-10-01T02:39:27.926-0400] {logging_mixin.py:151} INFO - [2023-10-01T02:39:27.926-0400] {dag.py:3696} INFO - Setting next_dagrun for example_short_circuit_operator to 2023-09-30T06:39:27.926347+00:00, run_after=2023-10-01T06:39:27.926347+00:00
[2023-10-01T02:39:28.104-0400] {processor.py:179} INFO - Processing /home/erosennnin/anaconda3/envs/coursera/lib/python3.11/site-packages/airflow/example_dags/example_short_circuit_operator.py took 0.238 seconds
[2023-10-01T02:40:32.271-0400] {processor.py:157} INFO - Started process (PID=18801) to work on /home/erosennnin/anaconda3/envs/coursera/lib/python3.11/site-packages/airflow/example_dags/example_short_circuit_operator.py
[2023-10-01T02:40:32.272-0400] {processor.py:829} INFO - Processing file /home/erosennnin/anaconda3/envs/coursera/lib/python3.11/site-packages/airflow/example_dags/example_short_circuit_operator.py for tasks to queue
[2023-10-01T02:40:32.273-0400] {logging_mixin.py:151} INFO - [2023-10-01T02:40:32.273-0400] {dagbag.py:539} INFO - Filling up the DagBag from /home/erosennnin/anaconda3/envs/coursera/lib/python3.11/site-packages/airflow/example_dags/example_short_circuit_operator.py
[2023-10-01T02:40:32.286-0400] {processor.py:839} INFO - DAG(s) dict_keys(['example_short_circuit_operator']) retrieved from /home/erosennnin/anaconda3/envs/coursera/lib/python3.11/site-packages/airflow/example_dags/example_short_circuit_operator.py
[2023-10-01T02:40:32.313-0400] {logging_mixin.py:151} INFO - [2023-10-01T02:40:32.313-0400] {dag.py:2915} INFO - Sync 1 DAGs
[2023-10-01T02:40:32.326-0400] {logging_mixin.py:151} INFO - [2023-10-01T02:40:32.326-0400] {dag.py:3696} INFO - Setting next_dagrun for example_short_circuit_operator to 2023-09-30T06:40:32.326317+00:00, run_after=2023-10-01T06:40:32.326317+00:00
[2023-10-01T02:40:32.430-0400] {processor.py:179} INFO - Processing /home/erosennnin/anaconda3/envs/coursera/lib/python3.11/site-packages/airflow/example_dags/example_short_circuit_operator.py took 0.163 seconds
[2023-10-01T02:41:31.258-0400] {processor.py:157} INFO - Started process (PID=18881) to work on /home/erosennnin/anaconda3/envs/coursera/lib/python3.11/site-packages/airflow/example_dags/example_short_circuit_operator.py
[2023-10-01T02:41:31.259-0400] {processor.py:829} INFO - Processing file /home/erosennnin/anaconda3/envs/coursera/lib/python3.11/site-packages/airflow/example_dags/example_short_circuit_operator.py for tasks to queue
[2023-10-01T02:41:31.259-0400] {logging_mixin.py:151} INFO - [2023-10-01T02:41:31.259-0400] {dagbag.py:539} INFO - Filling up the DagBag from /home/erosennnin/anaconda3/envs/coursera/lib/python3.11/site-packages/airflow/example_dags/example_short_circuit_operator.py
[2023-10-01T02:41:31.271-0400] {processor.py:839} INFO - DAG(s) dict_keys(['example_short_circuit_operator']) retrieved from /home/erosennnin/anaconda3/envs/coursera/lib/python3.11/site-packages/airflow/example_dags/example_short_circuit_operator.py
[2023-10-01T02:41:31.299-0400] {logging_mixin.py:151} INFO - [2023-10-01T02:41:31.299-0400] {dag.py:2915} INFO - Sync 1 DAGs
[2023-10-01T02:41:31.316-0400] {logging_mixin.py:151} INFO - [2023-10-01T02:41:31.316-0400] {dag.py:3696} INFO - Setting next_dagrun for example_short_circuit_operator to 2023-09-30T06:41:31.315928+00:00, run_after=2023-10-01T06:41:31.315928+00:00
[2023-10-01T02:41:31.442-0400] {processor.py:179} INFO - Processing /home/erosennnin/anaconda3/envs/coursera/lib/python3.11/site-packages/airflow/example_dags/example_short_circuit_operator.py took 0.186 seconds
