[2023-10-01T02:34:58.282-0400] {processor.py:157} INFO - Started process (PID=17574) to work on /home/erosennnin/anaconda3/envs/coursera/lib/python3.11/site-packages/airflow/example_dags/example_branch_labels.py
[2023-10-01T02:34:58.283-0400] {processor.py:829} INFO - Processing file /home/erosennnin/anaconda3/envs/coursera/lib/python3.11/site-packages/airflow/example_dags/example_branch_labels.py for tasks to queue
[2023-10-01T02:34:58.284-0400] {logging_mixin.py:151} INFO - [2023-10-01T02:34:58.283-0400] {dagbag.py:539} INFO - Filling up the DagBag from /home/erosennnin/anaconda3/envs/coursera/lib/python3.11/site-packages/airflow/example_dags/example_branch_labels.py
[2023-10-01T02:34:58.296-0400] {processor.py:839} INFO - DAG(s) dict_keys(['example_branch_labels']) retrieved from /home/erosennnin/anaconda3/envs/coursera/lib/python3.11/site-packages/airflow/example_dags/example_branch_labels.py
[2023-10-01T02:34:58.311-0400] {logging_mixin.py:151} INFO - [2023-10-01T02:34:58.310-0400] {dag.py:2915} INFO - Sync 1 DAGs
[2023-10-01T02:34:58.325-0400] {logging_mixin.py:151} INFO - [2023-10-01T02:34:58.325-0400] {dag.py:3696} INFO - Setting next_dagrun for example_branch_labels to 2023-09-30T00:00:00+00:00, run_after=2023-10-01T00:00:00+00:00
[2023-10-01T02:34:58.770-0400] {processor.py:179} INFO - Processing /home/erosennnin/anaconda3/envs/coursera/lib/python3.11/site-packages/airflow/example_dags/example_branch_labels.py took 0.492 seconds
[2023-10-01T02:37:15.366-0400] {processor.py:157} INFO - Started process (PID=18347) to work on /home/erosennnin/anaconda3/envs/coursera/lib/python3.11/site-packages/airflow/example_dags/example_branch_labels.py
[2023-10-01T02:37:15.386-0400] {processor.py:829} INFO - Processing file /home/erosennnin/anaconda3/envs/coursera/lib/python3.11/site-packages/airflow/example_dags/example_branch_labels.py for tasks to queue
[2023-10-01T02:37:15.387-0400] {logging_mixin.py:151} INFO - [2023-10-01T02:37:15.386-0400] {dagbag.py:539} INFO - Filling up the DagBag from /home/erosennnin/anaconda3/envs/coursera/lib/python3.11/site-packages/airflow/example_dags/example_branch_labels.py
[2023-10-01T02:37:15.400-0400] {processor.py:839} INFO - DAG(s) dict_keys(['example_branch_labels']) retrieved from /home/erosennnin/anaconda3/envs/coursera/lib/python3.11/site-packages/airflow/example_dags/example_branch_labels.py
[2023-10-01T02:37:15.427-0400] {logging_mixin.py:151} INFO - [2023-10-01T02:37:15.426-0400] {dag.py:2915} INFO - Sync 1 DAGs
[2023-10-01T02:37:15.453-0400] {logging_mixin.py:151} INFO - [2023-10-01T02:37:15.453-0400] {dag.py:3696} INFO - Setting next_dagrun for example_branch_labels to 2023-09-30T00:00:00+00:00, run_after=2023-10-01T00:00:00+00:00
[2023-10-01T02:37:15.578-0400] {processor.py:179} INFO - Processing /home/erosennnin/anaconda3/envs/coursera/lib/python3.11/site-packages/airflow/example_dags/example_branch_labels.py took 0.216 seconds
[2023-10-01T02:38:17.817-0400] {processor.py:157} INFO - Started process (PID=18425) to work on /home/erosennnin/anaconda3/envs/coursera/lib/python3.11/site-packages/airflow/example_dags/example_branch_labels.py
[2023-10-01T02:38:17.901-0400] {processor.py:829} INFO - Processing file /home/erosennnin/anaconda3/envs/coursera/lib/python3.11/site-packages/airflow/example_dags/example_branch_labels.py for tasks to queue
[2023-10-01T02:38:17.903-0400] {logging_mixin.py:151} INFO - [2023-10-01T02:38:17.902-0400] {dagbag.py:539} INFO - Filling up the DagBag from /home/erosennnin/anaconda3/envs/coursera/lib/python3.11/site-packages/airflow/example_dags/example_branch_labels.py
[2023-10-01T02:38:17.914-0400] {processor.py:839} INFO - DAG(s) dict_keys(['example_branch_labels']) retrieved from /home/erosennnin/anaconda3/envs/coursera/lib/python3.11/site-packages/airflow/example_dags/example_branch_labels.py
[2023-10-01T02:38:17.941-0400] {logging_mixin.py:151} INFO - [2023-10-01T02:38:17.940-0400] {dag.py:2915} INFO - Sync 1 DAGs
[2023-10-01T02:38:17.976-0400] {logging_mixin.py:151} INFO - [2023-10-01T02:38:17.975-0400] {dag.py:3696} INFO - Setting next_dagrun for example_branch_labels to 2023-09-30T00:00:00+00:00, run_after=2023-10-01T00:00:00+00:00
[2023-10-01T02:38:18.094-0400] {processor.py:179} INFO - Processing /home/erosennnin/anaconda3/envs/coursera/lib/python3.11/site-packages/airflow/example_dags/example_branch_labels.py took 0.281 seconds
[2023-10-01T02:39:16.148-0400] {processor.py:157} INFO - Started process (PID=18640) to work on /home/erosennnin/anaconda3/envs/coursera/lib/python3.11/site-packages/airflow/example_dags/example_branch_labels.py
[2023-10-01T02:39:16.149-0400] {processor.py:829} INFO - Processing file /home/erosennnin/anaconda3/envs/coursera/lib/python3.11/site-packages/airflow/example_dags/example_branch_labels.py for tasks to queue
[2023-10-01T02:39:16.150-0400] {logging_mixin.py:151} INFO - [2023-10-01T02:39:16.150-0400] {dagbag.py:539} INFO - Filling up the DagBag from /home/erosennnin/anaconda3/envs/coursera/lib/python3.11/site-packages/airflow/example_dags/example_branch_labels.py
[2023-10-01T02:39:16.162-0400] {processor.py:839} INFO - DAG(s) dict_keys(['example_branch_labels']) retrieved from /home/erosennnin/anaconda3/envs/coursera/lib/python3.11/site-packages/airflow/example_dags/example_branch_labels.py
[2023-10-01T02:39:16.188-0400] {logging_mixin.py:151} INFO - [2023-10-01T02:39:16.188-0400] {dag.py:2915} INFO - Sync 1 DAGs
[2023-10-01T02:39:16.203-0400] {logging_mixin.py:151} INFO - [2023-10-01T02:39:16.203-0400] {dag.py:3696} INFO - Setting next_dagrun for example_branch_labels to 2023-09-30T00:00:00+00:00, run_after=2023-10-01T00:00:00+00:00
[2023-10-01T02:39:16.366-0400] {processor.py:179} INFO - Processing /home/erosennnin/anaconda3/envs/coursera/lib/python3.11/site-packages/airflow/example_dags/example_branch_labels.py took 0.222 seconds
[2023-10-01T02:40:20.128-0400] {processor.py:157} INFO - Started process (PID=18754) to work on /home/erosennnin/anaconda3/envs/coursera/lib/python3.11/site-packages/airflow/example_dags/example_branch_labels.py
[2023-10-01T02:40:20.155-0400] {processor.py:829} INFO - Processing file /home/erosennnin/anaconda3/envs/coursera/lib/python3.11/site-packages/airflow/example_dags/example_branch_labels.py for tasks to queue
[2023-10-01T02:40:20.157-0400] {logging_mixin.py:151} INFO - [2023-10-01T02:40:20.156-0400] {dagbag.py:539} INFO - Filling up the DagBag from /home/erosennnin/anaconda3/envs/coursera/lib/python3.11/site-packages/airflow/example_dags/example_branch_labels.py
[2023-10-01T02:40:20.169-0400] {processor.py:839} INFO - DAG(s) dict_keys(['example_branch_labels']) retrieved from /home/erosennnin/anaconda3/envs/coursera/lib/python3.11/site-packages/airflow/example_dags/example_branch_labels.py
[2023-10-01T02:40:20.197-0400] {logging_mixin.py:151} INFO - [2023-10-01T02:40:20.196-0400] {dag.py:2915} INFO - Sync 1 DAGs
[2023-10-01T02:40:20.223-0400] {logging_mixin.py:151} INFO - [2023-10-01T02:40:20.223-0400] {dag.py:3696} INFO - Setting next_dagrun for example_branch_labels to 2023-09-30T00:00:00+00:00, run_after=2023-10-01T00:00:00+00:00
[2023-10-01T02:40:20.377-0400] {processor.py:179} INFO - Processing /home/erosennnin/anaconda3/envs/coursera/lib/python3.11/site-packages/airflow/example_dags/example_branch_labels.py took 0.253 seconds
[2023-10-01T02:41:19.789-0400] {processor.py:157} INFO - Started process (PID=18869) to work on /home/erosennnin/anaconda3/envs/coursera/lib/python3.11/site-packages/airflow/example_dags/example_branch_labels.py
[2023-10-01T02:41:19.790-0400] {processor.py:829} INFO - Processing file /home/erosennnin/anaconda3/envs/coursera/lib/python3.11/site-packages/airflow/example_dags/example_branch_labels.py for tasks to queue
[2023-10-01T02:41:19.791-0400] {logging_mixin.py:151} INFO - [2023-10-01T02:41:19.790-0400] {dagbag.py:539} INFO - Filling up the DagBag from /home/erosennnin/anaconda3/envs/coursera/lib/python3.11/site-packages/airflow/example_dags/example_branch_labels.py
[2023-10-01T02:41:19.803-0400] {processor.py:839} INFO - DAG(s) dict_keys(['example_branch_labels']) retrieved from /home/erosennnin/anaconda3/envs/coursera/lib/python3.11/site-packages/airflow/example_dags/example_branch_labels.py
[2023-10-01T02:41:19.831-0400] {logging_mixin.py:151} INFO - [2023-10-01T02:41:19.831-0400] {dag.py:2915} INFO - Sync 1 DAGs
[2023-10-01T02:41:19.847-0400] {logging_mixin.py:151} INFO - [2023-10-01T02:41:19.846-0400] {dag.py:3696} INFO - Setting next_dagrun for example_branch_labels to 2023-09-30T00:00:00+00:00, run_after=2023-10-01T00:00:00+00:00
[2023-10-01T02:41:19.960-0400] {processor.py:179} INFO - Processing /home/erosennnin/anaconda3/envs/coursera/lib/python3.11/site-packages/airflow/example_dags/example_branch_labels.py took 0.176 seconds
