[2023-10-01T02:36:36.494-0400] {processor.py:157} INFO - Started process (PID=18293) to work on /home/erosennnin/anaconda3/envs/coursera/lib/python3.11/site-packages/airflow/example_dags/example_branch_datetime_operator.py
[2023-10-01T02:36:36.495-0400] {processor.py:829} INFO - Processing file /home/erosennnin/anaconda3/envs/coursera/lib/python3.11/site-packages/airflow/example_dags/example_branch_datetime_operator.py for tasks to queue
[2023-10-01T02:36:36.496-0400] {logging_mixin.py:151} INFO - [2023-10-01T02:36:36.495-0400] {dagbag.py:539} INFO - Filling up the DagBag from /home/erosennnin/anaconda3/envs/coursera/lib/python3.11/site-packages/airflow/example_dags/example_branch_datetime_operator.py
[2023-10-01T02:36:36.508-0400] {processor.py:839} INFO - DAG(s) dict_keys(['example_branch_datetime_operator', 'example_branch_datetime_operator_3', 'example_branch_datetime_operator_2']) retrieved from /home/erosennnin/anaconda3/envs/coursera/lib/python3.11/site-packages/airflow/example_dags/example_branch_datetime_operator.py
[2023-10-01T02:36:36.523-0400] {logging_mixin.py:151} INFO - [2023-10-01T02:36:36.523-0400] {dag.py:2915} INFO - Sync 3 DAGs
[2023-10-01T02:36:36.545-0400] {logging_mixin.py:151} INFO - [2023-10-01T02:36:36.545-0400] {dag.py:3696} INFO - Setting next_dagrun for example_branch_datetime_operator to 2023-09-30T00:00:00+00:00, run_after=2023-10-01T00:00:00+00:00
[2023-10-01T02:36:36.549-0400] {logging_mixin.py:151} INFO - [2023-10-01T02:36:36.548-0400] {dag.py:3696} INFO - Setting next_dagrun for example_branch_datetime_operator_2 to 2023-09-30T00:00:00+00:00, run_after=2023-10-01T00:00:00+00:00
[2023-10-01T02:36:36.550-0400] {logging_mixin.py:151} INFO - [2023-10-01T02:36:36.550-0400] {dag.py:3696} INFO - Setting next_dagrun for example_branch_datetime_operator_3 to 2023-09-30T00:00:00+00:00, run_after=2023-10-01T00:00:00+00:00
[2023-10-01T02:36:36.710-0400] {processor.py:179} INFO - Processing /home/erosennnin/anaconda3/envs/coursera/lib/python3.11/site-packages/airflow/example_dags/example_branch_datetime_operator.py took 0.220 seconds
[2023-10-01T02:37:41.995-0400] {processor.py:157} INFO - Started process (PID=18376) to work on /home/erosennnin/anaconda3/envs/coursera/lib/python3.11/site-packages/airflow/example_dags/example_branch_datetime_operator.py
[2023-10-01T02:37:42.011-0400] {processor.py:829} INFO - Processing file /home/erosennnin/anaconda3/envs/coursera/lib/python3.11/site-packages/airflow/example_dags/example_branch_datetime_operator.py for tasks to queue
[2023-10-01T02:37:42.012-0400] {logging_mixin.py:151} INFO - [2023-10-01T02:37:42.011-0400] {dagbag.py:539} INFO - Filling up the DagBag from /home/erosennnin/anaconda3/envs/coursera/lib/python3.11/site-packages/airflow/example_dags/example_branch_datetime_operator.py
[2023-10-01T02:37:42.029-0400] {processor.py:839} INFO - DAG(s) dict_keys(['example_branch_datetime_operator', 'example_branch_datetime_operator_2', 'example_branch_datetime_operator_3']) retrieved from /home/erosennnin/anaconda3/envs/coursera/lib/python3.11/site-packages/airflow/example_dags/example_branch_datetime_operator.py
[2023-10-01T02:37:42.051-0400] {logging_mixin.py:151} INFO - [2023-10-01T02:37:42.051-0400] {dag.py:2915} INFO - Sync 3 DAGs
[2023-10-01T02:37:42.073-0400] {logging_mixin.py:151} INFO - [2023-10-01T02:37:42.073-0400] {dag.py:3696} INFO - Setting next_dagrun for example_branch_datetime_operator to 2023-09-30T00:00:00+00:00, run_after=2023-10-01T00:00:00+00:00
[2023-10-01T02:37:42.076-0400] {logging_mixin.py:151} INFO - [2023-10-01T02:37:42.076-0400] {dag.py:3696} INFO - Setting next_dagrun for example_branch_datetime_operator_2 to 2023-09-30T00:00:00+00:00, run_after=2023-10-01T00:00:00+00:00
[2023-10-01T02:37:42.078-0400] {logging_mixin.py:151} INFO - [2023-10-01T02:37:42.078-0400] {dag.py:3696} INFO - Setting next_dagrun for example_branch_datetime_operator_3 to 2023-09-30T00:00:00+00:00, run_after=2023-10-01T00:00:00+00:00
[2023-10-01T02:37:42.301-0400] {processor.py:179} INFO - Processing /home/erosennnin/anaconda3/envs/coursera/lib/python3.11/site-packages/airflow/example_dags/example_branch_datetime_operator.py took 0.311 seconds
[2023-10-01T02:38:42.027-0400] {processor.py:157} INFO - Started process (PID=18452) to work on /home/erosennnin/anaconda3/envs/coursera/lib/python3.11/site-packages/airflow/example_dags/example_branch_datetime_operator.py
[2023-10-01T02:38:42.028-0400] {processor.py:829} INFO - Processing file /home/erosennnin/anaconda3/envs/coursera/lib/python3.11/site-packages/airflow/example_dags/example_branch_datetime_operator.py for tasks to queue
[2023-10-01T02:38:42.028-0400] {logging_mixin.py:151} INFO - [2023-10-01T02:38:42.028-0400] {dagbag.py:539} INFO - Filling up the DagBag from /home/erosennnin/anaconda3/envs/coursera/lib/python3.11/site-packages/airflow/example_dags/example_branch_datetime_operator.py
[2023-10-01T02:38:42.041-0400] {processor.py:839} INFO - DAG(s) dict_keys(['example_branch_datetime_operator_2', 'example_branch_datetime_operator_3', 'example_branch_datetime_operator']) retrieved from /home/erosennnin/anaconda3/envs/coursera/lib/python3.11/site-packages/airflow/example_dags/example_branch_datetime_operator.py
[2023-10-01T02:38:42.060-0400] {logging_mixin.py:151} INFO - [2023-10-01T02:38:42.060-0400] {dag.py:2915} INFO - Sync 3 DAGs
[2023-10-01T02:38:42.074-0400] {logging_mixin.py:151} INFO - [2023-10-01T02:38:42.074-0400] {dag.py:3696} INFO - Setting next_dagrun for example_branch_datetime_operator to 2023-09-30T00:00:00+00:00, run_after=2023-10-01T00:00:00+00:00
[2023-10-01T02:38:42.077-0400] {logging_mixin.py:151} INFO - [2023-10-01T02:38:42.077-0400] {dag.py:3696} INFO - Setting next_dagrun for example_branch_datetime_operator_2 to 2023-09-30T00:00:00+00:00, run_after=2023-10-01T00:00:00+00:00
[2023-10-01T02:38:42.079-0400] {logging_mixin.py:151} INFO - [2023-10-01T02:38:42.079-0400] {dag.py:3696} INFO - Setting next_dagrun for example_branch_datetime_operator_3 to 2023-09-30T00:00:00+00:00, run_after=2023-10-01T00:00:00+00:00
[2023-10-01T02:38:42.260-0400] {processor.py:179} INFO - Processing /home/erosennnin/anaconda3/envs/coursera/lib/python3.11/site-packages/airflow/example_dags/example_branch_datetime_operator.py took 0.236 seconds
[2023-10-01T02:39:42.631-0400] {processor.py:157} INFO - Started process (PID=18684) to work on /home/erosennnin/anaconda3/envs/coursera/lib/python3.11/site-packages/airflow/example_dags/example_branch_datetime_operator.py
[2023-10-01T02:39:42.653-0400] {processor.py:829} INFO - Processing file /home/erosennnin/anaconda3/envs/coursera/lib/python3.11/site-packages/airflow/example_dags/example_branch_datetime_operator.py for tasks to queue
[2023-10-01T02:39:42.654-0400] {logging_mixin.py:151} INFO - [2023-10-01T02:39:42.653-0400] {dagbag.py:539} INFO - Filling up the DagBag from /home/erosennnin/anaconda3/envs/coursera/lib/python3.11/site-packages/airflow/example_dags/example_branch_datetime_operator.py
[2023-10-01T02:39:42.670-0400] {processor.py:839} INFO - DAG(s) dict_keys(['example_branch_datetime_operator', 'example_branch_datetime_operator_3', 'example_branch_datetime_operator_2']) retrieved from /home/erosennnin/anaconda3/envs/coursera/lib/python3.11/site-packages/airflow/example_dags/example_branch_datetime_operator.py
[2023-10-01T02:39:42.685-0400] {logging_mixin.py:151} INFO - [2023-10-01T02:39:42.685-0400] {dag.py:2915} INFO - Sync 3 DAGs
[2023-10-01T02:39:42.699-0400] {logging_mixin.py:151} INFO - [2023-10-01T02:39:42.699-0400] {dag.py:3696} INFO - Setting next_dagrun for example_branch_datetime_operator to 2023-09-30T00:00:00+00:00, run_after=2023-10-01T00:00:00+00:00
[2023-10-01T02:39:42.702-0400] {logging_mixin.py:151} INFO - [2023-10-01T02:39:42.702-0400] {dag.py:3696} INFO - Setting next_dagrun for example_branch_datetime_operator_2 to 2023-09-30T00:00:00+00:00, run_after=2023-10-01T00:00:00+00:00
[2023-10-01T02:39:42.704-0400] {logging_mixin.py:151} INFO - [2023-10-01T02:39:42.704-0400] {dag.py:3696} INFO - Setting next_dagrun for example_branch_datetime_operator_3 to 2023-09-30T00:00:00+00:00, run_after=2023-10-01T00:00:00+00:00
[2023-10-01T02:39:42.815-0400] {processor.py:179} INFO - Processing /home/erosennnin/anaconda3/envs/coursera/lib/python3.11/site-packages/airflow/example_dags/example_branch_datetime_operator.py took 0.187 seconds
[2023-10-01T02:40:45.508-0400] {processor.py:157} INFO - Started process (PID=18815) to work on /home/erosennnin/anaconda3/envs/coursera/lib/python3.11/site-packages/airflow/example_dags/example_branch_datetime_operator.py
[2023-10-01T02:40:45.587-0400] {processor.py:829} INFO - Processing file /home/erosennnin/anaconda3/envs/coursera/lib/python3.11/site-packages/airflow/example_dags/example_branch_datetime_operator.py for tasks to queue
[2023-10-01T02:40:45.588-0400] {logging_mixin.py:151} INFO - [2023-10-01T02:40:45.588-0400] {dagbag.py:539} INFO - Filling up the DagBag from /home/erosennnin/anaconda3/envs/coursera/lib/python3.11/site-packages/airflow/example_dags/example_branch_datetime_operator.py
[2023-10-01T02:40:45.604-0400] {processor.py:839} INFO - DAG(s) dict_keys(['example_branch_datetime_operator_3', 'example_branch_datetime_operator', 'example_branch_datetime_operator_2']) retrieved from /home/erosennnin/anaconda3/envs/coursera/lib/python3.11/site-packages/airflow/example_dags/example_branch_datetime_operator.py
[2023-10-01T02:40:45.639-0400] {logging_mixin.py:151} INFO - [2023-10-01T02:40:45.638-0400] {dag.py:2915} INFO - Sync 3 DAGs
[2023-10-01T02:40:45.658-0400] {logging_mixin.py:151} INFO - [2023-10-01T02:40:45.658-0400] {dag.py:3696} INFO - Setting next_dagrun for example_branch_datetime_operator to 2023-09-30T00:00:00+00:00, run_after=2023-10-01T00:00:00+00:00
[2023-10-01T02:40:45.661-0400] {logging_mixin.py:151} INFO - [2023-10-01T02:40:45.661-0400] {dag.py:3696} INFO - Setting next_dagrun for example_branch_datetime_operator_2 to 2023-09-30T00:00:00+00:00, run_after=2023-10-01T00:00:00+00:00
[2023-10-01T02:40:45.663-0400] {logging_mixin.py:151} INFO - [2023-10-01T02:40:45.663-0400] {dag.py:3696} INFO - Setting next_dagrun for example_branch_datetime_operator_3 to 2023-09-30T00:00:00+00:00, run_after=2023-10-01T00:00:00+00:00
[2023-10-01T02:40:45.756-0400] {processor.py:179} INFO - Processing /home/erosennnin/anaconda3/envs/coursera/lib/python3.11/site-packages/airflow/example_dags/example_branch_datetime_operator.py took 0.252 seconds
[2023-10-01T02:41:45.745-0400] {processor.py:157} INFO - Started process (PID=18902) to work on /home/erosennnin/anaconda3/envs/coursera/lib/python3.11/site-packages/airflow/example_dags/example_branch_datetime_operator.py
[2023-10-01T02:41:45.830-0400] {processor.py:829} INFO - Processing file /home/erosennnin/anaconda3/envs/coursera/lib/python3.11/site-packages/airflow/example_dags/example_branch_datetime_operator.py for tasks to queue
[2023-10-01T02:41:45.831-0400] {logging_mixin.py:151} INFO - [2023-10-01T02:41:45.831-0400] {dagbag.py:539} INFO - Filling up the DagBag from /home/erosennnin/anaconda3/envs/coursera/lib/python3.11/site-packages/airflow/example_dags/example_branch_datetime_operator.py
[2023-10-01T02:41:45.845-0400] {processor.py:839} INFO - DAG(s) dict_keys(['example_branch_datetime_operator_3', 'example_branch_datetime_operator_2', 'example_branch_datetime_operator']) retrieved from /home/erosennnin/anaconda3/envs/coursera/lib/python3.11/site-packages/airflow/example_dags/example_branch_datetime_operator.py
[2023-10-01T02:41:45.882-0400] {logging_mixin.py:151} INFO - [2023-10-01T02:41:45.882-0400] {dag.py:2915} INFO - Sync 3 DAGs
[2023-10-01T02:41:45.912-0400] {logging_mixin.py:151} INFO - [2023-10-01T02:41:45.912-0400] {dag.py:3696} INFO - Setting next_dagrun for example_branch_datetime_operator to 2023-09-30T00:00:00+00:00, run_after=2023-10-01T00:00:00+00:00
[2023-10-01T02:41:45.915-0400] {logging_mixin.py:151} INFO - [2023-10-01T02:41:45.915-0400] {dag.py:3696} INFO - Setting next_dagrun for example_branch_datetime_operator_2 to 2023-09-30T00:00:00+00:00, run_after=2023-10-01T00:00:00+00:00
[2023-10-01T02:41:45.917-0400] {logging_mixin.py:151} INFO - [2023-10-01T02:41:45.917-0400] {dag.py:3696} INFO - Setting next_dagrun for example_branch_datetime_operator_3 to 2023-09-30T00:00:00+00:00, run_after=2023-10-01T00:00:00+00:00
[2023-10-01T02:41:46.031-0400] {processor.py:179} INFO - Processing /home/erosennnin/anaconda3/envs/coursera/lib/python3.11/site-packages/airflow/example_dags/example_branch_datetime_operator.py took 0.289 seconds
