[2023-10-01T02:36:09.020-0400] {processor.py:157} INFO - Started process (PID=18263) to work on /home/erosennnin/anaconda3/envs/coursera/lib/python3.11/site-packages/airflow/example_dags/example_dynamic_task_mapping_with_no_taskflow_operators.py
[2023-10-01T02:36:09.020-0400] {processor.py:829} INFO - Processing file /home/erosennnin/anaconda3/envs/coursera/lib/python3.11/site-packages/airflow/example_dags/example_dynamic_task_mapping_with_no_taskflow_operators.py for tasks to queue
[2023-10-01T02:36:09.021-0400] {logging_mixin.py:151} INFO - [2023-10-01T02:36:09.021-0400] {dagbag.py:539} INFO - Filling up the DagBag from /home/erosennnin/anaconda3/envs/coursera/lib/python3.11/site-packages/airflow/example_dags/example_dynamic_task_mapping_with_no_taskflow_operators.py
[2023-10-01T02:36:09.027-0400] {processor.py:839} INFO - DAG(s) dict_keys(['example_dynamic_task_mapping_with_no_taskflow_operators']) retrieved from /home/erosennnin/anaconda3/envs/coursera/lib/python3.11/site-packages/airflow/example_dags/example_dynamic_task_mapping_with_no_taskflow_operators.py
[2023-10-01T02:36:09.039-0400] {logging_mixin.py:151} INFO - [2023-10-01T02:36:09.039-0400] {dag.py:2915} INFO - Sync 1 DAGs
[2023-10-01T02:36:09.054-0400] {logging_mixin.py:151} INFO - [2023-10-01T02:36:09.054-0400] {dag.py:3696} INFO - Setting next_dagrun for example_dynamic_task_mapping_with_no_taskflow_operators to 2023-09-30T06:36:09.054377+00:00, run_after=2023-10-01T06:36:09.054377+00:00
[2023-10-01T02:36:09.188-0400] {processor.py:179} INFO - Processing /home/erosennnin/anaconda3/envs/coursera/lib/python3.11/site-packages/airflow/example_dags/example_dynamic_task_mapping_with_no_taskflow_operators.py took 0.171 seconds
[2023-10-01T02:37:09.481-0400] {processor.py:157} INFO - Started process (PID=18342) to work on /home/erosennnin/anaconda3/envs/coursera/lib/python3.11/site-packages/airflow/example_dags/example_dynamic_task_mapping_with_no_taskflow_operators.py
[2023-10-01T02:37:09.504-0400] {processor.py:829} INFO - Processing file /home/erosennnin/anaconda3/envs/coursera/lib/python3.11/site-packages/airflow/example_dags/example_dynamic_task_mapping_with_no_taskflow_operators.py for tasks to queue
[2023-10-01T02:37:09.505-0400] {logging_mixin.py:151} INFO - [2023-10-01T02:37:09.505-0400] {dagbag.py:539} INFO - Filling up the DagBag from /home/erosennnin/anaconda3/envs/coursera/lib/python3.11/site-packages/airflow/example_dags/example_dynamic_task_mapping_with_no_taskflow_operators.py
[2023-10-01T02:37:09.515-0400] {processor.py:839} INFO - DAG(s) dict_keys(['example_dynamic_task_mapping_with_no_taskflow_operators']) retrieved from /home/erosennnin/anaconda3/envs/coursera/lib/python3.11/site-packages/airflow/example_dags/example_dynamic_task_mapping_with_no_taskflow_operators.py
[2023-10-01T02:37:09.537-0400] {logging_mixin.py:151} INFO - [2023-10-01T02:37:09.536-0400] {dag.py:2915} INFO - Sync 1 DAGs
[2023-10-01T02:37:09.567-0400] {logging_mixin.py:151} INFO - [2023-10-01T02:37:09.567-0400] {dag.py:3696} INFO - Setting next_dagrun for example_dynamic_task_mapping_with_no_taskflow_operators to 2023-09-30T06:37:09.567027+00:00, run_after=2023-10-01T06:37:09.567027+00:00
[2023-10-01T02:37:09.738-0400] {processor.py:179} INFO - Processing /home/erosennnin/anaconda3/envs/coursera/lib/python3.11/site-packages/airflow/example_dags/example_dynamic_task_mapping_with_no_taskflow_operators.py took 0.261 seconds
[2023-10-01T02:38:13.817-0400] {processor.py:157} INFO - Started process (PID=18420) to work on /home/erosennnin/anaconda3/envs/coursera/lib/python3.11/site-packages/airflow/example_dags/example_dynamic_task_mapping_with_no_taskflow_operators.py
[2023-10-01T02:38:13.818-0400] {processor.py:829} INFO - Processing file /home/erosennnin/anaconda3/envs/coursera/lib/python3.11/site-packages/airflow/example_dags/example_dynamic_task_mapping_with_no_taskflow_operators.py for tasks to queue
[2023-10-01T02:38:13.819-0400] {logging_mixin.py:151} INFO - [2023-10-01T02:38:13.819-0400] {dagbag.py:539} INFO - Filling up the DagBag from /home/erosennnin/anaconda3/envs/coursera/lib/python3.11/site-packages/airflow/example_dags/example_dynamic_task_mapping_with_no_taskflow_operators.py
[2023-10-01T02:38:13.829-0400] {processor.py:839} INFO - DAG(s) dict_keys(['example_dynamic_task_mapping_with_no_taskflow_operators']) retrieved from /home/erosennnin/anaconda3/envs/coursera/lib/python3.11/site-packages/airflow/example_dags/example_dynamic_task_mapping_with_no_taskflow_operators.py
[2023-10-01T02:38:13.851-0400] {logging_mixin.py:151} INFO - [2023-10-01T02:38:13.851-0400] {dag.py:2915} INFO - Sync 1 DAGs
[2023-10-01T02:38:13.866-0400] {logging_mixin.py:151} INFO - [2023-10-01T02:38:13.865-0400] {dag.py:3696} INFO - Setting next_dagrun for example_dynamic_task_mapping_with_no_taskflow_operators to 2023-09-30T06:38:13.865720+00:00, run_after=2023-10-01T06:38:13.865720+00:00
[2023-10-01T02:38:13.992-0400] {processor.py:179} INFO - Processing /home/erosennnin/anaconda3/envs/coursera/lib/python3.11/site-packages/airflow/example_dags/example_dynamic_task_mapping_with_no_taskflow_operators.py took 0.179 seconds
[2023-10-01T02:39:10.801-0400] {processor.py:157} INFO - Started process (PID=18496) to work on /home/erosennnin/anaconda3/envs/coursera/lib/python3.11/site-packages/airflow/example_dags/example_dynamic_task_mapping_with_no_taskflow_operators.py
[2023-10-01T02:39:10.802-0400] {processor.py:829} INFO - Processing file /home/erosennnin/anaconda3/envs/coursera/lib/python3.11/site-packages/airflow/example_dags/example_dynamic_task_mapping_with_no_taskflow_operators.py for tasks to queue
[2023-10-01T02:39:10.803-0400] {logging_mixin.py:151} INFO - [2023-10-01T02:39:10.802-0400] {dagbag.py:539} INFO - Filling up the DagBag from /home/erosennnin/anaconda3/envs/coursera/lib/python3.11/site-packages/airflow/example_dags/example_dynamic_task_mapping_with_no_taskflow_operators.py
[2023-10-01T02:39:10.813-0400] {processor.py:839} INFO - DAG(s) dict_keys(['example_dynamic_task_mapping_with_no_taskflow_operators']) retrieved from /home/erosennnin/anaconda3/envs/coursera/lib/python3.11/site-packages/airflow/example_dags/example_dynamic_task_mapping_with_no_taskflow_operators.py
[2023-10-01T02:39:10.835-0400] {logging_mixin.py:151} INFO - [2023-10-01T02:39:10.835-0400] {dag.py:2915} INFO - Sync 1 DAGs
[2023-10-01T02:39:10.854-0400] {logging_mixin.py:151} INFO - [2023-10-01T02:39:10.854-0400] {dag.py:3696} INFO - Setting next_dagrun for example_dynamic_task_mapping_with_no_taskflow_operators to 2023-09-30T06:39:10.854549+00:00, run_after=2023-10-01T06:39:10.854549+00:00
[2023-10-01T02:39:10.985-0400] {processor.py:179} INFO - Processing /home/erosennnin/anaconda3/envs/coursera/lib/python3.11/site-packages/airflow/example_dags/example_dynamic_task_mapping_with_no_taskflow_operators.py took 0.189 seconds
[2023-10-01T02:40:15.721-0400] {processor.py:157} INFO - Started process (PID=18748) to work on /home/erosennnin/anaconda3/envs/coursera/lib/python3.11/site-packages/airflow/example_dags/example_dynamic_task_mapping_with_no_taskflow_operators.py
[2023-10-01T02:40:15.722-0400] {processor.py:829} INFO - Processing file /home/erosennnin/anaconda3/envs/coursera/lib/python3.11/site-packages/airflow/example_dags/example_dynamic_task_mapping_with_no_taskflow_operators.py for tasks to queue
[2023-10-01T02:40:15.723-0400] {logging_mixin.py:151} INFO - [2023-10-01T02:40:15.722-0400] {dagbag.py:539} INFO - Filling up the DagBag from /home/erosennnin/anaconda3/envs/coursera/lib/python3.11/site-packages/airflow/example_dags/example_dynamic_task_mapping_with_no_taskflow_operators.py
[2023-10-01T02:40:15.734-0400] {processor.py:839} INFO - DAG(s) dict_keys(['example_dynamic_task_mapping_with_no_taskflow_operators']) retrieved from /home/erosennnin/anaconda3/envs/coursera/lib/python3.11/site-packages/airflow/example_dags/example_dynamic_task_mapping_with_no_taskflow_operators.py
[2023-10-01T02:40:15.757-0400] {logging_mixin.py:151} INFO - [2023-10-01T02:40:15.756-0400] {dag.py:2915} INFO - Sync 1 DAGs
[2023-10-01T02:40:15.772-0400] {logging_mixin.py:151} INFO - [2023-10-01T02:40:15.772-0400] {dag.py:3696} INFO - Setting next_dagrun for example_dynamic_task_mapping_with_no_taskflow_operators to 2023-09-30T06:40:15.772426+00:00, run_after=2023-10-01T06:40:15.772426+00:00
[2023-10-01T02:40:15.900-0400] {processor.py:179} INFO - Processing /home/erosennnin/anaconda3/envs/coursera/lib/python3.11/site-packages/airflow/example_dags/example_dynamic_task_mapping_with_no_taskflow_operators.py took 0.184 seconds
[2023-10-01T02:41:14.339-0400] {processor.py:157} INFO - Started process (PID=18857) to work on /home/erosennnin/anaconda3/envs/coursera/lib/python3.11/site-packages/airflow/example_dags/example_dynamic_task_mapping_with_no_taskflow_operators.py
[2023-10-01T02:41:14.364-0400] {processor.py:829} INFO - Processing file /home/erosennnin/anaconda3/envs/coursera/lib/python3.11/site-packages/airflow/example_dags/example_dynamic_task_mapping_with_no_taskflow_operators.py for tasks to queue
[2023-10-01T02:41:14.365-0400] {logging_mixin.py:151} INFO - [2023-10-01T02:41:14.365-0400] {dagbag.py:539} INFO - Filling up the DagBag from /home/erosennnin/anaconda3/envs/coursera/lib/python3.11/site-packages/airflow/example_dags/example_dynamic_task_mapping_with_no_taskflow_operators.py
[2023-10-01T02:41:14.376-0400] {processor.py:839} INFO - DAG(s) dict_keys(['example_dynamic_task_mapping_with_no_taskflow_operators']) retrieved from /home/erosennnin/anaconda3/envs/coursera/lib/python3.11/site-packages/airflow/example_dags/example_dynamic_task_mapping_with_no_taskflow_operators.py
[2023-10-01T02:41:14.398-0400] {logging_mixin.py:151} INFO - [2023-10-01T02:41:14.398-0400] {dag.py:2915} INFO - Sync 1 DAGs
[2023-10-01T02:41:14.425-0400] {logging_mixin.py:151} INFO - [2023-10-01T02:41:14.425-0400] {dag.py:3696} INFO - Setting next_dagrun for example_dynamic_task_mapping_with_no_taskflow_operators to 2023-09-30T06:41:14.425160+00:00, run_after=2023-10-01T06:41:14.425160+00:00
[2023-10-01T02:41:14.609-0400] {processor.py:179} INFO - Processing /home/erosennnin/anaconda3/envs/coursera/lib/python3.11/site-packages/airflow/example_dags/example_dynamic_task_mapping_with_no_taskflow_operators.py took 0.273 seconds
