[2023-10-01T02:36:41.930-0400] {processor.py:157} INFO - Started process (PID=18301) to work on /home/erosennnin/anaconda3/envs/coursera/lib/python3.11/site-packages/airflow/example_dags/example_latest_only_with_trigger.py
[2023-10-01T02:36:41.931-0400] {processor.py:829} INFO - Processing file /home/erosennnin/anaconda3/envs/coursera/lib/python3.11/site-packages/airflow/example_dags/example_latest_only_with_trigger.py for tasks to queue
[2023-10-01T02:36:41.932-0400] {logging_mixin.py:151} INFO - [2023-10-01T02:36:41.931-0400] {dagbag.py:539} INFO - Filling up the DagBag from /home/erosennnin/anaconda3/envs/coursera/lib/python3.11/site-packages/airflow/example_dags/example_latest_only_with_trigger.py
[2023-10-01T02:36:41.942-0400] {processor.py:839} INFO - DAG(s) dict_keys(['latest_only_with_trigger']) retrieved from /home/erosennnin/anaconda3/envs/coursera/lib/python3.11/site-packages/airflow/example_dags/example_latest_only_with_trigger.py
[2023-10-01T02:36:41.967-0400] {logging_mixin.py:151} INFO - [2023-10-01T02:36:41.966-0400] {dag.py:2915} INFO - Sync 1 DAGs
[2023-10-01T02:36:41.982-0400] {logging_mixin.py:151} INFO - [2023-10-01T02:36:41.982-0400] {dag.py:3696} INFO - Setting next_dagrun for latest_only_with_trigger to 2023-10-01T02:36:41.982165+00:00, run_after=2023-10-01T06:36:41.982165+00:00
[2023-10-01T02:36:42.168-0400] {processor.py:179} INFO - Processing /home/erosennnin/anaconda3/envs/coursera/lib/python3.11/site-packages/airflow/example_dags/example_latest_only_with_trigger.py took 0.242 seconds
[2023-10-01T02:37:47.410-0400] {processor.py:157} INFO - Started process (PID=18383) to work on /home/erosennnin/anaconda3/envs/coursera/lib/python3.11/site-packages/airflow/example_dags/example_latest_only_with_trigger.py
[2023-10-01T02:37:47.425-0400] {processor.py:829} INFO - Processing file /home/erosennnin/anaconda3/envs/coursera/lib/python3.11/site-packages/airflow/example_dags/example_latest_only_with_trigger.py for tasks to queue
[2023-10-01T02:37:47.426-0400] {logging_mixin.py:151} INFO - [2023-10-01T02:37:47.425-0400] {dagbag.py:539} INFO - Filling up the DagBag from /home/erosennnin/anaconda3/envs/coursera/lib/python3.11/site-packages/airflow/example_dags/example_latest_only_with_trigger.py
[2023-10-01T02:37:47.436-0400] {processor.py:839} INFO - DAG(s) dict_keys(['latest_only_with_trigger']) retrieved from /home/erosennnin/anaconda3/envs/coursera/lib/python3.11/site-packages/airflow/example_dags/example_latest_only_with_trigger.py
[2023-10-01T02:37:47.463-0400] {logging_mixin.py:151} INFO - [2023-10-01T02:37:47.463-0400] {dag.py:2915} INFO - Sync 1 DAGs
[2023-10-01T02:37:47.480-0400] {logging_mixin.py:151} INFO - [2023-10-01T02:37:47.480-0400] {dag.py:3696} INFO - Setting next_dagrun for latest_only_with_trigger to 2023-10-01T02:37:47.480349+00:00, run_after=2023-10-01T06:37:47.480349+00:00
[2023-10-01T02:37:47.623-0400] {processor.py:179} INFO - Processing /home/erosennnin/anaconda3/envs/coursera/lib/python3.11/site-packages/airflow/example_dags/example_latest_only_with_trigger.py took 0.217 seconds
[2023-10-01T02:38:47.314-0400] {processor.py:157} INFO - Started process (PID=18459) to work on /home/erosennnin/anaconda3/envs/coursera/lib/python3.11/site-packages/airflow/example_dags/example_latest_only_with_trigger.py
[2023-10-01T02:38:47.315-0400] {processor.py:829} INFO - Processing file /home/erosennnin/anaconda3/envs/coursera/lib/python3.11/site-packages/airflow/example_dags/example_latest_only_with_trigger.py for tasks to queue
[2023-10-01T02:38:47.316-0400] {logging_mixin.py:151} INFO - [2023-10-01T02:38:47.315-0400] {dagbag.py:539} INFO - Filling up the DagBag from /home/erosennnin/anaconda3/envs/coursera/lib/python3.11/site-packages/airflow/example_dags/example_latest_only_with_trigger.py
[2023-10-01T02:38:47.326-0400] {processor.py:839} INFO - DAG(s) dict_keys(['latest_only_with_trigger']) retrieved from /home/erosennnin/anaconda3/envs/coursera/lib/python3.11/site-packages/airflow/example_dags/example_latest_only_with_trigger.py
[2023-10-01T02:38:47.353-0400] {logging_mixin.py:151} INFO - [2023-10-01T02:38:47.353-0400] {dag.py:2915} INFO - Sync 1 DAGs
[2023-10-01T02:38:47.369-0400] {logging_mixin.py:151} INFO - [2023-10-01T02:38:47.368-0400] {dag.py:3696} INFO - Setting next_dagrun for latest_only_with_trigger to 2023-10-01T02:38:47.368758+00:00, run_after=2023-10-01T06:38:47.368758+00:00
[2023-10-01T02:38:47.489-0400] {processor.py:179} INFO - Processing /home/erosennnin/anaconda3/envs/coursera/lib/python3.11/site-packages/airflow/example_dags/example_latest_only_with_trigger.py took 0.178 seconds
[2023-10-01T02:39:48.147-0400] {processor.py:157} INFO - Started process (PID=18696) to work on /home/erosennnin/anaconda3/envs/coursera/lib/python3.11/site-packages/airflow/example_dags/example_latest_only_with_trigger.py
[2023-10-01T02:39:48.148-0400] {processor.py:829} INFO - Processing file /home/erosennnin/anaconda3/envs/coursera/lib/python3.11/site-packages/airflow/example_dags/example_latest_only_with_trigger.py for tasks to queue
[2023-10-01T02:39:48.149-0400] {logging_mixin.py:151} INFO - [2023-10-01T02:39:48.149-0400] {dagbag.py:539} INFO - Filling up the DagBag from /home/erosennnin/anaconda3/envs/coursera/lib/python3.11/site-packages/airflow/example_dags/example_latest_only_with_trigger.py
[2023-10-01T02:39:48.159-0400] {processor.py:839} INFO - DAG(s) dict_keys(['latest_only_with_trigger']) retrieved from /home/erosennnin/anaconda3/envs/coursera/lib/python3.11/site-packages/airflow/example_dags/example_latest_only_with_trigger.py
[2023-10-01T02:39:48.184-0400] {logging_mixin.py:151} INFO - [2023-10-01T02:39:48.183-0400] {dag.py:2915} INFO - Sync 1 DAGs
[2023-10-01T02:39:48.201-0400] {logging_mixin.py:151} INFO - [2023-10-01T02:39:48.201-0400] {dag.py:3696} INFO - Setting next_dagrun for latest_only_with_trigger to 2023-10-01T02:39:48.200963+00:00, run_after=2023-10-01T06:39:48.200963+00:00
[2023-10-01T02:39:48.339-0400] {processor.py:179} INFO - Processing /home/erosennnin/anaconda3/envs/coursera/lib/python3.11/site-packages/airflow/example_dags/example_latest_only_with_trigger.py took 0.196 seconds
[2023-10-01T02:40:50.735-0400] {processor.py:157} INFO - Started process (PID=18821) to work on /home/erosennnin/anaconda3/envs/coursera/lib/python3.11/site-packages/airflow/example_dags/example_latest_only_with_trigger.py
[2023-10-01T02:40:50.736-0400] {processor.py:829} INFO - Processing file /home/erosennnin/anaconda3/envs/coursera/lib/python3.11/site-packages/airflow/example_dags/example_latest_only_with_trigger.py for tasks to queue
[2023-10-01T02:40:50.737-0400] {logging_mixin.py:151} INFO - [2023-10-01T02:40:50.736-0400] {dagbag.py:539} INFO - Filling up the DagBag from /home/erosennnin/anaconda3/envs/coursera/lib/python3.11/site-packages/airflow/example_dags/example_latest_only_with_trigger.py
[2023-10-01T02:40:50.747-0400] {processor.py:839} INFO - DAG(s) dict_keys(['latest_only_with_trigger']) retrieved from /home/erosennnin/anaconda3/envs/coursera/lib/python3.11/site-packages/airflow/example_dags/example_latest_only_with_trigger.py
[2023-10-01T02:40:50.769-0400] {logging_mixin.py:151} INFO - [2023-10-01T02:40:50.769-0400] {dag.py:2915} INFO - Sync 1 DAGs
[2023-10-01T02:40:50.783-0400] {logging_mixin.py:151} INFO - [2023-10-01T02:40:50.783-0400] {dag.py:3696} INFO - Setting next_dagrun for latest_only_with_trigger to 2023-10-01T02:40:50.783045+00:00, run_after=2023-10-01T06:40:50.783045+00:00
[2023-10-01T02:40:50.899-0400] {processor.py:179} INFO - Processing /home/erosennnin/anaconda3/envs/coursera/lib/python3.11/site-packages/airflow/example_dags/example_latest_only_with_trigger.py took 0.169 seconds
[2023-10-01T12:37:51.244-0400] {processor.py:157} INFO - Started process (PID=19255) to work on /home/erosennnin/anaconda3/envs/coursera/lib/python3.11/site-packages/airflow/example_dags/example_latest_only_with_trigger.py
[2023-10-01T12:37:51.245-0400] {processor.py:829} INFO - Processing file /home/erosennnin/anaconda3/envs/coursera/lib/python3.11/site-packages/airflow/example_dags/example_latest_only_with_trigger.py for tasks to queue
[2023-10-01T12:37:51.246-0400] {logging_mixin.py:151} INFO - [2023-10-01T12:37:51.246-0400] {dagbag.py:539} INFO - Filling up the DagBag from /home/erosennnin/anaconda3/envs/coursera/lib/python3.11/site-packages/airflow/example_dags/example_latest_only_with_trigger.py
[2023-10-01T12:37:51.254-0400] {processor.py:839} INFO - DAG(s) dict_keys(['latest_only_with_trigger']) retrieved from /home/erosennnin/anaconda3/envs/coursera/lib/python3.11/site-packages/airflow/example_dags/example_latest_only_with_trigger.py
[2023-10-01T12:37:51.281-0400] {logging_mixin.py:151} INFO - [2023-10-01T12:37:51.280-0400] {dag.py:2915} INFO - Sync 1 DAGs
[2023-10-01T12:37:51.324-0400] {logging_mixin.py:151} INFO - [2023-10-01T12:37:51.324-0400] {dag.py:3696} INFO - Setting next_dagrun for latest_only_with_trigger to 2023-10-01T12:37:51.324096+00:00, run_after=2023-10-01T16:37:51.324096+00:00
[2023-10-01T12:37:51.588-0400] {processor.py:179} INFO - Processing /home/erosennnin/anaconda3/envs/coursera/lib/python3.11/site-packages/airflow/example_dags/example_latest_only_with_trigger.py took 0.347 seconds
