[2023-10-01T02:36:41.208-0400] {processor.py:157} INFO - Started process (PID=18298) to work on /home/erosennnin/anaconda3/envs/coursera/lib/python3.11/site-packages/airflow/example_dags/example_latest_only.py
[2023-10-01T02:36:41.209-0400] {processor.py:829} INFO - Processing file /home/erosennnin/anaconda3/envs/coursera/lib/python3.11/site-packages/airflow/example_dags/example_latest_only.py for tasks to queue
[2023-10-01T02:36:41.210-0400] {logging_mixin.py:151} INFO - [2023-10-01T02:36:41.210-0400] {dagbag.py:539} INFO - Filling up the DagBag from /home/erosennnin/anaconda3/envs/coursera/lib/python3.11/site-packages/airflow/example_dags/example_latest_only.py
[2023-10-01T02:36:41.219-0400] {processor.py:839} INFO - DAG(s) dict_keys(['latest_only']) retrieved from /home/erosennnin/anaconda3/envs/coursera/lib/python3.11/site-packages/airflow/example_dags/example_latest_only.py
[2023-10-01T02:36:41.243-0400] {logging_mixin.py:151} INFO - [2023-10-01T02:36:41.243-0400] {dag.py:2915} INFO - Sync 1 DAGs
[2023-10-01T02:36:41.260-0400] {logging_mixin.py:151} INFO - [2023-10-01T02:36:41.260-0400] {dag.py:3696} INFO - Setting next_dagrun for latest_only to 2023-10-01T02:36:41.260029+00:00, run_after=2023-10-01T06:36:41.260029+00:00
[2023-10-01T02:36:41.371-0400] {processor.py:179} INFO - Processing /home/erosennnin/anaconda3/envs/coursera/lib/python3.11/site-packages/airflow/example_dags/example_latest_only.py took 0.166 seconds
[2023-10-01T02:37:45.993-0400] {processor.py:157} INFO - Started process (PID=18381) to work on /home/erosennnin/anaconda3/envs/coursera/lib/python3.11/site-packages/airflow/example_dags/example_latest_only.py
[2023-10-01T02:37:46.027-0400] {processor.py:829} INFO - Processing file /home/erosennnin/anaconda3/envs/coursera/lib/python3.11/site-packages/airflow/example_dags/example_latest_only.py for tasks to queue
[2023-10-01T02:37:46.028-0400] {logging_mixin.py:151} INFO - [2023-10-01T02:37:46.027-0400] {dagbag.py:539} INFO - Filling up the DagBag from /home/erosennnin/anaconda3/envs/coursera/lib/python3.11/site-packages/airflow/example_dags/example_latest_only.py
[2023-10-01T02:37:46.036-0400] {processor.py:839} INFO - DAG(s) dict_keys(['latest_only']) retrieved from /home/erosennnin/anaconda3/envs/coursera/lib/python3.11/site-packages/airflow/example_dags/example_latest_only.py
[2023-10-01T02:37:46.046-0400] {logging_mixin.py:151} INFO - [2023-10-01T02:37:46.046-0400] {dag.py:2915} INFO - Sync 1 DAGs
[2023-10-01T02:37:46.059-0400] {logging_mixin.py:151} INFO - [2023-10-01T02:37:46.059-0400] {dag.py:3696} INFO - Setting next_dagrun for latest_only to 2023-10-01T02:37:46.059334+00:00, run_after=2023-10-01T06:37:46.059334+00:00
[2023-10-01T02:37:46.173-0400] {processor.py:179} INFO - Processing /home/erosennnin/anaconda3/envs/coursera/lib/python3.11/site-packages/airflow/example_dags/example_latest_only.py took 0.184 seconds
[2023-10-01T02:38:46.043-0400] {processor.py:157} INFO - Started process (PID=18457) to work on /home/erosennnin/anaconda3/envs/coursera/lib/python3.11/site-packages/airflow/example_dags/example_latest_only.py
[2023-10-01T02:38:46.051-0400] {processor.py:829} INFO - Processing file /home/erosennnin/anaconda3/envs/coursera/lib/python3.11/site-packages/airflow/example_dags/example_latest_only.py for tasks to queue
[2023-10-01T02:38:46.052-0400] {logging_mixin.py:151} INFO - [2023-10-01T02:38:46.051-0400] {dagbag.py:539} INFO - Filling up the DagBag from /home/erosennnin/anaconda3/envs/coursera/lib/python3.11/site-packages/airflow/example_dags/example_latest_only.py
[2023-10-01T02:38:46.060-0400] {processor.py:839} INFO - DAG(s) dict_keys(['latest_only']) retrieved from /home/erosennnin/anaconda3/envs/coursera/lib/python3.11/site-packages/airflow/example_dags/example_latest_only.py
[2023-10-01T02:38:46.078-0400] {logging_mixin.py:151} INFO - [2023-10-01T02:38:46.078-0400] {dag.py:2915} INFO - Sync 1 DAGs
[2023-10-01T02:38:46.091-0400] {logging_mixin.py:151} INFO - [2023-10-01T02:38:46.091-0400] {dag.py:3696} INFO - Setting next_dagrun for latest_only to 2023-10-01T02:38:46.090891+00:00, run_after=2023-10-01T06:38:46.090891+00:00
[2023-10-01T02:38:46.236-0400] {processor.py:179} INFO - Processing /home/erosennnin/anaconda3/envs/coursera/lib/python3.11/site-packages/airflow/example_dags/example_latest_only.py took 0.197 seconds
[2023-10-01T02:39:46.972-0400] {processor.py:157} INFO - Started process (PID=18695) to work on /home/erosennnin/anaconda3/envs/coursera/lib/python3.11/site-packages/airflow/example_dags/example_latest_only.py
[2023-10-01T02:39:46.974-0400] {processor.py:829} INFO - Processing file /home/erosennnin/anaconda3/envs/coursera/lib/python3.11/site-packages/airflow/example_dags/example_latest_only.py for tasks to queue
[2023-10-01T02:39:46.975-0400] {logging_mixin.py:151} INFO - [2023-10-01T02:39:46.974-0400] {dagbag.py:539} INFO - Filling up the DagBag from /home/erosennnin/anaconda3/envs/coursera/lib/python3.11/site-packages/airflow/example_dags/example_latest_only.py
[2023-10-01T02:39:46.983-0400] {processor.py:839} INFO - DAG(s) dict_keys(['latest_only']) retrieved from /home/erosennnin/anaconda3/envs/coursera/lib/python3.11/site-packages/airflow/example_dags/example_latest_only.py
[2023-10-01T02:39:47.007-0400] {logging_mixin.py:151} INFO - [2023-10-01T02:39:47.006-0400] {dag.py:2915} INFO - Sync 1 DAGs
[2023-10-01T02:39:47.023-0400] {logging_mixin.py:151} INFO - [2023-10-01T02:39:47.023-0400] {dag.py:3696} INFO - Setting next_dagrun for latest_only to 2023-10-01T02:39:47.023504+00:00, run_after=2023-10-01T06:39:47.023504+00:00
[2023-10-01T02:39:47.139-0400] {processor.py:179} INFO - Processing /home/erosennnin/anaconda3/envs/coursera/lib/python3.11/site-packages/airflow/example_dags/example_latest_only.py took 0.170 seconds
[2023-10-01T02:40:49.384-0400] {processor.py:157} INFO - Started process (PID=18820) to work on /home/erosennnin/anaconda3/envs/coursera/lib/python3.11/site-packages/airflow/example_dags/example_latest_only.py
[2023-10-01T02:40:49.385-0400] {processor.py:829} INFO - Processing file /home/erosennnin/anaconda3/envs/coursera/lib/python3.11/site-packages/airflow/example_dags/example_latest_only.py for tasks to queue
[2023-10-01T02:40:49.386-0400] {logging_mixin.py:151} INFO - [2023-10-01T02:40:49.386-0400] {dagbag.py:539} INFO - Filling up the DagBag from /home/erosennnin/anaconda3/envs/coursera/lib/python3.11/site-packages/airflow/example_dags/example_latest_only.py
[2023-10-01T02:40:49.395-0400] {processor.py:839} INFO - DAG(s) dict_keys(['latest_only']) retrieved from /home/erosennnin/anaconda3/envs/coursera/lib/python3.11/site-packages/airflow/example_dags/example_latest_only.py
[2023-10-01T02:40:49.418-0400] {logging_mixin.py:151} INFO - [2023-10-01T02:40:49.417-0400] {dag.py:2915} INFO - Sync 1 DAGs
[2023-10-01T02:40:49.436-0400] {logging_mixin.py:151} INFO - [2023-10-01T02:40:49.435-0400] {dag.py:3696} INFO - Setting next_dagrun for latest_only to 2023-10-01T02:40:49.435797+00:00, run_after=2023-10-01T06:40:49.435797+00:00
[2023-10-01T02:40:49.635-0400] {processor.py:179} INFO - Processing /home/erosennnin/anaconda3/envs/coursera/lib/python3.11/site-packages/airflow/example_dags/example_latest_only.py took 0.254 seconds
[2023-10-01T12:37:49.025-0400] {processor.py:157} INFO - Started process (PID=19252) to work on /home/erosennnin/anaconda3/envs/coursera/lib/python3.11/site-packages/airflow/example_dags/example_latest_only.py
[2023-10-01T12:37:49.026-0400] {processor.py:829} INFO - Processing file /home/erosennnin/anaconda3/envs/coursera/lib/python3.11/site-packages/airflow/example_dags/example_latest_only.py for tasks to queue
[2023-10-01T12:37:49.026-0400] {logging_mixin.py:151} INFO - [2023-10-01T12:37:49.026-0400] {dagbag.py:539} INFO - Filling up the DagBag from /home/erosennnin/anaconda3/envs/coursera/lib/python3.11/site-packages/airflow/example_dags/example_latest_only.py
[2023-10-01T12:37:49.033-0400] {processor.py:839} INFO - DAG(s) dict_keys(['latest_only']) retrieved from /home/erosennnin/anaconda3/envs/coursera/lib/python3.11/site-packages/airflow/example_dags/example_latest_only.py
[2023-10-01T12:37:49.053-0400] {logging_mixin.py:151} INFO - [2023-10-01T12:37:49.053-0400] {dag.py:2915} INFO - Sync 1 DAGs
[2023-10-01T12:37:49.077-0400] {logging_mixin.py:151} INFO - [2023-10-01T12:37:49.077-0400] {dag.py:3696} INFO - Setting next_dagrun for latest_only to 2023-10-01T12:37:49.077192+00:00, run_after=2023-10-01T16:37:49.077192+00:00
[2023-10-01T12:37:50.768-0400] {processor.py:179} INFO - Processing /home/erosennnin/anaconda3/envs/coursera/lib/python3.11/site-packages/airflow/example_dags/example_latest_only.py took 1.746 seconds
