[2023-10-01T02:36:01.017-0400] {processor.py:157} INFO - Started process (PID=18080) to work on /home/erosennnin/anaconda3/envs/coursera/lib/python3.11/site-packages/airflow/example_dags/example_task_group.py
[2023-10-01T02:36:01.018-0400] {processor.py:829} INFO - Processing file /home/erosennnin/anaconda3/envs/coursera/lib/python3.11/site-packages/airflow/example_dags/example_task_group.py for tasks to queue
[2023-10-01T02:36:01.019-0400] {logging_mixin.py:151} INFO - [2023-10-01T02:36:01.018-0400] {dagbag.py:539} INFO - Filling up the DagBag from /home/erosennnin/anaconda3/envs/coursera/lib/python3.11/site-packages/airflow/example_dags/example_task_group.py
[2023-10-01T02:36:01.031-0400] {processor.py:839} INFO - DAG(s) dict_keys(['example_task_group']) retrieved from /home/erosennnin/anaconda3/envs/coursera/lib/python3.11/site-packages/airflow/example_dags/example_task_group.py
[2023-10-01T02:36:01.056-0400] {logging_mixin.py:151} INFO - [2023-10-01T02:36:01.056-0400] {dag.py:2915} INFO - Sync 1 DAGs
[2023-10-01T02:36:01.070-0400] {logging_mixin.py:151} INFO - [2023-10-01T02:36:01.070-0400] {dag.py:3696} INFO - Setting next_dagrun for example_task_group to 2023-09-30T06:36:01.070253+00:00, run_after=2023-10-01T06:36:01.070253+00:00
[2023-10-01T02:36:01.409-0400] {processor.py:179} INFO - Processing /home/erosennnin/anaconda3/envs/coursera/lib/python3.11/site-packages/airflow/example_dags/example_task_group.py took 0.396 seconds
[2023-10-01T02:37:00.479-0400] {processor.py:157} INFO - Started process (PID=18323) to work on /home/erosennnin/anaconda3/envs/coursera/lib/python3.11/site-packages/airflow/example_dags/example_task_group.py
[2023-10-01T02:37:00.495-0400] {processor.py:829} INFO - Processing file /home/erosennnin/anaconda3/envs/coursera/lib/python3.11/site-packages/airflow/example_dags/example_task_group.py for tasks to queue
[2023-10-01T02:37:00.496-0400] {logging_mixin.py:151} INFO - [2023-10-01T02:37:00.496-0400] {dagbag.py:539} INFO - Filling up the DagBag from /home/erosennnin/anaconda3/envs/coursera/lib/python3.11/site-packages/airflow/example_dags/example_task_group.py
[2023-10-01T02:37:00.510-0400] {processor.py:839} INFO - DAG(s) dict_keys(['example_task_group']) retrieved from /home/erosennnin/anaconda3/envs/coursera/lib/python3.11/site-packages/airflow/example_dags/example_task_group.py
[2023-10-01T02:37:00.538-0400] {logging_mixin.py:151} INFO - [2023-10-01T02:37:00.538-0400] {dag.py:2915} INFO - Sync 1 DAGs
[2023-10-01T02:37:00.558-0400] {logging_mixin.py:151} INFO - [2023-10-01T02:37:00.558-0400] {dag.py:3696} INFO - Setting next_dagrun for example_task_group to 2023-09-30T06:37:00.558009+00:00, run_after=2023-10-01T06:37:00.558009+00:00
[2023-10-01T02:37:00.740-0400] {processor.py:179} INFO - Processing /home/erosennnin/anaconda3/envs/coursera/lib/python3.11/site-packages/airflow/example_dags/example_task_group.py took 0.265 seconds
[2023-10-01T02:38:05.606-0400] {processor.py:157} INFO - Started process (PID=18403) to work on /home/erosennnin/anaconda3/envs/coursera/lib/python3.11/site-packages/airflow/example_dags/example_task_group.py
[2023-10-01T02:38:05.740-0400] {processor.py:829} INFO - Processing file /home/erosennnin/anaconda3/envs/coursera/lib/python3.11/site-packages/airflow/example_dags/example_task_group.py for tasks to queue
[2023-10-01T02:38:05.741-0400] {logging_mixin.py:151} INFO - [2023-10-01T02:38:05.741-0400] {dagbag.py:539} INFO - Filling up the DagBag from /home/erosennnin/anaconda3/envs/coursera/lib/python3.11/site-packages/airflow/example_dags/example_task_group.py
[2023-10-01T02:38:05.753-0400] {processor.py:839} INFO - DAG(s) dict_keys(['example_task_group']) retrieved from /home/erosennnin/anaconda3/envs/coursera/lib/python3.11/site-packages/airflow/example_dags/example_task_group.py
[2023-10-01T02:38:05.779-0400] {logging_mixin.py:151} INFO - [2023-10-01T02:38:05.779-0400] {dag.py:2915} INFO - Sync 1 DAGs
[2023-10-01T02:38:05.799-0400] {logging_mixin.py:151} INFO - [2023-10-01T02:38:05.799-0400] {dag.py:3696} INFO - Setting next_dagrun for example_task_group to 2023-09-30T06:38:05.799547+00:00, run_after=2023-10-01T06:38:05.799547+00:00
[2023-10-01T02:38:05.941-0400] {processor.py:179} INFO - Processing /home/erosennnin/anaconda3/envs/coursera/lib/python3.11/site-packages/airflow/example_dags/example_task_group.py took 0.337 seconds
[2023-10-01T02:39:02.561-0400] {processor.py:157} INFO - Started process (PID=18478) to work on /home/erosennnin/anaconda3/envs/coursera/lib/python3.11/site-packages/airflow/example_dags/example_task_group.py
[2023-10-01T02:39:02.562-0400] {processor.py:829} INFO - Processing file /home/erosennnin/anaconda3/envs/coursera/lib/python3.11/site-packages/airflow/example_dags/example_task_group.py for tasks to queue
[2023-10-01T02:39:02.563-0400] {logging_mixin.py:151} INFO - [2023-10-01T02:39:02.563-0400] {dagbag.py:539} INFO - Filling up the DagBag from /home/erosennnin/anaconda3/envs/coursera/lib/python3.11/site-packages/airflow/example_dags/example_task_group.py
[2023-10-01T02:39:02.575-0400] {processor.py:839} INFO - DAG(s) dict_keys(['example_task_group']) retrieved from /home/erosennnin/anaconda3/envs/coursera/lib/python3.11/site-packages/airflow/example_dags/example_task_group.py
[2023-10-01T02:39:02.601-0400] {logging_mixin.py:151} INFO - [2023-10-01T02:39:02.601-0400] {dag.py:2915} INFO - Sync 1 DAGs
[2023-10-01T02:39:02.616-0400] {logging_mixin.py:151} INFO - [2023-10-01T02:39:02.616-0400] {dag.py:3696} INFO - Setting next_dagrun for example_task_group to 2023-09-30T06:39:02.616317+00:00, run_after=2023-10-01T06:39:02.616317+00:00
[2023-10-01T02:39:02.754-0400] {processor.py:179} INFO - Processing /home/erosennnin/anaconda3/envs/coursera/lib/python3.11/site-packages/airflow/example_dags/example_task_group.py took 0.197 seconds
[2023-10-01T02:40:07.967-0400] {processor.py:157} INFO - Started process (PID=18732) to work on /home/erosennnin/anaconda3/envs/coursera/lib/python3.11/site-packages/airflow/example_dags/example_task_group.py
[2023-10-01T02:40:07.968-0400] {processor.py:829} INFO - Processing file /home/erosennnin/anaconda3/envs/coursera/lib/python3.11/site-packages/airflow/example_dags/example_task_group.py for tasks to queue
[2023-10-01T02:40:07.968-0400] {logging_mixin.py:151} INFO - [2023-10-01T02:40:07.968-0400] {dagbag.py:539} INFO - Filling up the DagBag from /home/erosennnin/anaconda3/envs/coursera/lib/python3.11/site-packages/airflow/example_dags/example_task_group.py
[2023-10-01T02:40:07.974-0400] {processor.py:839} INFO - DAG(s) dict_keys(['example_task_group']) retrieved from /home/erosennnin/anaconda3/envs/coursera/lib/python3.11/site-packages/airflow/example_dags/example_task_group.py
[2023-10-01T02:40:07.987-0400] {logging_mixin.py:151} INFO - [2023-10-01T02:40:07.987-0400] {dag.py:2915} INFO - Sync 1 DAGs
[2023-10-01T02:40:08.016-0400] {logging_mixin.py:151} INFO - [2023-10-01T02:40:08.015-0400] {dag.py:3696} INFO - Setting next_dagrun for example_task_group to 2023-09-30T06:40:08.015696+00:00, run_after=2023-10-01T06:40:08.015696+00:00
[2023-10-01T02:40:08.146-0400] {processor.py:179} INFO - Processing /home/erosennnin/anaconda3/envs/coursera/lib/python3.11/site-packages/airflow/example_dags/example_task_group.py took 0.181 seconds
[2023-10-01T02:41:05.989-0400] {processor.py:157} INFO - Started process (PID=18840) to work on /home/erosennnin/anaconda3/envs/coursera/lib/python3.11/site-packages/airflow/example_dags/example_task_group.py
[2023-10-01T02:41:05.990-0400] {processor.py:829} INFO - Processing file /home/erosennnin/anaconda3/envs/coursera/lib/python3.11/site-packages/airflow/example_dags/example_task_group.py for tasks to queue
[2023-10-01T02:41:05.991-0400] {logging_mixin.py:151} INFO - [2023-10-01T02:41:05.991-0400] {dagbag.py:539} INFO - Filling up the DagBag from /home/erosennnin/anaconda3/envs/coursera/lib/python3.11/site-packages/airflow/example_dags/example_task_group.py
[2023-10-01T02:41:06.003-0400] {processor.py:839} INFO - DAG(s) dict_keys(['example_task_group']) retrieved from /home/erosennnin/anaconda3/envs/coursera/lib/python3.11/site-packages/airflow/example_dags/example_task_group.py
[2023-10-01T02:41:06.027-0400] {logging_mixin.py:151} INFO - [2023-10-01T02:41:06.026-0400] {dag.py:2915} INFO - Sync 1 DAGs
[2023-10-01T02:41:06.040-0400] {logging_mixin.py:151} INFO - [2023-10-01T02:41:06.040-0400] {dag.py:3696} INFO - Setting next_dagrun for example_task_group to 2023-09-30T06:41:06.039910+00:00, run_after=2023-10-01T06:41:06.039910+00:00
[2023-10-01T02:41:06.188-0400] {processor.py:179} INFO - Processing /home/erosennnin/anaconda3/envs/coursera/lib/python3.11/site-packages/airflow/example_dags/example_task_group.py took 0.202 seconds
