[2023-10-01T02:36:29.698-0400] {processor.py:157} INFO - Started process (PID=18286) to work on /home/erosennnin/anaconda3/envs/coursera/lib/python3.11/site-packages/airflow/example_dags/example_branch_python_dop_operator_3.py
[2023-10-01T02:36:29.699-0400] {processor.py:829} INFO - Processing file /home/erosennnin/anaconda3/envs/coursera/lib/python3.11/site-packages/airflow/example_dags/example_branch_python_dop_operator_3.py for tasks to queue
[2023-10-01T02:36:29.700-0400] {logging_mixin.py:151} INFO - [2023-10-01T02:36:29.700-0400] {dagbag.py:539} INFO - Filling up the DagBag from /home/erosennnin/anaconda3/envs/coursera/lib/python3.11/site-packages/airflow/example_dags/example_branch_python_dop_operator_3.py
[2023-10-01T02:36:29.713-0400] {processor.py:839} INFO - DAG(s) dict_keys(['example_branch_dop_operator_v3']) retrieved from /home/erosennnin/anaconda3/envs/coursera/lib/python3.11/site-packages/airflow/example_dags/example_branch_python_dop_operator_3.py
[2023-10-01T02:36:29.737-0400] {logging_mixin.py:151} INFO - [2023-10-01T02:36:29.737-0400] {dag.py:2915} INFO - Sync 1 DAGs
[2023-10-01T02:36:29.756-0400] {logging_mixin.py:151} INFO - [2023-10-01T02:36:29.756-0400] {dag.py:3696} INFO - Setting next_dagrun for example_branch_dop_operator_v3 to 2023-10-01T06:35:00+00:00, run_after=2023-10-01T06:36:00+00:00
[2023-10-01T02:36:29.912-0400] {processor.py:179} INFO - Processing /home/erosennnin/anaconda3/envs/coursera/lib/python3.11/site-packages/airflow/example_dags/example_branch_python_dop_operator_3.py took 0.218 seconds
[2023-10-01T02:37:35.438-0400] {processor.py:157} INFO - Started process (PID=18369) to work on /home/erosennnin/anaconda3/envs/coursera/lib/python3.11/site-packages/airflow/example_dags/example_branch_python_dop_operator_3.py
[2023-10-01T02:37:35.454-0400] {processor.py:829} INFO - Processing file /home/erosennnin/anaconda3/envs/coursera/lib/python3.11/site-packages/airflow/example_dags/example_branch_python_dop_operator_3.py for tasks to queue
[2023-10-01T02:37:35.455-0400] {logging_mixin.py:151} INFO - [2023-10-01T02:37:35.455-0400] {dagbag.py:539} INFO - Filling up the DagBag from /home/erosennnin/anaconda3/envs/coursera/lib/python3.11/site-packages/airflow/example_dags/example_branch_python_dop_operator_3.py
[2023-10-01T02:37:35.470-0400] {processor.py:839} INFO - DAG(s) dict_keys(['example_branch_dop_operator_v3']) retrieved from /home/erosennnin/anaconda3/envs/coursera/lib/python3.11/site-packages/airflow/example_dags/example_branch_python_dop_operator_3.py
[2023-10-01T02:37:35.496-0400] {logging_mixin.py:151} INFO - [2023-10-01T02:37:35.496-0400] {dag.py:2915} INFO - Sync 1 DAGs
[2023-10-01T02:37:35.518-0400] {logging_mixin.py:151} INFO - [2023-10-01T02:37:35.518-0400] {dag.py:3696} INFO - Setting next_dagrun for example_branch_dop_operator_v3 to 2023-10-01T06:36:00+00:00, run_after=2023-10-01T06:37:00+00:00
[2023-10-01T02:37:35.689-0400] {processor.py:179} INFO - Processing /home/erosennnin/anaconda3/envs/coursera/lib/python3.11/site-packages/airflow/example_dags/example_branch_python_dop_operator_3.py took 0.255 seconds
[2023-10-01T02:38:35.239-0400] {processor.py:157} INFO - Started process (PID=18445) to work on /home/erosennnin/anaconda3/envs/coursera/lib/python3.11/site-packages/airflow/example_dags/example_branch_python_dop_operator_3.py
[2023-10-01T02:38:35.256-0400] {processor.py:829} INFO - Processing file /home/erosennnin/anaconda3/envs/coursera/lib/python3.11/site-packages/airflow/example_dags/example_branch_python_dop_operator_3.py for tasks to queue
[2023-10-01T02:38:35.258-0400] {logging_mixin.py:151} INFO - [2023-10-01T02:38:35.257-0400] {dagbag.py:539} INFO - Filling up the DagBag from /home/erosennnin/anaconda3/envs/coursera/lib/python3.11/site-packages/airflow/example_dags/example_branch_python_dop_operator_3.py
[2023-10-01T02:38:35.270-0400] {processor.py:839} INFO - DAG(s) dict_keys(['example_branch_dop_operator_v3']) retrieved from /home/erosennnin/anaconda3/envs/coursera/lib/python3.11/site-packages/airflow/example_dags/example_branch_python_dop_operator_3.py
[2023-10-01T02:38:35.293-0400] {logging_mixin.py:151} INFO - [2023-10-01T02:38:35.292-0400] {dag.py:2915} INFO - Sync 1 DAGs
[2023-10-01T02:38:35.309-0400] {logging_mixin.py:151} INFO - [2023-10-01T02:38:35.308-0400] {dag.py:3696} INFO - Setting next_dagrun for example_branch_dop_operator_v3 to 2023-10-01T06:37:00+00:00, run_after=2023-10-01T06:38:00+00:00
[2023-10-01T02:38:35.532-0400] {processor.py:179} INFO - Processing /home/erosennnin/anaconda3/envs/coursera/lib/python3.11/site-packages/airflow/example_dags/example_branch_python_dop_operator_3.py took 0.297 seconds
[2023-10-01T02:39:35.780-0400] {processor.py:157} INFO - Started process (PID=18671) to work on /home/erosennnin/anaconda3/envs/coursera/lib/python3.11/site-packages/airflow/example_dags/example_branch_python_dop_operator_3.py
[2023-10-01T02:39:35.800-0400] {processor.py:829} INFO - Processing file /home/erosennnin/anaconda3/envs/coursera/lib/python3.11/site-packages/airflow/example_dags/example_branch_python_dop_operator_3.py for tasks to queue
[2023-10-01T02:39:35.801-0400] {logging_mixin.py:151} INFO - [2023-10-01T02:39:35.801-0400] {dagbag.py:539} INFO - Filling up the DagBag from /home/erosennnin/anaconda3/envs/coursera/lib/python3.11/site-packages/airflow/example_dags/example_branch_python_dop_operator_3.py
[2023-10-01T02:39:35.815-0400] {processor.py:839} INFO - DAG(s) dict_keys(['example_branch_dop_operator_v3']) retrieved from /home/erosennnin/anaconda3/envs/coursera/lib/python3.11/site-packages/airflow/example_dags/example_branch_python_dop_operator_3.py
[2023-10-01T02:39:35.842-0400] {logging_mixin.py:151} INFO - [2023-10-01T02:39:35.841-0400] {dag.py:2915} INFO - Sync 1 DAGs
[2023-10-01T02:39:35.870-0400] {logging_mixin.py:151} INFO - [2023-10-01T02:39:35.870-0400] {dag.py:3696} INFO - Setting next_dagrun for example_branch_dop_operator_v3 to 2023-10-01T06:38:00+00:00, run_after=2023-10-01T06:39:00+00:00
[2023-10-01T02:39:36.071-0400] {processor.py:179} INFO - Processing /home/erosennnin/anaconda3/envs/coursera/lib/python3.11/site-packages/airflow/example_dags/example_branch_python_dop_operator_3.py took 0.295 seconds
[2023-10-01T02:40:38.877-0400] {processor.py:157} INFO - Started process (PID=18808) to work on /home/erosennnin/anaconda3/envs/coursera/lib/python3.11/site-packages/airflow/example_dags/example_branch_python_dop_operator_3.py
[2023-10-01T02:40:38.879-0400] {processor.py:829} INFO - Processing file /home/erosennnin/anaconda3/envs/coursera/lib/python3.11/site-packages/airflow/example_dags/example_branch_python_dop_operator_3.py for tasks to queue
[2023-10-01T02:40:38.880-0400] {logging_mixin.py:151} INFO - [2023-10-01T02:40:38.880-0400] {dagbag.py:539} INFO - Filling up the DagBag from /home/erosennnin/anaconda3/envs/coursera/lib/python3.11/site-packages/airflow/example_dags/example_branch_python_dop_operator_3.py
[2023-10-01T02:40:38.899-0400] {processor.py:839} INFO - DAG(s) dict_keys(['example_branch_dop_operator_v3']) retrieved from /home/erosennnin/anaconda3/envs/coursera/lib/python3.11/site-packages/airflow/example_dags/example_branch_python_dop_operator_3.py
[2023-10-01T02:40:38.921-0400] {logging_mixin.py:151} INFO - [2023-10-01T02:40:38.920-0400] {dag.py:2915} INFO - Sync 1 DAGs
[2023-10-01T02:40:38.937-0400] {logging_mixin.py:151} INFO - [2023-10-01T02:40:38.937-0400] {dag.py:3696} INFO - Setting next_dagrun for example_branch_dop_operator_v3 to 2023-10-01T06:39:00+00:00, run_after=2023-10-01T06:40:00+00:00
[2023-10-01T02:40:39.085-0400] {processor.py:179} INFO - Processing /home/erosennnin/anaconda3/envs/coursera/lib/python3.11/site-packages/airflow/example_dags/example_branch_python_dop_operator_3.py took 0.213 seconds
[2023-10-01T02:41:38.999-0400] {processor.py:157} INFO - Started process (PID=18890) to work on /home/erosennnin/anaconda3/envs/coursera/lib/python3.11/site-packages/airflow/example_dags/example_branch_python_dop_operator_3.py
[2023-10-01T02:41:39.000-0400] {processor.py:829} INFO - Processing file /home/erosennnin/anaconda3/envs/coursera/lib/python3.11/site-packages/airflow/example_dags/example_branch_python_dop_operator_3.py for tasks to queue
[2023-10-01T02:41:39.000-0400] {logging_mixin.py:151} INFO - [2023-10-01T02:41:39.000-0400] {dagbag.py:539} INFO - Filling up the DagBag from /home/erosennnin/anaconda3/envs/coursera/lib/python3.11/site-packages/airflow/example_dags/example_branch_python_dop_operator_3.py
[2023-10-01T02:41:39.006-0400] {processor.py:839} INFO - DAG(s) dict_keys(['example_branch_dop_operator_v3']) retrieved from /home/erosennnin/anaconda3/envs/coursera/lib/python3.11/site-packages/airflow/example_dags/example_branch_python_dop_operator_3.py
[2023-10-01T02:41:39.017-0400] {logging_mixin.py:151} INFO - [2023-10-01T02:41:39.017-0400] {dag.py:2915} INFO - Sync 1 DAGs
[2023-10-01T02:41:39.033-0400] {logging_mixin.py:151} INFO - [2023-10-01T02:41:39.033-0400] {dag.py:3696} INFO - Setting next_dagrun for example_branch_dop_operator_v3 to 2023-10-01T06:40:00+00:00, run_after=2023-10-01T06:41:00+00:00
[2023-10-01T02:41:39.181-0400] {processor.py:179} INFO - Processing /home/erosennnin/anaconda3/envs/coursera/lib/python3.11/site-packages/airflow/example_dags/example_branch_python_dop_operator_3.py took 0.184 seconds
