[2023-10-01T02:35:52.754-0400] {processor.py:157} INFO - Started process (PID=17999) to work on /home/erosennnin/anaconda3/envs/coursera/lib/python3.11/site-packages/airflow/example_dags/example_subdag_operator.py
[2023-10-01T02:35:52.755-0400] {processor.py:829} INFO - Processing file /home/erosennnin/anaconda3/envs/coursera/lib/python3.11/site-packages/airflow/example_dags/example_subdag_operator.py for tasks to queue
[2023-10-01T02:35:52.756-0400] {logging_mixin.py:151} INFO - [2023-10-01T02:35:52.756-0400] {dagbag.py:539} INFO - Filling up the DagBag from /home/erosennnin/anaconda3/envs/coursera/lib/python3.11/site-packages/airflow/example_dags/example_subdag_operator.py
[2023-10-01T02:35:52.772-0400] {processor.py:839} INFO - DAG(s) dict_keys(['example_subdag_operator.section-1', 'example_subdag_operator.section-2', 'example_subdag_operator']) retrieved from /home/erosennnin/anaconda3/envs/coursera/lib/python3.11/site-packages/airflow/example_dags/example_subdag_operator.py
[2023-10-01T02:35:52.782-0400] {logging_mixin.py:151} INFO - [2023-10-01T02:35:52.782-0400] {dag.py:2915} INFO - Sync 3 DAGs
[2023-10-01T02:35:52.795-0400] {logging_mixin.py:151} INFO - [2023-10-01T02:35:52.795-0400] {dag.py:3696} INFO - Setting next_dagrun for example_subdag_operator to 2022-01-01T00:00:00+00:00, run_after=2022-01-01T00:00:00+00:00
[2023-10-01T02:35:52.798-0400] {logging_mixin.py:151} INFO - [2023-10-01T02:35:52.797-0400] {dag.py:3696} INFO - Setting next_dagrun for example_subdag_operator.section-1 to None, run_after=None
[2023-10-01T02:35:52.798-0400] {logging_mixin.py:151} INFO - [2023-10-01T02:35:52.798-0400] {dag.py:3696} INFO - Setting next_dagrun for example_subdag_operator.section-2 to None, run_after=None
[2023-10-01T02:35:52.802-0400] {logging_mixin.py:151} INFO - [2023-10-01T02:35:52.802-0400] {dag.py:2915} INFO - Sync 2 DAGs
[2023-10-01T02:35:52.805-0400] {logging_mixin.py:151} INFO - [2023-10-01T02:35:52.805-0400] {dag.py:3696} INFO - Setting next_dagrun for example_subdag_operator.section-1 to None, run_after=None
[2023-10-01T02:35:52.805-0400] {logging_mixin.py:151} INFO - [2023-10-01T02:35:52.805-0400] {dag.py:3696} INFO - Setting next_dagrun for example_subdag_operator.section-2 to None, run_after=None
[2023-10-01T02:35:53.075-0400] {processor.py:179} INFO - Processing /home/erosennnin/anaconda3/envs/coursera/lib/python3.11/site-packages/airflow/example_dags/example_subdag_operator.py took 0.325 seconds
[2023-10-01T02:36:52.509-0400] {processor.py:157} INFO - Started process (PID=18312) to work on /home/erosennnin/anaconda3/envs/coursera/lib/python3.11/site-packages/airflow/example_dags/example_subdag_operator.py
[2023-10-01T02:36:52.510-0400] {processor.py:829} INFO - Processing file /home/erosennnin/anaconda3/envs/coursera/lib/python3.11/site-packages/airflow/example_dags/example_subdag_operator.py for tasks to queue
[2023-10-01T02:36:52.511-0400] {logging_mixin.py:151} INFO - [2023-10-01T02:36:52.511-0400] {dagbag.py:539} INFO - Filling up the DagBag from /home/erosennnin/anaconda3/envs/coursera/lib/python3.11/site-packages/airflow/example_dags/example_subdag_operator.py
[2023-10-01T02:36:52.544-0400] {processor.py:839} INFO - DAG(s) dict_keys(['example_subdag_operator.section-1', 'example_subdag_operator.section-2', 'example_subdag_operator']) retrieved from /home/erosennnin/anaconda3/envs/coursera/lib/python3.11/site-packages/airflow/example_dags/example_subdag_operator.py
[2023-10-01T02:36:52.559-0400] {logging_mixin.py:151} INFO - [2023-10-01T02:36:52.559-0400] {dag.py:2915} INFO - Sync 3 DAGs
[2023-10-01T02:36:52.572-0400] {logging_mixin.py:151} INFO - [2023-10-01T02:36:52.572-0400] {dag.py:3696} INFO - Setting next_dagrun for example_subdag_operator to 2022-01-01T00:00:00+00:00, run_after=2022-01-01T00:00:00+00:00
[2023-10-01T02:36:52.574-0400] {logging_mixin.py:151} INFO - [2023-10-01T02:36:52.574-0400] {dag.py:3696} INFO - Setting next_dagrun for example_subdag_operator.section-1 to None, run_after=None
[2023-10-01T02:36:52.575-0400] {logging_mixin.py:151} INFO - [2023-10-01T02:36:52.575-0400] {dag.py:3696} INFO - Setting next_dagrun for example_subdag_operator.section-2 to None, run_after=None
[2023-10-01T02:36:52.579-0400] {logging_mixin.py:151} INFO - [2023-10-01T02:36:52.579-0400] {dag.py:2915} INFO - Sync 2 DAGs
[2023-10-01T02:36:52.582-0400] {logging_mixin.py:151} INFO - [2023-10-01T02:36:52.581-0400] {dag.py:3696} INFO - Setting next_dagrun for example_subdag_operator.section-1 to None, run_after=None
[2023-10-01T02:36:52.582-0400] {logging_mixin.py:151} INFO - [2023-10-01T02:36:52.582-0400] {dag.py:3696} INFO - Setting next_dagrun for example_subdag_operator.section-2 to None, run_after=None
[2023-10-01T02:36:52.729-0400] {processor.py:179} INFO - Processing /home/erosennnin/anaconda3/envs/coursera/lib/python3.11/site-packages/airflow/example_dags/example_subdag_operator.py took 0.224 seconds
[2023-10-01T02:37:56.377-0400] {processor.py:157} INFO - Started process (PID=18392) to work on /home/erosennnin/anaconda3/envs/coursera/lib/python3.11/site-packages/airflow/example_dags/example_subdag_operator.py
[2023-10-01T02:37:56.401-0400] {processor.py:829} INFO - Processing file /home/erosennnin/anaconda3/envs/coursera/lib/python3.11/site-packages/airflow/example_dags/example_subdag_operator.py for tasks to queue
[2023-10-01T02:37:56.402-0400] {logging_mixin.py:151} INFO - [2023-10-01T02:37:56.401-0400] {dagbag.py:539} INFO - Filling up the DagBag from /home/erosennnin/anaconda3/envs/coursera/lib/python3.11/site-packages/airflow/example_dags/example_subdag_operator.py
[2023-10-01T02:37:56.436-0400] {processor.py:839} INFO - DAG(s) dict_keys(['example_subdag_operator.section-1', 'example_subdag_operator.section-2', 'example_subdag_operator']) retrieved from /home/erosennnin/anaconda3/envs/coursera/lib/python3.11/site-packages/airflow/example_dags/example_subdag_operator.py
[2023-10-01T02:37:56.463-0400] {logging_mixin.py:151} INFO - [2023-10-01T02:37:56.462-0400] {dag.py:2915} INFO - Sync 3 DAGs
[2023-10-01T02:37:56.476-0400] {logging_mixin.py:151} INFO - [2023-10-01T02:37:56.476-0400] {dag.py:3696} INFO - Setting next_dagrun for example_subdag_operator to 2022-01-01T00:00:00+00:00, run_after=2022-01-01T00:00:00+00:00
[2023-10-01T02:37:56.479-0400] {logging_mixin.py:151} INFO - [2023-10-01T02:37:56.478-0400] {dag.py:3696} INFO - Setting next_dagrun for example_subdag_operator.section-1 to None, run_after=None
[2023-10-01T02:37:56.479-0400] {logging_mixin.py:151} INFO - [2023-10-01T02:37:56.479-0400] {dag.py:3696} INFO - Setting next_dagrun for example_subdag_operator.section-2 to None, run_after=None
[2023-10-01T02:37:56.484-0400] {logging_mixin.py:151} INFO - [2023-10-01T02:37:56.483-0400] {dag.py:2915} INFO - Sync 2 DAGs
[2023-10-01T02:37:56.487-0400] {logging_mixin.py:151} INFO - [2023-10-01T02:37:56.486-0400] {dag.py:3696} INFO - Setting next_dagrun for example_subdag_operator.section-1 to None, run_after=None
[2023-10-01T02:37:56.487-0400] {logging_mixin.py:151} INFO - [2023-10-01T02:37:56.487-0400] {dag.py:3696} INFO - Setting next_dagrun for example_subdag_operator.section-2 to None, run_after=None
[2023-10-01T02:37:56.675-0400] {processor.py:179} INFO - Processing /home/erosennnin/anaconda3/envs/coursera/lib/python3.11/site-packages/airflow/example_dags/example_subdag_operator.py took 0.303 seconds
[2023-10-01T02:38:54.193-0400] {processor.py:157} INFO - Started process (PID=18466) to work on /home/erosennnin/anaconda3/envs/coursera/lib/python3.11/site-packages/airflow/example_dags/example_subdag_operator.py
[2023-10-01T02:38:54.212-0400] {processor.py:829} INFO - Processing file /home/erosennnin/anaconda3/envs/coursera/lib/python3.11/site-packages/airflow/example_dags/example_subdag_operator.py for tasks to queue
[2023-10-01T02:38:54.213-0400] {logging_mixin.py:151} INFO - [2023-10-01T02:38:54.213-0400] {dagbag.py:539} INFO - Filling up the DagBag from /home/erosennnin/anaconda3/envs/coursera/lib/python3.11/site-packages/airflow/example_dags/example_subdag_operator.py
[2023-10-01T02:38:54.245-0400] {processor.py:839} INFO - DAG(s) dict_keys(['example_subdag_operator.section-1', 'example_subdag_operator.section-2', 'example_subdag_operator']) retrieved from /home/erosennnin/anaconda3/envs/coursera/lib/python3.11/site-packages/airflow/example_dags/example_subdag_operator.py
[2023-10-01T02:38:54.270-0400] {logging_mixin.py:151} INFO - [2023-10-01T02:38:54.270-0400] {dag.py:2915} INFO - Sync 3 DAGs
[2023-10-01T02:38:54.283-0400] {logging_mixin.py:151} INFO - [2023-10-01T02:38:54.283-0400] {dag.py:3696} INFO - Setting next_dagrun for example_subdag_operator to 2022-01-01T00:00:00+00:00, run_after=2022-01-01T00:00:00+00:00
[2023-10-01T02:38:54.285-0400] {logging_mixin.py:151} INFO - [2023-10-01T02:38:54.285-0400] {dag.py:3696} INFO - Setting next_dagrun for example_subdag_operator.section-1 to None, run_after=None
[2023-10-01T02:38:54.287-0400] {logging_mixin.py:151} INFO - [2023-10-01T02:38:54.287-0400] {dag.py:3696} INFO - Setting next_dagrun for example_subdag_operator.section-2 to None, run_after=None
[2023-10-01T02:38:54.291-0400] {logging_mixin.py:151} INFO - [2023-10-01T02:38:54.291-0400] {dag.py:2915} INFO - Sync 2 DAGs
[2023-10-01T02:38:54.294-0400] {logging_mixin.py:151} INFO - [2023-10-01T02:38:54.294-0400] {dag.py:3696} INFO - Setting next_dagrun for example_subdag_operator.section-1 to None, run_after=None
[2023-10-01T02:38:54.294-0400] {logging_mixin.py:151} INFO - [2023-10-01T02:38:54.294-0400] {dag.py:3696} INFO - Setting next_dagrun for example_subdag_operator.section-2 to None, run_after=None
[2023-10-01T02:38:54.420-0400] {processor.py:179} INFO - Processing /home/erosennnin/anaconda3/envs/coursera/lib/python3.11/site-packages/airflow/example_dags/example_subdag_operator.py took 0.231 seconds
[2023-10-01T02:39:59.562-0400] {processor.py:157} INFO - Started process (PID=18723) to work on /home/erosennnin/anaconda3/envs/coursera/lib/python3.11/site-packages/airflow/example_dags/example_subdag_operator.py
[2023-10-01T02:39:59.582-0400] {processor.py:829} INFO - Processing file /home/erosennnin/anaconda3/envs/coursera/lib/python3.11/site-packages/airflow/example_dags/example_subdag_operator.py for tasks to queue
[2023-10-01T02:39:59.583-0400] {logging_mixin.py:151} INFO - [2023-10-01T02:39:59.583-0400] {dagbag.py:539} INFO - Filling up the DagBag from /home/erosennnin/anaconda3/envs/coursera/lib/python3.11/site-packages/airflow/example_dags/example_subdag_operator.py
[2023-10-01T02:39:59.616-0400] {processor.py:839} INFO - DAG(s) dict_keys(['example_subdag_operator.section-1', 'example_subdag_operator.section-2', 'example_subdag_operator']) retrieved from /home/erosennnin/anaconda3/envs/coursera/lib/python3.11/site-packages/airflow/example_dags/example_subdag_operator.py
[2023-10-01T02:39:59.641-0400] {logging_mixin.py:151} INFO - [2023-10-01T02:39:59.641-0400] {dag.py:2915} INFO - Sync 3 DAGs
[2023-10-01T02:39:59.654-0400] {logging_mixin.py:151} INFO - [2023-10-01T02:39:59.654-0400] {dag.py:3696} INFO - Setting next_dagrun for example_subdag_operator to 2022-01-01T00:00:00+00:00, run_after=2022-01-01T00:00:00+00:00
[2023-10-01T02:39:59.656-0400] {logging_mixin.py:151} INFO - [2023-10-01T02:39:59.656-0400] {dag.py:3696} INFO - Setting next_dagrun for example_subdag_operator.section-1 to None, run_after=None
[2023-10-01T02:39:59.657-0400] {logging_mixin.py:151} INFO - [2023-10-01T02:39:59.657-0400] {dag.py:3696} INFO - Setting next_dagrun for example_subdag_operator.section-2 to None, run_after=None
[2023-10-01T02:39:59.661-0400] {logging_mixin.py:151} INFO - [2023-10-01T02:39:59.661-0400] {dag.py:2915} INFO - Sync 2 DAGs
[2023-10-01T02:39:59.664-0400] {logging_mixin.py:151} INFO - [2023-10-01T02:39:59.664-0400] {dag.py:3696} INFO - Setting next_dagrun for example_subdag_operator.section-1 to None, run_after=None
[2023-10-01T02:39:59.664-0400] {logging_mixin.py:151} INFO - [2023-10-01T02:39:59.664-0400] {dag.py:3696} INFO - Setting next_dagrun for example_subdag_operator.section-2 to None, run_after=None
[2023-10-01T02:39:59.780-0400] {processor.py:179} INFO - Processing /home/erosennnin/anaconda3/envs/coursera/lib/python3.11/site-packages/airflow/example_dags/example_subdag_operator.py took 0.222 seconds
[2023-10-01T02:40:57.425-0400] {processor.py:157} INFO - Started process (PID=18830) to work on /home/erosennnin/anaconda3/envs/coursera/lib/python3.11/site-packages/airflow/example_dags/example_subdag_operator.py
[2023-10-01T02:40:57.426-0400] {processor.py:829} INFO - Processing file /home/erosennnin/anaconda3/envs/coursera/lib/python3.11/site-packages/airflow/example_dags/example_subdag_operator.py for tasks to queue
[2023-10-01T02:40:57.426-0400] {logging_mixin.py:151} INFO - [2023-10-01T02:40:57.426-0400] {dagbag.py:539} INFO - Filling up the DagBag from /home/erosennnin/anaconda3/envs/coursera/lib/python3.11/site-packages/airflow/example_dags/example_subdag_operator.py
[2023-10-01T02:40:57.441-0400] {processor.py:839} INFO - DAG(s) dict_keys(['example_subdag_operator.section-1', 'example_subdag_operator.section-2', 'example_subdag_operator']) retrieved from /home/erosennnin/anaconda3/envs/coursera/lib/python3.11/site-packages/airflow/example_dags/example_subdag_operator.py
[2023-10-01T02:40:57.451-0400] {logging_mixin.py:151} INFO - [2023-10-01T02:40:57.451-0400] {dag.py:2915} INFO - Sync 3 DAGs
[2023-10-01T02:40:57.464-0400] {logging_mixin.py:151} INFO - [2023-10-01T02:40:57.464-0400] {dag.py:3696} INFO - Setting next_dagrun for example_subdag_operator to 2022-01-01T00:00:00+00:00, run_after=2022-01-01T00:00:00+00:00
[2023-10-01T02:40:57.466-0400] {logging_mixin.py:151} INFO - [2023-10-01T02:40:57.466-0400] {dag.py:3696} INFO - Setting next_dagrun for example_subdag_operator.section-1 to None, run_after=None
[2023-10-01T02:40:57.467-0400] {logging_mixin.py:151} INFO - [2023-10-01T02:40:57.467-0400] {dag.py:3696} INFO - Setting next_dagrun for example_subdag_operator.section-2 to None, run_after=None
[2023-10-01T02:40:57.471-0400] {logging_mixin.py:151} INFO - [2023-10-01T02:40:57.471-0400] {dag.py:2915} INFO - Sync 2 DAGs
[2023-10-01T02:40:57.474-0400] {logging_mixin.py:151} INFO - [2023-10-01T02:40:57.474-0400] {dag.py:3696} INFO - Setting next_dagrun for example_subdag_operator.section-1 to None, run_after=None
[2023-10-01T02:40:57.474-0400] {logging_mixin.py:151} INFO - [2023-10-01T02:40:57.474-0400] {dag.py:3696} INFO - Setting next_dagrun for example_subdag_operator.section-2 to None, run_after=None
[2023-10-01T02:40:57.598-0400] {processor.py:179} INFO - Processing /home/erosennnin/anaconda3/envs/coursera/lib/python3.11/site-packages/airflow/example_dags/example_subdag_operator.py took 0.175 seconds
[2023-10-01T12:38:02.399-0400] {processor.py:157} INFO - Started process (PID=19313) to work on /home/erosennnin/anaconda3/envs/coursera/lib/python3.11/site-packages/airflow/example_dags/example_subdag_operator.py
[2023-10-01T12:38:02.400-0400] {processor.py:829} INFO - Processing file /home/erosennnin/anaconda3/envs/coursera/lib/python3.11/site-packages/airflow/example_dags/example_subdag_operator.py for tasks to queue
[2023-10-01T12:38:02.401-0400] {logging_mixin.py:151} INFO - [2023-10-01T12:38:02.400-0400] {dagbag.py:539} INFO - Filling up the DagBag from /home/erosennnin/anaconda3/envs/coursera/lib/python3.11/site-packages/airflow/example_dags/example_subdag_operator.py
[2023-10-01T12:38:02.430-0400] {processor.py:839} INFO - DAG(s) dict_keys(['example_subdag_operator.section-1', 'example_subdag_operator.section-2', 'example_subdag_operator']) retrieved from /home/erosennnin/anaconda3/envs/coursera/lib/python3.11/site-packages/airflow/example_dags/example_subdag_operator.py
[2023-10-01T12:38:02.450-0400] {logging_mixin.py:151} INFO - [2023-10-01T12:38:02.450-0400] {dag.py:2915} INFO - Sync 3 DAGs
[2023-10-01T12:38:02.475-0400] {logging_mixin.py:151} INFO - [2023-10-01T12:38:02.474-0400] {dag.py:3696} INFO - Setting next_dagrun for example_subdag_operator to 2022-01-01T00:00:00+00:00, run_after=2022-01-01T00:00:00+00:00
[2023-10-01T12:38:02.479-0400] {logging_mixin.py:151} INFO - [2023-10-01T12:38:02.479-0400] {dag.py:3696} INFO - Setting next_dagrun for example_subdag_operator.section-1 to None, run_after=None
[2023-10-01T12:38:02.480-0400] {logging_mixin.py:151} INFO - [2023-10-01T12:38:02.480-0400] {dag.py:3696} INFO - Setting next_dagrun for example_subdag_operator.section-2 to None, run_after=None
[2023-10-01T12:38:02.488-0400] {logging_mixin.py:151} INFO - [2023-10-01T12:38:02.488-0400] {dag.py:2915} INFO - Sync 2 DAGs
[2023-10-01T12:38:02.494-0400] {logging_mixin.py:151} INFO - [2023-10-01T12:38:02.494-0400] {dag.py:3696} INFO - Setting next_dagrun for example_subdag_operator.section-1 to None, run_after=None
[2023-10-01T12:38:02.494-0400] {logging_mixin.py:151} INFO - [2023-10-01T12:38:02.494-0400] {dag.py:3696} INFO - Setting next_dagrun for example_subdag_operator.section-2 to None, run_after=None
[2023-10-01T12:38:02.637-0400] {processor.py:179} INFO - Processing /home/erosennnin/anaconda3/envs/coursera/lib/python3.11/site-packages/airflow/example_dags/example_subdag_operator.py took 0.243 seconds
