[2023-10-01T02:35:47.329-0400] {processor.py:157} INFO - Started process (PID=17964) to work on /home/erosennnin/anaconda3/envs/coursera/lib/python3.11/site-packages/airflow/example_dags/example_trigger_target_dag.py
[2023-10-01T02:35:47.330-0400] {processor.py:829} INFO - Processing file /home/erosennnin/anaconda3/envs/coursera/lib/python3.11/site-packages/airflow/example_dags/example_trigger_target_dag.py for tasks to queue
[2023-10-01T02:35:47.331-0400] {logging_mixin.py:151} INFO - [2023-10-01T02:35:47.330-0400] {dagbag.py:539} INFO - Filling up the DagBag from /home/erosennnin/anaconda3/envs/coursera/lib/python3.11/site-packages/airflow/example_dags/example_trigger_target_dag.py
[2023-10-01T02:35:47.340-0400] {processor.py:839} INFO - DAG(s) dict_keys(['example_trigger_target_dag']) retrieved from /home/erosennnin/anaconda3/envs/coursera/lib/python3.11/site-packages/airflow/example_dags/example_trigger_target_dag.py
[2023-10-01T02:35:47.365-0400] {logging_mixin.py:151} INFO - [2023-10-01T02:35:47.365-0400] {dag.py:2915} INFO - Sync 1 DAGs
[2023-10-01T02:35:47.376-0400] {logging_mixin.py:151} INFO - [2023-10-01T02:35:47.376-0400] {dag.py:3696} INFO - Setting next_dagrun for example_trigger_target_dag to None, run_after=None
[2023-10-01T02:35:47.795-0400] {processor.py:179} INFO - Processing /home/erosennnin/anaconda3/envs/coursera/lib/python3.11/site-packages/airflow/example_dags/example_trigger_target_dag.py took 0.470 seconds
[2023-10-01T02:36:48.669-0400] {processor.py:157} INFO - Started process (PID=18308) to work on /home/erosennnin/anaconda3/envs/coursera/lib/python3.11/site-packages/airflow/example_dags/example_trigger_target_dag.py
[2023-10-01T02:36:48.745-0400] {processor.py:829} INFO - Processing file /home/erosennnin/anaconda3/envs/coursera/lib/python3.11/site-packages/airflow/example_dags/example_trigger_target_dag.py for tasks to queue
[2023-10-01T02:36:48.746-0400] {logging_mixin.py:151} INFO - [2023-10-01T02:36:48.746-0400] {dagbag.py:539} INFO - Filling up the DagBag from /home/erosennnin/anaconda3/envs/coursera/lib/python3.11/site-packages/airflow/example_dags/example_trigger_target_dag.py
[2023-10-01T02:36:48.754-0400] {processor.py:839} INFO - DAG(s) dict_keys(['example_trigger_target_dag']) retrieved from /home/erosennnin/anaconda3/envs/coursera/lib/python3.11/site-packages/airflow/example_dags/example_trigger_target_dag.py
[2023-10-01T02:36:48.777-0400] {logging_mixin.py:151} INFO - [2023-10-01T02:36:48.777-0400] {dag.py:2915} INFO - Sync 1 DAGs
[2023-10-01T02:36:48.796-0400] {logging_mixin.py:151} INFO - [2023-10-01T02:36:48.796-0400] {dag.py:3696} INFO - Setting next_dagrun for example_trigger_target_dag to None, run_after=None
[2023-10-01T02:36:49.043-0400] {processor.py:179} INFO - Processing /home/erosennnin/anaconda3/envs/coursera/lib/python3.11/site-packages/airflow/example_dags/example_trigger_target_dag.py took 0.378 seconds
[2023-10-01T02:37:52.538-0400] {processor.py:157} INFO - Started process (PID=18388) to work on /home/erosennnin/anaconda3/envs/coursera/lib/python3.11/site-packages/airflow/example_dags/example_trigger_target_dag.py
[2023-10-01T02:37:52.547-0400] {processor.py:829} INFO - Processing file /home/erosennnin/anaconda3/envs/coursera/lib/python3.11/site-packages/airflow/example_dags/example_trigger_target_dag.py for tasks to queue
[2023-10-01T02:37:52.549-0400] {logging_mixin.py:151} INFO - [2023-10-01T02:37:52.548-0400] {dagbag.py:539} INFO - Filling up the DagBag from /home/erosennnin/anaconda3/envs/coursera/lib/python3.11/site-packages/airflow/example_dags/example_trigger_target_dag.py
[2023-10-01T02:37:52.557-0400] {processor.py:839} INFO - DAG(s) dict_keys(['example_trigger_target_dag']) retrieved from /home/erosennnin/anaconda3/envs/coursera/lib/python3.11/site-packages/airflow/example_dags/example_trigger_target_dag.py
[2023-10-01T02:37:52.582-0400] {logging_mixin.py:151} INFO - [2023-10-01T02:37:52.582-0400] {dag.py:2915} INFO - Sync 1 DAGs
[2023-10-01T02:37:52.599-0400] {logging_mixin.py:151} INFO - [2023-10-01T02:37:52.599-0400] {dag.py:3696} INFO - Setting next_dagrun for example_trigger_target_dag to None, run_after=None
[2023-10-01T02:37:52.927-0400] {processor.py:179} INFO - Processing /home/erosennnin/anaconda3/envs/coursera/lib/python3.11/site-packages/airflow/example_dags/example_trigger_target_dag.py took 0.392 seconds
[2023-10-01T02:38:51.270-0400] {processor.py:157} INFO - Started process (PID=18462) to work on /home/erosennnin/anaconda3/envs/coursera/lib/python3.11/site-packages/airflow/example_dags/example_trigger_target_dag.py
[2023-10-01T02:38:51.288-0400] {processor.py:829} INFO - Processing file /home/erosennnin/anaconda3/envs/coursera/lib/python3.11/site-packages/airflow/example_dags/example_trigger_target_dag.py for tasks to queue
[2023-10-01T02:38:51.289-0400] {logging_mixin.py:151} INFO - [2023-10-01T02:38:51.288-0400] {dagbag.py:539} INFO - Filling up the DagBag from /home/erosennnin/anaconda3/envs/coursera/lib/python3.11/site-packages/airflow/example_dags/example_trigger_target_dag.py
[2023-10-01T02:38:51.297-0400] {processor.py:839} INFO - DAG(s) dict_keys(['example_trigger_target_dag']) retrieved from /home/erosennnin/anaconda3/envs/coursera/lib/python3.11/site-packages/airflow/example_dags/example_trigger_target_dag.py
[2023-10-01T02:38:51.321-0400] {logging_mixin.py:151} INFO - [2023-10-01T02:38:51.320-0400] {dag.py:2915} INFO - Sync 1 DAGs
[2023-10-01T02:38:51.339-0400] {logging_mixin.py:151} INFO - [2023-10-01T02:38:51.339-0400] {dag.py:3696} INFO - Setting next_dagrun for example_trigger_target_dag to None, run_after=None
[2023-10-01T02:38:51.482-0400] {processor.py:179} INFO - Processing /home/erosennnin/anaconda3/envs/coursera/lib/python3.11/site-packages/airflow/example_dags/example_trigger_target_dag.py took 0.215 seconds
[2023-10-01T02:39:54.837-0400] {processor.py:157} INFO - Started process (PID=18716) to work on /home/erosennnin/anaconda3/envs/coursera/lib/python3.11/site-packages/airflow/example_dags/example_trigger_target_dag.py
[2023-10-01T02:39:54.857-0400] {processor.py:829} INFO - Processing file /home/erosennnin/anaconda3/envs/coursera/lib/python3.11/site-packages/airflow/example_dags/example_trigger_target_dag.py for tasks to queue
[2023-10-01T02:39:54.858-0400] {logging_mixin.py:151} INFO - [2023-10-01T02:39:54.857-0400] {dagbag.py:539} INFO - Filling up the DagBag from /home/erosennnin/anaconda3/envs/coursera/lib/python3.11/site-packages/airflow/example_dags/example_trigger_target_dag.py
[2023-10-01T02:39:54.863-0400] {processor.py:839} INFO - DAG(s) dict_keys(['example_trigger_target_dag']) retrieved from /home/erosennnin/anaconda3/envs/coursera/lib/python3.11/site-packages/airflow/example_dags/example_trigger_target_dag.py
[2023-10-01T02:39:54.874-0400] {logging_mixin.py:151} INFO - [2023-10-01T02:39:54.873-0400] {dag.py:2915} INFO - Sync 1 DAGs
[2023-10-01T02:39:54.881-0400] {logging_mixin.py:151} INFO - [2023-10-01T02:39:54.881-0400] {dag.py:3696} INFO - Setting next_dagrun for example_trigger_target_dag to None, run_after=None
[2023-10-01T02:39:55.462-0400] {processor.py:179} INFO - Processing /home/erosennnin/anaconda3/envs/coursera/lib/python3.11/site-packages/airflow/example_dags/example_trigger_target_dag.py took 0.628 seconds
[2023-10-01T02:40:54.679-0400] {processor.py:157} INFO - Started process (PID=18825) to work on /home/erosennnin/anaconda3/envs/coursera/lib/python3.11/site-packages/airflow/example_dags/example_trigger_target_dag.py
[2023-10-01T02:40:54.699-0400] {processor.py:829} INFO - Processing file /home/erosennnin/anaconda3/envs/coursera/lib/python3.11/site-packages/airflow/example_dags/example_trigger_target_dag.py for tasks to queue
[2023-10-01T02:40:54.701-0400] {logging_mixin.py:151} INFO - [2023-10-01T02:40:54.700-0400] {dagbag.py:539} INFO - Filling up the DagBag from /home/erosennnin/anaconda3/envs/coursera/lib/python3.11/site-packages/airflow/example_dags/example_trigger_target_dag.py
[2023-10-01T02:40:54.709-0400] {processor.py:839} INFO - DAG(s) dict_keys(['example_trigger_target_dag']) retrieved from /home/erosennnin/anaconda3/envs/coursera/lib/python3.11/site-packages/airflow/example_dags/example_trigger_target_dag.py
[2023-10-01T02:40:54.732-0400] {logging_mixin.py:151} INFO - [2023-10-01T02:40:54.732-0400] {dag.py:2915} INFO - Sync 1 DAGs
[2023-10-01T02:40:54.752-0400] {logging_mixin.py:151} INFO - [2023-10-01T02:40:54.751-0400] {dag.py:3696} INFO - Setting next_dagrun for example_trigger_target_dag to None, run_after=None
[2023-10-01T02:40:54.863-0400] {processor.py:179} INFO - Processing /home/erosennnin/anaconda3/envs/coursera/lib/python3.11/site-packages/airflow/example_dags/example_trigger_target_dag.py took 0.188 seconds
[2023-10-01T12:37:59.185-0400] {processor.py:157} INFO - Started process (PID=19307) to work on /home/erosennnin/anaconda3/envs/coursera/lib/python3.11/site-packages/airflow/example_dags/example_trigger_target_dag.py
[2023-10-01T12:37:59.186-0400] {processor.py:829} INFO - Processing file /home/erosennnin/anaconda3/envs/coursera/lib/python3.11/site-packages/airflow/example_dags/example_trigger_target_dag.py for tasks to queue
[2023-10-01T12:37:59.187-0400] {logging_mixin.py:151} INFO - [2023-10-01T12:37:59.187-0400] {dagbag.py:539} INFO - Filling up the DagBag from /home/erosennnin/anaconda3/envs/coursera/lib/python3.11/site-packages/airflow/example_dags/example_trigger_target_dag.py
[2023-10-01T12:37:59.195-0400] {processor.py:839} INFO - DAG(s) dict_keys(['example_trigger_target_dag']) retrieved from /home/erosennnin/anaconda3/envs/coursera/lib/python3.11/site-packages/airflow/example_dags/example_trigger_target_dag.py
[2023-10-01T12:37:59.216-0400] {logging_mixin.py:151} INFO - [2023-10-01T12:37:59.216-0400] {dag.py:2915} INFO - Sync 1 DAGs
[2023-10-01T12:37:59.231-0400] {logging_mixin.py:151} INFO - [2023-10-01T12:37:59.231-0400] {dag.py:3696} INFO - Setting next_dagrun for example_trigger_target_dag to None, run_after=None
[2023-10-01T12:37:59.356-0400] {processor.py:179} INFO - Processing /home/erosennnin/anaconda3/envs/coursera/lib/python3.11/site-packages/airflow/example_dags/example_trigger_target_dag.py took 0.175 seconds
