[2023-10-01T02:35:50.053-0400] {processor.py:157} INFO - Started process (PID=17967) to work on /home/erosennnin/anaconda3/envs/coursera/lib/python3.11/site-packages/airflow/example_dags/example_sla_dag.py
[2023-10-01T02:35:50.054-0400] {processor.py:829} INFO - Processing file /home/erosennnin/anaconda3/envs/coursera/lib/python3.11/site-packages/airflow/example_dags/example_sla_dag.py for tasks to queue
[2023-10-01T02:35:50.055-0400] {logging_mixin.py:151} INFO - [2023-10-01T02:35:50.055-0400] {dagbag.py:539} INFO - Filling up the DagBag from /home/erosennnin/anaconda3/envs/coursera/lib/python3.11/site-packages/airflow/example_dags/example_sla_dag.py
[2023-10-01T02:35:50.069-0400] {processor.py:839} INFO - DAG(s) dict_keys(['example_sla_dag']) retrieved from /home/erosennnin/anaconda3/envs/coursera/lib/python3.11/site-packages/airflow/example_dags/example_sla_dag.py
[2023-10-01T02:35:50.093-0400] {logging_mixin.py:151} INFO - [2023-10-01T02:35:50.093-0400] {dag.py:2915} INFO - Sync 1 DAGs
[2023-10-01T02:35:50.110-0400] {logging_mixin.py:151} INFO - [2023-10-01T02:35:50.109-0400] {dag.py:3696} INFO - Setting next_dagrun for example_sla_dag to 2023-10-01T06:32:00+00:00, run_after=2023-10-01T06:34:00+00:00
[2023-10-01T02:35:50.460-0400] {processor.py:179} INFO - Processing /home/erosennnin/anaconda3/envs/coursera/lib/python3.11/site-packages/airflow/example_dags/example_sla_dag.py took 0.410 seconds
[2023-10-01T02:36:50.124-0400] {processor.py:157} INFO - Started process (PID=18309) to work on /home/erosennnin/anaconda3/envs/coursera/lib/python3.11/site-packages/airflow/example_dags/example_sla_dag.py
[2023-10-01T02:36:50.125-0400] {processor.py:829} INFO - Processing file /home/erosennnin/anaconda3/envs/coursera/lib/python3.11/site-packages/airflow/example_dags/example_sla_dag.py for tasks to queue
[2023-10-01T02:36:50.126-0400] {logging_mixin.py:151} INFO - [2023-10-01T02:36:50.126-0400] {dagbag.py:539} INFO - Filling up the DagBag from /home/erosennnin/anaconda3/envs/coursera/lib/python3.11/site-packages/airflow/example_dags/example_sla_dag.py
[2023-10-01T02:36:50.139-0400] {processor.py:839} INFO - DAG(s) dict_keys(['example_sla_dag']) retrieved from /home/erosennnin/anaconda3/envs/coursera/lib/python3.11/site-packages/airflow/example_dags/example_sla_dag.py
[2023-10-01T02:36:50.163-0400] {logging_mixin.py:151} INFO - [2023-10-01T02:36:50.162-0400] {dag.py:2915} INFO - Sync 1 DAGs
[2023-10-01T02:36:50.180-0400] {logging_mixin.py:151} INFO - [2023-10-01T02:36:50.179-0400] {dag.py:3696} INFO - Setting next_dagrun for example_sla_dag to 2023-10-01T06:34:00+00:00, run_after=2023-10-01T06:36:00+00:00
[2023-10-01T02:36:50.312-0400] {processor.py:179} INFO - Processing /home/erosennnin/anaconda3/envs/coursera/lib/python3.11/site-packages/airflow/example_dags/example_sla_dag.py took 0.192 seconds
[2023-10-01T02:37:53.981-0400] {processor.py:157} INFO - Started process (PID=18389) to work on /home/erosennnin/anaconda3/envs/coursera/lib/python3.11/site-packages/airflow/example_dags/example_sla_dag.py
[2023-10-01T02:37:54.012-0400] {processor.py:829} INFO - Processing file /home/erosennnin/anaconda3/envs/coursera/lib/python3.11/site-packages/airflow/example_dags/example_sla_dag.py for tasks to queue
[2023-10-01T02:37:54.013-0400] {logging_mixin.py:151} INFO - [2023-10-01T02:37:54.013-0400] {dagbag.py:539} INFO - Filling up the DagBag from /home/erosennnin/anaconda3/envs/coursera/lib/python3.11/site-packages/airflow/example_dags/example_sla_dag.py
[2023-10-01T02:37:54.024-0400] {processor.py:839} INFO - DAG(s) dict_keys(['example_sla_dag']) retrieved from /home/erosennnin/anaconda3/envs/coursera/lib/python3.11/site-packages/airflow/example_dags/example_sla_dag.py
[2023-10-01T02:37:54.034-0400] {logging_mixin.py:151} INFO - [2023-10-01T02:37:54.034-0400] {dag.py:2915} INFO - Sync 1 DAGs
[2023-10-01T02:37:54.049-0400] {logging_mixin.py:151} INFO - [2023-10-01T02:37:54.048-0400] {dag.py:3696} INFO - Setting next_dagrun for example_sla_dag to 2023-10-01T06:34:00+00:00, run_after=2023-10-01T06:36:00+00:00
[2023-10-01T02:37:54.150-0400] {processor.py:179} INFO - Processing /home/erosennnin/anaconda3/envs/coursera/lib/python3.11/site-packages/airflow/example_dags/example_sla_dag.py took 0.173 seconds
[2023-10-01T02:38:52.617-0400] {processor.py:157} INFO - Started process (PID=18464) to work on /home/erosennnin/anaconda3/envs/coursera/lib/python3.11/site-packages/airflow/example_dags/example_sla_dag.py
[2023-10-01T02:38:52.618-0400] {processor.py:829} INFO - Processing file /home/erosennnin/anaconda3/envs/coursera/lib/python3.11/site-packages/airflow/example_dags/example_sla_dag.py for tasks to queue
[2023-10-01T02:38:52.619-0400] {logging_mixin.py:151} INFO - [2023-10-01T02:38:52.619-0400] {dagbag.py:539} INFO - Filling up the DagBag from /home/erosennnin/anaconda3/envs/coursera/lib/python3.11/site-packages/airflow/example_dags/example_sla_dag.py
[2023-10-01T02:38:52.633-0400] {processor.py:839} INFO - DAG(s) dict_keys(['example_sla_dag']) retrieved from /home/erosennnin/anaconda3/envs/coursera/lib/python3.11/site-packages/airflow/example_dags/example_sla_dag.py
[2023-10-01T02:38:52.655-0400] {logging_mixin.py:151} INFO - [2023-10-01T02:38:52.655-0400] {dag.py:2915} INFO - Sync 1 DAGs
[2023-10-01T02:38:52.674-0400] {logging_mixin.py:151} INFO - [2023-10-01T02:38:52.674-0400] {dag.py:3696} INFO - Setting next_dagrun for example_sla_dag to 2023-10-01T06:36:00+00:00, run_after=2023-10-01T06:38:00+00:00
[2023-10-01T02:38:52.804-0400] {processor.py:179} INFO - Processing /home/erosennnin/anaconda3/envs/coursera/lib/python3.11/site-packages/airflow/example_dags/example_sla_dag.py took 0.191 seconds
[2023-10-01T02:39:56.600-0400] {processor.py:157} INFO - Started process (PID=18720) to work on /home/erosennnin/anaconda3/envs/coursera/lib/python3.11/site-packages/airflow/example_dags/example_sla_dag.py
[2023-10-01T02:39:56.683-0400] {processor.py:829} INFO - Processing file /home/erosennnin/anaconda3/envs/coursera/lib/python3.11/site-packages/airflow/example_dags/example_sla_dag.py for tasks to queue
[2023-10-01T02:39:56.684-0400] {logging_mixin.py:151} INFO - [2023-10-01T02:39:56.684-0400] {dagbag.py:539} INFO - Filling up the DagBag from /home/erosennnin/anaconda3/envs/coursera/lib/python3.11/site-packages/airflow/example_dags/example_sla_dag.py
[2023-10-01T02:39:56.691-0400] {processor.py:839} INFO - DAG(s) dict_keys(['example_sla_dag']) retrieved from /home/erosennnin/anaconda3/envs/coursera/lib/python3.11/site-packages/airflow/example_dags/example_sla_dag.py
[2023-10-01T02:39:56.702-0400] {logging_mixin.py:151} INFO - [2023-10-01T02:39:56.701-0400] {dag.py:2915} INFO - Sync 1 DAGs
[2023-10-01T02:39:56.721-0400] {logging_mixin.py:151} INFO - [2023-10-01T02:39:56.720-0400] {dag.py:3696} INFO - Setting next_dagrun for example_sla_dag to 2023-10-01T06:36:00+00:00, run_after=2023-10-01T06:38:00+00:00
[2023-10-01T02:39:57.534-0400] {processor.py:179} INFO - Processing /home/erosennnin/anaconda3/envs/coursera/lib/python3.11/site-packages/airflow/example_dags/example_sla_dag.py took 0.938 seconds
[2023-10-01T02:40:55.933-0400] {processor.py:157} INFO - Started process (PID=18826) to work on /home/erosennnin/anaconda3/envs/coursera/lib/python3.11/site-packages/airflow/example_dags/example_sla_dag.py
[2023-10-01T02:40:55.948-0400] {processor.py:829} INFO - Processing file /home/erosennnin/anaconda3/envs/coursera/lib/python3.11/site-packages/airflow/example_dags/example_sla_dag.py for tasks to queue
[2023-10-01T02:40:55.949-0400] {logging_mixin.py:151} INFO - [2023-10-01T02:40:55.948-0400] {dagbag.py:539} INFO - Filling up the DagBag from /home/erosennnin/anaconda3/envs/coursera/lib/python3.11/site-packages/airflow/example_dags/example_sla_dag.py
[2023-10-01T02:40:55.962-0400] {processor.py:839} INFO - DAG(s) dict_keys(['example_sla_dag']) retrieved from /home/erosennnin/anaconda3/envs/coursera/lib/python3.11/site-packages/airflow/example_dags/example_sla_dag.py
[2023-10-01T02:40:55.985-0400] {logging_mixin.py:151} INFO - [2023-10-01T02:40:55.985-0400] {dag.py:2915} INFO - Sync 1 DAGs
[2023-10-01T02:40:56.003-0400] {logging_mixin.py:151} INFO - [2023-10-01T02:40:56.003-0400] {dag.py:3696} INFO - Setting next_dagrun for example_sla_dag to 2023-10-01T06:38:00+00:00, run_after=2023-10-01T06:40:00+00:00
[2023-10-01T02:40:56.128-0400] {processor.py:179} INFO - Processing /home/erosennnin/anaconda3/envs/coursera/lib/python3.11/site-packages/airflow/example_dags/example_sla_dag.py took 0.199 seconds
[2023-10-01T12:38:00.456-0400] {processor.py:157} INFO - Started process (PID=19309) to work on /home/erosennnin/anaconda3/envs/coursera/lib/python3.11/site-packages/airflow/example_dags/example_sla_dag.py
[2023-10-01T12:38:00.457-0400] {processor.py:829} INFO - Processing file /home/erosennnin/anaconda3/envs/coursera/lib/python3.11/site-packages/airflow/example_dags/example_sla_dag.py for tasks to queue
[2023-10-01T12:38:00.458-0400] {logging_mixin.py:151} INFO - [2023-10-01T12:38:00.458-0400] {dagbag.py:539} INFO - Filling up the DagBag from /home/erosennnin/anaconda3/envs/coursera/lib/python3.11/site-packages/airflow/example_dags/example_sla_dag.py
[2023-10-01T12:38:00.469-0400] {processor.py:839} INFO - DAG(s) dict_keys(['example_sla_dag']) retrieved from /home/erosennnin/anaconda3/envs/coursera/lib/python3.11/site-packages/airflow/example_dags/example_sla_dag.py
[2023-10-01T12:38:00.489-0400] {logging_mixin.py:151} INFO - [2023-10-01T12:38:00.488-0400] {dag.py:2915} INFO - Sync 1 DAGs
[2023-10-01T12:38:00.517-0400] {logging_mixin.py:151} INFO - [2023-10-01T12:38:00.517-0400] {dag.py:3696} INFO - Setting next_dagrun for example_sla_dag to 2023-10-01T16:36:00+00:00, run_after=2023-10-01T16:38:00+00:00
[2023-10-01T12:38:00.655-0400] {processor.py:179} INFO - Processing /home/erosennnin/anaconda3/envs/coursera/lib/python3.11/site-packages/airflow/example_dags/example_sla_dag.py took 0.202 seconds
