[2023-10-01T02:36:19.378-0400] {processor.py:157} INFO - Started process (PID=18274) to work on /home/erosennnin/anaconda3/envs/coursera/lib/python3.11/site-packages/airflow/example_dags/example_setup_teardown_taskflow.py
[2023-10-01T02:36:19.379-0400] {processor.py:829} INFO - Processing file /home/erosennnin/anaconda3/envs/coursera/lib/python3.11/site-packages/airflow/example_dags/example_setup_teardown_taskflow.py for tasks to queue
[2023-10-01T02:36:19.380-0400] {logging_mixin.py:151} INFO - [2023-10-01T02:36:19.380-0400] {dagbag.py:539} INFO - Filling up the DagBag from /home/erosennnin/anaconda3/envs/coursera/lib/python3.11/site-packages/airflow/example_dags/example_setup_teardown_taskflow.py
[2023-10-01T02:36:19.396-0400] {processor.py:839} INFO - DAG(s) dict_keys(['example_setup_teardown_taskflow']) retrieved from /home/erosennnin/anaconda3/envs/coursera/lib/python3.11/site-packages/airflow/example_dags/example_setup_teardown_taskflow.py
[2023-10-01T02:36:19.423-0400] {logging_mixin.py:151} INFO - [2023-10-01T02:36:19.423-0400] {dag.py:2915} INFO - Sync 1 DAGs
[2023-10-01T02:36:19.438-0400] {logging_mixin.py:151} INFO - [2023-10-01T02:36:19.437-0400] {dag.py:3696} INFO - Setting next_dagrun for example_setup_teardown_taskflow to 2023-09-30T06:36:19.437705+00:00, run_after=2023-10-01T06:36:19.437705+00:00
[2023-10-01T02:36:19.692-0400] {processor.py:179} INFO - Processing /home/erosennnin/anaconda3/envs/coursera/lib/python3.11/site-packages/airflow/example_dags/example_setup_teardown_taskflow.py took 0.317 seconds
[2023-10-01T02:37:26.307-0400] {processor.py:157} INFO - Started process (PID=18358) to work on /home/erosennnin/anaconda3/envs/coursera/lib/python3.11/site-packages/airflow/example_dags/example_setup_teardown_taskflow.py
[2023-10-01T02:37:26.323-0400] {processor.py:829} INFO - Processing file /home/erosennnin/anaconda3/envs/coursera/lib/python3.11/site-packages/airflow/example_dags/example_setup_teardown_taskflow.py for tasks to queue
[2023-10-01T02:37:26.324-0400] {logging_mixin.py:151} INFO - [2023-10-01T02:37:26.323-0400] {dagbag.py:539} INFO - Filling up the DagBag from /home/erosennnin/anaconda3/envs/coursera/lib/python3.11/site-packages/airflow/example_dags/example_setup_teardown_taskflow.py
[2023-10-01T02:37:26.340-0400] {processor.py:839} INFO - DAG(s) dict_keys(['example_setup_teardown_taskflow']) retrieved from /home/erosennnin/anaconda3/envs/coursera/lib/python3.11/site-packages/airflow/example_dags/example_setup_teardown_taskflow.py
[2023-10-01T02:37:26.369-0400] {logging_mixin.py:151} INFO - [2023-10-01T02:37:26.368-0400] {dag.py:2915} INFO - Sync 1 DAGs
[2023-10-01T02:37:26.390-0400] {logging_mixin.py:151} INFO - [2023-10-01T02:37:26.390-0400] {dag.py:3696} INFO - Setting next_dagrun for example_setup_teardown_taskflow to 2023-09-30T06:37:26.390126+00:00, run_after=2023-10-01T06:37:26.390126+00:00
[2023-10-01T02:37:26.646-0400] {processor.py:179} INFO - Processing /home/erosennnin/anaconda3/envs/coursera/lib/python3.11/site-packages/airflow/example_dags/example_setup_teardown_taskflow.py took 0.342 seconds
[2023-10-01T02:38:25.996-0400] {processor.py:157} INFO - Started process (PID=18434) to work on /home/erosennnin/anaconda3/envs/coursera/lib/python3.11/site-packages/airflow/example_dags/example_setup_teardown_taskflow.py
[2023-10-01T02:38:25.997-0400] {processor.py:829} INFO - Processing file /home/erosennnin/anaconda3/envs/coursera/lib/python3.11/site-packages/airflow/example_dags/example_setup_teardown_taskflow.py for tasks to queue
[2023-10-01T02:38:25.998-0400] {logging_mixin.py:151} INFO - [2023-10-01T02:38:25.997-0400] {dagbag.py:539} INFO - Filling up the DagBag from /home/erosennnin/anaconda3/envs/coursera/lib/python3.11/site-packages/airflow/example_dags/example_setup_teardown_taskflow.py
[2023-10-01T02:38:26.014-0400] {processor.py:839} INFO - DAG(s) dict_keys(['example_setup_teardown_taskflow']) retrieved from /home/erosennnin/anaconda3/envs/coursera/lib/python3.11/site-packages/airflow/example_dags/example_setup_teardown_taskflow.py
[2023-10-01T02:38:26.039-0400] {logging_mixin.py:151} INFO - [2023-10-01T02:38:26.039-0400] {dag.py:2915} INFO - Sync 1 DAGs
[2023-10-01T02:38:26.054-0400] {logging_mixin.py:151} INFO - [2023-10-01T02:38:26.054-0400] {dag.py:3696} INFO - Setting next_dagrun for example_setup_teardown_taskflow to 2023-09-30T06:38:26.053854+00:00, run_after=2023-10-01T06:38:26.053854+00:00
[2023-10-01T02:38:26.190-0400] {processor.py:179} INFO - Processing /home/erosennnin/anaconda3/envs/coursera/lib/python3.11/site-packages/airflow/example_dags/example_setup_teardown_taskflow.py took 0.197 seconds
[2023-10-01T02:39:25.242-0400] {processor.py:157} INFO - Started process (PID=18655) to work on /home/erosennnin/anaconda3/envs/coursera/lib/python3.11/site-packages/airflow/example_dags/example_setup_teardown_taskflow.py
[2023-10-01T02:39:25.243-0400] {processor.py:829} INFO - Processing file /home/erosennnin/anaconda3/envs/coursera/lib/python3.11/site-packages/airflow/example_dags/example_setup_teardown_taskflow.py for tasks to queue
[2023-10-01T02:39:25.244-0400] {logging_mixin.py:151} INFO - [2023-10-01T02:39:25.244-0400] {dagbag.py:539} INFO - Filling up the DagBag from /home/erosennnin/anaconda3/envs/coursera/lib/python3.11/site-packages/airflow/example_dags/example_setup_teardown_taskflow.py
[2023-10-01T02:39:25.261-0400] {processor.py:839} INFO - DAG(s) dict_keys(['example_setup_teardown_taskflow']) retrieved from /home/erosennnin/anaconda3/envs/coursera/lib/python3.11/site-packages/airflow/example_dags/example_setup_teardown_taskflow.py
[2023-10-01T02:39:25.286-0400] {logging_mixin.py:151} INFO - [2023-10-01T02:39:25.286-0400] {dag.py:2915} INFO - Sync 1 DAGs
[2023-10-01T02:39:25.299-0400] {logging_mixin.py:151} INFO - [2023-10-01T02:39:25.299-0400] {dag.py:3696} INFO - Setting next_dagrun for example_setup_teardown_taskflow to 2023-09-30T06:39:25.299205+00:00, run_after=2023-10-01T06:39:25.299205+00:00
[2023-10-01T02:39:25.442-0400] {processor.py:179} INFO - Processing /home/erosennnin/anaconda3/envs/coursera/lib/python3.11/site-packages/airflow/example_dags/example_setup_teardown_taskflow.py took 0.204 seconds
[2023-10-01T02:40:29.745-0400] {processor.py:157} INFO - Started process (PID=18781) to work on /home/erosennnin/anaconda3/envs/coursera/lib/python3.11/site-packages/airflow/example_dags/example_setup_teardown_taskflow.py
[2023-10-01T02:40:29.747-0400] {processor.py:829} INFO - Processing file /home/erosennnin/anaconda3/envs/coursera/lib/python3.11/site-packages/airflow/example_dags/example_setup_teardown_taskflow.py for tasks to queue
[2023-10-01T02:40:29.748-0400] {logging_mixin.py:151} INFO - [2023-10-01T02:40:29.747-0400] {dagbag.py:539} INFO - Filling up the DagBag from /home/erosennnin/anaconda3/envs/coursera/lib/python3.11/site-packages/airflow/example_dags/example_setup_teardown_taskflow.py
[2023-10-01T02:40:29.764-0400] {processor.py:839} INFO - DAG(s) dict_keys(['example_setup_teardown_taskflow']) retrieved from /home/erosennnin/anaconda3/envs/coursera/lib/python3.11/site-packages/airflow/example_dags/example_setup_teardown_taskflow.py
[2023-10-01T02:40:29.789-0400] {logging_mixin.py:151} INFO - [2023-10-01T02:40:29.788-0400] {dag.py:2915} INFO - Sync 1 DAGs
[2023-10-01T02:40:29.802-0400] {logging_mixin.py:151} INFO - [2023-10-01T02:40:29.802-0400] {dag.py:3696} INFO - Setting next_dagrun for example_setup_teardown_taskflow to 2023-09-30T06:40:29.802258+00:00, run_after=2023-10-01T06:40:29.802258+00:00
[2023-10-01T02:40:29.947-0400] {processor.py:179} INFO - Processing /home/erosennnin/anaconda3/envs/coursera/lib/python3.11/site-packages/airflow/example_dags/example_setup_teardown_taskflow.py took 0.205 seconds
[2023-10-01T02:41:28.663-0400] {processor.py:157} INFO - Started process (PID=18879) to work on /home/erosennnin/anaconda3/envs/coursera/lib/python3.11/site-packages/airflow/example_dags/example_setup_teardown_taskflow.py
[2023-10-01T02:41:28.664-0400] {processor.py:829} INFO - Processing file /home/erosennnin/anaconda3/envs/coursera/lib/python3.11/site-packages/airflow/example_dags/example_setup_teardown_taskflow.py for tasks to queue
[2023-10-01T02:41:28.666-0400] {logging_mixin.py:151} INFO - [2023-10-01T02:41:28.665-0400] {dagbag.py:539} INFO - Filling up the DagBag from /home/erosennnin/anaconda3/envs/coursera/lib/python3.11/site-packages/airflow/example_dags/example_setup_teardown_taskflow.py
[2023-10-01T02:41:28.683-0400] {processor.py:839} INFO - DAG(s) dict_keys(['example_setup_teardown_taskflow']) retrieved from /home/erosennnin/anaconda3/envs/coursera/lib/python3.11/site-packages/airflow/example_dags/example_setup_teardown_taskflow.py
[2023-10-01T02:41:28.707-0400] {logging_mixin.py:151} INFO - [2023-10-01T02:41:28.707-0400] {dag.py:2915} INFO - Sync 1 DAGs
[2023-10-01T02:41:28.720-0400] {logging_mixin.py:151} INFO - [2023-10-01T02:41:28.720-0400] {dag.py:3696} INFO - Setting next_dagrun for example_setup_teardown_taskflow to 2023-09-30T06:41:28.719884+00:00, run_after=2023-10-01T06:41:28.719884+00:00
[2023-10-01T02:41:28.865-0400] {processor.py:179} INFO - Processing /home/erosennnin/anaconda3/envs/coursera/lib/python3.11/site-packages/airflow/example_dags/example_setup_teardown_taskflow.py took 0.206 seconds
