[2023-10-01T02:35:58.282-0400] {processor.py:157} INFO - Started process (PID=18052) to work on /home/erosennnin/anaconda3/envs/coursera/lib/python3.11/site-packages/airflow/example_dags/example_xcom.py
[2023-10-01T02:35:58.283-0400] {processor.py:829} INFO - Processing file /home/erosennnin/anaconda3/envs/coursera/lib/python3.11/site-packages/airflow/example_dags/example_xcom.py for tasks to queue
[2023-10-01T02:35:58.284-0400] {logging_mixin.py:151} INFO - [2023-10-01T02:35:58.284-0400] {dagbag.py:539} INFO - Filling up the DagBag from /home/erosennnin/anaconda3/envs/coursera/lib/python3.11/site-packages/airflow/example_dags/example_xcom.py
[2023-10-01T02:35:58.297-0400] {processor.py:839} INFO - DAG(s) dict_keys(['example_xcom']) retrieved from /home/erosennnin/anaconda3/envs/coursera/lib/python3.11/site-packages/airflow/example_dags/example_xcom.py
[2023-10-01T02:35:58.313-0400] {logging_mixin.py:151} INFO - [2023-10-01T02:35:58.313-0400] {dag.py:2915} INFO - Sync 1 DAGs
[2023-10-01T02:35:58.327-0400] {logging_mixin.py:151} INFO - [2023-10-01T02:35:58.327-0400] {dag.py:3696} INFO - Setting next_dagrun for example_xcom to 2021-01-01T00:00:00+00:00, run_after=2021-01-01T00:00:00+00:00
[2023-10-01T02:35:58.458-0400] {processor.py:179} INFO - Processing /home/erosennnin/anaconda3/envs/coursera/lib/python3.11/site-packages/airflow/example_dags/example_xcom.py took 0.181 seconds
[2023-10-01T02:36:58.534-0400] {processor.py:157} INFO - Started process (PID=18321) to work on /home/erosennnin/anaconda3/envs/coursera/lib/python3.11/site-packages/airflow/example_dags/example_xcom.py
[2023-10-01T02:36:58.539-0400] {processor.py:829} INFO - Processing file /home/erosennnin/anaconda3/envs/coursera/lib/python3.11/site-packages/airflow/example_dags/example_xcom.py for tasks to queue
[2023-10-01T02:36:58.540-0400] {logging_mixin.py:151} INFO - [2023-10-01T02:36:58.540-0400] {dagbag.py:539} INFO - Filling up the DagBag from /home/erosennnin/anaconda3/envs/coursera/lib/python3.11/site-packages/airflow/example_dags/example_xcom.py
[2023-10-01T02:36:58.553-0400] {processor.py:839} INFO - DAG(s) dict_keys(['example_xcom']) retrieved from /home/erosennnin/anaconda3/envs/coursera/lib/python3.11/site-packages/airflow/example_dags/example_xcom.py
[2023-10-01T02:36:58.581-0400] {logging_mixin.py:151} INFO - [2023-10-01T02:36:58.581-0400] {dag.py:2915} INFO - Sync 1 DAGs
[2023-10-01T02:36:58.596-0400] {logging_mixin.py:151} INFO - [2023-10-01T02:36:58.596-0400] {dag.py:3696} INFO - Setting next_dagrun for example_xcom to 2021-01-01T00:00:00+00:00, run_after=2021-01-01T00:00:00+00:00
[2023-10-01T02:36:58.732-0400] {processor.py:179} INFO - Processing /home/erosennnin/anaconda3/envs/coursera/lib/python3.11/site-packages/airflow/example_dags/example_xcom.py took 0.203 seconds
[2023-10-01T02:38:03.004-0400] {processor.py:157} INFO - Started process (PID=18401) to work on /home/erosennnin/anaconda3/envs/coursera/lib/python3.11/site-packages/airflow/example_dags/example_xcom.py
[2023-10-01T02:38:03.005-0400] {processor.py:829} INFO - Processing file /home/erosennnin/anaconda3/envs/coursera/lib/python3.11/site-packages/airflow/example_dags/example_xcom.py for tasks to queue
[2023-10-01T02:38:03.006-0400] {logging_mixin.py:151} INFO - [2023-10-01T02:38:03.006-0400] {dagbag.py:539} INFO - Filling up the DagBag from /home/erosennnin/anaconda3/envs/coursera/lib/python3.11/site-packages/airflow/example_dags/example_xcom.py
[2023-10-01T02:38:03.018-0400] {processor.py:839} INFO - DAG(s) dict_keys(['example_xcom']) retrieved from /home/erosennnin/anaconda3/envs/coursera/lib/python3.11/site-packages/airflow/example_dags/example_xcom.py
[2023-10-01T02:38:03.044-0400] {logging_mixin.py:151} INFO - [2023-10-01T02:38:03.044-0400] {dag.py:2915} INFO - Sync 1 DAGs
[2023-10-01T02:38:03.057-0400] {logging_mixin.py:151} INFO - [2023-10-01T02:38:03.057-0400] {dag.py:3696} INFO - Setting next_dagrun for example_xcom to 2021-01-01T00:00:00+00:00, run_after=2021-01-01T00:00:00+00:00
[2023-10-01T02:38:03.189-0400] {processor.py:179} INFO - Processing /home/erosennnin/anaconda3/envs/coursera/lib/python3.11/site-packages/airflow/example_dags/example_xcom.py took 0.189 seconds
[2023-10-01T02:39:00.568-0400] {processor.py:157} INFO - Started process (PID=18473) to work on /home/erosennnin/anaconda3/envs/coursera/lib/python3.11/site-packages/airflow/example_dags/example_xcom.py
[2023-10-01T02:39:00.569-0400] {processor.py:829} INFO - Processing file /home/erosennnin/anaconda3/envs/coursera/lib/python3.11/site-packages/airflow/example_dags/example_xcom.py for tasks to queue
[2023-10-01T02:39:00.570-0400] {logging_mixin.py:151} INFO - [2023-10-01T02:39:00.570-0400] {dagbag.py:539} INFO - Filling up the DagBag from /home/erosennnin/anaconda3/envs/coursera/lib/python3.11/site-packages/airflow/example_dags/example_xcom.py
[2023-10-01T02:39:00.582-0400] {processor.py:839} INFO - DAG(s) dict_keys(['example_xcom']) retrieved from /home/erosennnin/anaconda3/envs/coursera/lib/python3.11/site-packages/airflow/example_dags/example_xcom.py
[2023-10-01T02:39:00.607-0400] {logging_mixin.py:151} INFO - [2023-10-01T02:39:00.607-0400] {dag.py:2915} INFO - Sync 1 DAGs
[2023-10-01T02:39:00.624-0400] {logging_mixin.py:151} INFO - [2023-10-01T02:39:00.624-0400] {dag.py:3696} INFO - Setting next_dagrun for example_xcom to 2021-01-01T00:00:00+00:00, run_after=2021-01-01T00:00:00+00:00
[2023-10-01T02:39:00.745-0400] {processor.py:179} INFO - Processing /home/erosennnin/anaconda3/envs/coursera/lib/python3.11/site-packages/airflow/example_dags/example_xcom.py took 0.181 seconds
[2023-10-01T02:40:05.364-0400] {processor.py:157} INFO - Started process (PID=18729) to work on /home/erosennnin/anaconda3/envs/coursera/lib/python3.11/site-packages/airflow/example_dags/example_xcom.py
[2023-10-01T02:40:05.365-0400] {processor.py:829} INFO - Processing file /home/erosennnin/anaconda3/envs/coursera/lib/python3.11/site-packages/airflow/example_dags/example_xcom.py for tasks to queue
[2023-10-01T02:40:05.366-0400] {logging_mixin.py:151} INFO - [2023-10-01T02:40:05.365-0400] {dagbag.py:539} INFO - Filling up the DagBag from /home/erosennnin/anaconda3/envs/coursera/lib/python3.11/site-packages/airflow/example_dags/example_xcom.py
[2023-10-01T02:40:05.376-0400] {processor.py:839} INFO - DAG(s) dict_keys(['example_xcom']) retrieved from /home/erosennnin/anaconda3/envs/coursera/lib/python3.11/site-packages/airflow/example_dags/example_xcom.py
[2023-10-01T02:40:05.402-0400] {logging_mixin.py:151} INFO - [2023-10-01T02:40:05.402-0400] {dag.py:2915} INFO - Sync 1 DAGs
[2023-10-01T02:40:05.416-0400] {logging_mixin.py:151} INFO - [2023-10-01T02:40:05.416-0400] {dag.py:3696} INFO - Setting next_dagrun for example_xcom to 2021-01-01T00:00:00+00:00, run_after=2021-01-01T00:00:00+00:00
[2023-10-01T02:40:05.558-0400] {processor.py:179} INFO - Processing /home/erosennnin/anaconda3/envs/coursera/lib/python3.11/site-packages/airflow/example_dags/example_xcom.py took 0.198 seconds
[2023-10-01T02:41:03.386-0400] {processor.py:157} INFO - Started process (PID=18838) to work on /home/erosennnin/anaconda3/envs/coursera/lib/python3.11/site-packages/airflow/example_dags/example_xcom.py
[2023-10-01T02:41:03.387-0400] {processor.py:829} INFO - Processing file /home/erosennnin/anaconda3/envs/coursera/lib/python3.11/site-packages/airflow/example_dags/example_xcom.py for tasks to queue
[2023-10-01T02:41:03.388-0400] {logging_mixin.py:151} INFO - [2023-10-01T02:41:03.388-0400] {dagbag.py:539} INFO - Filling up the DagBag from /home/erosennnin/anaconda3/envs/coursera/lib/python3.11/site-packages/airflow/example_dags/example_xcom.py
[2023-10-01T02:41:03.400-0400] {processor.py:839} INFO - DAG(s) dict_keys(['example_xcom']) retrieved from /home/erosennnin/anaconda3/envs/coursera/lib/python3.11/site-packages/airflow/example_dags/example_xcom.py
[2023-10-01T02:41:03.425-0400] {logging_mixin.py:151} INFO - [2023-10-01T02:41:03.425-0400] {dag.py:2915} INFO - Sync 1 DAGs
[2023-10-01T02:41:03.441-0400] {logging_mixin.py:151} INFO - [2023-10-01T02:41:03.441-0400] {dag.py:3696} INFO - Setting next_dagrun for example_xcom to 2021-01-01T00:00:00+00:00, run_after=2021-01-01T00:00:00+00:00
[2023-10-01T02:41:03.602-0400] {processor.py:179} INFO - Processing /home/erosennnin/anaconda3/envs/coursera/lib/python3.11/site-packages/airflow/example_dags/example_xcom.py took 0.220 seconds
[2023-10-01T12:38:10.906-0400] {processor.py:157} INFO - Started process (PID=19333) to work on /home/erosennnin/anaconda3/envs/coursera/lib/python3.11/site-packages/airflow/example_dags/example_xcom.py
[2023-10-01T12:38:10.908-0400] {processor.py:829} INFO - Processing file /home/erosennnin/anaconda3/envs/coursera/lib/python3.11/site-packages/airflow/example_dags/example_xcom.py for tasks to queue
[2023-10-01T12:38:10.909-0400] {logging_mixin.py:151} INFO - [2023-10-01T12:38:10.908-0400] {dagbag.py:539} INFO - Filling up the DagBag from /home/erosennnin/anaconda3/envs/coursera/lib/python3.11/site-packages/airflow/example_dags/example_xcom.py
[2023-10-01T12:38:10.918-0400] {processor.py:839} INFO - DAG(s) dict_keys(['example_xcom']) retrieved from /home/erosennnin/anaconda3/envs/coursera/lib/python3.11/site-packages/airflow/example_dags/example_xcom.py
[2023-10-01T12:38:10.940-0400] {logging_mixin.py:151} INFO - [2023-10-01T12:38:10.940-0400] {dag.py:2915} INFO - Sync 1 DAGs
[2023-10-01T12:38:10.964-0400] {logging_mixin.py:151} INFO - [2023-10-01T12:38:10.964-0400] {dag.py:3696} INFO - Setting next_dagrun for example_xcom to 2021-01-01T00:00:00+00:00, run_after=2021-01-01T00:00:00+00:00
[2023-10-01T12:38:11.105-0400] {processor.py:179} INFO - Processing /home/erosennnin/anaconda3/envs/coursera/lib/python3.11/site-packages/airflow/example_dags/example_xcom.py took 0.203 seconds
