[2023-10-01T02:36:28.337-0400] {processor.py:157} INFO - Started process (PID=18285) to work on /home/erosennnin/anaconda3/envs/coursera/lib/python3.11/site-packages/airflow/example_dags/example_params_trigger_ui.py
[2023-10-01T02:36:28.338-0400] {processor.py:829} INFO - Processing file /home/erosennnin/anaconda3/envs/coursera/lib/python3.11/site-packages/airflow/example_dags/example_params_trigger_ui.py for tasks to queue
[2023-10-01T02:36:28.339-0400] {logging_mixin.py:151} INFO - [2023-10-01T02:36:28.339-0400] {dagbag.py:539} INFO - Filling up the DagBag from /home/erosennnin/anaconda3/envs/coursera/lib/python3.11/site-packages/airflow/example_dags/example_params_trigger_ui.py
[2023-10-01T02:36:28.365-0400] {processor.py:839} INFO - DAG(s) dict_keys(['example_params_trigger_ui']) retrieved from /home/erosennnin/anaconda3/envs/coursera/lib/python3.11/site-packages/airflow/example_dags/example_params_trigger_ui.py
[2023-10-01T02:36:28.400-0400] {logging_mixin.py:151} INFO - [2023-10-01T02:36:28.400-0400] {dag.py:2915} INFO - Sync 1 DAGs
[2023-10-01T02:36:28.408-0400] {logging_mixin.py:151} INFO - [2023-10-01T02:36:28.408-0400] {dag.py:3696} INFO - Setting next_dagrun for example_params_trigger_ui to None, run_after=None
[2023-10-01T02:36:28.535-0400] {processor.py:179} INFO - Processing /home/erosennnin/anaconda3/envs/coursera/lib/python3.11/site-packages/airflow/example_dags/example_params_trigger_ui.py took 0.201 seconds
[2023-10-01T02:37:34.218-0400] {processor.py:157} INFO - Started process (PID=18368) to work on /home/erosennnin/anaconda3/envs/coursera/lib/python3.11/site-packages/airflow/example_dags/example_params_trigger_ui.py
[2023-10-01T02:37:34.245-0400] {processor.py:829} INFO - Processing file /home/erosennnin/anaconda3/envs/coursera/lib/python3.11/site-packages/airflow/example_dags/example_params_trigger_ui.py for tasks to queue
[2023-10-01T02:37:34.246-0400] {logging_mixin.py:151} INFO - [2023-10-01T02:37:34.246-0400] {dagbag.py:539} INFO - Filling up the DagBag from /home/erosennnin/anaconda3/envs/coursera/lib/python3.11/site-packages/airflow/example_dags/example_params_trigger_ui.py
[2023-10-01T02:37:34.268-0400] {processor.py:839} INFO - DAG(s) dict_keys(['example_params_trigger_ui']) retrieved from /home/erosennnin/anaconda3/envs/coursera/lib/python3.11/site-packages/airflow/example_dags/example_params_trigger_ui.py
[2023-10-01T02:37:34.317-0400] {logging_mixin.py:151} INFO - [2023-10-01T02:37:34.317-0400] {dag.py:2915} INFO - Sync 1 DAGs
[2023-10-01T02:37:34.325-0400] {logging_mixin.py:151} INFO - [2023-10-01T02:37:34.325-0400] {dag.py:3696} INFO - Setting next_dagrun for example_params_trigger_ui to None, run_after=None
[2023-10-01T02:37:34.602-0400] {processor.py:179} INFO - Processing /home/erosennnin/anaconda3/envs/coursera/lib/python3.11/site-packages/airflow/example_dags/example_params_trigger_ui.py took 0.386 seconds
[2023-10-01T02:38:33.783-0400] {processor.py:157} INFO - Started process (PID=18444) to work on /home/erosennnin/anaconda3/envs/coursera/lib/python3.11/site-packages/airflow/example_dags/example_params_trigger_ui.py
[2023-10-01T02:38:33.784-0400] {processor.py:829} INFO - Processing file /home/erosennnin/anaconda3/envs/coursera/lib/python3.11/site-packages/airflow/example_dags/example_params_trigger_ui.py for tasks to queue
[2023-10-01T02:38:33.785-0400] {logging_mixin.py:151} INFO - [2023-10-01T02:38:33.785-0400] {dagbag.py:539} INFO - Filling up the DagBag from /home/erosennnin/anaconda3/envs/coursera/lib/python3.11/site-packages/airflow/example_dags/example_params_trigger_ui.py
[2023-10-01T02:38:33.810-0400] {processor.py:839} INFO - DAG(s) dict_keys(['example_params_trigger_ui']) retrieved from /home/erosennnin/anaconda3/envs/coursera/lib/python3.11/site-packages/airflow/example_dags/example_params_trigger_ui.py
[2023-10-01T02:38:33.844-0400] {logging_mixin.py:151} INFO - [2023-10-01T02:38:33.844-0400] {dag.py:2915} INFO - Sync 1 DAGs
[2023-10-01T02:38:33.851-0400] {logging_mixin.py:151} INFO - [2023-10-01T02:38:33.851-0400] {dag.py:3696} INFO - Setting next_dagrun for example_params_trigger_ui to None, run_after=None
[2023-10-01T02:38:34.009-0400] {processor.py:179} INFO - Processing /home/erosennnin/anaconda3/envs/coursera/lib/python3.11/site-packages/airflow/example_dags/example_params_trigger_ui.py took 0.230 seconds
[2023-10-01T02:39:34.237-0400] {processor.py:157} INFO - Started process (PID=18670) to work on /home/erosennnin/anaconda3/envs/coursera/lib/python3.11/site-packages/airflow/example_dags/example_params_trigger_ui.py
[2023-10-01T02:39:34.258-0400] {processor.py:829} INFO - Processing file /home/erosennnin/anaconda3/envs/coursera/lib/python3.11/site-packages/airflow/example_dags/example_params_trigger_ui.py for tasks to queue
[2023-10-01T02:39:34.259-0400] {logging_mixin.py:151} INFO - [2023-10-01T02:39:34.259-0400] {dagbag.py:539} INFO - Filling up the DagBag from /home/erosennnin/anaconda3/envs/coursera/lib/python3.11/site-packages/airflow/example_dags/example_params_trigger_ui.py
[2023-10-01T02:39:34.286-0400] {processor.py:839} INFO - DAG(s) dict_keys(['example_params_trigger_ui']) retrieved from /home/erosennnin/anaconda3/envs/coursera/lib/python3.11/site-packages/airflow/example_dags/example_params_trigger_ui.py
[2023-10-01T02:39:34.330-0400] {logging_mixin.py:151} INFO - [2023-10-01T02:39:34.330-0400] {dag.py:2915} INFO - Sync 1 DAGs
[2023-10-01T02:39:34.338-0400] {logging_mixin.py:151} INFO - [2023-10-01T02:39:34.338-0400] {dag.py:3696} INFO - Setting next_dagrun for example_params_trigger_ui to None, run_after=None
[2023-10-01T02:39:34.660-0400] {processor.py:179} INFO - Processing /home/erosennnin/anaconda3/envs/coursera/lib/python3.11/site-packages/airflow/example_dags/example_params_trigger_ui.py took 0.426 seconds
[2023-10-01T02:40:37.524-0400] {processor.py:157} INFO - Started process (PID=18807) to work on /home/erosennnin/anaconda3/envs/coursera/lib/python3.11/site-packages/airflow/example_dags/example_params_trigger_ui.py
[2023-10-01T02:40:37.525-0400] {processor.py:829} INFO - Processing file /home/erosennnin/anaconda3/envs/coursera/lib/python3.11/site-packages/airflow/example_dags/example_params_trigger_ui.py for tasks to queue
[2023-10-01T02:40:37.526-0400] {logging_mixin.py:151} INFO - [2023-10-01T02:40:37.526-0400] {dagbag.py:539} INFO - Filling up the DagBag from /home/erosennnin/anaconda3/envs/coursera/lib/python3.11/site-packages/airflow/example_dags/example_params_trigger_ui.py
[2023-10-01T02:40:37.552-0400] {processor.py:839} INFO - DAG(s) dict_keys(['example_params_trigger_ui']) retrieved from /home/erosennnin/anaconda3/envs/coursera/lib/python3.11/site-packages/airflow/example_dags/example_params_trigger_ui.py
[2023-10-01T02:40:37.585-0400] {logging_mixin.py:151} INFO - [2023-10-01T02:40:37.584-0400] {dag.py:2915} INFO - Sync 1 DAGs
[2023-10-01T02:40:37.592-0400] {logging_mixin.py:151} INFO - [2023-10-01T02:40:37.592-0400] {dag.py:3696} INFO - Setting next_dagrun for example_params_trigger_ui to None, run_after=None
[2023-10-01T02:40:37.721-0400] {processor.py:179} INFO - Processing /home/erosennnin/anaconda3/envs/coursera/lib/python3.11/site-packages/airflow/example_dags/example_params_trigger_ui.py took 0.200 seconds
[2023-10-01T02:41:37.645-0400] {processor.py:157} INFO - Started process (PID=18889) to work on /home/erosennnin/anaconda3/envs/coursera/lib/python3.11/site-packages/airflow/example_dags/example_params_trigger_ui.py
[2023-10-01T02:41:37.646-0400] {processor.py:829} INFO - Processing file /home/erosennnin/anaconda3/envs/coursera/lib/python3.11/site-packages/airflow/example_dags/example_params_trigger_ui.py for tasks to queue
[2023-10-01T02:41:37.647-0400] {logging_mixin.py:151} INFO - [2023-10-01T02:41:37.647-0400] {dagbag.py:539} INFO - Filling up the DagBag from /home/erosennnin/anaconda3/envs/coursera/lib/python3.11/site-packages/airflow/example_dags/example_params_trigger_ui.py
[2023-10-01T02:41:37.673-0400] {processor.py:839} INFO - DAG(s) dict_keys(['example_params_trigger_ui']) retrieved from /home/erosennnin/anaconda3/envs/coursera/lib/python3.11/site-packages/airflow/example_dags/example_params_trigger_ui.py
[2023-10-01T02:41:37.707-0400] {logging_mixin.py:151} INFO - [2023-10-01T02:41:37.707-0400] {dag.py:2915} INFO - Sync 1 DAGs
[2023-10-01T02:41:37.715-0400] {logging_mixin.py:151} INFO - [2023-10-01T02:41:37.715-0400] {dag.py:3696} INFO - Setting next_dagrun for example_params_trigger_ui to None, run_after=None
[2023-10-01T02:41:37.840-0400] {processor.py:179} INFO - Processing /home/erosennnin/anaconda3/envs/coursera/lib/python3.11/site-packages/airflow/example_dags/example_params_trigger_ui.py took 0.199 seconds
