[2023-10-01T02:35:59.543-0400] {processor.py:157} INFO - Started process (PID=18078) to work on /home/erosennnin/anaconda3/envs/coursera/lib/python3.11/site-packages/airflow/example_dags/example_time_delta_sensor_async.py
[2023-10-01T02:35:59.544-0400] {processor.py:829} INFO - Processing file /home/erosennnin/anaconda3/envs/coursera/lib/python3.11/site-packages/airflow/example_dags/example_time_delta_sensor_async.py for tasks to queue
[2023-10-01T02:35:59.545-0400] {logging_mixin.py:151} INFO - [2023-10-01T02:35:59.544-0400] {dagbag.py:539} INFO - Filling up the DagBag from /home/erosennnin/anaconda3/envs/coursera/lib/python3.11/site-packages/airflow/example_dags/example_time_delta_sensor_async.py
[2023-10-01T02:35:59.551-0400] {processor.py:839} INFO - DAG(s) dict_keys(['example_time_delta_sensor_async']) retrieved from /home/erosennnin/anaconda3/envs/coursera/lib/python3.11/site-packages/airflow/example_dags/example_time_delta_sensor_async.py
[2023-10-01T02:35:59.577-0400] {logging_mixin.py:151} INFO - [2023-10-01T02:35:59.577-0400] {dag.py:2915} INFO - Sync 1 DAGs
[2023-10-01T02:35:59.590-0400] {logging_mixin.py:151} INFO - [2023-10-01T02:35:59.590-0400] {dag.py:3696} INFO - Setting next_dagrun for example_time_delta_sensor_async to None, run_after=None
[2023-10-01T02:35:59.768-0400] {processor.py:179} INFO - Processing /home/erosennnin/anaconda3/envs/coursera/lib/python3.11/site-packages/airflow/example_dags/example_time_delta_sensor_async.py took 0.229 seconds
[2023-10-01T02:36:59.124-0400] {processor.py:157} INFO - Started process (PID=18322) to work on /home/erosennnin/anaconda3/envs/coursera/lib/python3.11/site-packages/airflow/example_dags/example_time_delta_sensor_async.py
[2023-10-01T02:36:59.146-0400] {processor.py:829} INFO - Processing file /home/erosennnin/anaconda3/envs/coursera/lib/python3.11/site-packages/airflow/example_dags/example_time_delta_sensor_async.py for tasks to queue
[2023-10-01T02:36:59.147-0400] {logging_mixin.py:151} INFO - [2023-10-01T02:36:59.146-0400] {dagbag.py:539} INFO - Filling up the DagBag from /home/erosennnin/anaconda3/envs/coursera/lib/python3.11/site-packages/airflow/example_dags/example_time_delta_sensor_async.py
[2023-10-01T02:36:59.150-0400] {processor.py:839} INFO - DAG(s) dict_keys(['example_time_delta_sensor_async']) retrieved from /home/erosennnin/anaconda3/envs/coursera/lib/python3.11/site-packages/airflow/example_dags/example_time_delta_sensor_async.py
[2023-10-01T02:36:59.162-0400] {logging_mixin.py:151} INFO - [2023-10-01T02:36:59.161-0400] {dag.py:2915} INFO - Sync 1 DAGs
[2023-10-01T02:36:59.169-0400] {logging_mixin.py:151} INFO - [2023-10-01T02:36:59.169-0400] {dag.py:3696} INFO - Setting next_dagrun for example_time_delta_sensor_async to None, run_after=None
[2023-10-01T02:36:59.332-0400] {processor.py:179} INFO - Processing /home/erosennnin/anaconda3/envs/coursera/lib/python3.11/site-packages/airflow/example_dags/example_time_delta_sensor_async.py took 0.212 seconds
[2023-10-01T02:38:04.256-0400] {processor.py:157} INFO - Started process (PID=18402) to work on /home/erosennnin/anaconda3/envs/coursera/lib/python3.11/site-packages/airflow/example_dags/example_time_delta_sensor_async.py
[2023-10-01T02:38:04.258-0400] {processor.py:829} INFO - Processing file /home/erosennnin/anaconda3/envs/coursera/lib/python3.11/site-packages/airflow/example_dags/example_time_delta_sensor_async.py for tasks to queue
[2023-10-01T02:38:04.259-0400] {logging_mixin.py:151} INFO - [2023-10-01T02:38:04.258-0400] {dagbag.py:539} INFO - Filling up the DagBag from /home/erosennnin/anaconda3/envs/coursera/lib/python3.11/site-packages/airflow/example_dags/example_time_delta_sensor_async.py
[2023-10-01T02:38:04.264-0400] {processor.py:839} INFO - DAG(s) dict_keys(['example_time_delta_sensor_async']) retrieved from /home/erosennnin/anaconda3/envs/coursera/lib/python3.11/site-packages/airflow/example_dags/example_time_delta_sensor_async.py
[2023-10-01T02:38:04.275-0400] {logging_mixin.py:151} INFO - [2023-10-01T02:38:04.275-0400] {dag.py:2915} INFO - Sync 1 DAGs
[2023-10-01T02:38:04.282-0400] {logging_mixin.py:151} INFO - [2023-10-01T02:38:04.282-0400] {dag.py:3696} INFO - Setting next_dagrun for example_time_delta_sensor_async to None, run_after=None
[2023-10-01T02:38:04.454-0400] {processor.py:179} INFO - Processing /home/erosennnin/anaconda3/envs/coursera/lib/python3.11/site-packages/airflow/example_dags/example_time_delta_sensor_async.py took 0.202 seconds
[2023-10-01T02:39:01.315-0400] {processor.py:157} INFO - Started process (PID=18474) to work on /home/erosennnin/anaconda3/envs/coursera/lib/python3.11/site-packages/airflow/example_dags/example_time_delta_sensor_async.py
[2023-10-01T02:39:01.316-0400] {processor.py:829} INFO - Processing file /home/erosennnin/anaconda3/envs/coursera/lib/python3.11/site-packages/airflow/example_dags/example_time_delta_sensor_async.py for tasks to queue
[2023-10-01T02:39:01.318-0400] {logging_mixin.py:151} INFO - [2023-10-01T02:39:01.317-0400] {dagbag.py:539} INFO - Filling up the DagBag from /home/erosennnin/anaconda3/envs/coursera/lib/python3.11/site-packages/airflow/example_dags/example_time_delta_sensor_async.py
[2023-10-01T02:39:01.324-0400] {processor.py:839} INFO - DAG(s) dict_keys(['example_time_delta_sensor_async']) retrieved from /home/erosennnin/anaconda3/envs/coursera/lib/python3.11/site-packages/airflow/example_dags/example_time_delta_sensor_async.py
[2023-10-01T02:39:01.348-0400] {logging_mixin.py:151} INFO - [2023-10-01T02:39:01.348-0400] {dag.py:2915} INFO - Sync 1 DAGs
[2023-10-01T02:39:01.361-0400] {logging_mixin.py:151} INFO - [2023-10-01T02:39:01.361-0400] {dag.py:3696} INFO - Setting next_dagrun for example_time_delta_sensor_async to None, run_after=None
[2023-10-01T02:39:01.500-0400] {processor.py:179} INFO - Processing /home/erosennnin/anaconda3/envs/coursera/lib/python3.11/site-packages/airflow/example_dags/example_time_delta_sensor_async.py took 0.189 seconds
[2023-10-01T02:40:06.719-0400] {processor.py:157} INFO - Started process (PID=18730) to work on /home/erosennnin/anaconda3/envs/coursera/lib/python3.11/site-packages/airflow/example_dags/example_time_delta_sensor_async.py
[2023-10-01T02:40:06.721-0400] {processor.py:829} INFO - Processing file /home/erosennnin/anaconda3/envs/coursera/lib/python3.11/site-packages/airflow/example_dags/example_time_delta_sensor_async.py for tasks to queue
[2023-10-01T02:40:06.722-0400] {logging_mixin.py:151} INFO - [2023-10-01T02:40:06.721-0400] {dagbag.py:539} INFO - Filling up the DagBag from /home/erosennnin/anaconda3/envs/coursera/lib/python3.11/site-packages/airflow/example_dags/example_time_delta_sensor_async.py
[2023-10-01T02:40:06.728-0400] {processor.py:839} INFO - DAG(s) dict_keys(['example_time_delta_sensor_async']) retrieved from /home/erosennnin/anaconda3/envs/coursera/lib/python3.11/site-packages/airflow/example_dags/example_time_delta_sensor_async.py
[2023-10-01T02:40:06.742-0400] {logging_mixin.py:151} INFO - [2023-10-01T02:40:06.742-0400] {dag.py:2915} INFO - Sync 1 DAGs
[2023-10-01T02:40:06.750-0400] {logging_mixin.py:151} INFO - [2023-10-01T02:40:06.750-0400] {dag.py:3696} INFO - Setting next_dagrun for example_time_delta_sensor_async to None, run_after=None
[2023-10-01T02:40:06.900-0400] {processor.py:179} INFO - Processing /home/erosennnin/anaconda3/envs/coursera/lib/python3.11/site-packages/airflow/example_dags/example_time_delta_sensor_async.py took 0.185 seconds
[2023-10-01T02:41:04.741-0400] {processor.py:157} INFO - Started process (PID=18839) to work on /home/erosennnin/anaconda3/envs/coursera/lib/python3.11/site-packages/airflow/example_dags/example_time_delta_sensor_async.py
[2023-10-01T02:41:04.742-0400] {processor.py:829} INFO - Processing file /home/erosennnin/anaconda3/envs/coursera/lib/python3.11/site-packages/airflow/example_dags/example_time_delta_sensor_async.py for tasks to queue
[2023-10-01T02:41:04.743-0400] {logging_mixin.py:151} INFO - [2023-10-01T02:41:04.743-0400] {dagbag.py:539} INFO - Filling up the DagBag from /home/erosennnin/anaconda3/envs/coursera/lib/python3.11/site-packages/airflow/example_dags/example_time_delta_sensor_async.py
[2023-10-01T02:41:04.750-0400] {processor.py:839} INFO - DAG(s) dict_keys(['example_time_delta_sensor_async']) retrieved from /home/erosennnin/anaconda3/envs/coursera/lib/python3.11/site-packages/airflow/example_dags/example_time_delta_sensor_async.py
[2023-10-01T02:41:04.774-0400] {logging_mixin.py:151} INFO - [2023-10-01T02:41:04.774-0400] {dag.py:2915} INFO - Sync 1 DAGs
[2023-10-01T02:41:04.786-0400] {logging_mixin.py:151} INFO - [2023-10-01T02:41:04.786-0400] {dag.py:3696} INFO - Setting next_dagrun for example_time_delta_sensor_async to None, run_after=None
[2023-10-01T02:41:04.913-0400] {processor.py:179} INFO - Processing /home/erosennnin/anaconda3/envs/coursera/lib/python3.11/site-packages/airflow/example_dags/example_time_delta_sensor_async.py took 0.176 seconds
[2023-10-01T12:38:12.265-0400] {processor.py:157} INFO - Started process (PID=19345) to work on /home/erosennnin/anaconda3/envs/coursera/lib/python3.11/site-packages/airflow/example_dags/example_time_delta_sensor_async.py
[2023-10-01T12:38:12.273-0400] {processor.py:829} INFO - Processing file /home/erosennnin/anaconda3/envs/coursera/lib/python3.11/site-packages/airflow/example_dags/example_time_delta_sensor_async.py for tasks to queue
[2023-10-01T12:38:12.274-0400] {logging_mixin.py:151} INFO - [2023-10-01T12:38:12.273-0400] {dagbag.py:539} INFO - Filling up the DagBag from /home/erosennnin/anaconda3/envs/coursera/lib/python3.11/site-packages/airflow/example_dags/example_time_delta_sensor_async.py
[2023-10-01T12:38:12.280-0400] {processor.py:839} INFO - DAG(s) dict_keys(['example_time_delta_sensor_async']) retrieved from /home/erosennnin/anaconda3/envs/coursera/lib/python3.11/site-packages/airflow/example_dags/example_time_delta_sensor_async.py
[2023-10-01T12:38:12.302-0400] {logging_mixin.py:151} INFO - [2023-10-01T12:38:12.302-0400] {dag.py:2915} INFO - Sync 1 DAGs
[2023-10-01T12:38:12.318-0400] {logging_mixin.py:151} INFO - [2023-10-01T12:38:12.318-0400] {dag.py:3696} INFO - Setting next_dagrun for example_time_delta_sensor_async to None, run_after=None
[2023-10-01T12:38:12.448-0400] {processor.py:179} INFO - Processing /home/erosennnin/anaconda3/envs/coursera/lib/python3.11/site-packages/airflow/example_dags/example_time_delta_sensor_async.py took 0.187 seconds
