[2023-10-01T02:36:16.933-0400] {processor.py:157} INFO - Started process (PID=18272) to work on /home/erosennnin/anaconda3/envs/coursera/lib/python3.11/site-packages/airflow/example_dags/example_skip_dag.py
[2023-10-01T02:36:16.934-0400] {processor.py:829} INFO - Processing file /home/erosennnin/anaconda3/envs/coursera/lib/python3.11/site-packages/airflow/example_dags/example_skip_dag.py for tasks to queue
[2023-10-01T02:36:16.935-0400] {logging_mixin.py:151} INFO - [2023-10-01T02:36:16.934-0400] {dagbag.py:539} INFO - Filling up the DagBag from /home/erosennnin/anaconda3/envs/coursera/lib/python3.11/site-packages/airflow/example_dags/example_skip_dag.py
[2023-10-01T02:36:16.946-0400] {processor.py:839} INFO - DAG(s) dict_keys(['example_skip_dag']) retrieved from /home/erosennnin/anaconda3/envs/coursera/lib/python3.11/site-packages/airflow/example_dags/example_skip_dag.py
[2023-10-01T02:36:16.972-0400] {logging_mixin.py:151} INFO - [2023-10-01T02:36:16.972-0400] {dag.py:2915} INFO - Sync 1 DAGs
[2023-10-01T02:36:16.988-0400] {logging_mixin.py:151} INFO - [2023-10-01T02:36:16.988-0400] {dag.py:3696} INFO - Setting next_dagrun for example_skip_dag to 2023-09-30T06:36:16.987978+00:00, run_after=2023-10-01T06:36:16.987978+00:00
[2023-10-01T02:36:17.164-0400] {processor.py:179} INFO - Processing /home/erosennnin/anaconda3/envs/coursera/lib/python3.11/site-packages/airflow/example_dags/example_skip_dag.py took 0.234 seconds
[2023-10-01T02:37:23.467-0400] {processor.py:157} INFO - Started process (PID=18356) to work on /home/erosennnin/anaconda3/envs/coursera/lib/python3.11/site-packages/airflow/example_dags/example_skip_dag.py
[2023-10-01T02:37:23.483-0400] {processor.py:829} INFO - Processing file /home/erosennnin/anaconda3/envs/coursera/lib/python3.11/site-packages/airflow/example_dags/example_skip_dag.py for tasks to queue
[2023-10-01T02:37:23.484-0400] {logging_mixin.py:151} INFO - [2023-10-01T02:37:23.483-0400] {dagbag.py:539} INFO - Filling up the DagBag from /home/erosennnin/anaconda3/envs/coursera/lib/python3.11/site-packages/airflow/example_dags/example_skip_dag.py
[2023-10-01T02:37:23.496-0400] {processor.py:839} INFO - DAG(s) dict_keys(['example_skip_dag']) retrieved from /home/erosennnin/anaconda3/envs/coursera/lib/python3.11/site-packages/airflow/example_dags/example_skip_dag.py
[2023-10-01T02:37:23.523-0400] {logging_mixin.py:151} INFO - [2023-10-01T02:37:23.523-0400] {dag.py:2915} INFO - Sync 1 DAGs
[2023-10-01T02:37:23.548-0400] {logging_mixin.py:151} INFO - [2023-10-01T02:37:23.548-0400] {dag.py:3696} INFO - Setting next_dagrun for example_skip_dag to 2023-09-30T06:37:23.548468+00:00, run_after=2023-10-01T06:37:23.548468+00:00
[2023-10-01T02:37:23.717-0400] {processor.py:179} INFO - Processing /home/erosennnin/anaconda3/envs/coursera/lib/python3.11/site-packages/airflow/example_dags/example_skip_dag.py took 0.253 seconds
[2023-10-01T02:38:23.274-0400] {processor.py:157} INFO - Started process (PID=18432) to work on /home/erosennnin/anaconda3/envs/coursera/lib/python3.11/site-packages/airflow/example_dags/example_skip_dag.py
[2023-10-01T02:38:23.275-0400] {processor.py:829} INFO - Processing file /home/erosennnin/anaconda3/envs/coursera/lib/python3.11/site-packages/airflow/example_dags/example_skip_dag.py for tasks to queue
[2023-10-01T02:38:23.276-0400] {logging_mixin.py:151} INFO - [2023-10-01T02:38:23.276-0400] {dagbag.py:539} INFO - Filling up the DagBag from /home/erosennnin/anaconda3/envs/coursera/lib/python3.11/site-packages/airflow/example_dags/example_skip_dag.py
[2023-10-01T02:38:23.288-0400] {processor.py:839} INFO - DAG(s) dict_keys(['example_skip_dag']) retrieved from /home/erosennnin/anaconda3/envs/coursera/lib/python3.11/site-packages/airflow/example_dags/example_skip_dag.py
[2023-10-01T02:38:23.313-0400] {logging_mixin.py:151} INFO - [2023-10-01T02:38:23.312-0400] {dag.py:2915} INFO - Sync 1 DAGs
[2023-10-01T02:38:23.328-0400] {logging_mixin.py:151} INFO - [2023-10-01T02:38:23.328-0400] {dag.py:3696} INFO - Setting next_dagrun for example_skip_dag to 2023-09-30T06:38:23.328428+00:00, run_after=2023-10-01T06:38:23.328428+00:00
[2023-10-01T02:38:23.489-0400] {processor.py:179} INFO - Processing /home/erosennnin/anaconda3/envs/coursera/lib/python3.11/site-packages/airflow/example_dags/example_skip_dag.py took 0.219 seconds
[2023-10-01T02:39:22.628-0400] {processor.py:157} INFO - Started process (PID=18652) to work on /home/erosennnin/anaconda3/envs/coursera/lib/python3.11/site-packages/airflow/example_dags/example_skip_dag.py
[2023-10-01T02:39:22.629-0400] {processor.py:829} INFO - Processing file /home/erosennnin/anaconda3/envs/coursera/lib/python3.11/site-packages/airflow/example_dags/example_skip_dag.py for tasks to queue
[2023-10-01T02:39:22.630-0400] {logging_mixin.py:151} INFO - [2023-10-01T02:39:22.629-0400] {dagbag.py:539} INFO - Filling up the DagBag from /home/erosennnin/anaconda3/envs/coursera/lib/python3.11/site-packages/airflow/example_dags/example_skip_dag.py
[2023-10-01T02:39:22.641-0400] {processor.py:839} INFO - DAG(s) dict_keys(['example_skip_dag']) retrieved from /home/erosennnin/anaconda3/envs/coursera/lib/python3.11/site-packages/airflow/example_dags/example_skip_dag.py
[2023-10-01T02:39:22.668-0400] {logging_mixin.py:151} INFO - [2023-10-01T02:39:22.668-0400] {dag.py:2915} INFO - Sync 1 DAGs
[2023-10-01T02:39:22.682-0400] {logging_mixin.py:151} INFO - [2023-10-01T02:39:22.682-0400] {dag.py:3696} INFO - Setting next_dagrun for example_skip_dag to 2023-09-30T06:39:22.682464+00:00, run_after=2023-10-01T06:39:22.682464+00:00
[2023-10-01T02:39:22.835-0400] {processor.py:179} INFO - Processing /home/erosennnin/anaconda3/envs/coursera/lib/python3.11/site-packages/airflow/example_dags/example_skip_dag.py took 0.210 seconds
[2023-10-01T02:40:27.036-0400] {processor.py:157} INFO - Started process (PID=18761) to work on /home/erosennnin/anaconda3/envs/coursera/lib/python3.11/site-packages/airflow/example_dags/example_skip_dag.py
[2023-10-01T02:40:27.056-0400] {processor.py:829} INFO - Processing file /home/erosennnin/anaconda3/envs/coursera/lib/python3.11/site-packages/airflow/example_dags/example_skip_dag.py for tasks to queue
[2023-10-01T02:40:27.057-0400] {logging_mixin.py:151} INFO - [2023-10-01T02:40:27.057-0400] {dagbag.py:539} INFO - Filling up the DagBag from /home/erosennnin/anaconda3/envs/coursera/lib/python3.11/site-packages/airflow/example_dags/example_skip_dag.py
[2023-10-01T02:40:27.068-0400] {processor.py:839} INFO - DAG(s) dict_keys(['example_skip_dag']) retrieved from /home/erosennnin/anaconda3/envs/coursera/lib/python3.11/site-packages/airflow/example_dags/example_skip_dag.py
[2023-10-01T02:40:27.093-0400] {logging_mixin.py:151} INFO - [2023-10-01T02:40:27.093-0400] {dag.py:2915} INFO - Sync 1 DAGs
[2023-10-01T02:40:27.117-0400] {logging_mixin.py:151} INFO - [2023-10-01T02:40:27.117-0400] {dag.py:3696} INFO - Setting next_dagrun for example_skip_dag to 2023-09-30T06:40:27.117270+00:00, run_after=2023-10-01T06:40:27.117270+00:00
[2023-10-01T02:40:27.293-0400] {processor.py:179} INFO - Processing /home/erosennnin/anaconda3/envs/coursera/lib/python3.11/site-packages/airflow/example_dags/example_skip_dag.py took 0.259 seconds
[2023-10-01T02:41:26.257-0400] {processor.py:157} INFO - Started process (PID=18876) to work on /home/erosennnin/anaconda3/envs/coursera/lib/python3.11/site-packages/airflow/example_dags/example_skip_dag.py
[2023-10-01T02:41:26.258-0400] {processor.py:829} INFO - Processing file /home/erosennnin/anaconda3/envs/coursera/lib/python3.11/site-packages/airflow/example_dags/example_skip_dag.py for tasks to queue
[2023-10-01T02:41:26.259-0400] {logging_mixin.py:151} INFO - [2023-10-01T02:41:26.258-0400] {dagbag.py:539} INFO - Filling up the DagBag from /home/erosennnin/anaconda3/envs/coursera/lib/python3.11/site-packages/airflow/example_dags/example_skip_dag.py
[2023-10-01T02:41:26.270-0400] {processor.py:839} INFO - DAG(s) dict_keys(['example_skip_dag']) retrieved from /home/erosennnin/anaconda3/envs/coursera/lib/python3.11/site-packages/airflow/example_dags/example_skip_dag.py
[2023-10-01T02:41:26.295-0400] {logging_mixin.py:151} INFO - [2023-10-01T02:41:26.295-0400] {dag.py:2915} INFO - Sync 1 DAGs
[2023-10-01T02:41:26.312-0400] {logging_mixin.py:151} INFO - [2023-10-01T02:41:26.311-0400] {dag.py:3696} INFO - Setting next_dagrun for example_skip_dag to 2023-09-30T06:41:26.311816+00:00, run_after=2023-10-01T06:41:26.311816+00:00
[2023-10-01T02:41:26.468-0400] {processor.py:179} INFO - Processing /home/erosennnin/anaconda3/envs/coursera/lib/python3.11/site-packages/airflow/example_dags/example_skip_dag.py took 0.214 seconds
