[2023-10-01T02:36:23.335-0400] {processor.py:157} INFO - Started process (PID=18279) to work on /home/erosennnin/anaconda3/envs/coursera/lib/python3.11/site-packages/airflow/example_dags/example_short_circuit_decorator.py
[2023-10-01T02:36:23.336-0400] {processor.py:829} INFO - Processing file /home/erosennnin/anaconda3/envs/coursera/lib/python3.11/site-packages/airflow/example_dags/example_short_circuit_decorator.py for tasks to queue
[2023-10-01T02:36:23.337-0400] {logging_mixin.py:151} INFO - [2023-10-01T02:36:23.337-0400] {dagbag.py:539} INFO - Filling up the DagBag from /home/erosennnin/anaconda3/envs/coursera/lib/python3.11/site-packages/airflow/example_dags/example_short_circuit_decorator.py
[2023-10-01T02:36:23.353-0400] {processor.py:839} INFO - DAG(s) dict_keys(['example_short_circuit_decorator']) retrieved from /home/erosennnin/anaconda3/envs/coursera/lib/python3.11/site-packages/airflow/example_dags/example_short_circuit_decorator.py
[2023-10-01T02:36:23.379-0400] {logging_mixin.py:151} INFO - [2023-10-01T02:36:23.379-0400] {dag.py:2915} INFO - Sync 1 DAGs
[2023-10-01T02:36:23.392-0400] {logging_mixin.py:151} INFO - [2023-10-01T02:36:23.392-0400] {dag.py:3696} INFO - Setting next_dagrun for example_short_circuit_decorator to 2023-09-30T06:36:23.391977+00:00, run_after=2023-10-01T06:36:23.391977+00:00
[2023-10-01T02:36:23.598-0400] {processor.py:179} INFO - Processing /home/erosennnin/anaconda3/envs/coursera/lib/python3.11/site-packages/airflow/example_dags/example_short_circuit_decorator.py took 0.267 seconds
[2023-10-01T02:37:29.367-0400] {processor.py:157} INFO - Started process (PID=18362) to work on /home/erosennnin/anaconda3/envs/coursera/lib/python3.11/site-packages/airflow/example_dags/example_short_circuit_decorator.py
[2023-10-01T02:37:29.385-0400] {processor.py:829} INFO - Processing file /home/erosennnin/anaconda3/envs/coursera/lib/python3.11/site-packages/airflow/example_dags/example_short_circuit_decorator.py for tasks to queue
[2023-10-01T02:37:29.387-0400] {logging_mixin.py:151} INFO - [2023-10-01T02:37:29.386-0400] {dagbag.py:539} INFO - Filling up the DagBag from /home/erosennnin/anaconda3/envs/coursera/lib/python3.11/site-packages/airflow/example_dags/example_short_circuit_decorator.py
[2023-10-01T02:37:29.404-0400] {processor.py:839} INFO - DAG(s) dict_keys(['example_short_circuit_decorator']) retrieved from /home/erosennnin/anaconda3/envs/coursera/lib/python3.11/site-packages/airflow/example_dags/example_short_circuit_decorator.py
[2023-10-01T02:37:29.437-0400] {logging_mixin.py:151} INFO - [2023-10-01T02:37:29.437-0400] {dag.py:2915} INFO - Sync 1 DAGs
[2023-10-01T02:37:29.456-0400] {logging_mixin.py:151} INFO - [2023-10-01T02:37:29.455-0400] {dag.py:3696} INFO - Setting next_dagrun for example_short_circuit_decorator to 2023-09-30T06:37:29.455783+00:00, run_after=2023-10-01T06:37:29.455783+00:00
[2023-10-01T02:37:29.665-0400] {processor.py:179} INFO - Processing /home/erosennnin/anaconda3/envs/coursera/lib/python3.11/site-packages/airflow/example_dags/example_short_circuit_decorator.py took 0.302 seconds
[2023-10-01T02:38:29.867-0400] {processor.py:157} INFO - Started process (PID=18438) to work on /home/erosennnin/anaconda3/envs/coursera/lib/python3.11/site-packages/airflow/example_dags/example_short_circuit_decorator.py
[2023-10-01T02:38:29.868-0400] {processor.py:829} INFO - Processing file /home/erosennnin/anaconda3/envs/coursera/lib/python3.11/site-packages/airflow/example_dags/example_short_circuit_decorator.py for tasks to queue
[2023-10-01T02:38:29.869-0400] {logging_mixin.py:151} INFO - [2023-10-01T02:38:29.868-0400] {dagbag.py:539} INFO - Filling up the DagBag from /home/erosennnin/anaconda3/envs/coursera/lib/python3.11/site-packages/airflow/example_dags/example_short_circuit_decorator.py
[2023-10-01T02:38:29.875-0400] {processor.py:839} INFO - DAG(s) dict_keys(['example_short_circuit_decorator']) retrieved from /home/erosennnin/anaconda3/envs/coursera/lib/python3.11/site-packages/airflow/example_dags/example_short_circuit_decorator.py
[2023-10-01T02:38:29.887-0400] {logging_mixin.py:151} INFO - [2023-10-01T02:38:29.887-0400] {dag.py:2915} INFO - Sync 1 DAGs
[2023-10-01T02:38:29.900-0400] {logging_mixin.py:151} INFO - [2023-10-01T02:38:29.900-0400] {dag.py:3696} INFO - Setting next_dagrun for example_short_circuit_decorator to 2023-09-30T06:38:29.900195+00:00, run_after=2023-10-01T06:38:29.900195+00:00
[2023-10-01T02:38:30.019-0400] {processor.py:179} INFO - Processing /home/erosennnin/anaconda3/envs/coursera/lib/python3.11/site-packages/airflow/example_dags/example_short_circuit_decorator.py took 0.154 seconds
[2023-10-01T02:39:29.221-0400] {processor.py:157} INFO - Started process (PID=18660) to work on /home/erosennnin/anaconda3/envs/coursera/lib/python3.11/site-packages/airflow/example_dags/example_short_circuit_decorator.py
[2023-10-01T02:39:29.223-0400] {processor.py:829} INFO - Processing file /home/erosennnin/anaconda3/envs/coursera/lib/python3.11/site-packages/airflow/example_dags/example_short_circuit_decorator.py for tasks to queue
[2023-10-01T02:39:29.224-0400] {logging_mixin.py:151} INFO - [2023-10-01T02:39:29.223-0400] {dagbag.py:539} INFO - Filling up the DagBag from /home/erosennnin/anaconda3/envs/coursera/lib/python3.11/site-packages/airflow/example_dags/example_short_circuit_decorator.py
[2023-10-01T02:39:29.239-0400] {processor.py:839} INFO - DAG(s) dict_keys(['example_short_circuit_decorator']) retrieved from /home/erosennnin/anaconda3/envs/coursera/lib/python3.11/site-packages/airflow/example_dags/example_short_circuit_decorator.py
[2023-10-01T02:39:29.267-0400] {logging_mixin.py:151} INFO - [2023-10-01T02:39:29.267-0400] {dag.py:2915} INFO - Sync 1 DAGs
[2023-10-01T02:39:29.280-0400] {logging_mixin.py:151} INFO - [2023-10-01T02:39:29.279-0400] {dag.py:3696} INFO - Setting next_dagrun for example_short_circuit_decorator to 2023-09-30T06:39:29.279786+00:00, run_after=2023-10-01T06:39:29.279786+00:00
[2023-10-01T02:39:29.525-0400] {processor.py:179} INFO - Processing /home/erosennnin/anaconda3/envs/coursera/lib/python3.11/site-packages/airflow/example_dags/example_short_circuit_decorator.py took 0.307 seconds
[2023-10-01T02:40:32.848-0400] {processor.py:157} INFO - Started process (PID=18802) to work on /home/erosennnin/anaconda3/envs/coursera/lib/python3.11/site-packages/airflow/example_dags/example_short_circuit_decorator.py
[2023-10-01T02:40:32.849-0400] {processor.py:829} INFO - Processing file /home/erosennnin/anaconda3/envs/coursera/lib/python3.11/site-packages/airflow/example_dags/example_short_circuit_decorator.py for tasks to queue
[2023-10-01T02:40:32.850-0400] {logging_mixin.py:151} INFO - [2023-10-01T02:40:32.849-0400] {dagbag.py:539} INFO - Filling up the DagBag from /home/erosennnin/anaconda3/envs/coursera/lib/python3.11/site-packages/airflow/example_dags/example_short_circuit_decorator.py
[2023-10-01T02:40:32.866-0400] {processor.py:839} INFO - DAG(s) dict_keys(['example_short_circuit_decorator']) retrieved from /home/erosennnin/anaconda3/envs/coursera/lib/python3.11/site-packages/airflow/example_dags/example_short_circuit_decorator.py
[2023-10-01T02:40:32.892-0400] {logging_mixin.py:151} INFO - [2023-10-01T02:40:32.892-0400] {dag.py:2915} INFO - Sync 1 DAGs
[2023-10-01T02:40:32.905-0400] {logging_mixin.py:151} INFO - [2023-10-01T02:40:32.905-0400] {dag.py:3696} INFO - Setting next_dagrun for example_short_circuit_decorator to 2023-09-30T06:40:32.905079+00:00, run_after=2023-10-01T06:40:32.905079+00:00
[2023-10-01T02:40:33.039-0400] {processor.py:179} INFO - Processing /home/erosennnin/anaconda3/envs/coursera/lib/python3.11/site-packages/airflow/example_dags/example_short_circuit_decorator.py took 0.195 seconds
[2023-10-01T02:41:32.515-0400] {processor.py:157} INFO - Started process (PID=18884) to work on /home/erosennnin/anaconda3/envs/coursera/lib/python3.11/site-packages/airflow/example_dags/example_short_circuit_decorator.py
[2023-10-01T02:41:32.516-0400] {processor.py:829} INFO - Processing file /home/erosennnin/anaconda3/envs/coursera/lib/python3.11/site-packages/airflow/example_dags/example_short_circuit_decorator.py for tasks to queue
[2023-10-01T02:41:32.517-0400] {logging_mixin.py:151} INFO - [2023-10-01T02:41:32.517-0400] {dagbag.py:539} INFO - Filling up the DagBag from /home/erosennnin/anaconda3/envs/coursera/lib/python3.11/site-packages/airflow/example_dags/example_short_circuit_decorator.py
[2023-10-01T02:41:32.533-0400] {processor.py:839} INFO - DAG(s) dict_keys(['example_short_circuit_decorator']) retrieved from /home/erosennnin/anaconda3/envs/coursera/lib/python3.11/site-packages/airflow/example_dags/example_short_circuit_decorator.py
[2023-10-01T02:41:32.552-0400] {logging_mixin.py:151} INFO - [2023-10-01T02:41:32.552-0400] {dag.py:2915} INFO - Sync 1 DAGs
[2023-10-01T02:41:32.565-0400] {logging_mixin.py:151} INFO - [2023-10-01T02:41:32.565-0400] {dag.py:3696} INFO - Setting next_dagrun for example_short_circuit_decorator to 2023-09-30T06:41:32.565506+00:00, run_after=2023-10-01T06:41:32.565506+00:00
[2023-10-01T02:41:32.695-0400] {processor.py:179} INFO - Processing /home/erosennnin/anaconda3/envs/coursera/lib/python3.11/site-packages/airflow/example_dags/example_short_circuit_decorator.py took 0.184 seconds
