[2023-10-01T02:36:27.268-0400] {processor.py:157} INFO - Started process (PID=18283) to work on /home/erosennnin/anaconda3/envs/coursera/lib/python3.11/site-packages/airflow/example_dags/example_external_task_marker_dag.py
[2023-10-01T02:36:27.269-0400] {processor.py:829} INFO - Processing file /home/erosennnin/anaconda3/envs/coursera/lib/python3.11/site-packages/airflow/example_dags/example_external_task_marker_dag.py for tasks to queue
[2023-10-01T02:36:27.270-0400] {logging_mixin.py:151} INFO - [2023-10-01T02:36:27.270-0400] {dagbag.py:539} INFO - Filling up the DagBag from /home/erosennnin/anaconda3/envs/coursera/lib/python3.11/site-packages/airflow/example_dags/example_external_task_marker_dag.py
[2023-10-01T02:36:27.278-0400] {processor.py:839} INFO - DAG(s) dict_keys(['example_external_task_marker_parent', 'example_external_task_marker_child']) retrieved from /home/erosennnin/anaconda3/envs/coursera/lib/python3.11/site-packages/airflow/example_dags/example_external_task_marker_dag.py
[2023-10-01T02:36:27.307-0400] {logging_mixin.py:151} INFO - [2023-10-01T02:36:27.307-0400] {dag.py:2915} INFO - Sync 2 DAGs
[2023-10-01T02:36:27.315-0400] {logging_mixin.py:151} INFO - [2023-10-01T02:36:27.314-0400] {dag.py:3696} INFO - Setting next_dagrun for example_external_task_marker_child to None, run_after=None
[2023-10-01T02:36:27.317-0400] {logging_mixin.py:151} INFO - [2023-10-01T02:36:27.317-0400] {dag.py:3696} INFO - Setting next_dagrun for example_external_task_marker_parent to None, run_after=None
[2023-10-01T02:36:27.480-0400] {processor.py:179} INFO - Processing /home/erosennnin/anaconda3/envs/coursera/lib/python3.11/site-packages/airflow/example_dags/example_external_task_marker_dag.py took 0.216 seconds
[2023-10-01T02:37:32.864-0400] {processor.py:157} INFO - Started process (PID=18367) to work on /home/erosennnin/anaconda3/envs/coursera/lib/python3.11/site-packages/airflow/example_dags/example_external_task_marker_dag.py
[2023-10-01T02:37:32.881-0400] {processor.py:829} INFO - Processing file /home/erosennnin/anaconda3/envs/coursera/lib/python3.11/site-packages/airflow/example_dags/example_external_task_marker_dag.py for tasks to queue
[2023-10-01T02:37:32.882-0400] {logging_mixin.py:151} INFO - [2023-10-01T02:37:32.881-0400] {dagbag.py:539} INFO - Filling up the DagBag from /home/erosennnin/anaconda3/envs/coursera/lib/python3.11/site-packages/airflow/example_dags/example_external_task_marker_dag.py
[2023-10-01T02:37:32.891-0400] {processor.py:839} INFO - DAG(s) dict_keys(['example_external_task_marker_parent', 'example_external_task_marker_child']) retrieved from /home/erosennnin/anaconda3/envs/coursera/lib/python3.11/site-packages/airflow/example_dags/example_external_task_marker_dag.py
[2023-10-01T02:37:32.925-0400] {logging_mixin.py:151} INFO - [2023-10-01T02:37:32.924-0400] {dag.py:2915} INFO - Sync 2 DAGs
[2023-10-01T02:37:32.940-0400] {logging_mixin.py:151} INFO - [2023-10-01T02:37:32.940-0400] {dag.py:3696} INFO - Setting next_dagrun for example_external_task_marker_child to None, run_after=None
[2023-10-01T02:37:32.942-0400] {logging_mixin.py:151} INFO - [2023-10-01T02:37:32.942-0400] {dag.py:3696} INFO - Setting next_dagrun for example_external_task_marker_parent to None, run_after=None
[2023-10-01T02:37:33.070-0400] {processor.py:179} INFO - Processing /home/erosennnin/anaconda3/envs/coursera/lib/python3.11/site-packages/airflow/example_dags/example_external_task_marker_dag.py took 0.209 seconds
[2023-10-01T02:38:32.526-0400] {processor.py:157} INFO - Started process (PID=18443) to work on /home/erosennnin/anaconda3/envs/coursera/lib/python3.11/site-packages/airflow/example_dags/example_external_task_marker_dag.py
[2023-10-01T02:38:32.527-0400] {processor.py:829} INFO - Processing file /home/erosennnin/anaconda3/envs/coursera/lib/python3.11/site-packages/airflow/example_dags/example_external_task_marker_dag.py for tasks to queue
[2023-10-01T02:38:32.528-0400] {logging_mixin.py:151} INFO - [2023-10-01T02:38:32.528-0400] {dagbag.py:539} INFO - Filling up the DagBag from /home/erosennnin/anaconda3/envs/coursera/lib/python3.11/site-packages/airflow/example_dags/example_external_task_marker_dag.py
[2023-10-01T02:38:32.537-0400] {processor.py:839} INFO - DAG(s) dict_keys(['example_external_task_marker_parent', 'example_external_task_marker_child']) retrieved from /home/erosennnin/anaconda3/envs/coursera/lib/python3.11/site-packages/airflow/example_dags/example_external_task_marker_dag.py
[2023-10-01T02:38:32.568-0400] {logging_mixin.py:151} INFO - [2023-10-01T02:38:32.567-0400] {dag.py:2915} INFO - Sync 2 DAGs
[2023-10-01T02:38:32.577-0400] {logging_mixin.py:151} INFO - [2023-10-01T02:38:32.577-0400] {dag.py:3696} INFO - Setting next_dagrun for example_external_task_marker_child to None, run_after=None
[2023-10-01T02:38:32.579-0400] {logging_mixin.py:151} INFO - [2023-10-01T02:38:32.579-0400] {dag.py:3696} INFO - Setting next_dagrun for example_external_task_marker_parent to None, run_after=None
[2023-10-01T02:38:32.700-0400] {processor.py:179} INFO - Processing /home/erosennnin/anaconda3/envs/coursera/lib/python3.11/site-packages/airflow/example_dags/example_external_task_marker_dag.py took 0.178 seconds
[2023-10-01T02:39:32.976-0400] {processor.py:157} INFO - Started process (PID=18667) to work on /home/erosennnin/anaconda3/envs/coursera/lib/python3.11/site-packages/airflow/example_dags/example_external_task_marker_dag.py
[2023-10-01T02:39:32.984-0400] {processor.py:829} INFO - Processing file /home/erosennnin/anaconda3/envs/coursera/lib/python3.11/site-packages/airflow/example_dags/example_external_task_marker_dag.py for tasks to queue
[2023-10-01T02:39:32.985-0400] {logging_mixin.py:151} INFO - [2023-10-01T02:39:32.985-0400] {dagbag.py:539} INFO - Filling up the DagBag from /home/erosennnin/anaconda3/envs/coursera/lib/python3.11/site-packages/airflow/example_dags/example_external_task_marker_dag.py
[2023-10-01T02:39:32.994-0400] {processor.py:839} INFO - DAG(s) dict_keys(['example_external_task_marker_parent', 'example_external_task_marker_child']) retrieved from /home/erosennnin/anaconda3/envs/coursera/lib/python3.11/site-packages/airflow/example_dags/example_external_task_marker_dag.py
[2023-10-01T02:39:33.024-0400] {logging_mixin.py:151} INFO - [2023-10-01T02:39:33.023-0400] {dag.py:2915} INFO - Sync 2 DAGs
[2023-10-01T02:39:33.037-0400] {logging_mixin.py:151} INFO - [2023-10-01T02:39:33.037-0400] {dag.py:3696} INFO - Setting next_dagrun for example_external_task_marker_child to None, run_after=None
[2023-10-01T02:39:33.039-0400] {logging_mixin.py:151} INFO - [2023-10-01T02:39:33.039-0400] {dag.py:3696} INFO - Setting next_dagrun for example_external_task_marker_parent to None, run_after=None
[2023-10-01T02:39:33.150-0400] {processor.py:179} INFO - Processing /home/erosennnin/anaconda3/envs/coursera/lib/python3.11/site-packages/airflow/example_dags/example_external_task_marker_dag.py took 0.177 seconds
[2023-10-01T02:40:36.040-0400] {processor.py:157} INFO - Started process (PID=18805) to work on /home/erosennnin/anaconda3/envs/coursera/lib/python3.11/site-packages/airflow/example_dags/example_external_task_marker_dag.py
[2023-10-01T02:40:36.042-0400] {processor.py:829} INFO - Processing file /home/erosennnin/anaconda3/envs/coursera/lib/python3.11/site-packages/airflow/example_dags/example_external_task_marker_dag.py for tasks to queue
[2023-10-01T02:40:36.043-0400] {logging_mixin.py:151} INFO - [2023-10-01T02:40:36.042-0400] {dagbag.py:539} INFO - Filling up the DagBag from /home/erosennnin/anaconda3/envs/coursera/lib/python3.11/site-packages/airflow/example_dags/example_external_task_marker_dag.py
[2023-10-01T02:40:36.052-0400] {processor.py:839} INFO - DAG(s) dict_keys(['example_external_task_marker_child', 'example_external_task_marker_parent']) retrieved from /home/erosennnin/anaconda3/envs/coursera/lib/python3.11/site-packages/airflow/example_dags/example_external_task_marker_dag.py
[2023-10-01T02:40:36.081-0400] {logging_mixin.py:151} INFO - [2023-10-01T02:40:36.080-0400] {dag.py:2915} INFO - Sync 2 DAGs
[2023-10-01T02:40:36.089-0400] {logging_mixin.py:151} INFO - [2023-10-01T02:40:36.089-0400] {dag.py:3696} INFO - Setting next_dagrun for example_external_task_marker_child to None, run_after=None
[2023-10-01T02:40:36.091-0400] {logging_mixin.py:151} INFO - [2023-10-01T02:40:36.091-0400] {dag.py:3696} INFO - Setting next_dagrun for example_external_task_marker_parent to None, run_after=None
[2023-10-01T02:40:36.267-0400] {processor.py:179} INFO - Processing /home/erosennnin/anaconda3/envs/coursera/lib/python3.11/site-packages/airflow/example_dags/example_external_task_marker_dag.py took 0.231 seconds
[2023-10-01T02:41:36.390-0400] {processor.py:157} INFO - Started process (PID=18887) to work on /home/erosennnin/anaconda3/envs/coursera/lib/python3.11/site-packages/airflow/example_dags/example_external_task_marker_dag.py
[2023-10-01T02:41:36.392-0400] {processor.py:829} INFO - Processing file /home/erosennnin/anaconda3/envs/coursera/lib/python3.11/site-packages/airflow/example_dags/example_external_task_marker_dag.py for tasks to queue
[2023-10-01T02:41:36.393-0400] {logging_mixin.py:151} INFO - [2023-10-01T02:41:36.392-0400] {dagbag.py:539} INFO - Filling up the DagBag from /home/erosennnin/anaconda3/envs/coursera/lib/python3.11/site-packages/airflow/example_dags/example_external_task_marker_dag.py
[2023-10-01T02:41:36.401-0400] {processor.py:839} INFO - DAG(s) dict_keys(['example_external_task_marker_child', 'example_external_task_marker_parent']) retrieved from /home/erosennnin/anaconda3/envs/coursera/lib/python3.11/site-packages/airflow/example_dags/example_external_task_marker_dag.py
[2023-10-01T02:41:36.431-0400] {logging_mixin.py:151} INFO - [2023-10-01T02:41:36.431-0400] {dag.py:2915} INFO - Sync 2 DAGs
[2023-10-01T02:41:36.440-0400] {logging_mixin.py:151} INFO - [2023-10-01T02:41:36.440-0400] {dag.py:3696} INFO - Setting next_dagrun for example_external_task_marker_child to None, run_after=None
[2023-10-01T02:41:36.442-0400] {logging_mixin.py:151} INFO - [2023-10-01T02:41:36.442-0400] {dag.py:3696} INFO - Setting next_dagrun for example_external_task_marker_parent to None, run_after=None
[2023-10-01T02:41:36.566-0400] {processor.py:179} INFO - Processing /home/erosennnin/anaconda3/envs/coursera/lib/python3.11/site-packages/airflow/example_dags/example_external_task_marker_dag.py took 0.180 seconds
