[2023-10-01T02:36:31.050-0400] {processor.py:157} INFO - Started process (PID=18287) to work on /home/erosennnin/anaconda3/envs/coursera/lib/python3.11/site-packages/airflow/example_dags/example_branch_operator_decorator.py
[2023-10-01T02:36:31.051-0400] {processor.py:829} INFO - Processing file /home/erosennnin/anaconda3/envs/coursera/lib/python3.11/site-packages/airflow/example_dags/example_branch_operator_decorator.py for tasks to queue
[2023-10-01T02:36:31.052-0400] {logging_mixin.py:151} INFO - [2023-10-01T02:36:31.052-0400] {dagbag.py:539} INFO - Filling up the DagBag from /home/erosennnin/anaconda3/envs/coursera/lib/python3.11/site-packages/airflow/example_dags/example_branch_operator_decorator.py
[2023-10-01T02:36:31.068-0400] {processor.py:839} INFO - DAG(s) dict_keys(['example_branch_python_operator_decorator']) retrieved from /home/erosennnin/anaconda3/envs/coursera/lib/python3.11/site-packages/airflow/example_dags/example_branch_operator_decorator.py
[2023-10-01T02:36:31.095-0400] {logging_mixin.py:151} INFO - [2023-10-01T02:36:31.095-0400] {dag.py:2915} INFO - Sync 1 DAGs
[2023-10-01T02:36:31.109-0400] {logging_mixin.py:151} INFO - [2023-10-01T02:36:31.109-0400] {dag.py:3696} INFO - Setting next_dagrun for example_branch_python_operator_decorator to 2023-09-30T00:00:00+00:00, run_after=2023-10-01T00:00:00+00:00
[2023-10-01T02:36:31.264-0400] {processor.py:179} INFO - Processing /home/erosennnin/anaconda3/envs/coursera/lib/python3.11/site-packages/airflow/example_dags/example_branch_operator_decorator.py took 0.218 seconds
[2023-10-01T02:37:36.884-0400] {processor.py:157} INFO - Started process (PID=18371) to work on /home/erosennnin/anaconda3/envs/coursera/lib/python3.11/site-packages/airflow/example_dags/example_branch_operator_decorator.py
[2023-10-01T02:37:36.908-0400] {processor.py:829} INFO - Processing file /home/erosennnin/anaconda3/envs/coursera/lib/python3.11/site-packages/airflow/example_dags/example_branch_operator_decorator.py for tasks to queue
[2023-10-01T02:37:36.909-0400] {logging_mixin.py:151} INFO - [2023-10-01T02:37:36.909-0400] {dagbag.py:539} INFO - Filling up the DagBag from /home/erosennnin/anaconda3/envs/coursera/lib/python3.11/site-packages/airflow/example_dags/example_branch_operator_decorator.py
[2023-10-01T02:37:36.923-0400] {processor.py:839} INFO - DAG(s) dict_keys(['example_branch_python_operator_decorator']) retrieved from /home/erosennnin/anaconda3/envs/coursera/lib/python3.11/site-packages/airflow/example_dags/example_branch_operator_decorator.py
[2023-10-01T02:37:36.937-0400] {logging_mixin.py:151} INFO - [2023-10-01T02:37:36.937-0400] {dag.py:2915} INFO - Sync 1 DAGs
[2023-10-01T02:37:36.952-0400] {logging_mixin.py:151} INFO - [2023-10-01T02:37:36.952-0400] {dag.py:3696} INFO - Setting next_dagrun for example_branch_python_operator_decorator to 2023-09-30T00:00:00+00:00, run_after=2023-10-01T00:00:00+00:00
[2023-10-01T02:37:37.234-0400] {processor.py:179} INFO - Processing /home/erosennnin/anaconda3/envs/coursera/lib/python3.11/site-packages/airflow/example_dags/example_branch_operator_decorator.py took 0.354 seconds
[2023-10-01T02:38:36.600-0400] {processor.py:157} INFO - Started process (PID=18446) to work on /home/erosennnin/anaconda3/envs/coursera/lib/python3.11/site-packages/airflow/example_dags/example_branch_operator_decorator.py
[2023-10-01T02:38:36.614-0400] {processor.py:829} INFO - Processing file /home/erosennnin/anaconda3/envs/coursera/lib/python3.11/site-packages/airflow/example_dags/example_branch_operator_decorator.py for tasks to queue
[2023-10-01T02:38:36.615-0400] {logging_mixin.py:151} INFO - [2023-10-01T02:38:36.615-0400] {dagbag.py:539} INFO - Filling up the DagBag from /home/erosennnin/anaconda3/envs/coursera/lib/python3.11/site-packages/airflow/example_dags/example_branch_operator_decorator.py
[2023-10-01T02:38:36.631-0400] {processor.py:839} INFO - DAG(s) dict_keys(['example_branch_python_operator_decorator']) retrieved from /home/erosennnin/anaconda3/envs/coursera/lib/python3.11/site-packages/airflow/example_dags/example_branch_operator_decorator.py
[2023-10-01T02:38:36.660-0400] {logging_mixin.py:151} INFO - [2023-10-01T02:38:36.659-0400] {dag.py:2915} INFO - Sync 1 DAGs
[2023-10-01T02:38:36.680-0400] {logging_mixin.py:151} INFO - [2023-10-01T02:38:36.679-0400] {dag.py:3696} INFO - Setting next_dagrun for example_branch_python_operator_decorator to 2023-09-30T00:00:00+00:00, run_after=2023-10-01T00:00:00+00:00
[2023-10-01T02:38:36.862-0400] {processor.py:179} INFO - Processing /home/erosennnin/anaconda3/envs/coursera/lib/python3.11/site-packages/airflow/example_dags/example_branch_operator_decorator.py took 0.266 seconds
[2023-10-01T02:39:36.974-0400] {processor.py:157} INFO - Started process (PID=18679) to work on /home/erosennnin/anaconda3/envs/coursera/lib/python3.11/site-packages/airflow/example_dags/example_branch_operator_decorator.py
[2023-10-01T02:39:37.040-0400] {processor.py:829} INFO - Processing file /home/erosennnin/anaconda3/envs/coursera/lib/python3.11/site-packages/airflow/example_dags/example_branch_operator_decorator.py for tasks to queue
[2023-10-01T02:39:37.041-0400] {logging_mixin.py:151} INFO - [2023-10-01T02:39:37.041-0400] {dagbag.py:539} INFO - Filling up the DagBag from /home/erosennnin/anaconda3/envs/coursera/lib/python3.11/site-packages/airflow/example_dags/example_branch_operator_decorator.py
[2023-10-01T02:39:37.058-0400] {processor.py:839} INFO - DAG(s) dict_keys(['example_branch_python_operator_decorator']) retrieved from /home/erosennnin/anaconda3/envs/coursera/lib/python3.11/site-packages/airflow/example_dags/example_branch_operator_decorator.py
[2023-10-01T02:39:37.070-0400] {logging_mixin.py:151} INFO - [2023-10-01T02:39:37.070-0400] {dag.py:2915} INFO - Sync 1 DAGs
[2023-10-01T02:39:37.084-0400] {logging_mixin.py:151} INFO - [2023-10-01T02:39:37.084-0400] {dag.py:3696} INFO - Setting next_dagrun for example_branch_python_operator_decorator to 2023-09-30T00:00:00+00:00, run_after=2023-10-01T00:00:00+00:00
[2023-10-01T02:39:37.350-0400] {processor.py:179} INFO - Processing /home/erosennnin/anaconda3/envs/coursera/lib/python3.11/site-packages/airflow/example_dags/example_branch_operator_decorator.py took 0.379 seconds
[2023-10-01T02:40:40.223-0400] {processor.py:157} INFO - Started process (PID=18809) to work on /home/erosennnin/anaconda3/envs/coursera/lib/python3.11/site-packages/airflow/example_dags/example_branch_operator_decorator.py
[2023-10-01T02:40:40.224-0400] {processor.py:829} INFO - Processing file /home/erosennnin/anaconda3/envs/coursera/lib/python3.11/site-packages/airflow/example_dags/example_branch_operator_decorator.py for tasks to queue
[2023-10-01T02:40:40.224-0400] {logging_mixin.py:151} INFO - [2023-10-01T02:40:40.224-0400] {dagbag.py:539} INFO - Filling up the DagBag from /home/erosennnin/anaconda3/envs/coursera/lib/python3.11/site-packages/airflow/example_dags/example_branch_operator_decorator.py
[2023-10-01T02:40:40.239-0400] {processor.py:839} INFO - DAG(s) dict_keys(['example_branch_python_operator_decorator']) retrieved from /home/erosennnin/anaconda3/envs/coursera/lib/python3.11/site-packages/airflow/example_dags/example_branch_operator_decorator.py
[2023-10-01T02:40:40.267-0400] {logging_mixin.py:151} INFO - [2023-10-01T02:40:40.267-0400] {dag.py:2915} INFO - Sync 1 DAGs
[2023-10-01T02:40:40.282-0400] {logging_mixin.py:151} INFO - [2023-10-01T02:40:40.282-0400] {dag.py:3696} INFO - Setting next_dagrun for example_branch_python_operator_decorator to 2023-09-30T00:00:00+00:00, run_after=2023-10-01T00:00:00+00:00
[2023-10-01T02:40:40.426-0400] {processor.py:179} INFO - Processing /home/erosennnin/anaconda3/envs/coursera/lib/python3.11/site-packages/airflow/example_dags/example_branch_operator_decorator.py took 0.205 seconds
[2023-10-01T02:41:40.346-0400] {processor.py:157} INFO - Started process (PID=18891) to work on /home/erosennnin/anaconda3/envs/coursera/lib/python3.11/site-packages/airflow/example_dags/example_branch_operator_decorator.py
[2023-10-01T02:41:40.347-0400] {processor.py:829} INFO - Processing file /home/erosennnin/anaconda3/envs/coursera/lib/python3.11/site-packages/airflow/example_dags/example_branch_operator_decorator.py for tasks to queue
[2023-10-01T02:41:40.348-0400] {logging_mixin.py:151} INFO - [2023-10-01T02:41:40.347-0400] {dagbag.py:539} INFO - Filling up the DagBag from /home/erosennnin/anaconda3/envs/coursera/lib/python3.11/site-packages/airflow/example_dags/example_branch_operator_decorator.py
[2023-10-01T02:41:40.364-0400] {processor.py:839} INFO - DAG(s) dict_keys(['example_branch_python_operator_decorator']) retrieved from /home/erosennnin/anaconda3/envs/coursera/lib/python3.11/site-packages/airflow/example_dags/example_branch_operator_decorator.py
[2023-10-01T02:41:40.381-0400] {logging_mixin.py:151} INFO - [2023-10-01T02:41:40.381-0400] {dag.py:2915} INFO - Sync 1 DAGs
[2023-10-01T02:41:40.395-0400] {logging_mixin.py:151} INFO - [2023-10-01T02:41:40.395-0400] {dag.py:3696} INFO - Setting next_dagrun for example_branch_python_operator_decorator to 2023-09-30T00:00:00+00:00, run_after=2023-10-01T00:00:00+00:00
[2023-10-01T02:41:40.547-0400] {processor.py:179} INFO - Processing /home/erosennnin/anaconda3/envs/coursera/lib/python3.11/site-packages/airflow/example_dags/example_branch_operator_decorator.py took 0.206 seconds
