[2023-10-01T02:36:02.477-0400] {processor.py:157} INFO - Started process (PID=18246) to work on /home/erosennnin/anaconda3/envs/coursera/lib/python3.11/site-packages/airflow/example_dags/example_task_group_decorator.py
[2023-10-01T02:36:02.478-0400] {processor.py:829} INFO - Processing file /home/erosennnin/anaconda3/envs/coursera/lib/python3.11/site-packages/airflow/example_dags/example_task_group_decorator.py for tasks to queue
[2023-10-01T02:36:02.479-0400] {logging_mixin.py:151} INFO - [2023-10-01T02:36:02.478-0400] {dagbag.py:539} INFO - Filling up the DagBag from /home/erosennnin/anaconda3/envs/coursera/lib/python3.11/site-packages/airflow/example_dags/example_task_group_decorator.py
[2023-10-01T02:36:02.489-0400] {processor.py:839} INFO - DAG(s) dict_keys(['example_task_group_decorator']) retrieved from /home/erosennnin/anaconda3/envs/coursera/lib/python3.11/site-packages/airflow/example_dags/example_task_group_decorator.py
[2023-10-01T02:36:02.505-0400] {logging_mixin.py:151} INFO - [2023-10-01T02:36:02.504-0400] {dag.py:2915} INFO - Sync 1 DAGs
[2023-10-01T02:36:02.526-0400] {logging_mixin.py:151} INFO - [2023-10-01T02:36:02.526-0400] {dag.py:3696} INFO - Setting next_dagrun for example_task_group_decorator to 2023-09-30T06:36:02.526141+00:00, run_after=2023-10-01T06:36:02.526141+00:00
[2023-10-01T02:36:02.656-0400] {processor.py:179} INFO - Processing /home/erosennnin/anaconda3/envs/coursera/lib/python3.11/site-packages/airflow/example_dags/example_task_group_decorator.py took 0.180 seconds
[2023-10-01T02:37:01.819-0400] {processor.py:157} INFO - Started process (PID=18324) to work on /home/erosennnin/anaconda3/envs/coursera/lib/python3.11/site-packages/airflow/example_dags/example_task_group_decorator.py
[2023-10-01T02:37:01.826-0400] {processor.py:829} INFO - Processing file /home/erosennnin/anaconda3/envs/coursera/lib/python3.11/site-packages/airflow/example_dags/example_task_group_decorator.py for tasks to queue
[2023-10-01T02:37:01.828-0400] {logging_mixin.py:151} INFO - [2023-10-01T02:37:01.827-0400] {dagbag.py:539} INFO - Filling up the DagBag from /home/erosennnin/anaconda3/envs/coursera/lib/python3.11/site-packages/airflow/example_dags/example_task_group_decorator.py
[2023-10-01T02:37:01.853-0400] {processor.py:839} INFO - DAG(s) dict_keys(['example_task_group_decorator']) retrieved from /home/erosennnin/anaconda3/envs/coursera/lib/python3.11/site-packages/airflow/example_dags/example_task_group_decorator.py
[2023-10-01T02:37:01.876-0400] {logging_mixin.py:151} INFO - [2023-10-01T02:37:01.876-0400] {dag.py:2915} INFO - Sync 1 DAGs
[2023-10-01T02:37:01.892-0400] {logging_mixin.py:151} INFO - [2023-10-01T02:37:01.892-0400] {dag.py:3696} INFO - Setting next_dagrun for example_task_group_decorator to 2023-09-30T06:37:01.892141+00:00, run_after=2023-10-01T06:37:01.892141+00:00
[2023-10-01T02:37:02.295-0400] {processor.py:179} INFO - Processing /home/erosennnin/anaconda3/envs/coursera/lib/python3.11/site-packages/airflow/example_dags/example_task_group_decorator.py took 0.480 seconds
[2023-10-01T02:38:07.004-0400] {processor.py:157} INFO - Started process (PID=18405) to work on /home/erosennnin/anaconda3/envs/coursera/lib/python3.11/site-packages/airflow/example_dags/example_task_group_decorator.py
[2023-10-01T02:38:07.005-0400] {processor.py:829} INFO - Processing file /home/erosennnin/anaconda3/envs/coursera/lib/python3.11/site-packages/airflow/example_dags/example_task_group_decorator.py for tasks to queue
[2023-10-01T02:38:07.006-0400] {logging_mixin.py:151} INFO - [2023-10-01T02:38:07.006-0400] {dagbag.py:539} INFO - Filling up the DagBag from /home/erosennnin/anaconda3/envs/coursera/lib/python3.11/site-packages/airflow/example_dags/example_task_group_decorator.py
[2023-10-01T02:38:07.029-0400] {processor.py:839} INFO - DAG(s) dict_keys(['example_task_group_decorator']) retrieved from /home/erosennnin/anaconda3/envs/coursera/lib/python3.11/site-packages/airflow/example_dags/example_task_group_decorator.py
[2023-10-01T02:38:07.042-0400] {logging_mixin.py:151} INFO - [2023-10-01T02:38:07.042-0400] {dag.py:2915} INFO - Sync 1 DAGs
[2023-10-01T02:38:07.055-0400] {logging_mixin.py:151} INFO - [2023-10-01T02:38:07.055-0400] {dag.py:3696} INFO - Setting next_dagrun for example_task_group_decorator to 2023-09-30T06:38:07.055191+00:00, run_after=2023-10-01T06:38:07.055191+00:00
[2023-10-01T02:38:07.204-0400] {processor.py:179} INFO - Processing /home/erosennnin/anaconda3/envs/coursera/lib/python3.11/site-packages/airflow/example_dags/example_task_group_decorator.py took 0.205 seconds
[2023-10-01T02:39:03.193-0400] {processor.py:157} INFO - Started process (PID=18479) to work on /home/erosennnin/anaconda3/envs/coursera/lib/python3.11/site-packages/airflow/example_dags/example_task_group_decorator.py
[2023-10-01T02:39:03.194-0400] {processor.py:829} INFO - Processing file /home/erosennnin/anaconda3/envs/coursera/lib/python3.11/site-packages/airflow/example_dags/example_task_group_decorator.py for tasks to queue
[2023-10-01T02:39:03.195-0400] {logging_mixin.py:151} INFO - [2023-10-01T02:39:03.195-0400] {dagbag.py:539} INFO - Filling up the DagBag from /home/erosennnin/anaconda3/envs/coursera/lib/python3.11/site-packages/airflow/example_dags/example_task_group_decorator.py
[2023-10-01T02:39:03.221-0400] {processor.py:839} INFO - DAG(s) dict_keys(['example_task_group_decorator']) retrieved from /home/erosennnin/anaconda3/envs/coursera/lib/python3.11/site-packages/airflow/example_dags/example_task_group_decorator.py
[2023-10-01T02:39:03.243-0400] {logging_mixin.py:151} INFO - [2023-10-01T02:39:03.243-0400] {dag.py:2915} INFO - Sync 1 DAGs
[2023-10-01T02:39:03.257-0400] {logging_mixin.py:151} INFO - [2023-10-01T02:39:03.257-0400] {dag.py:3696} INFO - Setting next_dagrun for example_task_group_decorator to 2023-09-30T06:39:03.257033+00:00, run_after=2023-10-01T06:39:03.257033+00:00
[2023-10-01T02:39:03.430-0400] {processor.py:179} INFO - Processing /home/erosennnin/anaconda3/envs/coursera/lib/python3.11/site-packages/airflow/example_dags/example_task_group_decorator.py took 0.241 seconds
[2023-10-01T02:40:09.221-0400] {processor.py:157} INFO - Started process (PID=18734) to work on /home/erosennnin/anaconda3/envs/coursera/lib/python3.11/site-packages/airflow/example_dags/example_task_group_decorator.py
[2023-10-01T02:40:09.221-0400] {processor.py:829} INFO - Processing file /home/erosennnin/anaconda3/envs/coursera/lib/python3.11/site-packages/airflow/example_dags/example_task_group_decorator.py for tasks to queue
[2023-10-01T02:40:09.222-0400] {logging_mixin.py:151} INFO - [2023-10-01T02:40:09.222-0400] {dagbag.py:539} INFO - Filling up the DagBag from /home/erosennnin/anaconda3/envs/coursera/lib/python3.11/site-packages/airflow/example_dags/example_task_group_decorator.py
[2023-10-01T02:40:09.241-0400] {processor.py:839} INFO - DAG(s) dict_keys(['example_task_group_decorator']) retrieved from /home/erosennnin/anaconda3/envs/coursera/lib/python3.11/site-packages/airflow/example_dags/example_task_group_decorator.py
[2023-10-01T02:40:09.268-0400] {logging_mixin.py:151} INFO - [2023-10-01T02:40:09.268-0400] {dag.py:2915} INFO - Sync 1 DAGs
[2023-10-01T02:40:09.281-0400] {logging_mixin.py:151} INFO - [2023-10-01T02:40:09.280-0400] {dag.py:3696} INFO - Setting next_dagrun for example_task_group_decorator to 2023-09-30T06:40:09.280805+00:00, run_after=2023-10-01T06:40:09.280805+00:00
[2023-10-01T02:40:09.420-0400] {processor.py:179} INFO - Processing /home/erosennnin/anaconda3/envs/coursera/lib/python3.11/site-packages/airflow/example_dags/example_task_group_decorator.py took 0.201 seconds
[2023-10-01T02:41:06.933-0400] {processor.py:157} INFO - Started process (PID=18842) to work on /home/erosennnin/anaconda3/envs/coursera/lib/python3.11/site-packages/airflow/example_dags/example_task_group_decorator.py
[2023-10-01T02:41:06.934-0400] {processor.py:829} INFO - Processing file /home/erosennnin/anaconda3/envs/coursera/lib/python3.11/site-packages/airflow/example_dags/example_task_group_decorator.py for tasks to queue
[2023-10-01T02:41:06.935-0400] {logging_mixin.py:151} INFO - [2023-10-01T02:41:06.934-0400] {dagbag.py:539} INFO - Filling up the DagBag from /home/erosennnin/anaconda3/envs/coursera/lib/python3.11/site-packages/airflow/example_dags/example_task_group_decorator.py
[2023-10-01T02:41:06.963-0400] {processor.py:839} INFO - DAG(s) dict_keys(['example_task_group_decorator']) retrieved from /home/erosennnin/anaconda3/envs/coursera/lib/python3.11/site-packages/airflow/example_dags/example_task_group_decorator.py
[2023-10-01T02:41:06.981-0400] {logging_mixin.py:151} INFO - [2023-10-01T02:41:06.981-0400] {dag.py:2915} INFO - Sync 1 DAGs
[2023-10-01T02:41:06.995-0400] {logging_mixin.py:151} INFO - [2023-10-01T02:41:06.995-0400] {dag.py:3696} INFO - Setting next_dagrun for example_task_group_decorator to 2023-09-30T06:41:06.994825+00:00, run_after=2023-10-01T06:41:06.994825+00:00
[2023-10-01T02:41:07.164-0400] {processor.py:179} INFO - Processing /home/erosennnin/anaconda3/envs/coursera/lib/python3.11/site-packages/airflow/example_dags/example_task_group_decorator.py took 0.235 seconds
