[2023-10-01T02:36:39.958-0400] {processor.py:157} INFO - Started process (PID=18297) to work on /home/erosennnin/anaconda3/envs/coursera/lib/python3.11/site-packages/airflow/example_dags/example_nested_branch_dag.py
[2023-10-01T02:36:39.959-0400] {processor.py:829} INFO - Processing file /home/erosennnin/anaconda3/envs/coursera/lib/python3.11/site-packages/airflow/example_dags/example_nested_branch_dag.py for tasks to queue
[2023-10-01T02:36:39.960-0400] {logging_mixin.py:151} INFO - [2023-10-01T02:36:39.959-0400] {dagbag.py:539} INFO - Filling up the DagBag from /home/erosennnin/anaconda3/envs/coursera/lib/python3.11/site-packages/airflow/example_dags/example_nested_branch_dag.py
[2023-10-01T02:36:39.975-0400] {processor.py:839} INFO - DAG(s) dict_keys(['example_nested_branch_dag']) retrieved from /home/erosennnin/anaconda3/envs/coursera/lib/python3.11/site-packages/airflow/example_dags/example_nested_branch_dag.py
[2023-10-01T02:36:40.002-0400] {logging_mixin.py:151} INFO - [2023-10-01T02:36:40.002-0400] {dag.py:2915} INFO - Sync 1 DAGs
[2023-10-01T02:36:40.016-0400] {logging_mixin.py:151} INFO - [2023-10-01T02:36:40.016-0400] {dag.py:3696} INFO - Setting next_dagrun for example_nested_branch_dag to 2023-09-30T00:00:00+00:00, run_after=2023-10-01T00:00:00+00:00
[2023-10-01T02:36:40.128-0400] {processor.py:179} INFO - Processing /home/erosennnin/anaconda3/envs/coursera/lib/python3.11/site-packages/airflow/example_dags/example_nested_branch_dag.py took 0.174 seconds
[2023-10-01T02:37:44.807-0400] {processor.py:157} INFO - Started process (PID=18380) to work on /home/erosennnin/anaconda3/envs/coursera/lib/python3.11/site-packages/airflow/example_dags/example_nested_branch_dag.py
[2023-10-01T02:37:44.807-0400] {processor.py:829} INFO - Processing file /home/erosennnin/anaconda3/envs/coursera/lib/python3.11/site-packages/airflow/example_dags/example_nested_branch_dag.py for tasks to queue
[2023-10-01T02:37:44.808-0400] {logging_mixin.py:151} INFO - [2023-10-01T02:37:44.807-0400] {dagbag.py:539} INFO - Filling up the DagBag from /home/erosennnin/anaconda3/envs/coursera/lib/python3.11/site-packages/airflow/example_dags/example_nested_branch_dag.py
[2023-10-01T02:37:44.821-0400] {processor.py:839} INFO - DAG(s) dict_keys(['example_nested_branch_dag']) retrieved from /home/erosennnin/anaconda3/envs/coursera/lib/python3.11/site-packages/airflow/example_dags/example_nested_branch_dag.py
[2023-10-01T02:37:44.843-0400] {logging_mixin.py:151} INFO - [2023-10-01T02:37:44.843-0400] {dag.py:2915} INFO - Sync 1 DAGs
[2023-10-01T02:37:44.859-0400] {logging_mixin.py:151} INFO - [2023-10-01T02:37:44.859-0400] {dag.py:3696} INFO - Setting next_dagrun for example_nested_branch_dag to 2023-09-30T00:00:00+00:00, run_after=2023-10-01T00:00:00+00:00
[2023-10-01T02:37:45.139-0400] {processor.py:179} INFO - Processing /home/erosennnin/anaconda3/envs/coursera/lib/python3.11/site-packages/airflow/example_dags/example_nested_branch_dag.py took 0.336 seconds
[2023-10-01T02:38:44.680-0400] {processor.py:157} INFO - Started process (PID=18456) to work on /home/erosennnin/anaconda3/envs/coursera/lib/python3.11/site-packages/airflow/example_dags/example_nested_branch_dag.py
[2023-10-01T02:38:44.681-0400] {processor.py:829} INFO - Processing file /home/erosennnin/anaconda3/envs/coursera/lib/python3.11/site-packages/airflow/example_dags/example_nested_branch_dag.py for tasks to queue
[2023-10-01T02:38:44.682-0400] {logging_mixin.py:151} INFO - [2023-10-01T02:38:44.682-0400] {dagbag.py:539} INFO - Filling up the DagBag from /home/erosennnin/anaconda3/envs/coursera/lib/python3.11/site-packages/airflow/example_dags/example_nested_branch_dag.py
[2023-10-01T02:38:44.698-0400] {processor.py:839} INFO - DAG(s) dict_keys(['example_nested_branch_dag']) retrieved from /home/erosennnin/anaconda3/envs/coursera/lib/python3.11/site-packages/airflow/example_dags/example_nested_branch_dag.py
[2023-10-01T02:38:44.723-0400] {logging_mixin.py:151} INFO - [2023-10-01T02:38:44.723-0400] {dag.py:2915} INFO - Sync 1 DAGs
[2023-10-01T02:38:44.737-0400] {logging_mixin.py:151} INFO - [2023-10-01T02:38:44.737-0400] {dag.py:3696} INFO - Setting next_dagrun for example_nested_branch_dag to 2023-09-30T00:00:00+00:00, run_after=2023-10-01T00:00:00+00:00
[2023-10-01T02:38:44.840-0400] {processor.py:179} INFO - Processing /home/erosennnin/anaconda3/envs/coursera/lib/python3.11/site-packages/airflow/example_dags/example_nested_branch_dag.py took 0.164 seconds
[2023-10-01T02:39:46.038-0400] {processor.py:157} INFO - Started process (PID=18693) to work on /home/erosennnin/anaconda3/envs/coursera/lib/python3.11/site-packages/airflow/example_dags/example_nested_branch_dag.py
[2023-10-01T02:39:46.039-0400] {processor.py:829} INFO - Processing file /home/erosennnin/anaconda3/envs/coursera/lib/python3.11/site-packages/airflow/example_dags/example_nested_branch_dag.py for tasks to queue
[2023-10-01T02:39:46.041-0400] {logging_mixin.py:151} INFO - [2023-10-01T02:39:46.040-0400] {dagbag.py:539} INFO - Filling up the DagBag from /home/erosennnin/anaconda3/envs/coursera/lib/python3.11/site-packages/airflow/example_dags/example_nested_branch_dag.py
[2023-10-01T02:39:46.052-0400] {processor.py:839} INFO - DAG(s) dict_keys(['example_nested_branch_dag']) retrieved from /home/erosennnin/anaconda3/envs/coursera/lib/python3.11/site-packages/airflow/example_dags/example_nested_branch_dag.py
[2023-10-01T02:39:46.064-0400] {logging_mixin.py:151} INFO - [2023-10-01T02:39:46.063-0400] {dag.py:2915} INFO - Sync 1 DAGs
[2023-10-01T02:39:46.078-0400] {logging_mixin.py:151} INFO - [2023-10-01T02:39:46.077-0400] {dag.py:3696} INFO - Setting next_dagrun for example_nested_branch_dag to 2023-09-30T00:00:00+00:00, run_after=2023-10-01T00:00:00+00:00
[2023-10-01T02:39:46.721-0400] {processor.py:179} INFO - Processing /home/erosennnin/anaconda3/envs/coursera/lib/python3.11/site-packages/airflow/example_dags/example_nested_branch_dag.py took 0.687 seconds
[2023-10-01T02:40:48.110-0400] {processor.py:157} INFO - Started process (PID=18819) to work on /home/erosennnin/anaconda3/envs/coursera/lib/python3.11/site-packages/airflow/example_dags/example_nested_branch_dag.py
[2023-10-01T02:40:48.111-0400] {processor.py:829} INFO - Processing file /home/erosennnin/anaconda3/envs/coursera/lib/python3.11/site-packages/airflow/example_dags/example_nested_branch_dag.py for tasks to queue
[2023-10-01T02:40:48.112-0400] {logging_mixin.py:151} INFO - [2023-10-01T02:40:48.112-0400] {dagbag.py:539} INFO - Filling up the DagBag from /home/erosennnin/anaconda3/envs/coursera/lib/python3.11/site-packages/airflow/example_dags/example_nested_branch_dag.py
[2023-10-01T02:40:48.125-0400] {processor.py:839} INFO - DAG(s) dict_keys(['example_nested_branch_dag']) retrieved from /home/erosennnin/anaconda3/envs/coursera/lib/python3.11/site-packages/airflow/example_dags/example_nested_branch_dag.py
[2023-10-01T02:40:48.147-0400] {logging_mixin.py:151} INFO - [2023-10-01T02:40:48.147-0400] {dag.py:2915} INFO - Sync 1 DAGs
[2023-10-01T02:40:48.163-0400] {logging_mixin.py:151} INFO - [2023-10-01T02:40:48.163-0400] {dag.py:3696} INFO - Setting next_dagrun for example_nested_branch_dag to 2023-09-30T00:00:00+00:00, run_after=2023-10-01T00:00:00+00:00
[2023-10-01T02:40:48.296-0400] {processor.py:179} INFO - Processing /home/erosennnin/anaconda3/envs/coursera/lib/python3.11/site-packages/airflow/example_dags/example_nested_branch_dag.py took 0.189 seconds
[2023-10-01T12:37:47.569-0400] {processor.py:157} INFO - Started process (PID=19241) to work on /home/erosennnin/anaconda3/envs/coursera/lib/python3.11/site-packages/airflow/example_dags/example_nested_branch_dag.py
[2023-10-01T12:37:47.578-0400] {processor.py:829} INFO - Processing file /home/erosennnin/anaconda3/envs/coursera/lib/python3.11/site-packages/airflow/example_dags/example_nested_branch_dag.py for tasks to queue
[2023-10-01T12:37:47.579-0400] {logging_mixin.py:151} INFO - [2023-10-01T12:37:47.579-0400] {dagbag.py:539} INFO - Filling up the DagBag from /home/erosennnin/anaconda3/envs/coursera/lib/python3.11/site-packages/airflow/example_dags/example_nested_branch_dag.py
[2023-10-01T12:37:47.599-0400] {processor.py:839} INFO - DAG(s) dict_keys(['example_nested_branch_dag']) retrieved from /home/erosennnin/anaconda3/envs/coursera/lib/python3.11/site-packages/airflow/example_dags/example_nested_branch_dag.py
[2023-10-01T12:37:47.636-0400] {logging_mixin.py:151} INFO - [2023-10-01T12:37:47.635-0400] {dag.py:2915} INFO - Sync 1 DAGs
[2023-10-01T12:37:47.677-0400] {logging_mixin.py:151} INFO - [2023-10-01T12:37:47.677-0400] {dag.py:3696} INFO - Setting next_dagrun for example_nested_branch_dag to 2023-09-30T00:00:00+00:00, run_after=2023-10-01T00:00:00+00:00
[2023-10-01T12:37:47.927-0400] {processor.py:179} INFO - Processing /home/erosennnin/anaconda3/envs/coursera/lib/python3.11/site-packages/airflow/example_dags/example_nested_branch_dag.py took 0.363 seconds
