[2023-10-01T02:36:32.493-0400] {processor.py:157} INFO - Started process (PID=18290) to work on /home/erosennnin/anaconda3/envs/coursera/lib/python3.11/site-packages/airflow/example_dags/example_bash_operator.py
[2023-10-01T02:36:32.493-0400] {processor.py:829} INFO - Processing file /home/erosennnin/anaconda3/envs/coursera/lib/python3.11/site-packages/airflow/example_dags/example_bash_operator.py for tasks to queue
[2023-10-01T02:36:32.494-0400] {logging_mixin.py:151} INFO - [2023-10-01T02:36:32.494-0400] {dagbag.py:539} INFO - Filling up the DagBag from /home/erosennnin/anaconda3/envs/coursera/lib/python3.11/site-packages/airflow/example_dags/example_bash_operator.py
[2023-10-01T02:36:32.506-0400] {processor.py:839} INFO - DAG(s) dict_keys(['example_bash_operator']) retrieved from /home/erosennnin/anaconda3/envs/coursera/lib/python3.11/site-packages/airflow/example_dags/example_bash_operator.py
[2023-10-01T02:36:32.540-0400] {logging_mixin.py:151} INFO - [2023-10-01T02:36:32.540-0400] {dag.py:2915} INFO - Sync 1 DAGs
[2023-10-01T02:36:32.554-0400] {logging_mixin.py:151} INFO - [2023-10-01T02:36:32.554-0400] {dag.py:3696} INFO - Setting next_dagrun for example_bash_operator to 2023-09-30T00:00:00+00:00, run_after=2023-10-01T00:00:00+00:00
[2023-10-01T02:36:32.704-0400] {processor.py:179} INFO - Processing /home/erosennnin/anaconda3/envs/coursera/lib/python3.11/site-packages/airflow/example_dags/example_bash_operator.py took 0.215 seconds
[2023-10-01T02:37:38.336-0400] {processor.py:157} INFO - Started process (PID=18372) to work on /home/erosennnin/anaconda3/envs/coursera/lib/python3.11/site-packages/airflow/example_dags/example_bash_operator.py
[2023-10-01T02:37:38.361-0400] {processor.py:829} INFO - Processing file /home/erosennnin/anaconda3/envs/coursera/lib/python3.11/site-packages/airflow/example_dags/example_bash_operator.py for tasks to queue
[2023-10-01T02:37:38.362-0400] {logging_mixin.py:151} INFO - [2023-10-01T02:37:38.362-0400] {dagbag.py:539} INFO - Filling up the DagBag from /home/erosennnin/anaconda3/envs/coursera/lib/python3.11/site-packages/airflow/example_dags/example_bash_operator.py
[2023-10-01T02:37:38.381-0400] {processor.py:839} INFO - DAG(s) dict_keys(['example_bash_operator']) retrieved from /home/erosennnin/anaconda3/envs/coursera/lib/python3.11/site-packages/airflow/example_dags/example_bash_operator.py
[2023-10-01T02:37:38.419-0400] {logging_mixin.py:151} INFO - [2023-10-01T02:37:38.419-0400] {dag.py:2915} INFO - Sync 1 DAGs
[2023-10-01T02:37:38.435-0400] {logging_mixin.py:151} INFO - [2023-10-01T02:37:38.435-0400] {dag.py:3696} INFO - Setting next_dagrun for example_bash_operator to 2023-09-30T00:00:00+00:00, run_after=2023-10-01T00:00:00+00:00
[2023-10-01T02:37:38.584-0400] {processor.py:179} INFO - Processing /home/erosennnin/anaconda3/envs/coursera/lib/python3.11/site-packages/airflow/example_dags/example_bash_operator.py took 0.252 seconds
[2023-10-01T02:38:37.952-0400] {processor.py:157} INFO - Started process (PID=18448) to work on /home/erosennnin/anaconda3/envs/coursera/lib/python3.11/site-packages/airflow/example_dags/example_bash_operator.py
[2023-10-01T02:38:37.953-0400] {processor.py:829} INFO - Processing file /home/erosennnin/anaconda3/envs/coursera/lib/python3.11/site-packages/airflow/example_dags/example_bash_operator.py for tasks to queue
[2023-10-01T02:38:37.953-0400] {logging_mixin.py:151} INFO - [2023-10-01T02:38:37.953-0400] {dagbag.py:539} INFO - Filling up the DagBag from /home/erosennnin/anaconda3/envs/coursera/lib/python3.11/site-packages/airflow/example_dags/example_bash_operator.py
[2023-10-01T02:38:37.960-0400] {processor.py:839} INFO - DAG(s) dict_keys(['example_bash_operator']) retrieved from /home/erosennnin/anaconda3/envs/coursera/lib/python3.11/site-packages/airflow/example_dags/example_bash_operator.py
[2023-10-01T02:38:37.976-0400] {logging_mixin.py:151} INFO - [2023-10-01T02:38:37.976-0400] {dag.py:2915} INFO - Sync 1 DAGs
[2023-10-01T02:38:37.990-0400] {logging_mixin.py:151} INFO - [2023-10-01T02:38:37.990-0400] {dag.py:3696} INFO - Setting next_dagrun for example_bash_operator to 2023-09-30T00:00:00+00:00, run_after=2023-10-01T00:00:00+00:00
[2023-10-01T02:38:38.118-0400] {processor.py:179} INFO - Processing /home/erosennnin/anaconda3/envs/coursera/lib/python3.11/site-packages/airflow/example_dags/example_bash_operator.py took 0.170 seconds
[2023-10-01T02:39:38.674-0400] {processor.py:157} INFO - Started process (PID=18680) to work on /home/erosennnin/anaconda3/envs/coursera/lib/python3.11/site-packages/airflow/example_dags/example_bash_operator.py
[2023-10-01T02:39:38.675-0400] {processor.py:829} INFO - Processing file /home/erosennnin/anaconda3/envs/coursera/lib/python3.11/site-packages/airflow/example_dags/example_bash_operator.py for tasks to queue
[2023-10-01T02:39:38.676-0400] {logging_mixin.py:151} INFO - [2023-10-01T02:39:38.676-0400] {dagbag.py:539} INFO - Filling up the DagBag from /home/erosennnin/anaconda3/envs/coursera/lib/python3.11/site-packages/airflow/example_dags/example_bash_operator.py
[2023-10-01T02:39:38.683-0400] {processor.py:839} INFO - DAG(s) dict_keys(['example_bash_operator']) retrieved from /home/erosennnin/anaconda3/envs/coursera/lib/python3.11/site-packages/airflow/example_dags/example_bash_operator.py
[2023-10-01T02:39:38.698-0400] {logging_mixin.py:151} INFO - [2023-10-01T02:39:38.698-0400] {dag.py:2915} INFO - Sync 1 DAGs
[2023-10-01T02:39:38.712-0400] {logging_mixin.py:151} INFO - [2023-10-01T02:39:38.712-0400] {dag.py:3696} INFO - Setting next_dagrun for example_bash_operator to 2023-09-30T00:00:00+00:00, run_after=2023-10-01T00:00:00+00:00
[2023-10-01T02:39:38.890-0400] {processor.py:179} INFO - Processing /home/erosennnin/anaconda3/envs/coursera/lib/python3.11/site-packages/airflow/example_dags/example_bash_operator.py took 0.220 seconds
[2023-10-01T02:40:41.523-0400] {processor.py:157} INFO - Started process (PID=18810) to work on /home/erosennnin/anaconda3/envs/coursera/lib/python3.11/site-packages/airflow/example_dags/example_bash_operator.py
[2023-10-01T02:40:41.524-0400] {processor.py:829} INFO - Processing file /home/erosennnin/anaconda3/envs/coursera/lib/python3.11/site-packages/airflow/example_dags/example_bash_operator.py for tasks to queue
[2023-10-01T02:40:41.525-0400] {logging_mixin.py:151} INFO - [2023-10-01T02:40:41.524-0400] {dagbag.py:539} INFO - Filling up the DagBag from /home/erosennnin/anaconda3/envs/coursera/lib/python3.11/site-packages/airflow/example_dags/example_bash_operator.py
[2023-10-01T02:40:41.542-0400] {processor.py:839} INFO - DAG(s) dict_keys(['example_bash_operator']) retrieved from /home/erosennnin/anaconda3/envs/coursera/lib/python3.11/site-packages/airflow/example_dags/example_bash_operator.py
[2023-10-01T02:40:41.571-0400] {logging_mixin.py:151} INFO - [2023-10-01T02:40:41.571-0400] {dag.py:2915} INFO - Sync 1 DAGs
[2023-10-01T02:40:41.586-0400] {logging_mixin.py:151} INFO - [2023-10-01T02:40:41.585-0400] {dag.py:3696} INFO - Setting next_dagrun for example_bash_operator to 2023-09-30T00:00:00+00:00, run_after=2023-10-01T00:00:00+00:00
[2023-10-01T02:40:41.705-0400] {processor.py:179} INFO - Processing /home/erosennnin/anaconda3/envs/coursera/lib/python3.11/site-packages/airflow/example_dags/example_bash_operator.py took 0.186 seconds
[2023-10-01T02:41:41.698-0400] {processor.py:157} INFO - Started process (PID=18892) to work on /home/erosennnin/anaconda3/envs/coursera/lib/python3.11/site-packages/airflow/example_dags/example_bash_operator.py
[2023-10-01T02:41:41.699-0400] {processor.py:829} INFO - Processing file /home/erosennnin/anaconda3/envs/coursera/lib/python3.11/site-packages/airflow/example_dags/example_bash_operator.py for tasks to queue
[2023-10-01T02:41:41.700-0400] {logging_mixin.py:151} INFO - [2023-10-01T02:41:41.700-0400] {dagbag.py:539} INFO - Filling up the DagBag from /home/erosennnin/anaconda3/envs/coursera/lib/python3.11/site-packages/airflow/example_dags/example_bash_operator.py
[2023-10-01T02:41:41.717-0400] {processor.py:839} INFO - DAG(s) dict_keys(['example_bash_operator']) retrieved from /home/erosennnin/anaconda3/envs/coursera/lib/python3.11/site-packages/airflow/example_dags/example_bash_operator.py
[2023-10-01T02:41:41.746-0400] {logging_mixin.py:151} INFO - [2023-10-01T02:41:41.746-0400] {dag.py:2915} INFO - Sync 1 DAGs
[2023-10-01T02:41:41.760-0400] {logging_mixin.py:151} INFO - [2023-10-01T02:41:41.760-0400] {dag.py:3696} INFO - Setting next_dagrun for example_bash_operator to 2023-09-30T00:00:00+00:00, run_after=2023-10-01T00:00:00+00:00
[2023-10-01T02:41:41.892-0400] {processor.py:179} INFO - Processing /home/erosennnin/anaconda3/envs/coursera/lib/python3.11/site-packages/airflow/example_dags/example_bash_operator.py took 0.198 seconds
