[2023-10-01T02:36:20.829-0400] {processor.py:157} INFO - Started process (PID=18276) to work on /home/erosennnin/anaconda3/envs/coursera/lib/python3.11/site-packages/airflow/example_dags/example_kubernetes_executor.py
[2023-10-01T02:36:20.830-0400] {processor.py:829} INFO - Processing file /home/erosennnin/anaconda3/envs/coursera/lib/python3.11/site-packages/airflow/example_dags/example_kubernetes_executor.py for tasks to queue
[2023-10-01T02:36:20.831-0400] {logging_mixin.py:151} INFO - [2023-10-01T02:36:20.830-0400] {dagbag.py:539} INFO - Filling up the DagBag from /home/erosennnin/anaconda3/envs/coursera/lib/python3.11/site-packages/airflow/example_dags/example_kubernetes_executor.py
[2023-10-01T02:36:20.836-0400] {logging_mixin.py:151} INFO - [2023-10-01T02:36:20.835-0400] {example_kubernetes_executor.py:38} WARNING - The example_kubernetes_executor example DAG requires the kubernetes provider. Please install it with: pip install apache-airflow[cncf.kubernetes]
[2023-10-01T02:36:20.836-0400] {processor.py:841} WARNING - No viable dags retrieved from /home/erosennnin/anaconda3/envs/coursera/lib/python3.11/site-packages/airflow/example_dags/example_kubernetes_executor.py
[2023-10-01T02:36:20.850-0400] {processor.py:179} INFO - Processing /home/erosennnin/anaconda3/envs/coursera/lib/python3.11/site-packages/airflow/example_dags/example_kubernetes_executor.py took 0.025 seconds
[2023-10-01T02:37:27.764-0400] {processor.py:157} INFO - Started process (PID=18360) to work on /home/erosennnin/anaconda3/envs/coursera/lib/python3.11/site-packages/airflow/example_dags/example_kubernetes_executor.py
[2023-10-01T02:37:27.788-0400] {processor.py:829} INFO - Processing file /home/erosennnin/anaconda3/envs/coursera/lib/python3.11/site-packages/airflow/example_dags/example_kubernetes_executor.py for tasks to queue
[2023-10-01T02:37:27.789-0400] {logging_mixin.py:151} INFO - [2023-10-01T02:37:27.789-0400] {dagbag.py:539} INFO - Filling up the DagBag from /home/erosennnin/anaconda3/envs/coursera/lib/python3.11/site-packages/airflow/example_dags/example_kubernetes_executor.py
[2023-10-01T02:37:27.795-0400] {logging_mixin.py:151} INFO - [2023-10-01T02:37:27.794-0400] {example_kubernetes_executor.py:38} WARNING - The example_kubernetes_executor example DAG requires the kubernetes provider. Please install it with: pip install apache-airflow[cncf.kubernetes]
[2023-10-01T02:37:27.795-0400] {processor.py:841} WARNING - No viable dags retrieved from /home/erosennnin/anaconda3/envs/coursera/lib/python3.11/site-packages/airflow/example_dags/example_kubernetes_executor.py
[2023-10-01T02:37:27.810-0400] {processor.py:179} INFO - Processing /home/erosennnin/anaconda3/envs/coursera/lib/python3.11/site-packages/airflow/example_dags/example_kubernetes_executor.py took 0.050 seconds
[2023-10-01T02:38:27.255-0400] {processor.py:157} INFO - Started process (PID=18436) to work on /home/erosennnin/anaconda3/envs/coursera/lib/python3.11/site-packages/airflow/example_dags/example_kubernetes_executor.py
[2023-10-01T02:38:27.256-0400] {processor.py:829} INFO - Processing file /home/erosennnin/anaconda3/envs/coursera/lib/python3.11/site-packages/airflow/example_dags/example_kubernetes_executor.py for tasks to queue
[2023-10-01T02:38:27.257-0400] {logging_mixin.py:151} INFO - [2023-10-01T02:38:27.257-0400] {dagbag.py:539} INFO - Filling up the DagBag from /home/erosennnin/anaconda3/envs/coursera/lib/python3.11/site-packages/airflow/example_dags/example_kubernetes_executor.py
[2023-10-01T02:38:27.262-0400] {logging_mixin.py:151} INFO - [2023-10-01T02:38:27.262-0400] {example_kubernetes_executor.py:38} WARNING - The example_kubernetes_executor example DAG requires the kubernetes provider. Please install it with: pip install apache-airflow[cncf.kubernetes]
[2023-10-01T02:38:27.263-0400] {processor.py:841} WARNING - No viable dags retrieved from /home/erosennnin/anaconda3/envs/coursera/lib/python3.11/site-packages/airflow/example_dags/example_kubernetes_executor.py
[2023-10-01T02:38:27.276-0400] {processor.py:179} INFO - Processing /home/erosennnin/anaconda3/envs/coursera/lib/python3.11/site-packages/airflow/example_dags/example_kubernetes_executor.py took 0.025 seconds
[2023-10-01T02:39:26.594-0400] {processor.py:157} INFO - Started process (PID=18656) to work on /home/erosennnin/anaconda3/envs/coursera/lib/python3.11/site-packages/airflow/example_dags/example_kubernetes_executor.py
[2023-10-01T02:39:26.595-0400] {processor.py:829} INFO - Processing file /home/erosennnin/anaconda3/envs/coursera/lib/python3.11/site-packages/airflow/example_dags/example_kubernetes_executor.py for tasks to queue
[2023-10-01T02:39:26.596-0400] {logging_mixin.py:151} INFO - [2023-10-01T02:39:26.596-0400] {dagbag.py:539} INFO - Filling up the DagBag from /home/erosennnin/anaconda3/envs/coursera/lib/python3.11/site-packages/airflow/example_dags/example_kubernetes_executor.py
[2023-10-01T02:39:26.601-0400] {logging_mixin.py:151} INFO - [2023-10-01T02:39:26.601-0400] {example_kubernetes_executor.py:38} WARNING - The example_kubernetes_executor example DAG requires the kubernetes provider. Please install it with: pip install apache-airflow[cncf.kubernetes]
[2023-10-01T02:39:26.602-0400] {processor.py:841} WARNING - No viable dags retrieved from /home/erosennnin/anaconda3/envs/coursera/lib/python3.11/site-packages/airflow/example_dags/example_kubernetes_executor.py
[2023-10-01T02:39:26.617-0400] {processor.py:179} INFO - Processing /home/erosennnin/anaconda3/envs/coursera/lib/python3.11/site-packages/airflow/example_dags/example_kubernetes_executor.py took 0.026 seconds
[2023-10-01T02:40:31.037-0400] {processor.py:157} INFO - Started process (PID=18798) to work on /home/erosennnin/anaconda3/envs/coursera/lib/python3.11/site-packages/airflow/example_dags/example_kubernetes_executor.py
[2023-10-01T02:40:31.038-0400] {processor.py:829} INFO - Processing file /home/erosennnin/anaconda3/envs/coursera/lib/python3.11/site-packages/airflow/example_dags/example_kubernetes_executor.py for tasks to queue
[2023-10-01T02:40:31.039-0400] {logging_mixin.py:151} INFO - [2023-10-01T02:40:31.039-0400] {dagbag.py:539} INFO - Filling up the DagBag from /home/erosennnin/anaconda3/envs/coursera/lib/python3.11/site-packages/airflow/example_dags/example_kubernetes_executor.py
[2023-10-01T02:40:31.044-0400] {logging_mixin.py:151} INFO - [2023-10-01T02:40:31.044-0400] {example_kubernetes_executor.py:38} WARNING - The example_kubernetes_executor example DAG requires the kubernetes provider. Please install it with: pip install apache-airflow[cncf.kubernetes]
[2023-10-01T02:40:31.044-0400] {processor.py:841} WARNING - No viable dags retrieved from /home/erosennnin/anaconda3/envs/coursera/lib/python3.11/site-packages/airflow/example_dags/example_kubernetes_executor.py
[2023-10-01T02:40:31.058-0400] {processor.py:179} INFO - Processing /home/erosennnin/anaconda3/envs/coursera/lib/python3.11/site-packages/airflow/example_dags/example_kubernetes_executor.py took 0.025 seconds
[2023-10-01T02:41:30.108-0400] {processor.py:157} INFO - Started process (PID=18880) to work on /home/erosennnin/anaconda3/envs/coursera/lib/python3.11/site-packages/airflow/example_dags/example_kubernetes_executor.py
[2023-10-01T02:41:30.109-0400] {processor.py:829} INFO - Processing file /home/erosennnin/anaconda3/envs/coursera/lib/python3.11/site-packages/airflow/example_dags/example_kubernetes_executor.py for tasks to queue
[2023-10-01T02:41:30.110-0400] {logging_mixin.py:151} INFO - [2023-10-01T02:41:30.109-0400] {dagbag.py:539} INFO - Filling up the DagBag from /home/erosennnin/anaconda3/envs/coursera/lib/python3.11/site-packages/airflow/example_dags/example_kubernetes_executor.py
[2023-10-01T02:41:30.115-0400] {logging_mixin.py:151} INFO - [2023-10-01T02:41:30.115-0400] {example_kubernetes_executor.py:38} WARNING - The example_kubernetes_executor example DAG requires the kubernetes provider. Please install it with: pip install apache-airflow[cncf.kubernetes]
[2023-10-01T02:41:30.115-0400] {processor.py:841} WARNING - No viable dags retrieved from /home/erosennnin/anaconda3/envs/coursera/lib/python3.11/site-packages/airflow/example_dags/example_kubernetes_executor.py
[2023-10-01T02:41:30.129-0400] {processor.py:179} INFO - Processing /home/erosennnin/anaconda3/envs/coursera/lib/python3.11/site-packages/airflow/example_dags/example_kubernetes_executor.py took 0.025 seconds
