[2023-10-01T02:36:25.930-0400] {processor.py:157} INFO - Started process (PID=18281) to work on /home/erosennnin/anaconda3/envs/coursera/lib/python3.11/site-packages/airflow/example_dags/example_sensors.py
[2023-10-01T02:36:25.931-0400] {processor.py:829} INFO - Processing file /home/erosennnin/anaconda3/envs/coursera/lib/python3.11/site-packages/airflow/example_dags/example_sensors.py for tasks to queue
[2023-10-01T02:36:25.932-0400] {logging_mixin.py:151} INFO - [2023-10-01T02:36:25.932-0400] {dagbag.py:539} INFO - Filling up the DagBag from /home/erosennnin/anaconda3/envs/coursera/lib/python3.11/site-packages/airflow/example_dags/example_sensors.py
[2023-10-01T02:36:25.948-0400] {processor.py:839} INFO - DAG(s) dict_keys(['example_sensors']) retrieved from /home/erosennnin/anaconda3/envs/coursera/lib/python3.11/site-packages/airflow/example_dags/example_sensors.py
[2023-10-01T02:36:25.976-0400] {logging_mixin.py:151} INFO - [2023-10-01T02:36:25.976-0400] {dag.py:2915} INFO - Sync 1 DAGs
[2023-10-01T02:36:25.984-0400] {logging_mixin.py:151} INFO - [2023-10-01T02:36:25.983-0400] {dag.py:3696} INFO - Setting next_dagrun for example_sensors to None, run_after=None
[2023-10-01T02:36:26.094-0400] {processor.py:179} INFO - Processing /home/erosennnin/anaconda3/envs/coursera/lib/python3.11/site-packages/airflow/example_dags/example_sensors.py took 0.167 seconds
[2023-10-01T02:37:31.431-0400] {processor.py:157} INFO - Started process (PID=18364) to work on /home/erosennnin/anaconda3/envs/coursera/lib/python3.11/site-packages/airflow/example_dags/example_sensors.py
[2023-10-01T02:37:31.449-0400] {processor.py:829} INFO - Processing file /home/erosennnin/anaconda3/envs/coursera/lib/python3.11/site-packages/airflow/example_dags/example_sensors.py for tasks to queue
[2023-10-01T02:37:31.451-0400] {logging_mixin.py:151} INFO - [2023-10-01T02:37:31.450-0400] {dagbag.py:539} INFO - Filling up the DagBag from /home/erosennnin/anaconda3/envs/coursera/lib/python3.11/site-packages/airflow/example_dags/example_sensors.py
[2023-10-01T02:37:31.468-0400] {processor.py:839} INFO - DAG(s) dict_keys(['example_sensors']) retrieved from /home/erosennnin/anaconda3/envs/coursera/lib/python3.11/site-packages/airflow/example_dags/example_sensors.py
[2023-10-01T02:37:31.501-0400] {logging_mixin.py:151} INFO - [2023-10-01T02:37:31.501-0400] {dag.py:2915} INFO - Sync 1 DAGs
[2023-10-01T02:37:31.514-0400] {logging_mixin.py:151} INFO - [2023-10-01T02:37:31.514-0400] {dag.py:3696} INFO - Setting next_dagrun for example_sensors to None, run_after=None
[2023-10-01T02:37:31.727-0400] {processor.py:179} INFO - Processing /home/erosennnin/anaconda3/envs/coursera/lib/python3.11/site-packages/airflow/example_dags/example_sensors.py took 0.299 seconds
[2023-10-01T02:38:32.202-0400] {processor.py:157} INFO - Started process (PID=18442) to work on /home/erosennnin/anaconda3/envs/coursera/lib/python3.11/site-packages/airflow/example_dags/example_sensors.py
[2023-10-01T02:38:32.206-0400] {processor.py:829} INFO - Processing file /home/erosennnin/anaconda3/envs/coursera/lib/python3.11/site-packages/airflow/example_dags/example_sensors.py for tasks to queue
[2023-10-01T02:38:32.207-0400] {logging_mixin.py:151} INFO - [2023-10-01T02:38:32.206-0400] {dagbag.py:539} INFO - Filling up the DagBag from /home/erosennnin/anaconda3/envs/coursera/lib/python3.11/site-packages/airflow/example_dags/example_sensors.py
[2023-10-01T02:38:32.222-0400] {processor.py:839} INFO - DAG(s) dict_keys(['example_sensors']) retrieved from /home/erosennnin/anaconda3/envs/coursera/lib/python3.11/site-packages/airflow/example_dags/example_sensors.py
[2023-10-01T02:38:32.254-0400] {logging_mixin.py:151} INFO - [2023-10-01T02:38:32.254-0400] {dag.py:2915} INFO - Sync 1 DAGs
[2023-10-01T02:38:32.261-0400] {logging_mixin.py:151} INFO - [2023-10-01T02:38:32.261-0400] {dag.py:3696} INFO - Setting next_dagrun for example_sensors to None, run_after=None
[2023-10-01T02:38:32.379-0400] {processor.py:179} INFO - Processing /home/erosennnin/anaconda3/envs/coursera/lib/python3.11/site-packages/airflow/example_dags/example_sensors.py took 0.181 seconds
[2023-10-01T02:39:31.607-0400] {processor.py:157} INFO - Started process (PID=18664) to work on /home/erosennnin/anaconda3/envs/coursera/lib/python3.11/site-packages/airflow/example_dags/example_sensors.py
[2023-10-01T02:39:31.608-0400] {processor.py:829} INFO - Processing file /home/erosennnin/anaconda3/envs/coursera/lib/python3.11/site-packages/airflow/example_dags/example_sensors.py for tasks to queue
[2023-10-01T02:39:31.609-0400] {logging_mixin.py:151} INFO - [2023-10-01T02:39:31.609-0400] {dagbag.py:539} INFO - Filling up the DagBag from /home/erosennnin/anaconda3/envs/coursera/lib/python3.11/site-packages/airflow/example_dags/example_sensors.py
[2023-10-01T02:39:31.623-0400] {processor.py:839} INFO - DAG(s) dict_keys(['example_sensors']) retrieved from /home/erosennnin/anaconda3/envs/coursera/lib/python3.11/site-packages/airflow/example_dags/example_sensors.py
[2023-10-01T02:39:31.652-0400] {logging_mixin.py:151} INFO - [2023-10-01T02:39:31.652-0400] {dag.py:2915} INFO - Sync 1 DAGs
[2023-10-01T02:39:31.660-0400] {logging_mixin.py:151} INFO - [2023-10-01T02:39:31.660-0400] {dag.py:3696} INFO - Setting next_dagrun for example_sensors to None, run_after=None
[2023-10-01T02:39:31.799-0400] {processor.py:179} INFO - Processing /home/erosennnin/anaconda3/envs/coursera/lib/python3.11/site-packages/airflow/example_dags/example_sensors.py took 0.196 seconds
[2023-10-01T02:40:35.370-0400] {processor.py:157} INFO - Started process (PID=18804) to work on /home/erosennnin/anaconda3/envs/coursera/lib/python3.11/site-packages/airflow/example_dags/example_sensors.py
[2023-10-01T02:40:35.371-0400] {processor.py:829} INFO - Processing file /home/erosennnin/anaconda3/envs/coursera/lib/python3.11/site-packages/airflow/example_dags/example_sensors.py for tasks to queue
[2023-10-01T02:40:35.372-0400] {logging_mixin.py:151} INFO - [2023-10-01T02:40:35.371-0400] {dagbag.py:539} INFO - Filling up the DagBag from /home/erosennnin/anaconda3/envs/coursera/lib/python3.11/site-packages/airflow/example_dags/example_sensors.py
[2023-10-01T02:40:35.387-0400] {processor.py:839} INFO - DAG(s) dict_keys(['example_sensors']) retrieved from /home/erosennnin/anaconda3/envs/coursera/lib/python3.11/site-packages/airflow/example_dags/example_sensors.py
[2023-10-01T02:40:35.416-0400] {logging_mixin.py:151} INFO - [2023-10-01T02:40:35.415-0400] {dag.py:2915} INFO - Sync 1 DAGs
[2023-10-01T02:40:35.424-0400] {logging_mixin.py:151} INFO - [2023-10-01T02:40:35.423-0400] {dag.py:3696} INFO - Setting next_dagrun for example_sensors to None, run_after=None
[2023-10-01T02:40:35.558-0400] {processor.py:179} INFO - Processing /home/erosennnin/anaconda3/envs/coursera/lib/python3.11/site-packages/airflow/example_dags/example_sensors.py took 0.192 seconds
[2023-10-01T02:41:35.135-0400] {processor.py:157} INFO - Started process (PID=18886) to work on /home/erosennnin/anaconda3/envs/coursera/lib/python3.11/site-packages/airflow/example_dags/example_sensors.py
[2023-10-01T02:41:35.136-0400] {processor.py:829} INFO - Processing file /home/erosennnin/anaconda3/envs/coursera/lib/python3.11/site-packages/airflow/example_dags/example_sensors.py for tasks to queue
[2023-10-01T02:41:35.137-0400] {logging_mixin.py:151} INFO - [2023-10-01T02:41:35.137-0400] {dagbag.py:539} INFO - Filling up the DagBag from /home/erosennnin/anaconda3/envs/coursera/lib/python3.11/site-packages/airflow/example_dags/example_sensors.py
[2023-10-01T02:41:35.153-0400] {processor.py:839} INFO - DAG(s) dict_keys(['example_sensors']) retrieved from /home/erosennnin/anaconda3/envs/coursera/lib/python3.11/site-packages/airflow/example_dags/example_sensors.py
[2023-10-01T02:41:35.181-0400] {logging_mixin.py:151} INFO - [2023-10-01T02:41:35.180-0400] {dag.py:2915} INFO - Sync 1 DAGs
[2023-10-01T02:41:35.188-0400] {logging_mixin.py:151} INFO - [2023-10-01T02:41:35.188-0400] {dag.py:3696} INFO - Setting next_dagrun for example_sensors to None, run_after=None
[2023-10-01T02:41:35.310-0400] {processor.py:179} INFO - Processing /home/erosennnin/anaconda3/envs/coursera/lib/python3.11/site-packages/airflow/example_dags/example_sensors.py took 0.178 seconds
