[2023-10-01T02:36:12.875-0400] {processor.py:157} INFO - Started process (PID=18268) to work on /home/erosennnin/anaconda3/envs/coursera/lib/python3.11/site-packages/airflow/example_dags/example_dag_decorator.py
[2023-10-01T02:36:12.876-0400] {processor.py:829} INFO - Processing file /home/erosennnin/anaconda3/envs/coursera/lib/python3.11/site-packages/airflow/example_dags/example_dag_decorator.py for tasks to queue
[2023-10-01T02:36:12.877-0400] {logging_mixin.py:151} INFO - [2023-10-01T02:36:12.876-0400] {dagbag.py:539} INFO - Filling up the DagBag from /home/erosennnin/anaconda3/envs/coursera/lib/python3.11/site-packages/airflow/example_dags/example_dag_decorator.py
[2023-10-01T02:36:12.895-0400] {processor.py:839} INFO - DAG(s) dict_keys(['example_dag_decorator']) retrieved from /home/erosennnin/anaconda3/envs/coursera/lib/python3.11/site-packages/airflow/example_dags/example_dag_decorator.py
[2023-10-01T02:36:12.968-0400] {logging_mixin.py:151} INFO - [2023-10-01T02:36:12.968-0400] {security.py:708} INFO - Not syncing DAG-level permissions for DAG 'DAG:example_dag_decorator' as access control is unset.
[2023-10-01T02:36:12.969-0400] {logging_mixin.py:151} INFO - [2023-10-01T02:36:12.968-0400] {dag.py:2915} INFO - Sync 1 DAGs
[2023-10-01T02:36:12.975-0400] {logging_mixin.py:151} INFO - [2023-10-01T02:36:12.975-0400] {dag.py:3696} INFO - Setting next_dagrun for example_dag_decorator to None, run_after=None
[2023-10-01T02:36:13.170-0400] {processor.py:179} INFO - Processing /home/erosennnin/anaconda3/envs/coursera/lib/python3.11/site-packages/airflow/example_dags/example_dag_decorator.py took 0.298 seconds
[2023-10-01T02:37:13.718-0400] {processor.py:157} INFO - Started process (PID=18346) to work on /home/erosennnin/anaconda3/envs/coursera/lib/python3.11/site-packages/airflow/example_dags/example_dag_decorator.py
[2023-10-01T02:37:13.742-0400] {processor.py:829} INFO - Processing file /home/erosennnin/anaconda3/envs/coursera/lib/python3.11/site-packages/airflow/example_dags/example_dag_decorator.py for tasks to queue
[2023-10-01T02:37:13.743-0400] {logging_mixin.py:151} INFO - [2023-10-01T02:37:13.743-0400] {dagbag.py:539} INFO - Filling up the DagBag from /home/erosennnin/anaconda3/envs/coursera/lib/python3.11/site-packages/airflow/example_dags/example_dag_decorator.py
[2023-10-01T02:37:13.759-0400] {processor.py:839} INFO - DAG(s) dict_keys(['example_dag_decorator']) retrieved from /home/erosennnin/anaconda3/envs/coursera/lib/python3.11/site-packages/airflow/example_dags/example_dag_decorator.py
[2023-10-01T02:37:13.846-0400] {logging_mixin.py:151} INFO - [2023-10-01T02:37:13.846-0400] {security.py:708} INFO - Not syncing DAG-level permissions for DAG 'DAG:example_dag_decorator' as access control is unset.
[2023-10-01T02:37:13.846-0400] {logging_mixin.py:151} INFO - [2023-10-01T02:37:13.846-0400] {dag.py:2915} INFO - Sync 1 DAGs
[2023-10-01T02:37:13.853-0400] {logging_mixin.py:151} INFO - [2023-10-01T02:37:13.853-0400] {dag.py:3696} INFO - Setting next_dagrun for example_dag_decorator to None, run_after=None
[2023-10-01T02:37:14.045-0400] {processor.py:179} INFO - Processing /home/erosennnin/anaconda3/envs/coursera/lib/python3.11/site-packages/airflow/example_dags/example_dag_decorator.py took 0.330 seconds
[2023-10-01T02:38:16.946-0400] {processor.py:157} INFO - Started process (PID=18424) to work on /home/erosennnin/anaconda3/envs/coursera/lib/python3.11/site-packages/airflow/example_dags/example_dag_decorator.py
[2023-10-01T02:38:16.947-0400] {processor.py:829} INFO - Processing file /home/erosennnin/anaconda3/envs/coursera/lib/python3.11/site-packages/airflow/example_dags/example_dag_decorator.py for tasks to queue
[2023-10-01T02:38:16.948-0400] {logging_mixin.py:151} INFO - [2023-10-01T02:38:16.947-0400] {dagbag.py:539} INFO - Filling up the DagBag from /home/erosennnin/anaconda3/envs/coursera/lib/python3.11/site-packages/airflow/example_dags/example_dag_decorator.py
[2023-10-01T02:38:16.964-0400] {processor.py:839} INFO - DAG(s) dict_keys(['example_dag_decorator']) retrieved from /home/erosennnin/anaconda3/envs/coursera/lib/python3.11/site-packages/airflow/example_dags/example_dag_decorator.py
[2023-10-01T02:38:17.038-0400] {logging_mixin.py:151} INFO - [2023-10-01T02:38:17.038-0400] {security.py:708} INFO - Not syncing DAG-level permissions for DAG 'DAG:example_dag_decorator' as access control is unset.
[2023-10-01T02:38:17.038-0400] {logging_mixin.py:151} INFO - [2023-10-01T02:38:17.038-0400] {dag.py:2915} INFO - Sync 1 DAGs
[2023-10-01T02:38:17.045-0400] {logging_mixin.py:151} INFO - [2023-10-01T02:38:17.045-0400] {dag.py:3696} INFO - Setting next_dagrun for example_dag_decorator to None, run_after=None
[2023-10-01T02:38:17.190-0400] {processor.py:179} INFO - Processing /home/erosennnin/anaconda3/envs/coursera/lib/python3.11/site-packages/airflow/example_dags/example_dag_decorator.py took 0.248 seconds
[2023-10-01T02:39:15.001-0400] {processor.py:157} INFO - Started process (PID=18639) to work on /home/erosennnin/anaconda3/envs/coursera/lib/python3.11/site-packages/airflow/example_dags/example_dag_decorator.py
[2023-10-01T02:39:15.021-0400] {processor.py:829} INFO - Processing file /home/erosennnin/anaconda3/envs/coursera/lib/python3.11/site-packages/airflow/example_dags/example_dag_decorator.py for tasks to queue
[2023-10-01T02:39:15.023-0400] {logging_mixin.py:151} INFO - [2023-10-01T02:39:15.022-0400] {dagbag.py:539} INFO - Filling up the DagBag from /home/erosennnin/anaconda3/envs/coursera/lib/python3.11/site-packages/airflow/example_dags/example_dag_decorator.py
[2023-10-01T02:39:15.039-0400] {processor.py:839} INFO - DAG(s) dict_keys(['example_dag_decorator']) retrieved from /home/erosennnin/anaconda3/envs/coursera/lib/python3.11/site-packages/airflow/example_dags/example_dag_decorator.py
[2023-10-01T02:39:15.122-0400] {logging_mixin.py:151} INFO - [2023-10-01T02:39:15.122-0400] {security.py:708} INFO - Not syncing DAG-level permissions for DAG 'DAG:example_dag_decorator' as access control is unset.
[2023-10-01T02:39:15.123-0400] {logging_mixin.py:151} INFO - [2023-10-01T02:39:15.122-0400] {dag.py:2915} INFO - Sync 1 DAGs
[2023-10-01T02:39:15.130-0400] {logging_mixin.py:151} INFO - [2023-10-01T02:39:15.130-0400] {dag.py:3696} INFO - Setting next_dagrun for example_dag_decorator to None, run_after=None
[2023-10-01T02:39:15.268-0400] {processor.py:179} INFO - Processing /home/erosennnin/anaconda3/envs/coursera/lib/python3.11/site-packages/airflow/example_dags/example_dag_decorator.py took 0.271 seconds
[2023-10-01T02:40:18.846-0400] {processor.py:157} INFO - Started process (PID=18752) to work on /home/erosennnin/anaconda3/envs/coursera/lib/python3.11/site-packages/airflow/example_dags/example_dag_decorator.py
[2023-10-01T02:40:18.847-0400] {processor.py:829} INFO - Processing file /home/erosennnin/anaconda3/envs/coursera/lib/python3.11/site-packages/airflow/example_dags/example_dag_decorator.py for tasks to queue
[2023-10-01T02:40:18.848-0400] {logging_mixin.py:151} INFO - [2023-10-01T02:40:18.848-0400] {dagbag.py:539} INFO - Filling up the DagBag from /home/erosennnin/anaconda3/envs/coursera/lib/python3.11/site-packages/airflow/example_dags/example_dag_decorator.py
[2023-10-01T02:40:18.865-0400] {processor.py:839} INFO - DAG(s) dict_keys(['example_dag_decorator']) retrieved from /home/erosennnin/anaconda3/envs/coursera/lib/python3.11/site-packages/airflow/example_dags/example_dag_decorator.py
[2023-10-01T02:40:18.938-0400] {logging_mixin.py:151} INFO - [2023-10-01T02:40:18.938-0400] {security.py:708} INFO - Not syncing DAG-level permissions for DAG 'DAG:example_dag_decorator' as access control is unset.
[2023-10-01T02:40:18.938-0400] {logging_mixin.py:151} INFO - [2023-10-01T02:40:18.938-0400] {dag.py:2915} INFO - Sync 1 DAGs
[2023-10-01T02:40:18.945-0400] {logging_mixin.py:151} INFO - [2023-10-01T02:40:18.945-0400] {dag.py:3696} INFO - Setting next_dagrun for example_dag_decorator to None, run_after=None
[2023-10-01T02:40:19.126-0400] {processor.py:179} INFO - Processing /home/erosennnin/anaconda3/envs/coursera/lib/python3.11/site-packages/airflow/example_dags/example_dag_decorator.py took 0.284 seconds
[2023-10-01T02:41:18.342-0400] {processor.py:157} INFO - Started process (PID=18868) to work on /home/erosennnin/anaconda3/envs/coursera/lib/python3.11/site-packages/airflow/example_dags/example_dag_decorator.py
[2023-10-01T02:41:18.343-0400] {processor.py:829} INFO - Processing file /home/erosennnin/anaconda3/envs/coursera/lib/python3.11/site-packages/airflow/example_dags/example_dag_decorator.py for tasks to queue
[2023-10-01T02:41:18.344-0400] {logging_mixin.py:151} INFO - [2023-10-01T02:41:18.344-0400] {dagbag.py:539} INFO - Filling up the DagBag from /home/erosennnin/anaconda3/envs/coursera/lib/python3.11/site-packages/airflow/example_dags/example_dag_decorator.py
[2023-10-01T02:41:18.361-0400] {processor.py:839} INFO - DAG(s) dict_keys(['example_dag_decorator']) retrieved from /home/erosennnin/anaconda3/envs/coursera/lib/python3.11/site-packages/airflow/example_dags/example_dag_decorator.py
[2023-10-01T02:41:18.435-0400] {logging_mixin.py:151} INFO - [2023-10-01T02:41:18.435-0400] {security.py:708} INFO - Not syncing DAG-level permissions for DAG 'DAG:example_dag_decorator' as access control is unset.
[2023-10-01T02:41:18.435-0400] {logging_mixin.py:151} INFO - [2023-10-01T02:41:18.435-0400] {dag.py:2915} INFO - Sync 1 DAGs
[2023-10-01T02:41:18.441-0400] {logging_mixin.py:151} INFO - [2023-10-01T02:41:18.441-0400] {dag.py:3696} INFO - Setting next_dagrun for example_dag_decorator to None, run_after=None
[2023-10-01T02:41:18.568-0400] {processor.py:179} INFO - Processing /home/erosennnin/anaconda3/envs/coursera/lib/python3.11/site-packages/airflow/example_dags/example_dag_decorator.py took 0.230 seconds
