[2023-10-01T02:34:37.396-0400] {processor.py:157} INFO - Started process (PID=17354) to work on /home/erosennnin/anaconda3/envs/coursera/lib/python3.11/site-packages/airflow/example_dags/example_sensor_decorator.py
[2023-10-01T02:34:37.397-0400] {processor.py:829} INFO - Processing file /home/erosennnin/anaconda3/envs/coursera/lib/python3.11/site-packages/airflow/example_dags/example_sensor_decorator.py for tasks to queue
[2023-10-01T02:34:37.398-0400] {logging_mixin.py:151} INFO - [2023-10-01T02:34:37.398-0400] {dagbag.py:539} INFO - Filling up the DagBag from /home/erosennnin/anaconda3/envs/coursera/lib/python3.11/site-packages/airflow/example_dags/example_sensor_decorator.py
[2023-10-01T02:34:37.406-0400] {processor.py:839} INFO - DAG(s) dict_keys(['example_sensor_decorator']) retrieved from /home/erosennnin/anaconda3/envs/coursera/lib/python3.11/site-packages/airflow/example_dags/example_sensor_decorator.py
[2023-10-01T02:34:37.434-0400] {logging_mixin.py:151} INFO - [2023-10-01T02:34:37.434-0400] {dag.py:2915} INFO - Sync 1 DAGs
[2023-10-01T02:34:37.445-0400] {logging_mixin.py:151} INFO - [2023-10-01T02:34:37.445-0400] {dag.py:3696} INFO - Setting next_dagrun for example_sensor_decorator to None, run_after=None
[2023-10-01T02:34:37.917-0400] {processor.py:179} INFO - Processing /home/erosennnin/anaconda3/envs/coursera/lib/python3.11/site-packages/airflow/example_dags/example_sensor_decorator.py took 0.525 seconds
[2023-10-01T02:36:37.930-0400] {processor.py:157} INFO - Started process (PID=18295) to work on /home/erosennnin/anaconda3/envs/coursera/lib/python3.11/site-packages/airflow/example_dags/example_sensor_decorator.py
[2023-10-01T02:36:37.955-0400] {processor.py:829} INFO - Processing file /home/erosennnin/anaconda3/envs/coursera/lib/python3.11/site-packages/airflow/example_dags/example_sensor_decorator.py for tasks to queue
[2023-10-01T02:36:37.956-0400] {logging_mixin.py:151} INFO - [2023-10-01T02:36:37.955-0400] {dagbag.py:539} INFO - Filling up the DagBag from /home/erosennnin/anaconda3/envs/coursera/lib/python3.11/site-packages/airflow/example_dags/example_sensor_decorator.py
[2023-10-01T02:36:37.965-0400] {processor.py:839} INFO - DAG(s) dict_keys(['example_sensor_decorator']) retrieved from /home/erosennnin/anaconda3/envs/coursera/lib/python3.11/site-packages/airflow/example_dags/example_sensor_decorator.py
[2023-10-01T02:36:37.989-0400] {logging_mixin.py:151} INFO - [2023-10-01T02:36:37.988-0400] {dag.py:2915} INFO - Sync 1 DAGs
[2023-10-01T02:36:38.007-0400] {logging_mixin.py:151} INFO - [2023-10-01T02:36:38.007-0400] {dag.py:3696} INFO - Setting next_dagrun for example_sensor_decorator to None, run_after=None
[2023-10-01T02:36:38.111-0400] {processor.py:179} INFO - Processing /home/erosennnin/anaconda3/envs/coursera/lib/python3.11/site-packages/airflow/example_dags/example_sensor_decorator.py took 0.186 seconds
[2023-10-01T02:37:42.686-0400] {processor.py:157} INFO - Started process (PID=18377) to work on /home/erosennnin/anaconda3/envs/coursera/lib/python3.11/site-packages/airflow/example_dags/example_sensor_decorator.py
[2023-10-01T02:37:42.700-0400] {processor.py:829} INFO - Processing file /home/erosennnin/anaconda3/envs/coursera/lib/python3.11/site-packages/airflow/example_dags/example_sensor_decorator.py for tasks to queue
[2023-10-01T02:37:42.701-0400] {logging_mixin.py:151} INFO - [2023-10-01T02:37:42.701-0400] {dagbag.py:539} INFO - Filling up the DagBag from /home/erosennnin/anaconda3/envs/coursera/lib/python3.11/site-packages/airflow/example_dags/example_sensor_decorator.py
[2023-10-01T02:37:42.710-0400] {processor.py:839} INFO - DAG(s) dict_keys(['example_sensor_decorator']) retrieved from /home/erosennnin/anaconda3/envs/coursera/lib/python3.11/site-packages/airflow/example_dags/example_sensor_decorator.py
[2023-10-01T02:37:42.736-0400] {logging_mixin.py:151} INFO - [2023-10-01T02:37:42.735-0400] {dag.py:2915} INFO - Sync 1 DAGs
[2023-10-01T02:37:42.756-0400] {logging_mixin.py:151} INFO - [2023-10-01T02:37:42.756-0400] {dag.py:3696} INFO - Setting next_dagrun for example_sensor_decorator to None, run_after=None
[2023-10-01T02:37:42.956-0400] {processor.py:179} INFO - Processing /home/erosennnin/anaconda3/envs/coursera/lib/python3.11/site-packages/airflow/example_dags/example_sensor_decorator.py took 0.272 seconds
[2023-10-01T02:38:42.781-0400] {processor.py:157} INFO - Started process (PID=18453) to work on /home/erosennnin/anaconda3/envs/coursera/lib/python3.11/site-packages/airflow/example_dags/example_sensor_decorator.py
[2023-10-01T02:38:42.783-0400] {processor.py:829} INFO - Processing file /home/erosennnin/anaconda3/envs/coursera/lib/python3.11/site-packages/airflow/example_dags/example_sensor_decorator.py for tasks to queue
[2023-10-01T02:38:42.784-0400] {logging_mixin.py:151} INFO - [2023-10-01T02:38:42.783-0400] {dagbag.py:539} INFO - Filling up the DagBag from /home/erosennnin/anaconda3/envs/coursera/lib/python3.11/site-packages/airflow/example_dags/example_sensor_decorator.py
[2023-10-01T02:38:42.792-0400] {processor.py:839} INFO - DAG(s) dict_keys(['example_sensor_decorator']) retrieved from /home/erosennnin/anaconda3/envs/coursera/lib/python3.11/site-packages/airflow/example_dags/example_sensor_decorator.py
[2023-10-01T02:38:42.816-0400] {logging_mixin.py:151} INFO - [2023-10-01T02:38:42.815-0400] {dag.py:2915} INFO - Sync 1 DAGs
[2023-10-01T02:38:42.829-0400] {logging_mixin.py:151} INFO - [2023-10-01T02:38:42.829-0400] {dag.py:3696} INFO - Setting next_dagrun for example_sensor_decorator to None, run_after=None
[2023-10-01T02:38:42.951-0400] {processor.py:179} INFO - Processing /home/erosennnin/anaconda3/envs/coursera/lib/python3.11/site-packages/airflow/example_dags/example_sensor_decorator.py took 0.173 seconds
[2023-10-01T02:39:44.149-0400] {processor.py:157} INFO - Started process (PID=18686) to work on /home/erosennnin/anaconda3/envs/coursera/lib/python3.11/site-packages/airflow/example_dags/example_sensor_decorator.py
[2023-10-01T02:39:44.149-0400] {processor.py:829} INFO - Processing file /home/erosennnin/anaconda3/envs/coursera/lib/python3.11/site-packages/airflow/example_dags/example_sensor_decorator.py for tasks to queue
[2023-10-01T02:39:44.150-0400] {logging_mixin.py:151} INFO - [2023-10-01T02:39:44.150-0400] {dagbag.py:539} INFO - Filling up the DagBag from /home/erosennnin/anaconda3/envs/coursera/lib/python3.11/site-packages/airflow/example_dags/example_sensor_decorator.py
[2023-10-01T02:39:44.154-0400] {processor.py:839} INFO - DAG(s) dict_keys(['example_sensor_decorator']) retrieved from /home/erosennnin/anaconda3/envs/coursera/lib/python3.11/site-packages/airflow/example_dags/example_sensor_decorator.py
[2023-10-01T02:39:44.164-0400] {logging_mixin.py:151} INFO - [2023-10-01T02:39:44.164-0400] {dag.py:2915} INFO - Sync 1 DAGs
[2023-10-01T02:39:44.172-0400] {logging_mixin.py:151} INFO - [2023-10-01T02:39:44.172-0400] {dag.py:3696} INFO - Setting next_dagrun for example_sensor_decorator to None, run_after=None
[2023-10-01T02:39:44.256-0400] {processor.py:179} INFO - Processing /home/erosennnin/anaconda3/envs/coursera/lib/python3.11/site-packages/airflow/example_dags/example_sensor_decorator.py took 0.109 seconds
[2023-10-01T02:40:46.516-0400] {processor.py:157} INFO - Started process (PID=18816) to work on /home/erosennnin/anaconda3/envs/coursera/lib/python3.11/site-packages/airflow/example_dags/example_sensor_decorator.py
[2023-10-01T02:40:46.517-0400] {processor.py:829} INFO - Processing file /home/erosennnin/anaconda3/envs/coursera/lib/python3.11/site-packages/airflow/example_dags/example_sensor_decorator.py for tasks to queue
[2023-10-01T02:40:46.517-0400] {logging_mixin.py:151} INFO - [2023-10-01T02:40:46.517-0400] {dagbag.py:539} INFO - Filling up the DagBag from /home/erosennnin/anaconda3/envs/coursera/lib/python3.11/site-packages/airflow/example_dags/example_sensor_decorator.py
[2023-10-01T02:40:46.521-0400] {processor.py:839} INFO - DAG(s) dict_keys(['example_sensor_decorator']) retrieved from /home/erosennnin/anaconda3/envs/coursera/lib/python3.11/site-packages/airflow/example_dags/example_sensor_decorator.py
[2023-10-01T02:40:46.541-0400] {logging_mixin.py:151} INFO - [2023-10-01T02:40:46.541-0400] {dag.py:2915} INFO - Sync 1 DAGs
[2023-10-01T02:40:46.561-0400] {logging_mixin.py:151} INFO - [2023-10-01T02:40:46.560-0400] {dag.py:3696} INFO - Setting next_dagrun for example_sensor_decorator to None, run_after=None
[2023-10-01T02:40:46.678-0400] {processor.py:179} INFO - Processing /home/erosennnin/anaconda3/envs/coursera/lib/python3.11/site-packages/airflow/example_dags/example_sensor_decorator.py took 0.165 seconds
[2023-10-01T02:41:47.083-0400] {processor.py:157} INFO - Started process (PID=18968) to work on /home/erosennnin/anaconda3/envs/coursera/lib/python3.11/site-packages/airflow/example_dags/example_sensor_decorator.py
[2023-10-01T02:41:47.084-0400] {processor.py:829} INFO - Processing file /home/erosennnin/anaconda3/envs/coursera/lib/python3.11/site-packages/airflow/example_dags/example_sensor_decorator.py for tasks to queue
[2023-10-01T02:41:47.085-0400] {logging_mixin.py:151} INFO - [2023-10-01T02:41:47.085-0400] {dagbag.py:539} INFO - Filling up the DagBag from /home/erosennnin/anaconda3/envs/coursera/lib/python3.11/site-packages/airflow/example_dags/example_sensor_decorator.py
[2023-10-01T02:41:47.092-0400] {processor.py:839} INFO - DAG(s) dict_keys(['example_sensor_decorator']) retrieved from /home/erosennnin/anaconda3/envs/coursera/lib/python3.11/site-packages/airflow/example_dags/example_sensor_decorator.py
[2023-10-01T02:41:47.112-0400] {logging_mixin.py:151} INFO - [2023-10-01T02:41:47.112-0400] {dag.py:2915} INFO - Sync 1 DAGs
[2023-10-01T02:41:47.127-0400] {logging_mixin.py:151} INFO - [2023-10-01T02:41:47.127-0400] {dag.py:3696} INFO - Setting next_dagrun for example_sensor_decorator to None, run_after=None
[2023-10-01T02:41:47.263-0400] {processor.py:179} INFO - Processing /home/erosennnin/anaconda3/envs/coursera/lib/python3.11/site-packages/airflow/example_dags/example_sensor_decorator.py took 0.183 seconds
