[2023-10-01T02:36:38.698-0400] {processor.py:157} INFO - Started process (PID=18296) to work on /home/erosennnin/anaconda3/envs/coursera/lib/python3.11/site-packages/airflow/example_dags/example_branch_operator.py
[2023-10-01T02:36:38.699-0400] {processor.py:829} INFO - Processing file /home/erosennnin/anaconda3/envs/coursera/lib/python3.11/site-packages/airflow/example_dags/example_branch_operator.py for tasks to queue
[2023-10-01T02:36:38.700-0400] {logging_mixin.py:151} INFO - [2023-10-01T02:36:38.700-0400] {dagbag.py:539} INFO - Filling up the DagBag from /home/erosennnin/anaconda3/envs/coursera/lib/python3.11/site-packages/airflow/example_dags/example_branch_operator.py
[2023-10-01T02:36:38.715-0400] {processor.py:839} INFO - DAG(s) dict_keys(['example_branch_operator']) retrieved from /home/erosennnin/anaconda3/envs/coursera/lib/python3.11/site-packages/airflow/example_dags/example_branch_operator.py
[2023-10-01T02:36:38.742-0400] {logging_mixin.py:151} INFO - [2023-10-01T02:36:38.741-0400] {dag.py:2915} INFO - Sync 1 DAGs
[2023-10-01T02:36:38.756-0400] {logging_mixin.py:151} INFO - [2023-10-01T02:36:38.756-0400] {dag.py:3696} INFO - Setting next_dagrun for example_branch_operator to 2023-09-30T00:00:00+00:00, run_after=2023-10-01T00:00:00+00:00
[2023-10-01T02:36:38.885-0400] {processor.py:179} INFO - Processing /home/erosennnin/anaconda3/envs/coursera/lib/python3.11/site-packages/airflow/example_dags/example_branch_operator.py took 0.191 seconds
[2023-10-01T02:37:44.051-0400] {processor.py:157} INFO - Started process (PID=18379) to work on /home/erosennnin/anaconda3/envs/coursera/lib/python3.11/site-packages/airflow/example_dags/example_branch_operator.py
[2023-10-01T02:37:44.074-0400] {processor.py:829} INFO - Processing file /home/erosennnin/anaconda3/envs/coursera/lib/python3.11/site-packages/airflow/example_dags/example_branch_operator.py for tasks to queue
[2023-10-01T02:37:44.075-0400] {logging_mixin.py:151} INFO - [2023-10-01T02:37:44.075-0400] {dagbag.py:539} INFO - Filling up the DagBag from /home/erosennnin/anaconda3/envs/coursera/lib/python3.11/site-packages/airflow/example_dags/example_branch_operator.py
[2023-10-01T02:37:44.090-0400] {processor.py:839} INFO - DAG(s) dict_keys(['example_branch_operator']) retrieved from /home/erosennnin/anaconda3/envs/coursera/lib/python3.11/site-packages/airflow/example_dags/example_branch_operator.py
[2023-10-01T02:37:44.102-0400] {logging_mixin.py:151} INFO - [2023-10-01T02:37:44.102-0400] {dag.py:2915} INFO - Sync 1 DAGs
[2023-10-01T02:37:44.124-0400] {logging_mixin.py:151} INFO - [2023-10-01T02:37:44.124-0400] {dag.py:3696} INFO - Setting next_dagrun for example_branch_operator to 2023-09-30T00:00:00+00:00, run_after=2023-10-01T00:00:00+00:00
[2023-10-01T02:37:44.290-0400] {processor.py:179} INFO - Processing /home/erosennnin/anaconda3/envs/coursera/lib/python3.11/site-packages/airflow/example_dags/example_branch_operator.py took 0.242 seconds
[2023-10-01T02:38:44.039-0400] {processor.py:157} INFO - Started process (PID=18455) to work on /home/erosennnin/anaconda3/envs/coursera/lib/python3.11/site-packages/airflow/example_dags/example_branch_operator.py
[2023-10-01T02:38:44.105-0400] {processor.py:829} INFO - Processing file /home/erosennnin/anaconda3/envs/coursera/lib/python3.11/site-packages/airflow/example_dags/example_branch_operator.py for tasks to queue
[2023-10-01T02:38:44.106-0400] {logging_mixin.py:151} INFO - [2023-10-01T02:38:44.106-0400] {dagbag.py:539} INFO - Filling up the DagBag from /home/erosennnin/anaconda3/envs/coursera/lib/python3.11/site-packages/airflow/example_dags/example_branch_operator.py
[2023-10-01T02:38:44.122-0400] {processor.py:839} INFO - DAG(s) dict_keys(['example_branch_operator']) retrieved from /home/erosennnin/anaconda3/envs/coursera/lib/python3.11/site-packages/airflow/example_dags/example_branch_operator.py
[2023-10-01T02:38:44.150-0400] {logging_mixin.py:151} INFO - [2023-10-01T02:38:44.150-0400] {dag.py:2915} INFO - Sync 1 DAGs
[2023-10-01T02:38:44.183-0400] {logging_mixin.py:151} INFO - [2023-10-01T02:38:44.182-0400] {dag.py:3696} INFO - Setting next_dagrun for example_branch_operator to 2023-09-30T00:00:00+00:00, run_after=2023-10-01T00:00:00+00:00
[2023-10-01T02:38:44.300-0400] {processor.py:179} INFO - Processing /home/erosennnin/anaconda3/envs/coursera/lib/python3.11/site-packages/airflow/example_dags/example_branch_operator.py took 0.264 seconds
[2023-10-01T02:39:44.780-0400] {processor.py:157} INFO - Started process (PID=18687) to work on /home/erosennnin/anaconda3/envs/coursera/lib/python3.11/site-packages/airflow/example_dags/example_branch_operator.py
[2023-10-01T02:39:44.792-0400] {processor.py:829} INFO - Processing file /home/erosennnin/anaconda3/envs/coursera/lib/python3.11/site-packages/airflow/example_dags/example_branch_operator.py for tasks to queue
[2023-10-01T02:39:44.793-0400] {logging_mixin.py:151} INFO - [2023-10-01T02:39:44.793-0400] {dagbag.py:539} INFO - Filling up the DagBag from /home/erosennnin/anaconda3/envs/coursera/lib/python3.11/site-packages/airflow/example_dags/example_branch_operator.py
[2023-10-01T02:39:44.807-0400] {processor.py:839} INFO - DAG(s) dict_keys(['example_branch_operator']) retrieved from /home/erosennnin/anaconda3/envs/coursera/lib/python3.11/site-packages/airflow/example_dags/example_branch_operator.py
[2023-10-01T02:39:44.827-0400] {logging_mixin.py:151} INFO - [2023-10-01T02:39:44.827-0400] {dag.py:2915} INFO - Sync 1 DAGs
[2023-10-01T02:39:44.841-0400] {logging_mixin.py:151} INFO - [2023-10-01T02:39:44.841-0400] {dag.py:3696} INFO - Setting next_dagrun for example_branch_operator to 2023-09-30T00:00:00+00:00, run_after=2023-10-01T00:00:00+00:00
[2023-10-01T02:39:44.927-0400] {processor.py:179} INFO - Processing /home/erosennnin/anaconda3/envs/coursera/lib/python3.11/site-packages/airflow/example_dags/example_branch_operator.py took 0.149 seconds
[2023-10-01T02:40:46.889-0400] {processor.py:157} INFO - Started process (PID=18818) to work on /home/erosennnin/anaconda3/envs/coursera/lib/python3.11/site-packages/airflow/example_dags/example_branch_operator.py
[2023-10-01T02:40:46.897-0400] {processor.py:829} INFO - Processing file /home/erosennnin/anaconda3/envs/coursera/lib/python3.11/site-packages/airflow/example_dags/example_branch_operator.py for tasks to queue
[2023-10-01T02:40:46.898-0400] {logging_mixin.py:151} INFO - [2023-10-01T02:40:46.898-0400] {dagbag.py:539} INFO - Filling up the DagBag from /home/erosennnin/anaconda3/envs/coursera/lib/python3.11/site-packages/airflow/example_dags/example_branch_operator.py
[2023-10-01T02:40:46.914-0400] {processor.py:839} INFO - DAG(s) dict_keys(['example_branch_operator']) retrieved from /home/erosennnin/anaconda3/envs/coursera/lib/python3.11/site-packages/airflow/example_dags/example_branch_operator.py
[2023-10-01T02:40:46.944-0400] {logging_mixin.py:151} INFO - [2023-10-01T02:40:46.944-0400] {dag.py:2915} INFO - Sync 1 DAGs
[2023-10-01T02:40:46.961-0400] {logging_mixin.py:151} INFO - [2023-10-01T02:40:46.961-0400] {dag.py:3696} INFO - Setting next_dagrun for example_branch_operator to 2023-09-30T00:00:00+00:00, run_after=2023-10-01T00:00:00+00:00
[2023-10-01T02:40:47.121-0400] {processor.py:179} INFO - Processing /home/erosennnin/anaconda3/envs/coursera/lib/python3.11/site-packages/airflow/example_dags/example_branch_operator.py took 0.237 seconds
[2023-10-01T02:41:47.993-0400] {processor.py:157} INFO - Started process (PID=18999) to work on /home/erosennnin/anaconda3/envs/coursera/lib/python3.11/site-packages/airflow/example_dags/example_branch_operator.py
[2023-10-01T02:41:48.026-0400] {processor.py:829} INFO - Processing file /home/erosennnin/anaconda3/envs/coursera/lib/python3.11/site-packages/airflow/example_dags/example_branch_operator.py for tasks to queue
[2023-10-01T02:41:48.027-0400] {logging_mixin.py:151} INFO - [2023-10-01T02:41:48.026-0400] {dagbag.py:539} INFO - Filling up the DagBag from /home/erosennnin/anaconda3/envs/coursera/lib/python3.11/site-packages/airflow/example_dags/example_branch_operator.py
[2023-10-01T02:41:48.038-0400] {processor.py:839} INFO - DAG(s) dict_keys(['example_branch_operator']) retrieved from /home/erosennnin/anaconda3/envs/coursera/lib/python3.11/site-packages/airflow/example_dags/example_branch_operator.py
[2023-10-01T02:41:48.062-0400] {logging_mixin.py:151} INFO - [2023-10-01T02:41:48.061-0400] {dag.py:2915} INFO - Sync 1 DAGs
[2023-10-01T02:41:48.091-0400] {logging_mixin.py:151} INFO - [2023-10-01T02:41:48.091-0400] {dag.py:3696} INFO - Setting next_dagrun for example_branch_operator to 2023-09-30T00:00:00+00:00, run_after=2023-10-01T00:00:00+00:00
[2023-10-01T12:37:45.916-0400] {processor.py:179} INFO - Processing /home/erosennnin/anaconda3/envs/coursera/lib/python3.11/site-packages/airflow/example_dags/example_branch_operator.py took 6.185 seconds
