[2023-10-01T02:36:10.153-0400] {processor.py:157} INFO - Started process (PID=18265) to work on /home/erosennnin/anaconda3/envs/coursera/lib/python3.11/site-packages/airflow/example_dags/example_params_ui_tutorial.py
[2023-10-01T02:36:10.154-0400] {processor.py:829} INFO - Processing file /home/erosennnin/anaconda3/envs/coursera/lib/python3.11/site-packages/airflow/example_dags/example_params_ui_tutorial.py for tasks to queue
[2023-10-01T02:36:10.155-0400] {logging_mixin.py:151} INFO - [2023-10-01T02:36:10.154-0400] {dagbag.py:539} INFO - Filling up the DagBag from /home/erosennnin/anaconda3/envs/coursera/lib/python3.11/site-packages/airflow/example_dags/example_params_ui_tutorial.py
[2023-10-01T02:36:10.193-0400] {processor.py:839} INFO - DAG(s) dict_keys(['example_params_ui_tutorial']) retrieved from /home/erosennnin/anaconda3/envs/coursera/lib/python3.11/site-packages/airflow/example_dags/example_params_ui_tutorial.py
[2023-10-01T02:36:10.268-0400] {logging_mixin.py:151} INFO - [2023-10-01T02:36:10.268-0400] {security.py:708} INFO - Not syncing DAG-level permissions for DAG 'DAG:example_params_ui_tutorial' as access control is unset.
[2023-10-01T02:36:10.268-0400] {logging_mixin.py:151} INFO - [2023-10-01T02:36:10.268-0400] {dag.py:2915} INFO - Sync 1 DAGs
[2023-10-01T02:36:10.274-0400] {logging_mixin.py:151} INFO - [2023-10-01T02:36:10.274-0400] {dag.py:3696} INFO - Setting next_dagrun for example_params_ui_tutorial to None, run_after=None
[2023-10-01T02:36:10.394-0400] {processor.py:179} INFO - Processing /home/erosennnin/anaconda3/envs/coursera/lib/python3.11/site-packages/airflow/example_dags/example_params_ui_tutorial.py took 0.245 seconds
[2023-10-01T02:37:10.823-0400] {processor.py:157} INFO - Started process (PID=18343) to work on /home/erosennnin/anaconda3/envs/coursera/lib/python3.11/site-packages/airflow/example_dags/example_params_ui_tutorial.py
[2023-10-01T02:37:10.846-0400] {processor.py:829} INFO - Processing file /home/erosennnin/anaconda3/envs/coursera/lib/python3.11/site-packages/airflow/example_dags/example_params_ui_tutorial.py for tasks to queue
[2023-10-01T02:37:10.848-0400] {logging_mixin.py:151} INFO - [2023-10-01T02:37:10.847-0400] {dagbag.py:539} INFO - Filling up the DagBag from /home/erosennnin/anaconda3/envs/coursera/lib/python3.11/site-packages/airflow/example_dags/example_params_ui_tutorial.py
[2023-10-01T02:37:10.885-0400] {processor.py:839} INFO - DAG(s) dict_keys(['example_params_ui_tutorial']) retrieved from /home/erosennnin/anaconda3/envs/coursera/lib/python3.11/site-packages/airflow/example_dags/example_params_ui_tutorial.py
[2023-10-01T02:37:10.923-0400] {logging_mixin.py:151} INFO - [2023-10-01T02:37:10.923-0400] {dag.py:2915} INFO - Sync 1 DAGs
[2023-10-01T02:37:10.931-0400] {logging_mixin.py:151} INFO - [2023-10-01T02:37:10.931-0400] {dag.py:3696} INFO - Setting next_dagrun for example_params_ui_tutorial to None, run_after=None
[2023-10-01T02:37:11.025-0400] {processor.py:179} INFO - Processing /home/erosennnin/anaconda3/envs/coursera/lib/python3.11/site-packages/airflow/example_dags/example_params_ui_tutorial.py took 0.203 seconds
[2023-10-01T02:38:15.062-0400] {processor.py:157} INFO - Started process (PID=18421) to work on /home/erosennnin/anaconda3/envs/coursera/lib/python3.11/site-packages/airflow/example_dags/example_params_ui_tutorial.py
[2023-10-01T02:38:15.063-0400] {processor.py:829} INFO - Processing file /home/erosennnin/anaconda3/envs/coursera/lib/python3.11/site-packages/airflow/example_dags/example_params_ui_tutorial.py for tasks to queue
[2023-10-01T02:38:15.064-0400] {logging_mixin.py:151} INFO - [2023-10-01T02:38:15.064-0400] {dagbag.py:539} INFO - Filling up the DagBag from /home/erosennnin/anaconda3/envs/coursera/lib/python3.11/site-packages/airflow/example_dags/example_params_ui_tutorial.py
[2023-10-01T02:38:15.108-0400] {processor.py:839} INFO - DAG(s) dict_keys(['example_params_ui_tutorial']) retrieved from /home/erosennnin/anaconda3/envs/coursera/lib/python3.11/site-packages/airflow/example_dags/example_params_ui_tutorial.py
[2023-10-01T02:38:15.136-0400] {logging_mixin.py:151} INFO - [2023-10-01T02:38:15.136-0400] {dag.py:2915} INFO - Sync 1 DAGs
[2023-10-01T02:38:15.143-0400] {logging_mixin.py:151} INFO - [2023-10-01T02:38:15.143-0400] {dag.py:3696} INFO - Setting next_dagrun for example_params_ui_tutorial to None, run_after=None
[2023-10-01T02:38:15.271-0400] {processor.py:179} INFO - Processing /home/erosennnin/anaconda3/envs/coursera/lib/python3.11/site-packages/airflow/example_dags/example_params_ui_tutorial.py took 0.212 seconds
[2023-10-01T02:39:12.143-0400] {processor.py:157} INFO - Started process (PID=18555) to work on /home/erosennnin/anaconda3/envs/coursera/lib/python3.11/site-packages/airflow/example_dags/example_params_ui_tutorial.py
[2023-10-01T02:39:12.282-0400] {processor.py:829} INFO - Processing file /home/erosennnin/anaconda3/envs/coursera/lib/python3.11/site-packages/airflow/example_dags/example_params_ui_tutorial.py for tasks to queue
[2023-10-01T02:39:12.283-0400] {logging_mixin.py:151} INFO - [2023-10-01T02:39:12.282-0400] {dagbag.py:539} INFO - Filling up the DagBag from /home/erosennnin/anaconda3/envs/coursera/lib/python3.11/site-packages/airflow/example_dags/example_params_ui_tutorial.py
[2023-10-01T02:39:12.334-0400] {processor.py:839} INFO - DAG(s) dict_keys(['example_params_ui_tutorial']) retrieved from /home/erosennnin/anaconda3/envs/coursera/lib/python3.11/site-packages/airflow/example_dags/example_params_ui_tutorial.py
[2023-10-01T02:39:12.381-0400] {logging_mixin.py:151} INFO - [2023-10-01T02:39:12.381-0400] {dag.py:2915} INFO - Sync 1 DAGs
[2023-10-01T02:39:12.389-0400] {logging_mixin.py:151} INFO - [2023-10-01T02:39:12.389-0400] {dag.py:3696} INFO - Setting next_dagrun for example_params_ui_tutorial to None, run_after=None
[2023-10-01T02:39:12.739-0400] {processor.py:179} INFO - Processing /home/erosennnin/anaconda3/envs/coursera/lib/python3.11/site-packages/airflow/example_dags/example_params_ui_tutorial.py took 0.599 seconds
[2023-10-01T02:40:16.981-0400] {processor.py:157} INFO - Started process (PID=18750) to work on /home/erosennnin/anaconda3/envs/coursera/lib/python3.11/site-packages/airflow/example_dags/example_params_ui_tutorial.py
[2023-10-01T02:40:16.982-0400] {processor.py:829} INFO - Processing file /home/erosennnin/anaconda3/envs/coursera/lib/python3.11/site-packages/airflow/example_dags/example_params_ui_tutorial.py for tasks to queue
[2023-10-01T02:40:16.983-0400] {logging_mixin.py:151} INFO - [2023-10-01T02:40:16.982-0400] {dagbag.py:539} INFO - Filling up the DagBag from /home/erosennnin/anaconda3/envs/coursera/lib/python3.11/site-packages/airflow/example_dags/example_params_ui_tutorial.py
[2023-10-01T02:40:17.024-0400] {processor.py:839} INFO - DAG(s) dict_keys(['example_params_ui_tutorial']) retrieved from /home/erosennnin/anaconda3/envs/coursera/lib/python3.11/site-packages/airflow/example_dags/example_params_ui_tutorial.py
[2023-10-01T02:40:17.051-0400] {logging_mixin.py:151} INFO - [2023-10-01T02:40:17.051-0400] {dag.py:2915} INFO - Sync 1 DAGs
[2023-10-01T02:40:17.059-0400] {logging_mixin.py:151} INFO - [2023-10-01T02:40:17.059-0400] {dag.py:3696} INFO - Setting next_dagrun for example_params_ui_tutorial to None, run_after=None
[2023-10-01T02:40:17.143-0400] {processor.py:179} INFO - Processing /home/erosennnin/anaconda3/envs/coursera/lib/python3.11/site-packages/airflow/example_dags/example_params_ui_tutorial.py took 0.166 seconds
[2023-10-01T02:41:15.697-0400] {processor.py:157} INFO - Started process (PID=18865) to work on /home/erosennnin/anaconda3/envs/coursera/lib/python3.11/site-packages/airflow/example_dags/example_params_ui_tutorial.py
[2023-10-01T02:41:15.698-0400] {processor.py:829} INFO - Processing file /home/erosennnin/anaconda3/envs/coursera/lib/python3.11/site-packages/airflow/example_dags/example_params_ui_tutorial.py for tasks to queue
[2023-10-01T02:41:15.699-0400] {logging_mixin.py:151} INFO - [2023-10-01T02:41:15.698-0400] {dagbag.py:539} INFO - Filling up the DagBag from /home/erosennnin/anaconda3/envs/coursera/lib/python3.11/site-packages/airflow/example_dags/example_params_ui_tutorial.py
[2023-10-01T02:41:15.742-0400] {processor.py:839} INFO - DAG(s) dict_keys(['example_params_ui_tutorial']) retrieved from /home/erosennnin/anaconda3/envs/coursera/lib/python3.11/site-packages/airflow/example_dags/example_params_ui_tutorial.py
[2023-10-01T02:41:15.770-0400] {logging_mixin.py:151} INFO - [2023-10-01T02:41:15.770-0400] {dag.py:2915} INFO - Sync 1 DAGs
[2023-10-01T02:41:15.777-0400] {logging_mixin.py:151} INFO - [2023-10-01T02:41:15.777-0400] {dag.py:3696} INFO - Setting next_dagrun for example_params_ui_tutorial to None, run_after=None
[2023-10-01T02:41:15.906-0400] {processor.py:179} INFO - Processing /home/erosennnin/anaconda3/envs/coursera/lib/python3.11/site-packages/airflow/example_dags/example_params_ui_tutorial.py took 0.213 seconds
