[2023-10-01T02:36:35.187-0400] {processor.py:157} INFO - Started process (PID=18292) to work on /home/erosennnin/anaconda3/envs/coursera/lib/python3.11/site-packages/airflow/example_dags/example_datasets.py
[2023-10-01T02:36:35.188-0400] {processor.py:829} INFO - Processing file /home/erosennnin/anaconda3/envs/coursera/lib/python3.11/site-packages/airflow/example_dags/example_datasets.py for tasks to queue
[2023-10-01T02:36:35.189-0400] {logging_mixin.py:151} INFO - [2023-10-01T02:36:35.188-0400] {dagbag.py:539} INFO - Filling up the DagBag from /home/erosennnin/anaconda3/envs/coursera/lib/python3.11/site-packages/airflow/example_dags/example_datasets.py
[2023-10-01T02:36:35.204-0400] {processor.py:839} INFO - DAG(s) dict_keys(['dataset_produces_1', 'dataset_consumes_1_and_2', 'dataset_consumes_1_never_scheduled', 'dataset_consumes_unknown_never_scheduled', 'dataset_consumes_1', 'dataset_produces_2']) retrieved from /home/erosennnin/anaconda3/envs/coursera/lib/python3.11/site-packages/airflow/example_dags/example_datasets.py
[2023-10-01T02:36:35.283-0400] {logging_mixin.py:151} INFO - [2023-10-01T02:36:35.283-0400] {security.py:708} INFO - Not syncing DAG-level permissions for DAG 'DAG:dataset_produces_1' as access control is unset.
[2023-10-01T02:36:35.289-0400] {logging_mixin.py:151} INFO - [2023-10-01T02:36:35.288-0400] {security.py:708} INFO - Not syncing DAG-level permissions for DAG 'DAG:dataset_consumes_1_and_2' as access control is unset.
[2023-10-01T02:36:35.294-0400] {logging_mixin.py:151} INFO - [2023-10-01T02:36:35.294-0400] {security.py:708} INFO - Not syncing DAG-level permissions for DAG 'DAG:dataset_consumes_1_never_scheduled' as access control is unset.
[2023-10-01T02:36:35.299-0400] {logging_mixin.py:151} INFO - [2023-10-01T02:36:35.299-0400] {security.py:708} INFO - Not syncing DAG-level permissions for DAG 'DAG:dataset_consumes_unknown_never_scheduled' as access control is unset.
[2023-10-01T02:36:35.304-0400] {logging_mixin.py:151} INFO - [2023-10-01T02:36:35.304-0400] {security.py:708} INFO - Not syncing DAG-level permissions for DAG 'DAG:dataset_consumes_1' as access control is unset.
[2023-10-01T02:36:35.310-0400] {logging_mixin.py:151} INFO - [2023-10-01T02:36:35.309-0400] {security.py:708} INFO - Not syncing DAG-level permissions for DAG 'DAG:dataset_produces_2' as access control is unset.
[2023-10-01T02:36:35.310-0400] {logging_mixin.py:151} INFO - [2023-10-01T02:36:35.310-0400] {dag.py:2915} INFO - Sync 6 DAGs
[2023-10-01T02:36:35.322-0400] {logging_mixin.py:151} INFO - [2023-10-01T02:36:35.322-0400] {dag.py:3696} INFO - Setting next_dagrun for dataset_consumes_1 to None, run_after=None
[2023-10-01T02:36:35.324-0400] {logging_mixin.py:151} INFO - [2023-10-01T02:36:35.324-0400] {dag.py:3696} INFO - Setting next_dagrun for dataset_consumes_1_and_2 to None, run_after=None
[2023-10-01T02:36:35.325-0400] {logging_mixin.py:151} INFO - [2023-10-01T02:36:35.324-0400] {dag.py:3696} INFO - Setting next_dagrun for dataset_consumes_1_never_scheduled to None, run_after=None
[2023-10-01T02:36:35.325-0400] {logging_mixin.py:151} INFO - [2023-10-01T02:36:35.325-0400] {dag.py:3696} INFO - Setting next_dagrun for dataset_consumes_unknown_never_scheduled to None, run_after=None
[2023-10-01T02:36:35.327-0400] {logging_mixin.py:151} INFO - [2023-10-01T02:36:35.327-0400] {dag.py:3696} INFO - Setting next_dagrun for dataset_produces_1 to 2023-09-30T00:00:00+00:00, run_after=2023-10-01T00:00:00+00:00
[2023-10-01T02:36:35.327-0400] {logging_mixin.py:151} INFO - [2023-10-01T02:36:35.327-0400] {dag.py:3696} INFO - Setting next_dagrun for dataset_produces_2 to None, run_after=None
[2023-10-01T02:36:35.797-0400] {processor.py:179} INFO - Processing /home/erosennnin/anaconda3/envs/coursera/lib/python3.11/site-packages/airflow/example_dags/example_datasets.py took 0.614 seconds
[2023-10-01T02:37:40.432-0400] {processor.py:157} INFO - Started process (PID=18374) to work on /home/erosennnin/anaconda3/envs/coursera/lib/python3.11/site-packages/airflow/example_dags/example_datasets.py
[2023-10-01T02:37:40.525-0400] {processor.py:829} INFO - Processing file /home/erosennnin/anaconda3/envs/coursera/lib/python3.11/site-packages/airflow/example_dags/example_datasets.py for tasks to queue
[2023-10-01T02:37:40.527-0400] {logging_mixin.py:151} INFO - [2023-10-01T02:37:40.526-0400] {dagbag.py:539} INFO - Filling up the DagBag from /home/erosennnin/anaconda3/envs/coursera/lib/python3.11/site-packages/airflow/example_dags/example_datasets.py
[2023-10-01T02:37:40.542-0400] {processor.py:839} INFO - DAG(s) dict_keys(['dataset_consumes_1_never_scheduled', 'dataset_consumes_1', 'dataset_produces_1', 'dataset_consumes_unknown_never_scheduled', 'dataset_produces_2', 'dataset_consumes_1_and_2']) retrieved from /home/erosennnin/anaconda3/envs/coursera/lib/python3.11/site-packages/airflow/example_dags/example_datasets.py
[2023-10-01T02:37:40.587-0400] {logging_mixin.py:151} INFO - [2023-10-01T02:37:40.586-0400] {dag.py:2915} INFO - Sync 6 DAGs
[2023-10-01T02:37:40.612-0400] {logging_mixin.py:151} INFO - [2023-10-01T02:37:40.611-0400] {dag.py:3696} INFO - Setting next_dagrun for dataset_consumes_1 to None, run_after=None
[2023-10-01T02:37:40.614-0400] {logging_mixin.py:151} INFO - [2023-10-01T02:37:40.614-0400] {dag.py:3696} INFO - Setting next_dagrun for dataset_consumes_1_and_2 to None, run_after=None
[2023-10-01T02:37:40.614-0400] {logging_mixin.py:151} INFO - [2023-10-01T02:37:40.614-0400] {dag.py:3696} INFO - Setting next_dagrun for dataset_consumes_1_never_scheduled to None, run_after=None
[2023-10-01T02:37:40.615-0400] {logging_mixin.py:151} INFO - [2023-10-01T02:37:40.615-0400] {dag.py:3696} INFO - Setting next_dagrun for dataset_consumes_unknown_never_scheduled to None, run_after=None
[2023-10-01T02:37:40.617-0400] {logging_mixin.py:151} INFO - [2023-10-01T02:37:40.617-0400] {dag.py:3696} INFO - Setting next_dagrun for dataset_produces_1 to 2023-09-30T00:00:00+00:00, run_after=2023-10-01T00:00:00+00:00
[2023-10-01T02:37:40.617-0400] {logging_mixin.py:151} INFO - [2023-10-01T02:37:40.617-0400] {dag.py:3696} INFO - Setting next_dagrun for dataset_produces_2 to None, run_after=None
[2023-10-01T02:37:40.740-0400] {processor.py:179} INFO - Processing /home/erosennnin/anaconda3/envs/coursera/lib/python3.11/site-packages/airflow/example_dags/example_datasets.py took 0.310 seconds
[2023-10-01T02:38:40.677-0400] {processor.py:157} INFO - Started process (PID=18450) to work on /home/erosennnin/anaconda3/envs/coursera/lib/python3.11/site-packages/airflow/example_dags/example_datasets.py
[2023-10-01T02:38:40.713-0400] {processor.py:829} INFO - Processing file /home/erosennnin/anaconda3/envs/coursera/lib/python3.11/site-packages/airflow/example_dags/example_datasets.py for tasks to queue
[2023-10-01T02:38:40.714-0400] {logging_mixin.py:151} INFO - [2023-10-01T02:38:40.714-0400] {dagbag.py:539} INFO - Filling up the DagBag from /home/erosennnin/anaconda3/envs/coursera/lib/python3.11/site-packages/airflow/example_dags/example_datasets.py
[2023-10-01T02:38:40.730-0400] {processor.py:839} INFO - DAG(s) dict_keys(['dataset_consumes_1_never_scheduled', 'dataset_consumes_1', 'dataset_consumes_unknown_never_scheduled', 'dataset_produces_1', 'dataset_consumes_1_and_2', 'dataset_produces_2']) retrieved from /home/erosennnin/anaconda3/envs/coursera/lib/python3.11/site-packages/airflow/example_dags/example_datasets.py
[2023-10-01T02:38:40.749-0400] {logging_mixin.py:151} INFO - [2023-10-01T02:38:40.749-0400] {dag.py:2915} INFO - Sync 6 DAGs
[2023-10-01T02:38:40.782-0400] {logging_mixin.py:151} INFO - [2023-10-01T02:38:40.782-0400] {dag.py:3696} INFO - Setting next_dagrun for dataset_consumes_1 to None, run_after=None
[2023-10-01T02:38:40.785-0400] {logging_mixin.py:151} INFO - [2023-10-01T02:38:40.784-0400] {dag.py:3696} INFO - Setting next_dagrun for dataset_consumes_1_and_2 to None, run_after=None
[2023-10-01T02:38:40.786-0400] {logging_mixin.py:151} INFO - [2023-10-01T02:38:40.786-0400] {dag.py:3696} INFO - Setting next_dagrun for dataset_consumes_1_never_scheduled to None, run_after=None
[2023-10-01T02:38:40.787-0400] {logging_mixin.py:151} INFO - [2023-10-01T02:38:40.787-0400] {dag.py:3696} INFO - Setting next_dagrun for dataset_consumes_unknown_never_scheduled to None, run_after=None
[2023-10-01T02:38:40.789-0400] {logging_mixin.py:151} INFO - [2023-10-01T02:38:40.788-0400] {dag.py:3696} INFO - Setting next_dagrun for dataset_produces_1 to 2023-09-30T00:00:00+00:00, run_after=2023-10-01T00:00:00+00:00
[2023-10-01T02:38:40.789-0400] {logging_mixin.py:151} INFO - [2023-10-01T02:38:40.789-0400] {dag.py:3696} INFO - Setting next_dagrun for dataset_produces_2 to None, run_after=None
[2023-10-01T02:38:40.908-0400] {processor.py:179} INFO - Processing /home/erosennnin/anaconda3/envs/coursera/lib/python3.11/site-packages/airflow/example_dags/example_datasets.py took 0.235 seconds
[2023-10-01T02:39:41.480-0400] {processor.py:157} INFO - Started process (PID=18682) to work on /home/erosennnin/anaconda3/envs/coursera/lib/python3.11/site-packages/airflow/example_dags/example_datasets.py
[2023-10-01T02:39:41.481-0400] {processor.py:829} INFO - Processing file /home/erosennnin/anaconda3/envs/coursera/lib/python3.11/site-packages/airflow/example_dags/example_datasets.py for tasks to queue
[2023-10-01T02:39:41.482-0400] {logging_mixin.py:151} INFO - [2023-10-01T02:39:41.482-0400] {dagbag.py:539} INFO - Filling up the DagBag from /home/erosennnin/anaconda3/envs/coursera/lib/python3.11/site-packages/airflow/example_dags/example_datasets.py
[2023-10-01T02:39:41.497-0400] {processor.py:839} INFO - DAG(s) dict_keys(['dataset_consumes_unknown_never_scheduled', 'dataset_produces_2', 'dataset_consumes_1_never_scheduled', 'dataset_consumes_1', 'dataset_consumes_1_and_2', 'dataset_produces_1']) retrieved from /home/erosennnin/anaconda3/envs/coursera/lib/python3.11/site-packages/airflow/example_dags/example_datasets.py
[2023-10-01T02:39:41.529-0400] {logging_mixin.py:151} INFO - [2023-10-01T02:39:41.529-0400] {dag.py:2915} INFO - Sync 6 DAGs
[2023-10-01T02:39:41.543-0400] {logging_mixin.py:151} INFO - [2023-10-01T02:39:41.543-0400] {dag.py:3696} INFO - Setting next_dagrun for dataset_consumes_1 to None, run_after=None
[2023-10-01T02:39:41.545-0400] {logging_mixin.py:151} INFO - [2023-10-01T02:39:41.545-0400] {dag.py:3696} INFO - Setting next_dagrun for dataset_consumes_1_and_2 to None, run_after=None
[2023-10-01T02:39:41.546-0400] {logging_mixin.py:151} INFO - [2023-10-01T02:39:41.546-0400] {dag.py:3696} INFO - Setting next_dagrun for dataset_consumes_1_never_scheduled to None, run_after=None
[2023-10-01T02:39:41.546-0400] {logging_mixin.py:151} INFO - [2023-10-01T02:39:41.546-0400] {dag.py:3696} INFO - Setting next_dagrun for dataset_consumes_unknown_never_scheduled to None, run_after=None
[2023-10-01T02:39:41.548-0400] {logging_mixin.py:151} INFO - [2023-10-01T02:39:41.548-0400] {dag.py:3696} INFO - Setting next_dagrun for dataset_produces_1 to 2023-09-30T00:00:00+00:00, run_after=2023-10-01T00:00:00+00:00
[2023-10-01T02:39:41.549-0400] {logging_mixin.py:151} INFO - [2023-10-01T02:39:41.549-0400] {dag.py:3696} INFO - Setting next_dagrun for dataset_produces_2 to None, run_after=None
[2023-10-01T02:39:41.706-0400] {processor.py:179} INFO - Processing /home/erosennnin/anaconda3/envs/coursera/lib/python3.11/site-packages/airflow/example_dags/example_datasets.py took 0.229 seconds
[2023-10-01T02:40:44.143-0400] {processor.py:157} INFO - Started process (PID=18814) to work on /home/erosennnin/anaconda3/envs/coursera/lib/python3.11/site-packages/airflow/example_dags/example_datasets.py
[2023-10-01T02:40:44.144-0400] {processor.py:829} INFO - Processing file /home/erosennnin/anaconda3/envs/coursera/lib/python3.11/site-packages/airflow/example_dags/example_datasets.py for tasks to queue
[2023-10-01T02:40:44.146-0400] {logging_mixin.py:151} INFO - [2023-10-01T02:40:44.145-0400] {dagbag.py:539} INFO - Filling up the DagBag from /home/erosennnin/anaconda3/envs/coursera/lib/python3.11/site-packages/airflow/example_dags/example_datasets.py
[2023-10-01T02:40:44.160-0400] {processor.py:839} INFO - DAG(s) dict_keys(['dataset_consumes_1', 'dataset_produces_1', 'dataset_consumes_unknown_never_scheduled', 'dataset_consumes_1_never_scheduled', 'dataset_produces_2', 'dataset_consumes_1_and_2']) retrieved from /home/erosennnin/anaconda3/envs/coursera/lib/python3.11/site-packages/airflow/example_dags/example_datasets.py
[2023-10-01T02:40:44.192-0400] {logging_mixin.py:151} INFO - [2023-10-01T02:40:44.192-0400] {dag.py:2915} INFO - Sync 6 DAGs
[2023-10-01T02:40:44.207-0400] {logging_mixin.py:151} INFO - [2023-10-01T02:40:44.206-0400] {dag.py:3696} INFO - Setting next_dagrun for dataset_consumes_1 to None, run_after=None
[2023-10-01T02:40:44.209-0400] {logging_mixin.py:151} INFO - [2023-10-01T02:40:44.208-0400] {dag.py:3696} INFO - Setting next_dagrun for dataset_consumes_1_and_2 to None, run_after=None
[2023-10-01T02:40:44.210-0400] {logging_mixin.py:151} INFO - [2023-10-01T02:40:44.209-0400] {dag.py:3696} INFO - Setting next_dagrun for dataset_consumes_1_never_scheduled to None, run_after=None
[2023-10-01T02:40:44.210-0400] {logging_mixin.py:151} INFO - [2023-10-01T02:40:44.210-0400] {dag.py:3696} INFO - Setting next_dagrun for dataset_consumes_unknown_never_scheduled to None, run_after=None
[2023-10-01T02:40:44.212-0400] {logging_mixin.py:151} INFO - [2023-10-01T02:40:44.212-0400] {dag.py:3696} INFO - Setting next_dagrun for dataset_produces_1 to 2023-09-30T00:00:00+00:00, run_after=2023-10-01T00:00:00+00:00
[2023-10-01T02:40:44.213-0400] {logging_mixin.py:151} INFO - [2023-10-01T02:40:44.213-0400] {dag.py:3696} INFO - Setting next_dagrun for dataset_produces_2 to None, run_after=None
[2023-10-01T02:40:44.434-0400] {processor.py:179} INFO - Processing /home/erosennnin/anaconda3/envs/coursera/lib/python3.11/site-packages/airflow/example_dags/example_datasets.py took 0.295 seconds
[2023-10-01T02:41:44.304-0400] {processor.py:157} INFO - Started process (PID=18897) to work on /home/erosennnin/anaconda3/envs/coursera/lib/python3.11/site-packages/airflow/example_dags/example_datasets.py
[2023-10-01T02:41:44.305-0400] {processor.py:829} INFO - Processing file /home/erosennnin/anaconda3/envs/coursera/lib/python3.11/site-packages/airflow/example_dags/example_datasets.py for tasks to queue
[2023-10-01T02:41:44.306-0400] {logging_mixin.py:151} INFO - [2023-10-01T02:41:44.306-0400] {dagbag.py:539} INFO - Filling up the DagBag from /home/erosennnin/anaconda3/envs/coursera/lib/python3.11/site-packages/airflow/example_dags/example_datasets.py
[2023-10-01T02:41:44.321-0400] {processor.py:839} INFO - DAG(s) dict_keys(['dataset_produces_1', 'dataset_consumes_1', 'dataset_consumes_1_and_2', 'dataset_produces_2', 'dataset_consumes_1_never_scheduled', 'dataset_consumes_unknown_never_scheduled']) retrieved from /home/erosennnin/anaconda3/envs/coursera/lib/python3.11/site-packages/airflow/example_dags/example_datasets.py
[2023-10-01T02:41:44.353-0400] {logging_mixin.py:151} INFO - [2023-10-01T02:41:44.353-0400] {dag.py:2915} INFO - Sync 6 DAGs
[2023-10-01T02:41:44.367-0400] {logging_mixin.py:151} INFO - [2023-10-01T02:41:44.366-0400] {dag.py:3696} INFO - Setting next_dagrun for dataset_consumes_1 to None, run_after=None
[2023-10-01T02:41:44.369-0400] {logging_mixin.py:151} INFO - [2023-10-01T02:41:44.368-0400] {dag.py:3696} INFO - Setting next_dagrun for dataset_consumes_1_and_2 to None, run_after=None
[2023-10-01T02:41:44.369-0400] {logging_mixin.py:151} INFO - [2023-10-01T02:41:44.369-0400] {dag.py:3696} INFO - Setting next_dagrun for dataset_consumes_1_never_scheduled to None, run_after=None
[2023-10-01T02:41:44.370-0400] {logging_mixin.py:151} INFO - [2023-10-01T02:41:44.370-0400] {dag.py:3696} INFO - Setting next_dagrun for dataset_consumes_unknown_never_scheduled to None, run_after=None
[2023-10-01T02:41:44.372-0400] {logging_mixin.py:151} INFO - [2023-10-01T02:41:44.372-0400] {dag.py:3696} INFO - Setting next_dagrun for dataset_produces_1 to 2023-09-30T00:00:00+00:00, run_after=2023-10-01T00:00:00+00:00
[2023-10-01T02:41:44.372-0400] {logging_mixin.py:151} INFO - [2023-10-01T02:41:44.372-0400] {dag.py:3696} INFO - Setting next_dagrun for dataset_produces_2 to None, run_after=None
[2023-10-01T02:41:44.542-0400] {processor.py:179} INFO - Processing /home/erosennnin/anaconda3/envs/coursera/lib/python3.11/site-packages/airflow/example_dags/example_datasets.py took 0.242 seconds
