[2023-10-01T02:36:33.842-0400] {processor.py:157} INFO - Started process (PID=18291) to work on /home/erosennnin/anaconda3/envs/coursera/lib/python3.11/site-packages/airflow/example_dags/example_dynamic_task_mapping.py
[2023-10-01T02:36:33.843-0400] {processor.py:829} INFO - Processing file /home/erosennnin/anaconda3/envs/coursera/lib/python3.11/site-packages/airflow/example_dags/example_dynamic_task_mapping.py for tasks to queue
[2023-10-01T02:36:33.844-0400] {logging_mixin.py:151} INFO - [2023-10-01T02:36:33.844-0400] {dagbag.py:539} INFO - Filling up the DagBag from /home/erosennnin/anaconda3/envs/coursera/lib/python3.11/site-packages/airflow/example_dags/example_dynamic_task_mapping.py
[2023-10-01T02:36:33.855-0400] {processor.py:839} INFO - DAG(s) dict_keys(['example_dynamic_task_mapping']) retrieved from /home/erosennnin/anaconda3/envs/coursera/lib/python3.11/site-packages/airflow/example_dags/example_dynamic_task_mapping.py
[2023-10-01T02:36:33.879-0400] {logging_mixin.py:151} INFO - [2023-10-01T02:36:33.878-0400] {dag.py:2915} INFO - Sync 1 DAGs
[2023-10-01T02:36:33.893-0400] {logging_mixin.py:151} INFO - [2023-10-01T02:36:33.893-0400] {dag.py:3696} INFO - Setting next_dagrun for example_dynamic_task_mapping to 2022-03-04T00:00:00+00:00, run_after=2022-03-05T00:00:00+00:00
[2023-10-01T02:36:34.094-0400] {processor.py:179} INFO - Processing /home/erosennnin/anaconda3/envs/coursera/lib/python3.11/site-packages/airflow/example_dags/example_dynamic_task_mapping.py took 0.256 seconds
[2023-10-01T02:37:39.672-0400] {processor.py:157} INFO - Started process (PID=18373) to work on /home/erosennnin/anaconda3/envs/coursera/lib/python3.11/site-packages/airflow/example_dags/example_dynamic_task_mapping.py
[2023-10-01T02:37:39.693-0400] {processor.py:829} INFO - Processing file /home/erosennnin/anaconda3/envs/coursera/lib/python3.11/site-packages/airflow/example_dags/example_dynamic_task_mapping.py for tasks to queue
[2023-10-01T02:37:39.694-0400] {logging_mixin.py:151} INFO - [2023-10-01T02:37:39.694-0400] {dagbag.py:539} INFO - Filling up the DagBag from /home/erosennnin/anaconda3/envs/coursera/lib/python3.11/site-packages/airflow/example_dags/example_dynamic_task_mapping.py
[2023-10-01T02:37:39.700-0400] {processor.py:839} INFO - DAG(s) dict_keys(['example_dynamic_task_mapping']) retrieved from /home/erosennnin/anaconda3/envs/coursera/lib/python3.11/site-packages/airflow/example_dags/example_dynamic_task_mapping.py
[2023-10-01T02:37:39.710-0400] {logging_mixin.py:151} INFO - [2023-10-01T02:37:39.710-0400] {dag.py:2915} INFO - Sync 1 DAGs
[2023-10-01T02:37:39.741-0400] {logging_mixin.py:151} INFO - [2023-10-01T02:37:39.741-0400] {dag.py:3696} INFO - Setting next_dagrun for example_dynamic_task_mapping to 2022-03-04T00:00:00+00:00, run_after=2022-03-05T00:00:00+00:00
[2023-10-01T02:37:39.898-0400] {processor.py:179} INFO - Processing /home/erosennnin/anaconda3/envs/coursera/lib/python3.11/site-packages/airflow/example_dags/example_dynamic_task_mapping.py took 0.228 seconds
[2023-10-01T02:38:39.204-0400] {processor.py:157} INFO - Started process (PID=18449) to work on /home/erosennnin/anaconda3/envs/coursera/lib/python3.11/site-packages/airflow/example_dags/example_dynamic_task_mapping.py
[2023-10-01T02:38:39.205-0400] {processor.py:829} INFO - Processing file /home/erosennnin/anaconda3/envs/coursera/lib/python3.11/site-packages/airflow/example_dags/example_dynamic_task_mapping.py for tasks to queue
[2023-10-01T02:38:39.206-0400] {logging_mixin.py:151} INFO - [2023-10-01T02:38:39.205-0400] {dagbag.py:539} INFO - Filling up the DagBag from /home/erosennnin/anaconda3/envs/coursera/lib/python3.11/site-packages/airflow/example_dags/example_dynamic_task_mapping.py
[2023-10-01T02:38:39.217-0400] {processor.py:839} INFO - DAG(s) dict_keys(['example_dynamic_task_mapping']) retrieved from /home/erosennnin/anaconda3/envs/coursera/lib/python3.11/site-packages/airflow/example_dags/example_dynamic_task_mapping.py
[2023-10-01T02:38:39.238-0400] {logging_mixin.py:151} INFO - [2023-10-01T02:38:39.238-0400] {dag.py:2915} INFO - Sync 1 DAGs
[2023-10-01T02:38:39.258-0400] {logging_mixin.py:151} INFO - [2023-10-01T02:38:39.257-0400] {dag.py:3696} INFO - Setting next_dagrun for example_dynamic_task_mapping to 2022-03-04T00:00:00+00:00, run_after=2022-03-05T00:00:00+00:00
[2023-10-01T02:38:39.412-0400] {processor.py:179} INFO - Processing /home/erosennnin/anaconda3/envs/coursera/lib/python3.11/site-packages/airflow/example_dags/example_dynamic_task_mapping.py took 0.211 seconds
[2023-10-01T02:39:40.027-0400] {processor.py:157} INFO - Started process (PID=18681) to work on /home/erosennnin/anaconda3/envs/coursera/lib/python3.11/site-packages/airflow/example_dags/example_dynamic_task_mapping.py
[2023-10-01T02:39:40.058-0400] {processor.py:829} INFO - Processing file /home/erosennnin/anaconda3/envs/coursera/lib/python3.11/site-packages/airflow/example_dags/example_dynamic_task_mapping.py for tasks to queue
[2023-10-01T02:39:40.060-0400] {logging_mixin.py:151} INFO - [2023-10-01T02:39:40.059-0400] {dagbag.py:539} INFO - Filling up the DagBag from /home/erosennnin/anaconda3/envs/coursera/lib/python3.11/site-packages/airflow/example_dags/example_dynamic_task_mapping.py
[2023-10-01T02:39:40.072-0400] {processor.py:839} INFO - DAG(s) dict_keys(['example_dynamic_task_mapping']) retrieved from /home/erosennnin/anaconda3/envs/coursera/lib/python3.11/site-packages/airflow/example_dags/example_dynamic_task_mapping.py
[2023-10-01T02:39:40.096-0400] {logging_mixin.py:151} INFO - [2023-10-01T02:39:40.096-0400] {dag.py:2915} INFO - Sync 1 DAGs
[2023-10-01T02:39:40.127-0400] {logging_mixin.py:151} INFO - [2023-10-01T02:39:40.127-0400] {dag.py:3696} INFO - Setting next_dagrun for example_dynamic_task_mapping to 2022-03-04T00:00:00+00:00, run_after=2022-03-05T00:00:00+00:00
[2023-10-01T02:39:40.365-0400] {processor.py:179} INFO - Processing /home/erosennnin/anaconda3/envs/coursera/lib/python3.11/site-packages/airflow/example_dags/example_dynamic_task_mapping.py took 0.342 seconds
[2023-10-01T02:40:42.889-0400] {processor.py:157} INFO - Started process (PID=18812) to work on /home/erosennnin/anaconda3/envs/coursera/lib/python3.11/site-packages/airflow/example_dags/example_dynamic_task_mapping.py
[2023-10-01T02:40:42.890-0400] {processor.py:829} INFO - Processing file /home/erosennnin/anaconda3/envs/coursera/lib/python3.11/site-packages/airflow/example_dags/example_dynamic_task_mapping.py for tasks to queue
[2023-10-01T02:40:42.891-0400] {logging_mixin.py:151} INFO - [2023-10-01T02:40:42.891-0400] {dagbag.py:539} INFO - Filling up the DagBag from /home/erosennnin/anaconda3/envs/coursera/lib/python3.11/site-packages/airflow/example_dags/example_dynamic_task_mapping.py
[2023-10-01T02:40:42.902-0400] {processor.py:839} INFO - DAG(s) dict_keys(['example_dynamic_task_mapping']) retrieved from /home/erosennnin/anaconda3/envs/coursera/lib/python3.11/site-packages/airflow/example_dags/example_dynamic_task_mapping.py
[2023-10-01T02:40:42.924-0400] {logging_mixin.py:151} INFO - [2023-10-01T02:40:42.923-0400] {dag.py:2915} INFO - Sync 1 DAGs
[2023-10-01T02:40:42.940-0400] {logging_mixin.py:151} INFO - [2023-10-01T02:40:42.940-0400] {dag.py:3696} INFO - Setting next_dagrun for example_dynamic_task_mapping to 2022-03-04T00:00:00+00:00, run_after=2022-03-05T00:00:00+00:00
[2023-10-01T02:40:43.061-0400] {processor.py:179} INFO - Processing /home/erosennnin/anaconda3/envs/coursera/lib/python3.11/site-packages/airflow/example_dags/example_dynamic_task_mapping.py took 0.177 seconds
[2023-10-01T02:41:43.048-0400] {processor.py:157} INFO - Started process (PID=18895) to work on /home/erosennnin/anaconda3/envs/coursera/lib/python3.11/site-packages/airflow/example_dags/example_dynamic_task_mapping.py
[2023-10-01T02:41:43.050-0400] {processor.py:829} INFO - Processing file /home/erosennnin/anaconda3/envs/coursera/lib/python3.11/site-packages/airflow/example_dags/example_dynamic_task_mapping.py for tasks to queue
[2023-10-01T02:41:43.051-0400] {logging_mixin.py:151} INFO - [2023-10-01T02:41:43.050-0400] {dagbag.py:539} INFO - Filling up the DagBag from /home/erosennnin/anaconda3/envs/coursera/lib/python3.11/site-packages/airflow/example_dags/example_dynamic_task_mapping.py
[2023-10-01T02:41:43.061-0400] {processor.py:839} INFO - DAG(s) dict_keys(['example_dynamic_task_mapping']) retrieved from /home/erosennnin/anaconda3/envs/coursera/lib/python3.11/site-packages/airflow/example_dags/example_dynamic_task_mapping.py
[2023-10-01T02:41:43.083-0400] {logging_mixin.py:151} INFO - [2023-10-01T02:41:43.083-0400] {dag.py:2915} INFO - Sync 1 DAGs
[2023-10-01T02:41:43.102-0400] {logging_mixin.py:151} INFO - [2023-10-01T02:41:43.102-0400] {dag.py:3696} INFO - Setting next_dagrun for example_dynamic_task_mapping to 2022-03-04T00:00:00+00:00, run_after=2022-03-05T00:00:00+00:00
[2023-10-01T02:41:43.222-0400] {processor.py:179} INFO - Processing /home/erosennnin/anaconda3/envs/coursera/lib/python3.11/site-packages/airflow/example_dags/example_dynamic_task_mapping.py took 0.178 seconds
