[2023-10-01T02:35:55.928-0400] {processor.py:157} INFO - Started process (PID=18029) to work on /home/erosennnin/anaconda3/envs/coursera/lib/python3.11/site-packages/airflow/example_dags/example_xcomargs.py
[2023-10-01T02:35:55.929-0400] {processor.py:829} INFO - Processing file /home/erosennnin/anaconda3/envs/coursera/lib/python3.11/site-packages/airflow/example_dags/example_xcomargs.py for tasks to queue
[2023-10-01T02:35:55.930-0400] {logging_mixin.py:151} INFO - [2023-10-01T02:35:55.929-0400] {dagbag.py:539} INFO - Filling up the DagBag from /home/erosennnin/anaconda3/envs/coursera/lib/python3.11/site-packages/airflow/example_dags/example_xcomargs.py
[2023-10-01T02:35:55.945-0400] {processor.py:839} INFO - DAG(s) dict_keys(['example_xcom_args', 'example_xcom_args_with_operators']) retrieved from /home/erosennnin/anaconda3/envs/coursera/lib/python3.11/site-packages/airflow/example_dags/example_xcomargs.py
[2023-10-01T02:35:55.962-0400] {logging_mixin.py:151} INFO - [2023-10-01T02:35:55.962-0400] {dag.py:2915} INFO - Sync 2 DAGs
[2023-10-01T02:35:55.972-0400] {logging_mixin.py:151} INFO - [2023-10-01T02:35:55.972-0400] {dag.py:3696} INFO - Setting next_dagrun for example_xcom_args to None, run_after=None
[2023-10-01T02:35:55.974-0400] {logging_mixin.py:151} INFO - [2023-10-01T02:35:55.974-0400] {dag.py:3696} INFO - Setting next_dagrun for example_xcom_args_with_operators to None, run_after=None
[2023-10-01T02:35:56.320-0400] {processor.py:179} INFO - Processing /home/erosennnin/anaconda3/envs/coursera/lib/python3.11/site-packages/airflow/example_dags/example_xcomargs.py took 0.397 seconds
[2023-10-01T02:36:55.344-0400] {processor.py:157} INFO - Started process (PID=18314) to work on /home/erosennnin/anaconda3/envs/coursera/lib/python3.11/site-packages/airflow/example_dags/example_xcomargs.py
[2023-10-01T02:36:55.362-0400] {processor.py:829} INFO - Processing file /home/erosennnin/anaconda3/envs/coursera/lib/python3.11/site-packages/airflow/example_dags/example_xcomargs.py for tasks to queue
[2023-10-01T02:36:55.363-0400] {logging_mixin.py:151} INFO - [2023-10-01T02:36:55.363-0400] {dagbag.py:539} INFO - Filling up the DagBag from /home/erosennnin/anaconda3/envs/coursera/lib/python3.11/site-packages/airflow/example_dags/example_xcomargs.py
[2023-10-01T02:36:55.374-0400] {processor.py:839} INFO - DAG(s) dict_keys(['example_xcom_args_with_operators', 'example_xcom_args']) retrieved from /home/erosennnin/anaconda3/envs/coursera/lib/python3.11/site-packages/airflow/example_dags/example_xcomargs.py
[2023-10-01T02:36:55.400-0400] {logging_mixin.py:151} INFO - [2023-10-01T02:36:55.400-0400] {dag.py:2915} INFO - Sync 2 DAGs
[2023-10-01T02:36:55.419-0400] {logging_mixin.py:151} INFO - [2023-10-01T02:36:55.419-0400] {dag.py:3696} INFO - Setting next_dagrun for example_xcom_args to None, run_after=None
[2023-10-01T02:36:55.423-0400] {logging_mixin.py:151} INFO - [2023-10-01T02:36:55.423-0400] {dag.py:3696} INFO - Setting next_dagrun for example_xcom_args_with_operators to None, run_after=None
[2023-10-01T02:36:55.537-0400] {processor.py:179} INFO - Processing /home/erosennnin/anaconda3/envs/coursera/lib/python3.11/site-packages/airflow/example_dags/example_xcomargs.py took 0.196 seconds
[2023-10-01T02:37:58.874-0400] {processor.py:157} INFO - Started process (PID=18397) to work on /home/erosennnin/anaconda3/envs/coursera/lib/python3.11/site-packages/airflow/example_dags/example_xcomargs.py
[2023-10-01T02:37:58.899-0400] {processor.py:829} INFO - Processing file /home/erosennnin/anaconda3/envs/coursera/lib/python3.11/site-packages/airflow/example_dags/example_xcomargs.py for tasks to queue
[2023-10-01T02:37:58.901-0400] {logging_mixin.py:151} INFO - [2023-10-01T02:37:58.900-0400] {dagbag.py:539} INFO - Filling up the DagBag from /home/erosennnin/anaconda3/envs/coursera/lib/python3.11/site-packages/airflow/example_dags/example_xcomargs.py
[2023-10-01T02:37:58.913-0400] {processor.py:839} INFO - DAG(s) dict_keys(['example_xcom_args', 'example_xcom_args_with_operators']) retrieved from /home/erosennnin/anaconda3/envs/coursera/lib/python3.11/site-packages/airflow/example_dags/example_xcomargs.py
[2023-10-01T02:37:58.943-0400] {logging_mixin.py:151} INFO - [2023-10-01T02:37:58.943-0400] {dag.py:2915} INFO - Sync 2 DAGs
[2023-10-01T02:37:58.961-0400] {logging_mixin.py:151} INFO - [2023-10-01T02:37:58.961-0400] {dag.py:3696} INFO - Setting next_dagrun for example_xcom_args to None, run_after=None
[2023-10-01T02:37:58.964-0400] {logging_mixin.py:151} INFO - [2023-10-01T02:37:58.964-0400] {dag.py:3696} INFO - Setting next_dagrun for example_xcom_args_with_operators to None, run_after=None
[2023-10-01T02:37:59.084-0400] {processor.py:179} INFO - Processing /home/erosennnin/anaconda3/envs/coursera/lib/python3.11/site-packages/airflow/example_dags/example_xcomargs.py took 0.214 seconds
[2023-10-01T02:38:56.724-0400] {processor.py:157} INFO - Started process (PID=18469) to work on /home/erosennnin/anaconda3/envs/coursera/lib/python3.11/site-packages/airflow/example_dags/example_xcomargs.py
[2023-10-01T02:38:56.725-0400] {processor.py:829} INFO - Processing file /home/erosennnin/anaconda3/envs/coursera/lib/python3.11/site-packages/airflow/example_dags/example_xcomargs.py for tasks to queue
[2023-10-01T02:38:56.726-0400] {logging_mixin.py:151} INFO - [2023-10-01T02:38:56.726-0400] {dagbag.py:539} INFO - Filling up the DagBag from /home/erosennnin/anaconda3/envs/coursera/lib/python3.11/site-packages/airflow/example_dags/example_xcomargs.py
[2023-10-01T02:38:56.740-0400] {processor.py:839} INFO - DAG(s) dict_keys(['example_xcom_args_with_operators', 'example_xcom_args']) retrieved from /home/erosennnin/anaconda3/envs/coursera/lib/python3.11/site-packages/airflow/example_dags/example_xcomargs.py
[2023-10-01T02:38:56.768-0400] {logging_mixin.py:151} INFO - [2023-10-01T02:38:56.768-0400] {dag.py:2915} INFO - Sync 2 DAGs
[2023-10-01T02:38:56.777-0400] {logging_mixin.py:151} INFO - [2023-10-01T02:38:56.777-0400] {dag.py:3696} INFO - Setting next_dagrun for example_xcom_args to None, run_after=None
[2023-10-01T02:38:56.779-0400] {logging_mixin.py:151} INFO - [2023-10-01T02:38:56.779-0400] {dag.py:3696} INFO - Setting next_dagrun for example_xcom_args_with_operators to None, run_after=None
[2023-10-01T02:38:56.906-0400] {processor.py:179} INFO - Processing /home/erosennnin/anaconda3/envs/coursera/lib/python3.11/site-packages/airflow/example_dags/example_xcomargs.py took 0.186 seconds
[2023-10-01T02:40:02.230-0400] {processor.py:157} INFO - Started process (PID=18726) to work on /home/erosennnin/anaconda3/envs/coursera/lib/python3.11/site-packages/airflow/example_dags/example_xcomargs.py
[2023-10-01T02:40:02.231-0400] {processor.py:829} INFO - Processing file /home/erosennnin/anaconda3/envs/coursera/lib/python3.11/site-packages/airflow/example_dags/example_xcomargs.py for tasks to queue
[2023-10-01T02:40:02.231-0400] {logging_mixin.py:151} INFO - [2023-10-01T02:40:02.231-0400] {dagbag.py:539} INFO - Filling up the DagBag from /home/erosennnin/anaconda3/envs/coursera/lib/python3.11/site-packages/airflow/example_dags/example_xcomargs.py
[2023-10-01T02:40:02.237-0400] {processor.py:839} INFO - DAG(s) dict_keys(['example_xcom_args_with_operators', 'example_xcom_args']) retrieved from /home/erosennnin/anaconda3/envs/coursera/lib/python3.11/site-packages/airflow/example_dags/example_xcomargs.py
[2023-10-01T02:40:02.250-0400] {logging_mixin.py:151} INFO - [2023-10-01T02:40:02.250-0400] {dag.py:2915} INFO - Sync 2 DAGs
[2023-10-01T02:40:02.257-0400] {logging_mixin.py:151} INFO - [2023-10-01T02:40:02.257-0400] {dag.py:3696} INFO - Setting next_dagrun for example_xcom_args to None, run_after=None
[2023-10-01T02:40:02.260-0400] {logging_mixin.py:151} INFO - [2023-10-01T02:40:02.260-0400] {dag.py:3696} INFO - Setting next_dagrun for example_xcom_args_with_operators to None, run_after=None
[2023-10-01T02:40:02.385-0400] {processor.py:179} INFO - Processing /home/erosennnin/anaconda3/envs/coursera/lib/python3.11/site-packages/airflow/example_dags/example_xcomargs.py took 0.157 seconds
[2023-10-01T02:40:59.918-0400] {processor.py:157} INFO - Started process (PID=18834) to work on /home/erosennnin/anaconda3/envs/coursera/lib/python3.11/site-packages/airflow/example_dags/example_xcomargs.py
[2023-10-01T02:40:59.920-0400] {processor.py:829} INFO - Processing file /home/erosennnin/anaconda3/envs/coursera/lib/python3.11/site-packages/airflow/example_dags/example_xcomargs.py for tasks to queue
[2023-10-01T02:40:59.921-0400] {logging_mixin.py:151} INFO - [2023-10-01T02:40:59.920-0400] {dagbag.py:539} INFO - Filling up the DagBag from /home/erosennnin/anaconda3/envs/coursera/lib/python3.11/site-packages/airflow/example_dags/example_xcomargs.py
[2023-10-01T02:40:59.934-0400] {processor.py:839} INFO - DAG(s) dict_keys(['example_xcom_args_with_operators', 'example_xcom_args']) retrieved from /home/erosennnin/anaconda3/envs/coursera/lib/python3.11/site-packages/airflow/example_dags/example_xcomargs.py
[2023-10-01T02:40:59.962-0400] {logging_mixin.py:151} INFO - [2023-10-01T02:40:59.962-0400] {dag.py:2915} INFO - Sync 2 DAGs
[2023-10-01T02:40:59.970-0400] {logging_mixin.py:151} INFO - [2023-10-01T02:40:59.970-0400] {dag.py:3696} INFO - Setting next_dagrun for example_xcom_args to None, run_after=None
[2023-10-01T02:40:59.972-0400] {logging_mixin.py:151} INFO - [2023-10-01T02:40:59.972-0400] {dag.py:3696} INFO - Setting next_dagrun for example_xcom_args_with_operators to None, run_after=None
[2023-10-01T02:41:00.142-0400] {processor.py:179} INFO - Processing /home/erosennnin/anaconda3/envs/coursera/lib/python3.11/site-packages/airflow/example_dags/example_xcomargs.py took 0.227 seconds
[2023-10-01T12:38:07.018-0400] {processor.py:157} INFO - Started process (PID=19319) to work on /home/erosennnin/anaconda3/envs/coursera/lib/python3.11/site-packages/airflow/example_dags/example_xcomargs.py
[2023-10-01T12:38:07.019-0400] {processor.py:829} INFO - Processing file /home/erosennnin/anaconda3/envs/coursera/lib/python3.11/site-packages/airflow/example_dags/example_xcomargs.py for tasks to queue
[2023-10-01T12:38:07.020-0400] {logging_mixin.py:151} INFO - [2023-10-01T12:38:07.019-0400] {dagbag.py:539} INFO - Filling up the DagBag from /home/erosennnin/anaconda3/envs/coursera/lib/python3.11/site-packages/airflow/example_dags/example_xcomargs.py
[2023-10-01T12:38:07.034-0400] {processor.py:839} INFO - DAG(s) dict_keys(['example_xcom_args', 'example_xcom_args_with_operators']) retrieved from /home/erosennnin/anaconda3/envs/coursera/lib/python3.11/site-packages/airflow/example_dags/example_xcomargs.py
[2023-10-01T12:38:07.063-0400] {logging_mixin.py:151} INFO - [2023-10-01T12:38:07.063-0400] {dag.py:2915} INFO - Sync 2 DAGs
[2023-10-01T12:38:07.077-0400] {logging_mixin.py:151} INFO - [2023-10-01T12:38:07.077-0400] {dag.py:3696} INFO - Setting next_dagrun for example_xcom_args to None, run_after=None
[2023-10-01T12:38:07.081-0400] {logging_mixin.py:151} INFO - [2023-10-01T12:38:07.081-0400] {dag.py:3696} INFO - Setting next_dagrun for example_xcom_args_with_operators to None, run_after=None
[2023-10-01T12:38:07.290-0400] {processor.py:179} INFO - Processing /home/erosennnin/anaconda3/envs/coursera/lib/python3.11/site-packages/airflow/example_dags/example_xcomargs.py took 0.277 seconds
