[2023-10-01T02:36:15.487-0400] {processor.py:157} INFO - Started process (PID=18270) to work on /home/erosennnin/anaconda3/envs/coursera/lib/python3.11/site-packages/airflow/example_dags/example_branch_day_of_week_operator.py
[2023-10-01T02:36:15.487-0400] {processor.py:829} INFO - Processing file /home/erosennnin/anaconda3/envs/coursera/lib/python3.11/site-packages/airflow/example_dags/example_branch_day_of_week_operator.py for tasks to queue
[2023-10-01T02:36:15.488-0400] {logging_mixin.py:151} INFO - [2023-10-01T02:36:15.487-0400] {dagbag.py:539} INFO - Filling up the DagBag from /home/erosennnin/anaconda3/envs/coursera/lib/python3.11/site-packages/airflow/example_dags/example_branch_day_of_week_operator.py
[2023-10-01T02:36:15.493-0400] {processor.py:839} INFO - DAG(s) dict_keys(['example_weekday_branch_operator']) retrieved from /home/erosennnin/anaconda3/envs/coursera/lib/python3.11/site-packages/airflow/example_dags/example_branch_day_of_week_operator.py
[2023-10-01T02:36:15.506-0400] {logging_mixin.py:151} INFO - [2023-10-01T02:36:15.505-0400] {dag.py:2915} INFO - Sync 1 DAGs
[2023-10-01T02:36:15.523-0400] {logging_mixin.py:151} INFO - [2023-10-01T02:36:15.523-0400] {dag.py:3696} INFO - Setting next_dagrun for example_weekday_branch_operator to 2023-09-30T00:00:00+00:00, run_after=2023-10-01T00:00:00+00:00
[2023-10-01T02:36:15.723-0400] {processor.py:179} INFO - Processing /home/erosennnin/anaconda3/envs/coursera/lib/python3.11/site-packages/airflow/example_dags/example_branch_day_of_week_operator.py took 0.239 seconds
[2023-10-01T02:37:22.018-0400] {processor.py:157} INFO - Started process (PID=18355) to work on /home/erosennnin/anaconda3/envs/coursera/lib/python3.11/site-packages/airflow/example_dags/example_branch_day_of_week_operator.py
[2023-10-01T02:37:22.041-0400] {processor.py:829} INFO - Processing file /home/erosennnin/anaconda3/envs/coursera/lib/python3.11/site-packages/airflow/example_dags/example_branch_day_of_week_operator.py for tasks to queue
[2023-10-01T02:37:22.042-0400] {logging_mixin.py:151} INFO - [2023-10-01T02:37:22.041-0400] {dagbag.py:539} INFO - Filling up the DagBag from /home/erosennnin/anaconda3/envs/coursera/lib/python3.11/site-packages/airflow/example_dags/example_branch_day_of_week_operator.py
[2023-10-01T02:37:22.053-0400] {processor.py:839} INFO - DAG(s) dict_keys(['example_weekday_branch_operator']) retrieved from /home/erosennnin/anaconda3/envs/coursera/lib/python3.11/site-packages/airflow/example_dags/example_branch_day_of_week_operator.py
[2023-10-01T02:37:22.081-0400] {logging_mixin.py:151} INFO - [2023-10-01T02:37:22.080-0400] {dag.py:2915} INFO - Sync 1 DAGs
[2023-10-01T02:37:22.108-0400] {logging_mixin.py:151} INFO - [2023-10-01T02:37:22.108-0400] {dag.py:3696} INFO - Setting next_dagrun for example_weekday_branch_operator to 2023-09-30T00:00:00+00:00, run_after=2023-10-01T00:00:00+00:00
[2023-10-01T02:37:22.363-0400] {processor.py:179} INFO - Processing /home/erosennnin/anaconda3/envs/coursera/lib/python3.11/site-packages/airflow/example_dags/example_branch_day_of_week_operator.py took 0.349 seconds
[2023-10-01T02:38:22.265-0400] {processor.py:157} INFO - Started process (PID=18431) to work on /home/erosennnin/anaconda3/envs/coursera/lib/python3.11/site-packages/airflow/example_dags/example_branch_day_of_week_operator.py
[2023-10-01T02:38:22.266-0400] {processor.py:829} INFO - Processing file /home/erosennnin/anaconda3/envs/coursera/lib/python3.11/site-packages/airflow/example_dags/example_branch_day_of_week_operator.py for tasks to queue
[2023-10-01T02:38:22.268-0400] {logging_mixin.py:151} INFO - [2023-10-01T02:38:22.267-0400] {dagbag.py:539} INFO - Filling up the DagBag from /home/erosennnin/anaconda3/envs/coursera/lib/python3.11/site-packages/airflow/example_dags/example_branch_day_of_week_operator.py
[2023-10-01T02:38:22.279-0400] {processor.py:839} INFO - DAG(s) dict_keys(['example_weekday_branch_operator']) retrieved from /home/erosennnin/anaconda3/envs/coursera/lib/python3.11/site-packages/airflow/example_dags/example_branch_day_of_week_operator.py
[2023-10-01T02:38:22.306-0400] {logging_mixin.py:151} INFO - [2023-10-01T02:38:22.306-0400] {dag.py:2915} INFO - Sync 1 DAGs
[2023-10-01T02:38:22.322-0400] {logging_mixin.py:151} INFO - [2023-10-01T02:38:22.322-0400] {dag.py:3696} INFO - Setting next_dagrun for example_weekday_branch_operator to 2023-09-30T00:00:00+00:00, run_after=2023-10-01T00:00:00+00:00
[2023-10-01T02:38:22.424-0400] {processor.py:179} INFO - Processing /home/erosennnin/anaconda3/envs/coursera/lib/python3.11/site-packages/airflow/example_dags/example_branch_day_of_week_operator.py took 0.162 seconds
[2023-10-01T02:39:21.269-0400] {processor.py:157} INFO - Started process (PID=18650) to work on /home/erosennnin/anaconda3/envs/coursera/lib/python3.11/site-packages/airflow/example_dags/example_branch_day_of_week_operator.py
[2023-10-01T02:39:21.270-0400] {processor.py:829} INFO - Processing file /home/erosennnin/anaconda3/envs/coursera/lib/python3.11/site-packages/airflow/example_dags/example_branch_day_of_week_operator.py for tasks to queue
[2023-10-01T02:39:21.271-0400] {logging_mixin.py:151} INFO - [2023-10-01T02:39:21.271-0400] {dagbag.py:539} INFO - Filling up the DagBag from /home/erosennnin/anaconda3/envs/coursera/lib/python3.11/site-packages/airflow/example_dags/example_branch_day_of_week_operator.py
[2023-10-01T02:39:21.284-0400] {processor.py:839} INFO - DAG(s) dict_keys(['example_weekday_branch_operator']) retrieved from /home/erosennnin/anaconda3/envs/coursera/lib/python3.11/site-packages/airflow/example_dags/example_branch_day_of_week_operator.py
[2023-10-01T02:39:21.310-0400] {logging_mixin.py:151} INFO - [2023-10-01T02:39:21.310-0400] {dag.py:2915} INFO - Sync 1 DAGs
[2023-10-01T02:39:21.326-0400] {logging_mixin.py:151} INFO - [2023-10-01T02:39:21.326-0400] {dag.py:3696} INFO - Setting next_dagrun for example_weekday_branch_operator to 2023-09-30T00:00:00+00:00, run_after=2023-10-01T00:00:00+00:00
[2023-10-01T02:39:21.458-0400] {processor.py:179} INFO - Processing /home/erosennnin/anaconda3/envs/coursera/lib/python3.11/site-packages/airflow/example_dags/example_branch_day_of_week_operator.py took 0.193 seconds
[2023-10-01T02:40:25.592-0400] {processor.py:157} INFO - Started process (PID=18759) to work on /home/erosennnin/anaconda3/envs/coursera/lib/python3.11/site-packages/airflow/example_dags/example_branch_day_of_week_operator.py
[2023-10-01T02:40:25.593-0400] {processor.py:829} INFO - Processing file /home/erosennnin/anaconda3/envs/coursera/lib/python3.11/site-packages/airflow/example_dags/example_branch_day_of_week_operator.py for tasks to queue
[2023-10-01T02:40:25.594-0400] {logging_mixin.py:151} INFO - [2023-10-01T02:40:25.594-0400] {dagbag.py:539} INFO - Filling up the DagBag from /home/erosennnin/anaconda3/envs/coursera/lib/python3.11/site-packages/airflow/example_dags/example_branch_day_of_week_operator.py
[2023-10-01T02:40:25.607-0400] {processor.py:839} INFO - DAG(s) dict_keys(['example_weekday_branch_operator']) retrieved from /home/erosennnin/anaconda3/envs/coursera/lib/python3.11/site-packages/airflow/example_dags/example_branch_day_of_week_operator.py
[2023-10-01T02:40:25.634-0400] {logging_mixin.py:151} INFO - [2023-10-01T02:40:25.633-0400] {dag.py:2915} INFO - Sync 1 DAGs
[2023-10-01T02:40:25.648-0400] {logging_mixin.py:151} INFO - [2023-10-01T02:40:25.648-0400] {dag.py:3696} INFO - Setting next_dagrun for example_weekday_branch_operator to 2023-09-30T00:00:00+00:00, run_after=2023-10-01T00:00:00+00:00
[2023-10-01T02:40:25.850-0400] {processor.py:179} INFO - Processing /home/erosennnin/anaconda3/envs/coursera/lib/python3.11/site-packages/airflow/example_dags/example_branch_day_of_week_operator.py took 0.261 seconds
[2023-10-01T02:41:24.905-0400] {processor.py:157} INFO - Started process (PID=18875) to work on /home/erosennnin/anaconda3/envs/coursera/lib/python3.11/site-packages/airflow/example_dags/example_branch_day_of_week_operator.py
[2023-10-01T02:41:24.906-0400] {processor.py:829} INFO - Processing file /home/erosennnin/anaconda3/envs/coursera/lib/python3.11/site-packages/airflow/example_dags/example_branch_day_of_week_operator.py for tasks to queue
[2023-10-01T02:41:24.907-0400] {logging_mixin.py:151} INFO - [2023-10-01T02:41:24.906-0400] {dagbag.py:539} INFO - Filling up the DagBag from /home/erosennnin/anaconda3/envs/coursera/lib/python3.11/site-packages/airflow/example_dags/example_branch_day_of_week_operator.py
[2023-10-01T02:41:24.918-0400] {processor.py:839} INFO - DAG(s) dict_keys(['example_weekday_branch_operator']) retrieved from /home/erosennnin/anaconda3/envs/coursera/lib/python3.11/site-packages/airflow/example_dags/example_branch_day_of_week_operator.py
[2023-10-01T02:41:24.945-0400] {logging_mixin.py:151} INFO - [2023-10-01T02:41:24.944-0400] {dag.py:2915} INFO - Sync 1 DAGs
[2023-10-01T02:41:24.961-0400] {logging_mixin.py:151} INFO - [2023-10-01T02:41:24.961-0400] {dag.py:3696} INFO - Setting next_dagrun for example_weekday_branch_operator to 2023-09-30T00:00:00+00:00, run_after=2023-10-01T00:00:00+00:00
[2023-10-01T02:41:25.103-0400] {processor.py:179} INFO - Processing /home/erosennnin/anaconda3/envs/coursera/lib/python3.11/site-packages/airflow/example_dags/example_branch_day_of_week_operator.py took 0.202 seconds
