[2023-10-01T02:36:24.687-0400] {processor.py:157} INFO - Started process (PID=18280) to work on /home/erosennnin/anaconda3/envs/coursera/lib/python3.11/site-packages/airflow/example_dags/example_python_operator.py
[2023-10-01T02:36:24.688-0400] {processor.py:829} INFO - Processing file /home/erosennnin/anaconda3/envs/coursera/lib/python3.11/site-packages/airflow/example_dags/example_python_operator.py for tasks to queue
[2023-10-01T02:36:24.689-0400] {logging_mixin.py:151} INFO - [2023-10-01T02:36:24.689-0400] {dagbag.py:539} INFO - Filling up the DagBag from /home/erosennnin/anaconda3/envs/coursera/lib/python3.11/site-packages/airflow/example_dags/example_python_operator.py
[2023-10-01T02:36:24.703-0400] {logging_mixin.py:151} INFO - [2023-10-01T02:36:24.702-0400] {example_python_operator.py:89} WARNING - The virtalenv_python example task requires virtualenv, please install it.
[2023-10-01T02:36:24.704-0400] {processor.py:839} INFO - DAG(s) dict_keys(['example_python_operator']) retrieved from /home/erosennnin/anaconda3/envs/coursera/lib/python3.11/site-packages/airflow/example_dags/example_python_operator.py
[2023-10-01T02:36:24.730-0400] {logging_mixin.py:151} INFO - [2023-10-01T02:36:24.730-0400] {dag.py:2915} INFO - Sync 1 DAGs
[2023-10-01T02:36:24.738-0400] {logging_mixin.py:151} INFO - [2023-10-01T02:36:24.738-0400] {dag.py:3696} INFO - Setting next_dagrun for example_python_operator to None, run_after=None
[2023-10-01T02:36:24.852-0400] {processor.py:179} INFO - Processing /home/erosennnin/anaconda3/envs/coursera/lib/python3.11/site-packages/airflow/example_dags/example_python_operator.py took 0.169 seconds
[2023-10-01T02:37:29.866-0400] {processor.py:157} INFO - Started process (PID=18363) to work on /home/erosennnin/anaconda3/envs/coursera/lib/python3.11/site-packages/airflow/example_dags/example_python_operator.py
[2023-10-01T02:37:29.885-0400] {processor.py:829} INFO - Processing file /home/erosennnin/anaconda3/envs/coursera/lib/python3.11/site-packages/airflow/example_dags/example_python_operator.py for tasks to queue
[2023-10-01T02:37:29.886-0400] {logging_mixin.py:151} INFO - [2023-10-01T02:37:29.886-0400] {dagbag.py:539} INFO - Filling up the DagBag from /home/erosennnin/anaconda3/envs/coursera/lib/python3.11/site-packages/airflow/example_dags/example_python_operator.py
[2023-10-01T02:37:29.901-0400] {logging_mixin.py:151} INFO - [2023-10-01T02:37:29.901-0400] {example_python_operator.py:89} WARNING - The virtalenv_python example task requires virtualenv, please install it.
[2023-10-01T02:37:29.902-0400] {processor.py:839} INFO - DAG(s) dict_keys(['example_python_operator']) retrieved from /home/erosennnin/anaconda3/envs/coursera/lib/python3.11/site-packages/airflow/example_dags/example_python_operator.py
[2023-10-01T02:37:29.931-0400] {logging_mixin.py:151} INFO - [2023-10-01T02:37:29.930-0400] {dag.py:2915} INFO - Sync 1 DAGs
[2023-10-01T02:37:29.948-0400] {logging_mixin.py:151} INFO - [2023-10-01T02:37:29.948-0400] {dag.py:3696} INFO - Setting next_dagrun for example_python_operator to None, run_after=None
[2023-10-01T02:37:30.099-0400] {processor.py:179} INFO - Processing /home/erosennnin/anaconda3/envs/coursera/lib/python3.11/site-packages/airflow/example_dags/example_python_operator.py took 0.235 seconds
[2023-10-01T02:38:30.946-0400] {processor.py:157} INFO - Started process (PID=18439) to work on /home/erosennnin/anaconda3/envs/coursera/lib/python3.11/site-packages/airflow/example_dags/example_python_operator.py
[2023-10-01T02:38:30.947-0400] {processor.py:829} INFO - Processing file /home/erosennnin/anaconda3/envs/coursera/lib/python3.11/site-packages/airflow/example_dags/example_python_operator.py for tasks to queue
[2023-10-01T02:38:30.949-0400] {logging_mixin.py:151} INFO - [2023-10-01T02:38:30.948-0400] {dagbag.py:539} INFO - Filling up the DagBag from /home/erosennnin/anaconda3/envs/coursera/lib/python3.11/site-packages/airflow/example_dags/example_python_operator.py
[2023-10-01T02:38:30.962-0400] {logging_mixin.py:151} INFO - [2023-10-01T02:38:30.962-0400] {example_python_operator.py:89} WARNING - The virtalenv_python example task requires virtualenv, please install it.
[2023-10-01T02:38:30.963-0400] {processor.py:839} INFO - DAG(s) dict_keys(['example_python_operator']) retrieved from /home/erosennnin/anaconda3/envs/coursera/lib/python3.11/site-packages/airflow/example_dags/example_python_operator.py
[2023-10-01T02:38:30.989-0400] {logging_mixin.py:151} INFO - [2023-10-01T02:38:30.988-0400] {dag.py:2915} INFO - Sync 1 DAGs
[2023-10-01T02:38:30.997-0400] {logging_mixin.py:151} INFO - [2023-10-01T02:38:30.997-0400] {dag.py:3696} INFO - Setting next_dagrun for example_python_operator to None, run_after=None
[2023-10-01T02:38:31.125-0400] {processor.py:179} INFO - Processing /home/erosennnin/anaconda3/envs/coursera/lib/python3.11/site-packages/airflow/example_dags/example_python_operator.py took 0.183 seconds
[2023-10-01T02:39:30.674-0400] {processor.py:157} INFO - Started process (PID=18661) to work on /home/erosennnin/anaconda3/envs/coursera/lib/python3.11/site-packages/airflow/example_dags/example_python_operator.py
[2023-10-01T02:39:30.675-0400] {processor.py:829} INFO - Processing file /home/erosennnin/anaconda3/envs/coursera/lib/python3.11/site-packages/airflow/example_dags/example_python_operator.py for tasks to queue
[2023-10-01T02:39:30.676-0400] {logging_mixin.py:151} INFO - [2023-10-01T02:39:30.676-0400] {dagbag.py:539} INFO - Filling up the DagBag from /home/erosennnin/anaconda3/envs/coursera/lib/python3.11/site-packages/airflow/example_dags/example_python_operator.py
[2023-10-01T02:39:30.690-0400] {logging_mixin.py:151} INFO - [2023-10-01T02:39:30.690-0400] {example_python_operator.py:89} WARNING - The virtalenv_python example task requires virtualenv, please install it.
[2023-10-01T02:39:30.691-0400] {processor.py:839} INFO - DAG(s) dict_keys(['example_python_operator']) retrieved from /home/erosennnin/anaconda3/envs/coursera/lib/python3.11/site-packages/airflow/example_dags/example_python_operator.py
[2023-10-01T02:39:30.718-0400] {logging_mixin.py:151} INFO - [2023-10-01T02:39:30.718-0400] {dag.py:2915} INFO - Sync 1 DAGs
[2023-10-01T02:39:30.726-0400] {logging_mixin.py:151} INFO - [2023-10-01T02:39:30.726-0400] {dag.py:3696} INFO - Setting next_dagrun for example_python_operator to None, run_after=None
[2023-10-01T02:39:30.934-0400] {processor.py:179} INFO - Processing /home/erosennnin/anaconda3/envs/coursera/lib/python3.11/site-packages/airflow/example_dags/example_python_operator.py took 0.264 seconds
[2023-10-01T02:40:34.113-0400] {processor.py:157} INFO - Started process (PID=18803) to work on /home/erosennnin/anaconda3/envs/coursera/lib/python3.11/site-packages/airflow/example_dags/example_python_operator.py
[2023-10-01T02:40:34.133-0400] {processor.py:829} INFO - Processing file /home/erosennnin/anaconda3/envs/coursera/lib/python3.11/site-packages/airflow/example_dags/example_python_operator.py for tasks to queue
[2023-10-01T02:40:34.134-0400] {logging_mixin.py:151} INFO - [2023-10-01T02:40:34.134-0400] {dagbag.py:539} INFO - Filling up the DagBag from /home/erosennnin/anaconda3/envs/coursera/lib/python3.11/site-packages/airflow/example_dags/example_python_operator.py
[2023-10-01T02:40:34.148-0400] {logging_mixin.py:151} INFO - [2023-10-01T02:40:34.147-0400] {example_python_operator.py:89} WARNING - The virtalenv_python example task requires virtualenv, please install it.
[2023-10-01T02:40:34.149-0400] {processor.py:839} INFO - DAG(s) dict_keys(['example_python_operator']) retrieved from /home/erosennnin/anaconda3/envs/coursera/lib/python3.11/site-packages/airflow/example_dags/example_python_operator.py
[2023-10-01T02:40:34.174-0400] {logging_mixin.py:151} INFO - [2023-10-01T02:40:34.174-0400] {dag.py:2915} INFO - Sync 1 DAGs
[2023-10-01T02:40:34.192-0400] {logging_mixin.py:151} INFO - [2023-10-01T02:40:34.192-0400] {dag.py:3696} INFO - Setting next_dagrun for example_python_operator to None, run_after=None
[2023-10-01T02:40:34.305-0400] {processor.py:179} INFO - Processing /home/erosennnin/anaconda3/envs/coursera/lib/python3.11/site-packages/airflow/example_dags/example_python_operator.py took 0.196 seconds
[2023-10-01T02:41:33.767-0400] {processor.py:157} INFO - Started process (PID=18885) to work on /home/erosennnin/anaconda3/envs/coursera/lib/python3.11/site-packages/airflow/example_dags/example_python_operator.py
[2023-10-01T02:41:33.768-0400] {processor.py:829} INFO - Processing file /home/erosennnin/anaconda3/envs/coursera/lib/python3.11/site-packages/airflow/example_dags/example_python_operator.py for tasks to queue
[2023-10-01T02:41:33.769-0400] {logging_mixin.py:151} INFO - [2023-10-01T02:41:33.769-0400] {dagbag.py:539} INFO - Filling up the DagBag from /home/erosennnin/anaconda3/envs/coursera/lib/python3.11/site-packages/airflow/example_dags/example_python_operator.py
[2023-10-01T02:41:33.778-0400] {logging_mixin.py:151} INFO - [2023-10-01T02:41:33.778-0400] {example_python_operator.py:89} WARNING - The virtalenv_python example task requires virtualenv, please install it.
[2023-10-01T02:41:33.778-0400] {processor.py:839} INFO - DAG(s) dict_keys(['example_python_operator']) retrieved from /home/erosennnin/anaconda3/envs/coursera/lib/python3.11/site-packages/airflow/example_dags/example_python_operator.py
[2023-10-01T02:41:33.790-0400] {logging_mixin.py:151} INFO - [2023-10-01T02:41:33.790-0400] {dag.py:2915} INFO - Sync 1 DAGs
[2023-10-01T02:41:33.798-0400] {logging_mixin.py:151} INFO - [2023-10-01T02:41:33.797-0400] {dag.py:3696} INFO - Setting next_dagrun for example_python_operator to None, run_after=None
[2023-10-01T02:41:33.956-0400] {processor.py:179} INFO - Processing /home/erosennnin/anaconda3/envs/coursera/lib/python3.11/site-packages/airflow/example_dags/example_python_operator.py took 0.193 seconds
