[2023-10-01T02:36:07.685-0400] {processor.py:157} INFO - Started process (PID=18261) to work on /home/erosennnin/anaconda3/envs/coursera/lib/python3.11/site-packages/airflow/example_dags/example_complex.py
[2023-10-01T02:36:07.686-0400] {processor.py:829} INFO - Processing file /home/erosennnin/anaconda3/envs/coursera/lib/python3.11/site-packages/airflow/example_dags/example_complex.py for tasks to queue
[2023-10-01T02:36:07.687-0400] {logging_mixin.py:151} INFO - [2023-10-01T02:36:07.687-0400] {dagbag.py:539} INFO - Filling up the DagBag from /home/erosennnin/anaconda3/envs/coursera/lib/python3.11/site-packages/airflow/example_dags/example_complex.py
[2023-10-01T02:36:07.708-0400] {processor.py:839} INFO - DAG(s) dict_keys(['example_complex']) retrieved from /home/erosennnin/anaconda3/envs/coursera/lib/python3.11/site-packages/airflow/example_dags/example_complex.py
[2023-10-01T02:36:07.737-0400] {logging_mixin.py:151} INFO - [2023-10-01T02:36:07.737-0400] {dag.py:2915} INFO - Sync 1 DAGs
[2023-10-01T02:36:07.746-0400] {logging_mixin.py:151} INFO - [2023-10-01T02:36:07.745-0400] {dag.py:3696} INFO - Setting next_dagrun for example_complex to None, run_after=None
[2023-10-01T02:36:07.929-0400] {processor.py:179} INFO - Processing /home/erosennnin/anaconda3/envs/coursera/lib/python3.11/site-packages/airflow/example_dags/example_complex.py took 0.248 seconds
[2023-10-01T02:37:08.286-0400] {processor.py:157} INFO - Started process (PID=18341) to work on /home/erosennnin/anaconda3/envs/coursera/lib/python3.11/site-packages/airflow/example_dags/example_complex.py
[2023-10-01T02:37:08.306-0400] {processor.py:829} INFO - Processing file /home/erosennnin/anaconda3/envs/coursera/lib/python3.11/site-packages/airflow/example_dags/example_complex.py for tasks to queue
[2023-10-01T02:37:08.306-0400] {logging_mixin.py:151} INFO - [2023-10-01T02:37:08.306-0400] {dagbag.py:539} INFO - Filling up the DagBag from /home/erosennnin/anaconda3/envs/coursera/lib/python3.11/site-packages/airflow/example_dags/example_complex.py
[2023-10-01T02:37:08.322-0400] {processor.py:839} INFO - DAG(s) dict_keys(['example_complex']) retrieved from /home/erosennnin/anaconda3/envs/coursera/lib/python3.11/site-packages/airflow/example_dags/example_complex.py
[2023-10-01T02:37:08.358-0400] {logging_mixin.py:151} INFO - [2023-10-01T02:37:08.357-0400] {dag.py:2915} INFO - Sync 1 DAGs
[2023-10-01T02:37:08.370-0400] {logging_mixin.py:151} INFO - [2023-10-01T02:37:08.370-0400] {dag.py:3696} INFO - Setting next_dagrun for example_complex to None, run_after=None
[2023-10-01T02:37:08.509-0400] {processor.py:179} INFO - Processing /home/erosennnin/anaconda3/envs/coursera/lib/python3.11/site-packages/airflow/example_dags/example_complex.py took 0.227 seconds
[2023-10-01T02:38:12.457-0400] {processor.py:157} INFO - Started process (PID=18419) to work on /home/erosennnin/anaconda3/envs/coursera/lib/python3.11/site-packages/airflow/example_dags/example_complex.py
[2023-10-01T02:38:12.458-0400] {processor.py:829} INFO - Processing file /home/erosennnin/anaconda3/envs/coursera/lib/python3.11/site-packages/airflow/example_dags/example_complex.py for tasks to queue
[2023-10-01T02:38:12.458-0400] {logging_mixin.py:151} INFO - [2023-10-01T02:38:12.458-0400] {dagbag.py:539} INFO - Filling up the DagBag from /home/erosennnin/anaconda3/envs/coursera/lib/python3.11/site-packages/airflow/example_dags/example_complex.py
[2023-10-01T02:38:12.465-0400] {processor.py:839} INFO - DAG(s) dict_keys(['example_complex']) retrieved from /home/erosennnin/anaconda3/envs/coursera/lib/python3.11/site-packages/airflow/example_dags/example_complex.py
[2023-10-01T02:38:12.482-0400] {logging_mixin.py:151} INFO - [2023-10-01T02:38:12.482-0400] {dag.py:2915} INFO - Sync 1 DAGs
[2023-10-01T02:38:12.490-0400] {logging_mixin.py:151} INFO - [2023-10-01T02:38:12.489-0400] {dag.py:3696} INFO - Setting next_dagrun for example_complex to None, run_after=None
[2023-10-01T02:38:12.641-0400] {processor.py:179} INFO - Processing /home/erosennnin/anaconda3/envs/coursera/lib/python3.11/site-packages/airflow/example_dags/example_complex.py took 0.186 seconds
[2023-10-01T02:39:09.452-0400] {processor.py:157} INFO - Started process (PID=18495) to work on /home/erosennnin/anaconda3/envs/coursera/lib/python3.11/site-packages/airflow/example_dags/example_complex.py
[2023-10-01T02:39:09.475-0400] {processor.py:829} INFO - Processing file /home/erosennnin/anaconda3/envs/coursera/lib/python3.11/site-packages/airflow/example_dags/example_complex.py for tasks to queue
[2023-10-01T02:39:09.476-0400] {logging_mixin.py:151} INFO - [2023-10-01T02:39:09.475-0400] {dagbag.py:539} INFO - Filling up the DagBag from /home/erosennnin/anaconda3/envs/coursera/lib/python3.11/site-packages/airflow/example_dags/example_complex.py
[2023-10-01T02:39:09.494-0400] {processor.py:839} INFO - DAG(s) dict_keys(['example_complex']) retrieved from /home/erosennnin/anaconda3/envs/coursera/lib/python3.11/site-packages/airflow/example_dags/example_complex.py
[2023-10-01T02:39:09.537-0400] {logging_mixin.py:151} INFO - [2023-10-01T02:39:09.536-0400] {dag.py:2915} INFO - Sync 1 DAGs
[2023-10-01T02:39:09.545-0400] {logging_mixin.py:151} INFO - [2023-10-01T02:39:09.545-0400] {dag.py:3696} INFO - Setting next_dagrun for example_complex to None, run_after=None
[2023-10-01T02:39:09.655-0400] {processor.py:179} INFO - Processing /home/erosennnin/anaconda3/envs/coursera/lib/python3.11/site-packages/airflow/example_dags/example_complex.py took 0.206 seconds
[2023-10-01T02:40:14.683-0400] {processor.py:157} INFO - Started process (PID=18747) to work on /home/erosennnin/anaconda3/envs/coursera/lib/python3.11/site-packages/airflow/example_dags/example_complex.py
[2023-10-01T02:40:14.684-0400] {processor.py:829} INFO - Processing file /home/erosennnin/anaconda3/envs/coursera/lib/python3.11/site-packages/airflow/example_dags/example_complex.py for tasks to queue
[2023-10-01T02:40:14.686-0400] {logging_mixin.py:151} INFO - [2023-10-01T02:40:14.685-0400] {dagbag.py:539} INFO - Filling up the DagBag from /home/erosennnin/anaconda3/envs/coursera/lib/python3.11/site-packages/airflow/example_dags/example_complex.py
[2023-10-01T02:40:14.703-0400] {processor.py:839} INFO - DAG(s) dict_keys(['example_complex']) retrieved from /home/erosennnin/anaconda3/envs/coursera/lib/python3.11/site-packages/airflow/example_dags/example_complex.py
[2023-10-01T02:40:14.732-0400] {logging_mixin.py:151} INFO - [2023-10-01T02:40:14.732-0400] {dag.py:2915} INFO - Sync 1 DAGs
[2023-10-01T02:40:14.740-0400] {logging_mixin.py:151} INFO - [2023-10-01T02:40:14.740-0400] {dag.py:3696} INFO - Setting next_dagrun for example_complex to None, run_after=None
[2023-10-01T02:40:14.878-0400] {processor.py:179} INFO - Processing /home/erosennnin/anaconda3/envs/coursera/lib/python3.11/site-packages/airflow/example_dags/example_complex.py took 0.199 seconds
[2023-10-01T02:41:12.980-0400] {processor.py:157} INFO - Started process (PID=18856) to work on /home/erosennnin/anaconda3/envs/coursera/lib/python3.11/site-packages/airflow/example_dags/example_complex.py
[2023-10-01T02:41:12.981-0400] {processor.py:829} INFO - Processing file /home/erosennnin/anaconda3/envs/coursera/lib/python3.11/site-packages/airflow/example_dags/example_complex.py for tasks to queue
[2023-10-01T02:41:12.982-0400] {logging_mixin.py:151} INFO - [2023-10-01T02:41:12.982-0400] {dagbag.py:539} INFO - Filling up the DagBag from /home/erosennnin/anaconda3/envs/coursera/lib/python3.11/site-packages/airflow/example_dags/example_complex.py
[2023-10-01T02:41:12.992-0400] {processor.py:839} INFO - DAG(s) dict_keys(['example_complex']) retrieved from /home/erosennnin/anaconda3/envs/coursera/lib/python3.11/site-packages/airflow/example_dags/example_complex.py
[2023-10-01T02:41:13.024-0400] {logging_mixin.py:151} INFO - [2023-10-01T02:41:13.024-0400] {dag.py:2915} INFO - Sync 1 DAGs
[2023-10-01T02:41:13.032-0400] {logging_mixin.py:151} INFO - [2023-10-01T02:41:13.031-0400] {dag.py:3696} INFO - Setting next_dagrun for example_complex to None, run_after=None
[2023-10-01T02:41:13.166-0400] {processor.py:179} INFO - Processing /home/erosennnin/anaconda3/envs/coursera/lib/python3.11/site-packages/airflow/example_dags/example_complex.py took 0.190 seconds
