[2023-10-01T02:35:42.700-0400] {processor.py:157} INFO - Started process (PID=17883) to work on /home/erosennnin/anaconda3/envs/coursera/lib/python3.11/site-packages/airflow/example_dags/tutorial_dag.py
[2023-10-01T02:35:42.701-0400] {processor.py:829} INFO - Processing file /home/erosennnin/anaconda3/envs/coursera/lib/python3.11/site-packages/airflow/example_dags/tutorial_dag.py for tasks to queue
[2023-10-01T02:35:42.702-0400] {logging_mixin.py:151} INFO - [2023-10-01T02:35:42.702-0400] {dagbag.py:539} INFO - Filling up the DagBag from /home/erosennnin/anaconda3/envs/coursera/lib/python3.11/site-packages/airflow/example_dags/tutorial_dag.py
[2023-10-01T02:35:42.710-0400] {processor.py:839} INFO - DAG(s) dict_keys(['tutorial_dag']) retrieved from /home/erosennnin/anaconda3/envs/coursera/lib/python3.11/site-packages/airflow/example_dags/tutorial_dag.py
[2023-10-01T02:35:42.735-0400] {logging_mixin.py:151} INFO - [2023-10-01T02:35:42.735-0400] {dag.py:2915} INFO - Sync 1 DAGs
[2023-10-01T02:35:42.750-0400] {logging_mixin.py:151} INFO - [2023-10-01T02:35:42.750-0400] {dag.py:3696} INFO - Setting next_dagrun for tutorial_dag to None, run_after=None
[2023-10-01T02:35:43.002-0400] {processor.py:179} INFO - Processing /home/erosennnin/anaconda3/envs/coursera/lib/python3.11/site-packages/airflow/example_dags/tutorial_dag.py took 0.305 seconds
[2023-10-01T02:36:47.233-0400] {processor.py:157} INFO - Started process (PID=18307) to work on /home/erosennnin/anaconda3/envs/coursera/lib/python3.11/site-packages/airflow/example_dags/tutorial_dag.py
[2023-10-01T02:36:47.285-0400] {processor.py:829} INFO - Processing file /home/erosennnin/anaconda3/envs/coursera/lib/python3.11/site-packages/airflow/example_dags/tutorial_dag.py for tasks to queue
[2023-10-01T02:36:47.286-0400] {logging_mixin.py:151} INFO - [2023-10-01T02:36:47.285-0400] {dagbag.py:539} INFO - Filling up the DagBag from /home/erosennnin/anaconda3/envs/coursera/lib/python3.11/site-packages/airflow/example_dags/tutorial_dag.py
[2023-10-01T02:36:47.293-0400] {processor.py:839} INFO - DAG(s) dict_keys(['tutorial_dag']) retrieved from /home/erosennnin/anaconda3/envs/coursera/lib/python3.11/site-packages/airflow/example_dags/tutorial_dag.py
[2023-10-01T02:36:47.318-0400] {logging_mixin.py:151} INFO - [2023-10-01T02:36:47.318-0400] {dag.py:2915} INFO - Sync 1 DAGs
[2023-10-01T02:36:47.337-0400] {logging_mixin.py:151} INFO - [2023-10-01T02:36:47.336-0400] {dag.py:3696} INFO - Setting next_dagrun for tutorial_dag to None, run_after=None
[2023-10-01T02:36:47.472-0400] {processor.py:179} INFO - Processing /home/erosennnin/anaconda3/envs/coursera/lib/python3.11/site-packages/airflow/example_dags/tutorial_dag.py took 0.243 seconds
[2023-10-01T02:37:50.989-0400] {processor.py:157} INFO - Started process (PID=18386) to work on /home/erosennnin/anaconda3/envs/coursera/lib/python3.11/site-packages/airflow/example_dags/tutorial_dag.py
[2023-10-01T02:37:50.999-0400] {processor.py:829} INFO - Processing file /home/erosennnin/anaconda3/envs/coursera/lib/python3.11/site-packages/airflow/example_dags/tutorial_dag.py for tasks to queue
[2023-10-01T02:37:51.000-0400] {logging_mixin.py:151} INFO - [2023-10-01T02:37:50.999-0400] {dagbag.py:539} INFO - Filling up the DagBag from /home/erosennnin/anaconda3/envs/coursera/lib/python3.11/site-packages/airflow/example_dags/tutorial_dag.py
[2023-10-01T02:37:51.008-0400] {processor.py:839} INFO - DAG(s) dict_keys(['tutorial_dag']) retrieved from /home/erosennnin/anaconda3/envs/coursera/lib/python3.11/site-packages/airflow/example_dags/tutorial_dag.py
[2023-10-01T02:37:51.031-0400] {logging_mixin.py:151} INFO - [2023-10-01T02:37:51.031-0400] {dag.py:2915} INFO - Sync 1 DAGs
[2023-10-01T02:37:51.049-0400] {logging_mixin.py:151} INFO - [2023-10-01T02:37:51.049-0400] {dag.py:3696} INFO - Setting next_dagrun for tutorial_dag to None, run_after=None
[2023-10-01T02:37:51.232-0400] {processor.py:179} INFO - Processing /home/erosennnin/anaconda3/envs/coursera/lib/python3.11/site-packages/airflow/example_dags/tutorial_dag.py took 0.247 seconds
[2023-10-01T02:38:49.809-0400] {processor.py:157} INFO - Started process (PID=18461) to work on /home/erosennnin/anaconda3/envs/coursera/lib/python3.11/site-packages/airflow/example_dags/tutorial_dag.py
[2023-10-01T02:38:49.842-0400] {processor.py:829} INFO - Processing file /home/erosennnin/anaconda3/envs/coursera/lib/python3.11/site-packages/airflow/example_dags/tutorial_dag.py for tasks to queue
[2023-10-01T02:38:49.843-0400] {logging_mixin.py:151} INFO - [2023-10-01T02:38:49.843-0400] {dagbag.py:539} INFO - Filling up the DagBag from /home/erosennnin/anaconda3/envs/coursera/lib/python3.11/site-packages/airflow/example_dags/tutorial_dag.py
[2023-10-01T02:38:49.851-0400] {processor.py:839} INFO - DAG(s) dict_keys(['tutorial_dag']) retrieved from /home/erosennnin/anaconda3/envs/coursera/lib/python3.11/site-packages/airflow/example_dags/tutorial_dag.py
[2023-10-01T02:38:49.875-0400] {logging_mixin.py:151} INFO - [2023-10-01T02:38:49.874-0400] {dag.py:2915} INFO - Sync 1 DAGs
[2023-10-01T02:38:49.893-0400] {logging_mixin.py:151} INFO - [2023-10-01T02:38:49.893-0400] {dag.py:3696} INFO - Setting next_dagrun for tutorial_dag to None, run_after=None
[2023-10-01T02:38:50.028-0400] {processor.py:179} INFO - Processing /home/erosennnin/anaconda3/envs/coursera/lib/python3.11/site-packages/airflow/example_dags/tutorial_dag.py took 0.224 seconds
[2023-10-01T02:39:53.385-0400] {processor.py:157} INFO - Started process (PID=18715) to work on /home/erosennnin/anaconda3/envs/coursera/lib/python3.11/site-packages/airflow/example_dags/tutorial_dag.py
[2023-10-01T02:39:53.481-0400] {processor.py:829} INFO - Processing file /home/erosennnin/anaconda3/envs/coursera/lib/python3.11/site-packages/airflow/example_dags/tutorial_dag.py for tasks to queue
[2023-10-01T02:39:53.482-0400] {logging_mixin.py:151} INFO - [2023-10-01T02:39:53.481-0400] {dagbag.py:539} INFO - Filling up the DagBag from /home/erosennnin/anaconda3/envs/coursera/lib/python3.11/site-packages/airflow/example_dags/tutorial_dag.py
[2023-10-01T02:39:53.489-0400] {processor.py:839} INFO - DAG(s) dict_keys(['tutorial_dag']) retrieved from /home/erosennnin/anaconda3/envs/coursera/lib/python3.11/site-packages/airflow/example_dags/tutorial_dag.py
[2023-10-01T02:39:53.513-0400] {logging_mixin.py:151} INFO - [2023-10-01T02:39:53.513-0400] {dag.py:2915} INFO - Sync 1 DAGs
[2023-10-01T02:39:53.527-0400] {logging_mixin.py:151} INFO - [2023-10-01T02:39:53.527-0400] {dag.py:3696} INFO - Setting next_dagrun for tutorial_dag to None, run_after=None
[2023-10-01T02:39:53.635-0400] {processor.py:179} INFO - Processing /home/erosennnin/anaconda3/envs/coursera/lib/python3.11/site-packages/airflow/example_dags/tutorial_dag.py took 0.254 seconds
[2023-10-01T02:40:53.428-0400] {processor.py:157} INFO - Started process (PID=18824) to work on /home/erosennnin/anaconda3/envs/coursera/lib/python3.11/site-packages/airflow/example_dags/tutorial_dag.py
[2023-10-01T02:40:53.444-0400] {processor.py:829} INFO - Processing file /home/erosennnin/anaconda3/envs/coursera/lib/python3.11/site-packages/airflow/example_dags/tutorial_dag.py for tasks to queue
[2023-10-01T02:40:53.446-0400] {logging_mixin.py:151} INFO - [2023-10-01T02:40:53.445-0400] {dagbag.py:539} INFO - Filling up the DagBag from /home/erosennnin/anaconda3/envs/coursera/lib/python3.11/site-packages/airflow/example_dags/tutorial_dag.py
[2023-10-01T02:40:53.454-0400] {processor.py:839} INFO - DAG(s) dict_keys(['tutorial_dag']) retrieved from /home/erosennnin/anaconda3/envs/coursera/lib/python3.11/site-packages/airflow/example_dags/tutorial_dag.py
[2023-10-01T02:40:53.479-0400] {logging_mixin.py:151} INFO - [2023-10-01T02:40:53.479-0400] {dag.py:2915} INFO - Sync 1 DAGs
[2023-10-01T02:40:53.498-0400] {logging_mixin.py:151} INFO - [2023-10-01T02:40:53.498-0400] {dag.py:3696} INFO - Setting next_dagrun for tutorial_dag to None, run_after=None
[2023-10-01T02:40:53.607-0400] {processor.py:179} INFO - Processing /home/erosennnin/anaconda3/envs/coursera/lib/python3.11/site-packages/airflow/example_dags/tutorial_dag.py took 0.183 seconds
[2023-10-01T12:37:56.245-0400] {processor.py:157} INFO - Started process (PID=19291) to work on /home/erosennnin/anaconda3/envs/coursera/lib/python3.11/site-packages/airflow/example_dags/tutorial_dag.py
[2023-10-01T12:37:56.267-0400] {processor.py:829} INFO - Processing file /home/erosennnin/anaconda3/envs/coursera/lib/python3.11/site-packages/airflow/example_dags/tutorial_dag.py for tasks to queue
[2023-10-01T12:37:56.272-0400] {logging_mixin.py:151} INFO - [2023-10-01T12:37:56.269-0400] {dagbag.py:539} INFO - Filling up the DagBag from /home/erosennnin/anaconda3/envs/coursera/lib/python3.11/site-packages/airflow/example_dags/tutorial_dag.py
[2023-10-01T12:37:56.286-0400] {processor.py:839} INFO - DAG(s) dict_keys(['tutorial_dag']) retrieved from /home/erosennnin/anaconda3/envs/coursera/lib/python3.11/site-packages/airflow/example_dags/tutorial_dag.py
[2023-10-01T12:37:56.334-0400] {logging_mixin.py:151} INFO - [2023-10-01T12:37:56.333-0400] {dag.py:2915} INFO - Sync 1 DAGs
[2023-10-01T12:37:56.369-0400] {logging_mixin.py:151} INFO - [2023-10-01T12:37:56.368-0400] {dag.py:3696} INFO - Setting next_dagrun for tutorial_dag to None, run_after=None
[2023-10-01T12:37:57.418-0400] {processor.py:179} INFO - Processing /home/erosennnin/anaconda3/envs/coursera/lib/python3.11/site-packages/airflow/example_dags/tutorial_dag.py took 1.179 seconds
