[2023-10-01T02:35:54.050-0400] {processor.py:157} INFO - Started process (PID=18018) to work on /home/erosennnin/anaconda3/envs/coursera/lib/python3.11/site-packages/airflow/example_dags/tutorial_taskflow_api.py
[2023-10-01T02:35:54.052-0400] {processor.py:829} INFO - Processing file /home/erosennnin/anaconda3/envs/coursera/lib/python3.11/site-packages/airflow/example_dags/tutorial_taskflow_api.py for tasks to queue
[2023-10-01T02:35:54.054-0400] {logging_mixin.py:151} INFO - [2023-10-01T02:35:54.053-0400] {dagbag.py:539} INFO - Filling up the DagBag from /home/erosennnin/anaconda3/envs/coursera/lib/python3.11/site-packages/airflow/example_dags/tutorial_taskflow_api.py
[2023-10-01T02:35:54.067-0400] {processor.py:839} INFO - DAG(s) dict_keys(['tutorial_taskflow_api']) retrieved from /home/erosennnin/anaconda3/envs/coursera/lib/python3.11/site-packages/airflow/example_dags/tutorial_taskflow_api.py
[2023-10-01T02:35:54.081-0400] {logging_mixin.py:151} INFO - [2023-10-01T02:35:54.081-0400] {dag.py:2915} INFO - Sync 1 DAGs
[2023-10-01T02:35:54.089-0400] {logging_mixin.py:151} INFO - [2023-10-01T02:35:54.089-0400] {dag.py:3696} INFO - Setting next_dagrun for tutorial_taskflow_api to None, run_after=None
[2023-10-01T02:35:54.497-0400] {processor.py:179} INFO - Processing /home/erosennnin/anaconda3/envs/coursera/lib/python3.11/site-packages/airflow/example_dags/tutorial_taskflow_api.py took 0.452 seconds
[2023-10-01T02:36:53.995-0400] {processor.py:157} INFO - Started process (PID=18313) to work on /home/erosennnin/anaconda3/envs/coursera/lib/python3.11/site-packages/airflow/example_dags/tutorial_taskflow_api.py
[2023-10-01T02:36:53.997-0400] {processor.py:829} INFO - Processing file /home/erosennnin/anaconda3/envs/coursera/lib/python3.11/site-packages/airflow/example_dags/tutorial_taskflow_api.py for tasks to queue
[2023-10-01T02:36:53.998-0400] {logging_mixin.py:151} INFO - [2023-10-01T02:36:53.997-0400] {dagbag.py:539} INFO - Filling up the DagBag from /home/erosennnin/anaconda3/envs/coursera/lib/python3.11/site-packages/airflow/example_dags/tutorial_taskflow_api.py
[2023-10-01T02:36:54.006-0400] {processor.py:839} INFO - DAG(s) dict_keys(['tutorial_taskflow_api']) retrieved from /home/erosennnin/anaconda3/envs/coursera/lib/python3.11/site-packages/airflow/example_dags/tutorial_taskflow_api.py
[2023-10-01T02:36:54.032-0400] {logging_mixin.py:151} INFO - [2023-10-01T02:36:54.032-0400] {dag.py:2915} INFO - Sync 1 DAGs
[2023-10-01T02:36:54.043-0400] {logging_mixin.py:151} INFO - [2023-10-01T02:36:54.043-0400] {dag.py:3696} INFO - Setting next_dagrun for tutorial_taskflow_api to None, run_after=None
[2023-10-01T02:36:54.206-0400] {processor.py:179} INFO - Processing /home/erosennnin/anaconda3/envs/coursera/lib/python3.11/site-packages/airflow/example_dags/tutorial_taskflow_api.py took 0.215 seconds
[2023-10-01T02:37:57.935-0400] {processor.py:157} INFO - Started process (PID=18394) to work on /home/erosennnin/anaconda3/envs/coursera/lib/python3.11/site-packages/airflow/example_dags/tutorial_taskflow_api.py
[2023-10-01T02:37:57.951-0400] {processor.py:829} INFO - Processing file /home/erosennnin/anaconda3/envs/coursera/lib/python3.11/site-packages/airflow/example_dags/tutorial_taskflow_api.py for tasks to queue
[2023-10-01T02:37:57.952-0400] {logging_mixin.py:151} INFO - [2023-10-01T02:37:57.951-0400] {dagbag.py:539} INFO - Filling up the DagBag from /home/erosennnin/anaconda3/envs/coursera/lib/python3.11/site-packages/airflow/example_dags/tutorial_taskflow_api.py
[2023-10-01T02:37:57.961-0400] {processor.py:839} INFO - DAG(s) dict_keys(['tutorial_taskflow_api']) retrieved from /home/erosennnin/anaconda3/envs/coursera/lib/python3.11/site-packages/airflow/example_dags/tutorial_taskflow_api.py
[2023-10-01T02:37:57.981-0400] {logging_mixin.py:151} INFO - [2023-10-01T02:37:57.981-0400] {dag.py:2915} INFO - Sync 1 DAGs
[2023-10-01T02:37:57.998-0400] {logging_mixin.py:151} INFO - [2023-10-01T02:37:57.997-0400] {dag.py:3696} INFO - Setting next_dagrun for tutorial_taskflow_api to None, run_after=None
[2023-10-01T02:37:58.126-0400] {processor.py:179} INFO - Processing /home/erosennnin/anaconda3/envs/coursera/lib/python3.11/site-packages/airflow/example_dags/tutorial_taskflow_api.py took 0.193 seconds
[2023-10-01T02:38:55.268-0400] {processor.py:157} INFO - Started process (PID=18467) to work on /home/erosennnin/anaconda3/envs/coursera/lib/python3.11/site-packages/airflow/example_dags/tutorial_taskflow_api.py
[2023-10-01T02:38:55.295-0400] {processor.py:829} INFO - Processing file /home/erosennnin/anaconda3/envs/coursera/lib/python3.11/site-packages/airflow/example_dags/tutorial_taskflow_api.py for tasks to queue
[2023-10-01T02:38:55.296-0400] {logging_mixin.py:151} INFO - [2023-10-01T02:38:55.296-0400] {dagbag.py:539} INFO - Filling up the DagBag from /home/erosennnin/anaconda3/envs/coursera/lib/python3.11/site-packages/airflow/example_dags/tutorial_taskflow_api.py
[2023-10-01T02:38:55.306-0400] {processor.py:839} INFO - DAG(s) dict_keys(['tutorial_taskflow_api']) retrieved from /home/erosennnin/anaconda3/envs/coursera/lib/python3.11/site-packages/airflow/example_dags/tutorial_taskflow_api.py
[2023-10-01T02:38:55.330-0400] {logging_mixin.py:151} INFO - [2023-10-01T02:38:55.330-0400] {dag.py:2915} INFO - Sync 1 DAGs
[2023-10-01T02:38:55.349-0400] {logging_mixin.py:151} INFO - [2023-10-01T02:38:55.348-0400] {dag.py:3696} INFO - Setting next_dagrun for tutorial_taskflow_api to None, run_after=None
[2023-10-01T02:38:55.509-0400] {processor.py:179} INFO - Processing /home/erosennnin/anaconda3/envs/coursera/lib/python3.11/site-packages/airflow/example_dags/tutorial_taskflow_api.py took 0.245 seconds
[2023-10-01T02:40:00.921-0400] {processor.py:157} INFO - Started process (PID=18724) to work on /home/erosennnin/anaconda3/envs/coursera/lib/python3.11/site-packages/airflow/example_dags/tutorial_taskflow_api.py
[2023-10-01T02:40:00.922-0400] {processor.py:829} INFO - Processing file /home/erosennnin/anaconda3/envs/coursera/lib/python3.11/site-packages/airflow/example_dags/tutorial_taskflow_api.py for tasks to queue
[2023-10-01T02:40:00.923-0400] {logging_mixin.py:151} INFO - [2023-10-01T02:40:00.923-0400] {dagbag.py:539} INFO - Filling up the DagBag from /home/erosennnin/anaconda3/envs/coursera/lib/python3.11/site-packages/airflow/example_dags/tutorial_taskflow_api.py
[2023-10-01T02:40:00.931-0400] {processor.py:839} INFO - DAG(s) dict_keys(['tutorial_taskflow_api']) retrieved from /home/erosennnin/anaconda3/envs/coursera/lib/python3.11/site-packages/airflow/example_dags/tutorial_taskflow_api.py
[2023-10-01T02:40:00.952-0400] {logging_mixin.py:151} INFO - [2023-10-01T02:40:00.952-0400] {dag.py:2915} INFO - Sync 1 DAGs
[2023-10-01T02:40:00.967-0400] {logging_mixin.py:151} INFO - [2023-10-01T02:40:00.967-0400] {dag.py:3696} INFO - Setting next_dagrun for tutorial_taskflow_api to None, run_after=None
[2023-10-01T02:40:01.132-0400] {processor.py:179} INFO - Processing /home/erosennnin/anaconda3/envs/coursera/lib/python3.11/site-packages/airflow/example_dags/tutorial_taskflow_api.py took 0.215 seconds
[2023-10-01T02:40:58.809-0400] {processor.py:157} INFO - Started process (PID=18831) to work on /home/erosennnin/anaconda3/envs/coursera/lib/python3.11/site-packages/airflow/example_dags/tutorial_taskflow_api.py
[2023-10-01T02:40:58.810-0400] {processor.py:829} INFO - Processing file /home/erosennnin/anaconda3/envs/coursera/lib/python3.11/site-packages/airflow/example_dags/tutorial_taskflow_api.py for tasks to queue
[2023-10-01T02:40:58.811-0400] {logging_mixin.py:151} INFO - [2023-10-01T02:40:58.810-0400] {dagbag.py:539} INFO - Filling up the DagBag from /home/erosennnin/anaconda3/envs/coursera/lib/python3.11/site-packages/airflow/example_dags/tutorial_taskflow_api.py
[2023-10-01T02:40:58.820-0400] {processor.py:839} INFO - DAG(s) dict_keys(['tutorial_taskflow_api']) retrieved from /home/erosennnin/anaconda3/envs/coursera/lib/python3.11/site-packages/airflow/example_dags/tutorial_taskflow_api.py
[2023-10-01T02:40:58.844-0400] {logging_mixin.py:151} INFO - [2023-10-01T02:40:58.844-0400] {dag.py:2915} INFO - Sync 1 DAGs
[2023-10-01T02:40:58.857-0400] {logging_mixin.py:151} INFO - [2023-10-01T02:40:58.857-0400] {dag.py:3696} INFO - Setting next_dagrun for tutorial_taskflow_api to None, run_after=None
[2023-10-01T02:40:59.009-0400] {processor.py:179} INFO - Processing /home/erosennnin/anaconda3/envs/coursera/lib/python3.11/site-packages/airflow/example_dags/tutorial_taskflow_api.py took 0.204 seconds
[2023-10-01T12:38:05.770-0400] {processor.py:157} INFO - Started process (PID=19318) to work on /home/erosennnin/anaconda3/envs/coursera/lib/python3.11/site-packages/airflow/example_dags/tutorial_taskflow_api.py
[2023-10-01T12:38:05.771-0400] {processor.py:829} INFO - Processing file /home/erosennnin/anaconda3/envs/coursera/lib/python3.11/site-packages/airflow/example_dags/tutorial_taskflow_api.py for tasks to queue
[2023-10-01T12:38:05.772-0400] {logging_mixin.py:151} INFO - [2023-10-01T12:38:05.771-0400] {dagbag.py:539} INFO - Filling up the DagBag from /home/erosennnin/anaconda3/envs/coursera/lib/python3.11/site-packages/airflow/example_dags/tutorial_taskflow_api.py
[2023-10-01T12:38:05.779-0400] {processor.py:839} INFO - DAG(s) dict_keys(['tutorial_taskflow_api']) retrieved from /home/erosennnin/anaconda3/envs/coursera/lib/python3.11/site-packages/airflow/example_dags/tutorial_taskflow_api.py
[2023-10-01T12:38:05.802-0400] {logging_mixin.py:151} INFO - [2023-10-01T12:38:05.801-0400] {dag.py:2915} INFO - Sync 1 DAGs
[2023-10-01T12:38:05.815-0400] {logging_mixin.py:151} INFO - [2023-10-01T12:38:05.815-0400] {dag.py:3696} INFO - Setting next_dagrun for tutorial_taskflow_api to None, run_after=None
[2023-10-01T12:38:05.943-0400] {processor.py:179} INFO - Processing /home/erosennnin/anaconda3/envs/coursera/lib/python3.11/site-packages/airflow/example_dags/tutorial_taskflow_api.py took 0.177 seconds
