[2023-10-01T02:35:57.696-0400] {processor.py:157} INFO - Started process (PID=18047) to work on /home/erosennnin/anaconda3/envs/coursera/lib/python3.11/site-packages/airflow/example_dags/tutorial.py
[2023-10-01T02:35:57.697-0400] {processor.py:829} INFO - Processing file /home/erosennnin/anaconda3/envs/coursera/lib/python3.11/site-packages/airflow/example_dags/tutorial.py for tasks to queue
[2023-10-01T02:35:57.698-0400] {logging_mixin.py:151} INFO - [2023-10-01T02:35:57.698-0400] {dagbag.py:539} INFO - Filling up the DagBag from /home/erosennnin/anaconda3/envs/coursera/lib/python3.11/site-packages/airflow/example_dags/tutorial.py
[2023-10-01T02:35:57.707-0400] {processor.py:839} INFO - DAG(s) dict_keys(['tutorial']) retrieved from /home/erosennnin/anaconda3/envs/coursera/lib/python3.11/site-packages/airflow/example_dags/tutorial.py
[2023-10-01T02:35:57.732-0400] {logging_mixin.py:151} INFO - [2023-10-01T02:35:57.732-0400] {dag.py:2915} INFO - Sync 1 DAGs
[2023-10-01T02:35:57.750-0400] {logging_mixin.py:151} INFO - [2023-10-01T02:35:57.750-0400] {dag.py:3696} INFO - Setting next_dagrun for tutorial to 2023-09-30T06:35:57.749972+00:00, run_after=2023-10-01T06:35:57.749972+00:00
[2023-10-01T02:35:57.915-0400] {processor.py:179} INFO - Processing /home/erosennnin/anaconda3/envs/coursera/lib/python3.11/site-packages/airflow/example_dags/tutorial.py took 0.223 seconds
[2023-10-01T02:36:57.927-0400] {processor.py:157} INFO - Started process (PID=18319) to work on /home/erosennnin/anaconda3/envs/coursera/lib/python3.11/site-packages/airflow/example_dags/tutorial.py
[2023-10-01T02:36:57.952-0400] {processor.py:829} INFO - Processing file /home/erosennnin/anaconda3/envs/coursera/lib/python3.11/site-packages/airflow/example_dags/tutorial.py for tasks to queue
[2023-10-01T02:36:57.953-0400] {logging_mixin.py:151} INFO - [2023-10-01T02:36:57.953-0400] {dagbag.py:539} INFO - Filling up the DagBag from /home/erosennnin/anaconda3/envs/coursera/lib/python3.11/site-packages/airflow/example_dags/tutorial.py
[2023-10-01T02:36:57.963-0400] {processor.py:839} INFO - DAG(s) dict_keys(['tutorial']) retrieved from /home/erosennnin/anaconda3/envs/coursera/lib/python3.11/site-packages/airflow/example_dags/tutorial.py
[2023-10-01T02:36:57.988-0400] {logging_mixin.py:151} INFO - [2023-10-01T02:36:57.987-0400] {dag.py:2915} INFO - Sync 1 DAGs
[2023-10-01T02:36:58.016-0400] {logging_mixin.py:151} INFO - [2023-10-01T02:36:58.016-0400] {dag.py:3696} INFO - Setting next_dagrun for tutorial to 2023-09-30T06:36:58.016300+00:00, run_after=2023-10-01T06:36:58.016300+00:00
[2023-10-01T02:36:58.166-0400] {processor.py:179} INFO - Processing /home/erosennnin/anaconda3/envs/coursera/lib/python3.11/site-packages/airflow/example_dags/tutorial.py took 0.242 seconds
[2023-10-01T02:38:01.538-0400] {processor.py:157} INFO - Started process (PID=18399) to work on /home/erosennnin/anaconda3/envs/coursera/lib/python3.11/site-packages/airflow/example_dags/tutorial.py
[2023-10-01T02:38:01.539-0400] {processor.py:829} INFO - Processing file /home/erosennnin/anaconda3/envs/coursera/lib/python3.11/site-packages/airflow/example_dags/tutorial.py for tasks to queue
[2023-10-01T02:38:01.541-0400] {logging_mixin.py:151} INFO - [2023-10-01T02:38:01.540-0400] {dagbag.py:539} INFO - Filling up the DagBag from /home/erosennnin/anaconda3/envs/coursera/lib/python3.11/site-packages/airflow/example_dags/tutorial.py
[2023-10-01T02:38:01.550-0400] {processor.py:839} INFO - DAG(s) dict_keys(['tutorial']) retrieved from /home/erosennnin/anaconda3/envs/coursera/lib/python3.11/site-packages/airflow/example_dags/tutorial.py
[2023-10-01T02:38:01.573-0400] {logging_mixin.py:151} INFO - [2023-10-01T02:38:01.573-0400] {dag.py:2915} INFO - Sync 1 DAGs
[2023-10-01T02:38:01.591-0400] {logging_mixin.py:151} INFO - [2023-10-01T02:38:01.591-0400] {dag.py:3696} INFO - Setting next_dagrun for tutorial to 2023-09-30T06:38:01.591387+00:00, run_after=2023-10-01T06:38:01.591387+00:00
[2023-10-01T02:38:01.736-0400] {processor.py:179} INFO - Processing /home/erosennnin/anaconda3/envs/coursera/lib/python3.11/site-packages/airflow/example_dags/tutorial.py took 0.202 seconds
[2023-10-01T02:38:59.226-0400] {processor.py:157} INFO - Started process (PID=18472) to work on /home/erosennnin/anaconda3/envs/coursera/lib/python3.11/site-packages/airflow/example_dags/tutorial.py
[2023-10-01T02:38:59.227-0400] {processor.py:829} INFO - Processing file /home/erosennnin/anaconda3/envs/coursera/lib/python3.11/site-packages/airflow/example_dags/tutorial.py for tasks to queue
[2023-10-01T02:38:59.228-0400] {logging_mixin.py:151} INFO - [2023-10-01T02:38:59.228-0400] {dagbag.py:539} INFO - Filling up the DagBag from /home/erosennnin/anaconda3/envs/coursera/lib/python3.11/site-packages/airflow/example_dags/tutorial.py
[2023-10-01T02:38:59.237-0400] {processor.py:839} INFO - DAG(s) dict_keys(['tutorial']) retrieved from /home/erosennnin/anaconda3/envs/coursera/lib/python3.11/site-packages/airflow/example_dags/tutorial.py
[2023-10-01T02:38:59.261-0400] {logging_mixin.py:151} INFO - [2023-10-01T02:38:59.261-0400] {dag.py:2915} INFO - Sync 1 DAGs
[2023-10-01T02:38:59.279-0400] {logging_mixin.py:151} INFO - [2023-10-01T02:38:59.279-0400] {dag.py:3696} INFO - Setting next_dagrun for tutorial to 2023-09-30T06:38:59.279583+00:00, run_after=2023-10-01T06:38:59.279583+00:00
[2023-10-01T02:38:59.459-0400] {processor.py:179} INFO - Processing /home/erosennnin/anaconda3/envs/coursera/lib/python3.11/site-packages/airflow/example_dags/tutorial.py took 0.237 seconds
[2023-10-01T02:40:04.021-0400] {processor.py:157} INFO - Started process (PID=18728) to work on /home/erosennnin/anaconda3/envs/coursera/lib/python3.11/site-packages/airflow/example_dags/tutorial.py
[2023-10-01T02:40:04.022-0400] {processor.py:829} INFO - Processing file /home/erosennnin/anaconda3/envs/coursera/lib/python3.11/site-packages/airflow/example_dags/tutorial.py for tasks to queue
[2023-10-01T02:40:04.023-0400] {logging_mixin.py:151} INFO - [2023-10-01T02:40:04.022-0400] {dagbag.py:539} INFO - Filling up the DagBag from /home/erosennnin/anaconda3/envs/coursera/lib/python3.11/site-packages/airflow/example_dags/tutorial.py
[2023-10-01T02:40:04.033-0400] {processor.py:839} INFO - DAG(s) dict_keys(['tutorial']) retrieved from /home/erosennnin/anaconda3/envs/coursera/lib/python3.11/site-packages/airflow/example_dags/tutorial.py
[2023-10-01T02:40:04.056-0400] {logging_mixin.py:151} INFO - [2023-10-01T02:40:04.056-0400] {dag.py:2915} INFO - Sync 1 DAGs
[2023-10-01T02:40:04.074-0400] {logging_mixin.py:151} INFO - [2023-10-01T02:40:04.074-0400] {dag.py:3696} INFO - Setting next_dagrun for tutorial to 2023-09-30T06:40:04.074396+00:00, run_after=2023-10-01T06:40:04.074396+00:00
[2023-10-01T02:40:04.193-0400] {processor.py:179} INFO - Processing /home/erosennnin/anaconda3/envs/coursera/lib/python3.11/site-packages/airflow/example_dags/tutorial.py took 0.176 seconds
[2023-10-01T02:41:02.530-0400] {processor.py:157} INFO - Started process (PID=18837) to work on /home/erosennnin/anaconda3/envs/coursera/lib/python3.11/site-packages/airflow/example_dags/tutorial.py
[2023-10-01T02:41:02.531-0400] {processor.py:829} INFO - Processing file /home/erosennnin/anaconda3/envs/coursera/lib/python3.11/site-packages/airflow/example_dags/tutorial.py for tasks to queue
[2023-10-01T02:41:02.532-0400] {logging_mixin.py:151} INFO - [2023-10-01T02:41:02.532-0400] {dagbag.py:539} INFO - Filling up the DagBag from /home/erosennnin/anaconda3/envs/coursera/lib/python3.11/site-packages/airflow/example_dags/tutorial.py
[2023-10-01T02:41:02.542-0400] {processor.py:839} INFO - DAG(s) dict_keys(['tutorial']) retrieved from /home/erosennnin/anaconda3/envs/coursera/lib/python3.11/site-packages/airflow/example_dags/tutorial.py
[2023-10-01T02:41:02.565-0400] {logging_mixin.py:151} INFO - [2023-10-01T02:41:02.565-0400] {dag.py:2915} INFO - Sync 1 DAGs
[2023-10-01T02:41:02.583-0400] {logging_mixin.py:151} INFO - [2023-10-01T02:41:02.583-0400] {dag.py:3696} INFO - Setting next_dagrun for tutorial to 2023-09-30T06:41:02.583201+00:00, run_after=2023-10-01T06:41:02.583201+00:00
[2023-10-01T02:41:02.737-0400] {processor.py:179} INFO - Processing /home/erosennnin/anaconda3/envs/coursera/lib/python3.11/site-packages/airflow/example_dags/tutorial.py took 0.211 seconds
[2023-10-01T12:38:09.544-0400] {processor.py:157} INFO - Started process (PID=19321) to work on /home/erosennnin/anaconda3/envs/coursera/lib/python3.11/site-packages/airflow/example_dags/tutorial.py
[2023-10-01T12:38:09.545-0400] {processor.py:829} INFO - Processing file /home/erosennnin/anaconda3/envs/coursera/lib/python3.11/site-packages/airflow/example_dags/tutorial.py for tasks to queue
[2023-10-01T12:38:09.546-0400] {logging_mixin.py:151} INFO - [2023-10-01T12:38:09.545-0400] {dagbag.py:539} INFO - Filling up the DagBag from /home/erosennnin/anaconda3/envs/coursera/lib/python3.11/site-packages/airflow/example_dags/tutorial.py
[2023-10-01T12:38:09.557-0400] {processor.py:839} INFO - DAG(s) dict_keys(['tutorial']) retrieved from /home/erosennnin/anaconda3/envs/coursera/lib/python3.11/site-packages/airflow/example_dags/tutorial.py
[2023-10-01T12:38:09.581-0400] {logging_mixin.py:151} INFO - [2023-10-01T12:38:09.581-0400] {dag.py:2915} INFO - Sync 1 DAGs
[2023-10-01T12:38:09.605-0400] {logging_mixin.py:151} INFO - [2023-10-01T12:38:09.605-0400] {dag.py:3696} INFO - Setting next_dagrun for tutorial to 2023-09-30T16:38:09.605077+00:00, run_after=2023-10-01T16:38:09.605077+00:00
[2023-10-01T12:38:09.802-0400] {processor.py:179} INFO - Processing /home/erosennnin/anaconda3/envs/coursera/lib/python3.11/site-packages/airflow/example_dags/tutorial.py took 0.262 seconds
